#
# A fatal error has been detected by the Java Runtime Environment:
#
#  EXCEPTION_ACCESS_VIOLATION (0xc0000005) at pc=0x0000000052d23f16, pid=2656, tid=4804
#
# JRE version: Java(TM) SE Runtime Environment (8.0_65-b17) (build 1.8.0_65-b17)
# Java VM: Java HotSpot(TM) 64-Bit Server VM (25.65-b01 mixed mode windows-amd64 compressed oops)
# Problematic frame:
# V  [jvm.dll+0x233f16]
#
# Failed to write core dump. Minidumps are not enabled by default on client versions of Windows
#
# If you would like to submit a bug report, please visit:
#   http://bugreport.java.com/bugreport/crash.jsp
#

---------------  T H R E A D  ---------------

Current thread (0x000000000bfd5800):  JavaThread "http-nio-8080-exec-7" daemon [_thread_in_vm, id=4804, stack(0x00000000132d0000,0x00000000133d0000)]

siginfo: ExceptionCode=0xc0000005, reading address 0x0000000000000008

Registers:
RAX=0x0000000000000000, RBX=0x00000000133ccb80, RCX=0x00000000133ccb80, RDX=0x0000000000000028
RSP=0x00000000133cc8c0, RBP=0x00000000133cccc0, RSI=0x00000000149cbac0, RDI=0x0000000000000000
R8 =0x0000000000000000, R9 =0x0000000000000006, R10=0x00000000149cbac0, R11=0x00000000203ac7a0
R12=0x000000000b973640, R13=0x0000000000000000, R14=0x00000000133cccf8, R15=0x0000000009b427c0
RIP=0x0000000052d23f16, EFLAGS=0x0000000000010202

Top of Stack: (sp=0x00000000133cc8c0)
0x00000000133cc8c0:   00000000e31cd7a8 0000000000000000
0x00000000133cc8d0:   00000000e2d21858 0000062e202177d0
0x00000000133cc8e0:   00000000133ccd20 000000002102a1dc
0x00000000133cc8f0:   0000000005def370 00000000000ace6d
0x00000000133cc900:   00000000000acfbc 0000000a0000015a
0x00000000133cc910:   00000000133cca08 0000000052d25d64
0x00000000133cc920:   0000000000000032 00000000133cc970
0x00000000133cc930:   00000000133cc9f8 000000000001ffff
0x00000000133cc940:   0000000000000000 000000000bfd5800
0x00000000133cc950:   0000000005e181e0 00000000133cc9a8
0x00000000133cc960:   00000000e338c7f8 00000000dcddc6d8
0x00000000133cc970:   00000000e31cd7a8 00000000e338c828
0x00000000133cc980:   00000000dcddc710 00000032039518a0
0x00000000133cc990:   00000000e338c970 0000000000000000
0x00000000133cc9a0:   00000000e31cd7a8 00000000e338c9a0
0x00000000133cc9b0:   0000000000000000 000000000bfd5800 

Instructions: (pc=0x0000000052d23f16)
0x0000000052d23ef6:   01 00 00 48 8b 05 e0 c1 5a 00 48 33 c4 48 89 84
0x0000000052d23f06:   24 30 01 00 00 4c 63 41 10 48 8b 41 08 48 8b d9
0x0000000052d23f16:   42 38 54 00 08 74 33 44 0f be c2 48 8d 4c 24 20
0x0000000052d23f26:   48 8d 15 9b 2d 3e 00 e8 de 14 df ff 48 8d 0d 27 


Register to memory mapping:

RAX=0x0000000000000000 is an unknown value
RBX=0x00000000133ccb80 is pointing into the stack for thread: 0x000000000bfd5800
RCX=0x00000000133ccb80 is pointing into the stack for thread: 0x000000000bfd5800
RDX=0x0000000000000028 is an unknown value
RSP=0x00000000133cc8c0 is pointing into the stack for thread: 0x000000000bfd5800
RBP=0x00000000133cccc0 is pointing into the stack for thread: 0x000000000bfd5800
RSI={method} {0x00000000149cbac8} 'getPointInfo' '(Ljp/co/lyc/cms/model/SalesProfitModel;)Ljava/util/List;' in 'jp/co/lyc/cms/controller/SalesProfitController'
RDI=0x0000000000000000 is an unknown value
R8 =0x0000000000000000 is an unknown value
R9 =0x0000000000000006 is an unknown value
R10={method} {0x00000000149cbac8} 'getPointInfo' '(Ljp/co/lyc/cms/model/SalesProfitModel;)Ljava/util/List;' in 'jp/co/lyc/cms/controller/SalesProfitController'
R11=0x00000000203ac7a0 is at entry_point+32 in (nmethod*)0x00000000203ac610
R12=0x000000000b973640 is an unknown value
R13=0x0000000000000000 is an unknown value
R14=0x00000000133cccf8 is pointing into the stack for thread: 0x000000000bfd5800
R15=0x0000000009b427c0 is an unknown value


Stack: [0x00000000132d0000,0x00000000133d0000],  sp=0x00000000133cc8c0,  free space=1010k
Native frames: (J=compiled Java code, j=interpreted, Vv=VM code, C=native code)
V  [jvm.dll+0x233f16]
V  [jvm.dll+0x23431f]
V  [jvm.dll+0x20b510]
V  [jvm.dll+0xbae10]
C  0x000000002023fd4c

Java frames: (J=compiled Java code, j=interpreted, Vv=VM code)
j  jp.co.lyc.cms.controller.SalesProfitController.getPointInfo(Ljp/co/lyc/cms/model/SalesProfitModel;)Ljava/util/List;+911
j  sun.reflect.GeneratedMethodAccessor169.invoke(Ljava/lang/Object;[Ljava/lang/Object;)Ljava/lang/Object;+40
J 1507 C1 sun.reflect.DelegatingMethodAccessorImpl.invoke(Ljava/lang/Object;[Ljava/lang/Object;)Ljava/lang/Object; (10 bytes) @ 0x000000002056c6bc [0x000000002056c660+0x5c]
J 1506 C1 java.lang.reflect.Method.invoke(Ljava/lang/Object;[Ljava/lang/Object;)Ljava/lang/Object; (62 bytes) @ 0x000000002056c2b4 [0x000000002056c1a0+0x114]
j  org.springframework.web.method.support.InvocableHandlerMethod.doInvoke([Ljava/lang/Object;)Ljava/lang/Object;+16
j  org.springframework.web.method.support.InvocableHandlerMethod.invokeForRequest(Lorg/springframework/web/context/request/NativeWebRequest;Lorg/springframework/web/method/support/ModelAndViewContainer;[Ljava/lang/Object;)Ljava/lang/Object;+56
j  org.springframework.web.servlet.mvc.method.annotation.ServletInvocableHandlerMethod.invokeAndHandle(Lorg/springframework/web/context/request/ServletWebRequest;Lorg/springframework/web/method/support/ModelAndViewContainer;[Ljava/lang/Object;)V+4
j  org.springframework.web.servlet.mvc.method.annotation.RequestMappingHandlerAdapter.invokeHandlerMethod(Ljavax/servlet/http/HttpServletRequest;Ljavax/servlet/http/HttpServletResponse;Lorg/springframework/web/method/HandlerMethod;)Lorg/springframework/web/servlet/ModelAndView;+244
j  org.springframework.web.servlet.mvc.method.annotation.RequestMappingHandlerAdapter.handleInternal(Ljavax/servlet/http/HttpServletRequest;Ljavax/servlet/http/HttpServletResponse;Lorg/springframework/web/method/HandlerMethod;)Lorg/springframework/web/servlet/ModelAndView;+81
j  org.springframework.web.servlet.mvc.method.AbstractHandlerMethodAdapter.handle(Ljavax/servlet/http/HttpServletRequest;Ljavax/servlet/http/HttpServletResponse;Ljava/lang/Object;)Lorg/springframework/web/servlet/ModelAndView;+7
j  org.springframework.web.servlet.DispatcherServlet.doDispatch(Ljavax/servlet/http/HttpServletRequest;Ljavax/servlet/http/HttpServletResponse;)V+257
j  org.springframework.web.servlet.DispatcherServlet.doService(Ljavax/servlet/http/HttpServletRequest;Ljavax/servlet/http/HttpServletResponse;)V+212
j  org.springframework.web.servlet.FrameworkServlet.processRequest(Ljavax/servlet/http/HttpServletRequest;Ljavax/servlet/http/HttpServletResponse;)V+71
j  org.springframework.web.servlet.FrameworkServlet.doPost(Ljavax/servlet/http/HttpServletRequest;Ljavax/servlet/http/HttpServletResponse;)V+3
j  javax.servlet.http.HttpServlet.service(Ljavax/servlet/http/HttpServletRequest;Ljavax/servlet/http/HttpServletResponse;)V+149
j  org.springframework.web.servlet.FrameworkServlet.service(Ljavax/servlet/http/HttpServletRequest;Ljavax/servlet/http/HttpServletResponse;)V+33
j  javax.servlet.http.HttpServlet.service(Ljavax/servlet/ServletRequest;Ljavax/servlet/ServletResponse;)V+36
J 6266 C1 org.apache.catalina.core.ApplicationFilterChain.internalDoFilter(Ljavax/servlet/ServletRequest;Ljavax/servlet/ServletResponse;)V (388 bytes) @ 0x0000000020df6984 [0x0000000020df6760+0x224]
J 6265 C1 org.apache.catalina.core.ApplicationFilterChain.doFilter(Ljavax/servlet/ServletRequest;Ljavax/servlet/ServletResponse;)V (105 bytes) @ 0x0000000020df62f4 [0x0000000020df62a0+0x54]
j  org.apache.tomcat.websocket.server.WsFilter.doFilter(Ljavax/servlet/ServletRequest;Ljavax/servlet/ServletResponse;Ljavax/servlet/FilterChain;)V+21
J 6266 C1 org.apache.catalina.core.ApplicationFilterChain.internalDoFilter(Ljavax/servlet/ServletRequest;Ljavax/servlet/ServletResponse;)V (388 bytes) @ 0x0000000020df6b5c [0x0000000020df6760+0x3fc]
J 6265 C1 org.apache.catalina.core.ApplicationFilterChain.doFilter(Ljavax/servlet/ServletRequest;Ljavax/servlet/ServletResponse;)V (105 bytes) @ 0x0000000020df62f4 [0x0000000020df62a0+0x54]
j  jp.co.lyc.cms.Myfilter.doFilter(Ljavax/servlet/ServletRequest;Ljavax/servlet/ServletResponse;Ljavax/servlet/FilterChain;)V+79
J 6266 C1 org.apache.catalina.core.ApplicationFilterChain.internalDoFilter(Ljavax/servlet/ServletRequest;Ljavax/servlet/ServletResponse;)V (388 bytes) @ 0x0000000020df6b5c [0x0000000020df6760+0x3fc]
J 6265 C1 org.apache.catalina.core.ApplicationFilterChain.doFilter(Ljavax/servlet/ServletRequest;Ljavax/servlet/ServletResponse;)V (105 bytes) @ 0x0000000020df62f4 [0x0000000020df62a0+0x54]
j  org.springframework.web.filter.RequestContextFilter.doFilterInternal(Ljavax/servlet/http/HttpServletRequest;Ljavax/servlet/http/HttpServletResponse;Ljavax/servlet/FilterChain;)V+21
J 6834 C1 org.springframework.web.filter.OncePerRequestFilter.doFilter(Ljavax/servlet/ServletRequest;Ljavax/servlet/ServletResponse;Ljavax/servlet/FilterChain;)V (175 bytes) @ 0x0000000020ef3c94 [0x0000000020ef3980+0x314]
J 6266 C1 org.apache.catalina.core.ApplicationFilterChain.internalDoFilter(Ljavax/servlet/ServletRequest;Ljavax/servlet/ServletResponse;)V (388 bytes) @ 0x0000000020df6b5c [0x0000000020df6760+0x3fc]
J 6265 C1 org.apache.catalina.core.ApplicationFilterChain.doFilter(Ljavax/servlet/ServletRequest;Ljavax/servlet/ServletResponse;)V (105 bytes) @ 0x0000000020df62f4 [0x0000000020df62a0+0x54]
j  org.springframework.web.filter.FormContentFilter.doFilterInternal(Ljavax/servlet/http/HttpServletRequest;Ljavax/servlet/http/HttpServletResponse;Ljavax/servlet/FilterChain;)V+38
J 6834 C1 org.springframework.web.filter.OncePerRequestFilter.doFilter(Ljavax/servlet/ServletRequest;Ljavax/servlet/ServletResponse;Ljavax/servlet/FilterChain;)V (175 bytes) @ 0x0000000020ef3c94 [0x0000000020ef3980+0x314]
J 6266 C1 org.apache.catalina.core.ApplicationFilterChain.internalDoFilter(Ljavax/servlet/ServletRequest;Ljavax/servlet/ServletResponse;)V (388 bytes) @ 0x0000000020df6b5c [0x0000000020df6760+0x3fc]
J 6265 C1 org.apache.catalina.core.ApplicationFilterChain.doFilter(Ljavax/servlet/ServletRequest;Ljavax/servlet/ServletResponse;)V (105 bytes) @ 0x0000000020df62f4 [0x0000000020df62a0+0x54]
j  org.springframework.web.filter.HiddenHttpMethodFilter.doFilterInternal(Ljavax/servlet/http/HttpServletRequest;Ljavax/servlet/http/HttpServletResponse;Ljavax/servlet/FilterChain;)V+87
J 6834 C1 org.springframework.web.filter.OncePerRequestFilter.doFilter(Ljavax/servlet/ServletRequest;Ljavax/servlet/ServletResponse;Ljavax/servlet/FilterChain;)V (175 bytes) @ 0x0000000020ef3c94 [0x0000000020ef3980+0x314]
J 6266 C1 org.apache.catalina.core.ApplicationFilterChain.internalDoFilter(Ljavax/servlet/ServletRequest;Ljavax/servlet/ServletResponse;)V (388 bytes) @ 0x0000000020df6b5c [0x0000000020df6760+0x3fc]
J 6265 C1 org.apache.catalina.core.ApplicationFilterChain.doFilter(Ljavax/servlet/ServletRequest;Ljavax/servlet/ServletResponse;)V (105 bytes) @ 0x0000000020df62f4 [0x0000000020df62a0+0x54]
j  org.springframework.web.filter.CharacterEncodingFilter.doFilterInternal(Ljavax/servlet/http/HttpServletRequest;Ljavax/servlet/http/HttpServletResponse;Ljavax/servlet/FilterChain;)V+53
J 6834 C1 org.springframework.web.filter.OncePerRequestFilter.doFilter(Ljavax/servlet/ServletRequest;Ljavax/servlet/ServletResponse;Ljavax/servlet/FilterChain;)V (175 bytes) @ 0x0000000020ef3c94 [0x0000000020ef3980+0x314]
J 6266 C1 org.apache.catalina.core.ApplicationFilterChain.internalDoFilter(Ljavax/servlet/ServletRequest;Ljavax/servlet/ServletResponse;)V (388 bytes) @ 0x0000000020df6b5c [0x0000000020df6760+0x3fc]
J 6265 C1 org.apache.catalina.core.ApplicationFilterChain.doFilter(Ljavax/servlet/ServletRequest;Ljavax/servlet/ServletResponse;)V (105 bytes) @ 0x0000000020df62f4 [0x0000000020df62a0+0x54]
j  org.apache.catalina.core.StandardWrapperValve.invoke(Lorg/apache/catalina/connector/Request;Lorg/apache/catalina/connector/Response;)V+694
j  org.apache.catalina.core.StandardContextValve.invoke(Lorg/apache/catalina/connector/Request;Lorg/apache/catalina/connector/Response;)V+166
j  org.apache.catalina.authenticator.AuthenticatorBase.invoke(Lorg/apache/catalina/connector/Request;Lorg/apache/catalina/connector/Response;)V+260
j  org.apache.catalina.core.StandardHostValve.invoke(Lorg/apache/catalina/connector/Request;Lorg/apache/catalina/connector/Response;)V+114
j  org.apache.catalina.valves.ErrorReportValve.invoke(Lorg/apache/catalina/connector/Request;Lorg/apache/catalina/connector/Response;)V+6
j  org.apache.catalina.core.StandardEngineValve.invoke(Lorg/apache/catalina/connector/Request;Lorg/apache/catalina/connector/Response;)V+45
j  org.apache.catalina.connector.CoyoteAdapter.service(Lorg/apache/coyote/Request;Lorg/apache/coyote/Response;)V+199
j  org.apache.coyote.http11.Http11Processor.service(Lorg/apache/tomcat/util/net/SocketWrapperBase;)Lorg/apache/tomcat/util/net/AbstractEndpoint$Handler$SocketState;+791
J 8009 C1 org.apache.coyote.AbstractProcessorLight.process(Lorg/apache/tomcat/util/net/SocketWrapperBase;Lorg/apache/tomcat/util/net/SocketEvent;)Lorg/apache/tomcat/util/net/AbstractEndpoint$Handler$SocketState; (302 bytes) @ 0x000000002113f4d4 [0x000000002113f280+0x254]
J 7847 C1 org.apache.coyote.AbstractProtocol$ConnectionHandler.process(Lorg/apache/tomcat/util/net/SocketWrapperBase;Lorg/apache/tomcat/util/net/SocketEvent;)Lorg/apache/tomcat/util/net/AbstractEndpoint$Handler$SocketState; (1269 bytes) @ 0x00000000210e5684 [0x00000000210e4a00+0xc84]
j  org.apache.tomcat.util.net.NioEndpoint$SocketProcessor.doRun()V+221
j  org.apache.tomcat.util.net.SocketProcessorBase.run()V+21
j  java.util.concurrent.ThreadPoolExecutor.runWorker(Ljava/util/concurrent/ThreadPoolExecutor$Worker;)V+95
j  java.util.concurrent.ThreadPoolExecutor$Worker.run()V+5
j  org.apache.tomcat.util.threads.TaskThread$WrappingRunnable.run()V+4
j  java.lang.Thread.run()V+11
v  ~StubRoutines::call_stub

---------------  P R O C E S S  ---------------

Java Threads: ( => current thread )
  0x00000000121a6000 JavaThread "logback-8" daemon [_thread_blocked, id=2156, stack(0x0000000014850000,0x0000000014950000)]
  0x000000001219e800 JavaThread "logback-7" daemon [_thread_blocked, id=10516, stack(0x0000000013cd0000,0x0000000013dd0000)]
  0x00000000121a4800 JavaThread "logback-6" daemon [_thread_blocked, id=6076, stack(0x0000000014750000,0x0000000014850000)]
  0x00000000121a5000 JavaThread "logback-5" daemon [_thread_blocked, id=8324, stack(0x0000000014450000,0x0000000014550000)]
  0x000000001219c000 JavaThread "logback-4" daemon [_thread_blocked, id=22824, stack(0x0000000014350000,0x0000000014450000)]
  0x00000000121a2000 JavaThread "logback-3" daemon [_thread_blocked, id=13684, stack(0x0000000013fd0000,0x00000000140d0000)]
  0x00000000121a3000 JavaThread "logback-2" daemon [_thread_blocked, id=19840, stack(0x0000000013ed0000,0x0000000013fd0000)]
  0x000000001219b800 JavaThread "HikariPool-1 housekeeper" daemon [_thread_blocked, id=18392, stack(0x0000000013dd0000,0x0000000013ed0000)]
  0x000000001219a000 JavaThread "DestroyJavaVM" [_thread_blocked, id=15228, stack(0x0000000003800000,0x0000000003900000)]
  0x000000001219d800 JavaThread "http-nio-8080-Acceptor" daemon [_thread_in_native, id=21196, stack(0x00000000137d0000,0x00000000138d0000)]
  0x000000001219a800 JavaThread "http-nio-8080-ClientPoller" daemon [_thread_in_native, id=16332, stack(0x00000000136d0000,0x00000000137d0000)]
  0x00000000121a0800 JavaThread "http-nio-8080-exec-10" daemon [_thread_blocked, id=16472, stack(0x00000000135d0000,0x00000000136d0000)]
  0x000000001219d000 JavaThread "http-nio-8080-exec-9" daemon [_thread_blocked, id=12172, stack(0x00000000134d0000,0x00000000135d0000)]
  0x000000000bfcf000 JavaThread "http-nio-8080-exec-8" daemon [_thread_blocked, id=17420, stack(0x00000000133d0000,0x00000000134d0000)]
=>0x000000000bfd5800 JavaThread "http-nio-8080-exec-7" daemon [_thread_in_vm, id=4804, stack(0x00000000132d0000,0x00000000133d0000)]
  0x000000000bfd5000 JavaThread "http-nio-8080-exec-6" daemon [_thread_blocked, id=27024, stack(0x00000000131d0000,0x00000000132d0000)]
  0x000000000bfd4000 JavaThread "http-nio-8080-exec-5" daemon [_thread_blocked, id=3520, stack(0x00000000130d0000,0x00000000131d0000)]
  0x000000000bfd3800 JavaThread "http-nio-8080-exec-4" daemon [_thread_blocked, id=19272, stack(0x0000000012fd0000,0x00000000130d0000)]
  0x000000000bfd2800 JavaThread "http-nio-8080-exec-3" daemon [_thread_blocked, id=13492, stack(0x000000000dfe0000,0x000000000e0e0000)]
  0x000000000bfd2000 JavaThread "http-nio-8080-exec-2" daemon [_thread_blocked, id=21284, stack(0x000000000dee0000,0x000000000dfe0000)]
  0x000000000bfd1000 JavaThread "http-nio-8080-exec-1" daemon [_thread_blocked, id=20988, stack(0x000000000dde0000,0x000000000dee0000)]
  0x000000000bfcf800 JavaThread "http-nio-8080-BlockPoller" daemon [_thread_in_native, id=18456, stack(0x000000000dce0000,0x000000000dde0000)]
  0x000000000bd1a800 JavaThread "mysql-cj-abandoned-connection-cleanup" daemon [_thread_blocked, id=7616, stack(0x000000000d0e0000,0x000000000d1e0000)]
  0x000000000bd14800 JavaThread "container-0" [_thread_blocked, id=14492, stack(0x000000000cf60000,0x000000000d060000)]
  0x000000000bd0f800 JavaThread "Catalina-utility-2" [_thread_blocked, id=2548, stack(0x000000000ce60000,0x000000000cf60000)]
  0x000000000bd0d000 JavaThread "Catalina-utility-1" [_thread_blocked, id=27636, stack(0x000000000cd60000,0x000000000ce60000)]
  0x000000000b39c000 JavaThread "logback-1" daemon [_thread_blocked, id=8776, stack(0x000000000aa60000,0x000000000ab60000)]
  0x0000000009972800 JavaThread "RMI TCP Accept-0" daemon [_thread_in_native, id=1140, stack(0x000000000a0b0000,0x000000000a1b0000)]
  0x000000000995a000 JavaThread "RMI TCP Accept-49411" daemon [_thread_in_native, id=9848, stack(0x0000000009f10000,0x000000000a010000)]
  0x0000000009956000 JavaThread "RMI TCP Accept-0" daemon [_thread_in_native, id=20180, stack(0x0000000009e10000,0x0000000009f10000)]
  0x0000000007d25000 JavaThread "Service Thread" daemon [_thread_blocked, id=24008, stack(0x00000000093a0000,0x00000000094a0000)]
  0x000000000626d800 JavaThread "C1 CompilerThread2" daemon [_thread_blocked, id=6408, stack(0x00000000092a0000,0x00000000093a0000)]
  0x000000000625c800 JavaThread "C2 CompilerThread1" daemon [_thread_blocked, id=16528, stack(0x00000000091a0000,0x00000000092a0000)]
  0x0000000006252000 JavaThread "C2 CompilerThread0" daemon [_thread_blocked, id=7996, stack(0x00000000090a0000,0x00000000091a0000)]
  0x0000000006242800 JavaThread "JDWP Command Reader" daemon [_thread_in_native, id=19488, stack(0x0000000008ec0000,0x0000000008fc0000)]
  0x0000000006240000 JavaThread "JDWP Event Helper Thread" daemon [_thread_blocked, id=17844, stack(0x0000000008dc0000,0x0000000008ec0000)]
  0x0000000006233000 JavaThread "JDWP Transport Listener: dt_socket" daemon [_thread_blocked, id=23464, stack(0x0000000008cc0000,0x0000000008dc0000)]
  0x0000000006227800 JavaThread "Attach Listener" daemon [_thread_blocked, id=18136, stack(0x0000000008910000,0x0000000008a10000)]
  0x0000000007ca3800 JavaThread "Signal Dispatcher" daemon [_thread_blocked, id=7164, stack(0x0000000008810000,0x0000000008910000)]
  0x0000000003a2d000 JavaThread "Finalizer" daemon [_thread_blocked, id=25516, stack(0x00000000073a0000,0x00000000074a0000)]
  0x0000000003a24000 JavaThread "Reference Handler" daemon [_thread_blocked, id=20528, stack(0x00000000072a0000,0x00000000073a0000)]

Other Threads:
  0x00000000061d7800 VMThread [stack: 0x0000000005f60000,0x0000000006060000] [id=8708]
  0x0000000009976000 WatcherThread [stack: 0x000000000a1b0000,0x000000000a2b0000] [id=24616]

VM state:not at safepoint (normal execution)

VM Mutex/Monitor currently owned by a thread: None

Heap:
 PSYoungGen      total 203776K, used 146499K [0x00000000d5f80000, 0x00000000e3c80000, 0x0000000100000000)
  eden space 188416K, 69% used [0x00000000d5f80000,0x00000000ddf91798,0x00000000e1780000)
  from space 15360K, 99% used [0x00000000e2c80000,0x00000000e3b7f620,0x00000000e3b80000)
  to   space 18944K, 0% used [0x00000000e1780000,0x00000000e1780000,0x00000000e2a00000)
 ParOldGen       total 88576K, used 22708K [0x0000000081e00000, 0x0000000087480000, 0x00000000d5f80000)
  object space 88576K, 25% used [0x0000000081e00000,0x000000008342d028,0x0000000087480000)
 Metaspace       used 51419K, capacity 54828K, committed 55168K, reserved 1097728K
  class space    used 6633K, capacity 7210K, committed 7296K, reserved 1048576K

Card table byte_map: [0x00000000048e0000,0x0000000004ce0000] byte_map_base: 0x00000000044d1000

Marking Bits: (ParMarkBitMap*) 0x00000000532fa5b0
 Begin Bits: [0x000000000e0f0000, 0x0000000010078000)
 End Bits:   [0x0000000010078000, 0x0000000012000000)

Polling page: 0x00000000037e0000

CodeCache: size=245760Kb used=15580Kb max_used=15580Kb free=230179Kb
 bounds [0x0000000020210000, 0x0000000021150000, 0x000000002f210000]
 total_blobs=8415 nmethods=7888 adapters=446
 compilation: enabled

Compilation events (10 events):
Event: 3440.709 Thread 0x000000000626d800 8030       1       org.apache.coyote.Response::doWrite (33 bytes)
Event: 3440.710 Thread 0x000000000626d800 nmethod 8030 0x0000000021148f50 code [0x00000000211490c0, 0x0000000021149248]
Event: 3440.710 Thread 0x000000000626d800 8031       1       org.apache.coyote.http11.Http11OutputBuffer::doWrite (56 bytes)
Event: 3440.710 Thread 0x000000000626d800 nmethod 8031 0x0000000021149310 code [0x00000000211494a0, 0x00000000211496a8]
Event: 3448.565 Thread 0x000000000626d800 8032       1       jp.co.lyc.cms.model.SalesEmployeeModel::getCustomerName (5 bytes)
Event: 3448.565 Thread 0x000000000626d800 nmethod 8032 0x0000000021149810 code [0x0000000021149960, 0x0000000021149a70]
Event: 3464.302 Thread 0x000000000626d800 8033       1       com.fasterxml.jackson.databind.DeserializationConfig::isEnabled (18 bytes)
Event: 3464.302 Thread 0x000000000626d800 nmethod 8033 0x0000000021149ad0 code [0x0000000021149c20, 0x0000000021149d50]
Event: 3464.303 Thread 0x000000000626d800 8034       1       com.fasterxml.jackson.core.io.IOContext::isResourceManaged (5 bytes)
Event: 3464.303 Thread 0x000000000626d800 nmethod 8034 0x0000000021149dd0 code [0x0000000021149f20, 0x000000002114a030]

GC Heap History (10 events):
Event: 10.629 GC heap before
{Heap before GC invocations=8 (full 1):
 PSYoungGen      total 111616K, used 85842K [0x00000000d5f80000, 0x00000000dda00000, 0x0000000100000000)
  eden space 102912K, 74% used [0x00000000d5f80000,0x00000000daad7838,0x00000000dc400000)
  from space 8704K, 99% used [0x00000000dd000000,0x00000000dd87d288,0x00000000dd880000)
  to   space 11264K, 0% used [0x00000000dc400000,0x00000000dc400000,0x00000000dcf00000)
 ParOldGen       total 55296K, used 10989K [0x0000000081e00000, 0x0000000085400000, 0x00000000d5f80000)
  object space 55296K, 19% used [0x0000000081e00000,0x00000000828bb590,0x0000000085400000)
 Metaspace       used 33864K, capacity 35322K, committed 35496K, reserved 1079296K
  class space    used 4569K, capacity 4851K, committed 4864K, reserved 1048576K
Event: 10.645 GC heap after
Heap after GC invocations=8 (full 1):
 PSYoungGen      total 114176K, used 11253K [0x00000000d5f80000, 0x00000000e1200000, 0x0000000100000000)
  eden space 102912K, 0% used [0x00000000d5f80000,0x00000000d5f80000,0x00000000dc400000)
  from space 11264K, 99% used [0x00000000dc400000,0x00000000dcefd6c8,0x00000000dcf00000)
  to   space 13824K, 0% used [0x00000000e0480000,0x00000000e0480000,0x00000000e1200000)
 ParOldGen       total 55296K, used 13334K [0x0000000081e00000, 0x0000000085400000, 0x00000000d5f80000)
  object space 55296K, 24% used [0x0000000081e00000,0x0000000082b05bf8,0x0000000085400000)
 Metaspace       used 33864K, capacity 35322K, committed 35496K, reserved 1079296K
  class space    used 4569K, capacity 4851K, committed 4864K, reserved 1048576K
}
Event: 10.645 GC heap before
{Heap before GC invocations=9 (full 2):
 PSYoungGen      total 114176K, used 11253K [0x00000000d5f80000, 0x00000000e1200000, 0x0000000100000000)
  eden space 102912K, 0% used [0x00000000d5f80000,0x00000000d5f80000,0x00000000dc400000)
  from space 11264K, 99% used [0x00000000dc400000,0x00000000dcefd6c8,0x00000000dcf00000)
  to   space 13824K, 0% used [0x00000000e0480000,0x00000000e0480000,0x00000000e1200000)
 ParOldGen       total 55296K, used 13334K [0x0000000081e00000, 0x0000000085400000, 0x00000000d5f80000)
  object space 55296K, 24% used [0x0000000081e00000,0x0000000082b05bf8,0x0000000085400000)
 Metaspace       used 33864K, capacity 35322K, committed 35496K, reserved 1079296K
  class space    used 4569K, capacity 4851K, committed 4864K, reserved 1048576K
Event: 10.763 GC heap after
Heap after GC invocations=9 (full 2):
 PSYoungGen      total 114176K, used 0K [0x00000000d5f80000, 0x00000000e1200000, 0x0000000100000000)
  eden space 102912K, 0% used [0x00000000d5f80000,0x00000000d5f80000,0x00000000dc400000)
  from space 11264K, 0% used [0x00000000dc400000,0x00000000dc400000,0x00000000dcf00000)
  to   space 13824K, 0% used [0x00000000e0480000,0x00000000e0480000,0x00000000e1200000)
 ParOldGen       total 88576K, used 18407K [0x0000000081e00000, 0x0000000087480000, 0x00000000d5f80000)
  object space 88576K, 20% used [0x0000000081e00000,0x0000000082ff9e18,0x0000000087480000)
 Metaspace       used 33864K, capacity 35322K, committed 35496K, reserved 1079296K
  class space    used 4569K, capacity 4851K, committed 4864K, reserved 1048576K
}
Event: 11.112 GC heap before
{Heap before GC invocations=10 (full 2):
 PSYoungGen      total 114176K, used 102912K [0x00000000d5f80000, 0x00000000e1200000, 0x0000000100000000)
  eden space 102912K, 100% used [0x00000000d5f80000,0x00000000dc400000,0x00000000dc400000)
  from space 11264K, 0% used [0x00000000dc400000,0x00000000dc400000,0x00000000dcf00000)
  to   space 13824K, 0% used [0x00000000e0480000,0x00000000e0480000,0x00000000e1200000)
 ParOldGen       total 88576K, used 18407K [0x0000000081e00000, 0x0000000087480000, 0x00000000d5f80000)
  object space 88576K, 20% used [0x0000000081e00000,0x0000000082ff9e18,0x0000000087480000)
 Metaspace       used 34383K, capacity 35876K, committed 36224K, reserved 1081344K
  class space    used 4623K, capacity 4922K, committed 4992K, reserved 1048576K
Event: 11.114 GC heap after
Heap after GC invocations=10 (full 2):
 PSYoungGen      total 164864K, used 1350K [0x00000000d5f80000, 0x00000000e1080000, 0x0000000100000000)
  eden space 152576K, 0% used [0x00000000d5f80000,0x00000000d5f80000,0x00000000df480000)
  from space 12288K, 10% used [0x00000000e0480000,0x00000000e05d1840,0x00000000e1080000)
  to   space 14336K, 0% used [0x00000000df480000,0x00000000df480000,0x00000000e0280000)
 ParOldGen       total 88576K, used 18415K [0x0000000081e00000, 0x0000000087480000, 0x00000000d5f80000)
  object space 88576K, 20% used [0x0000000081e00000,0x0000000082ffbe18,0x0000000087480000)
 Metaspace       used 34383K, capacity 35876K, committed 36224K, reserved 1081344K
  class space    used 4623K, capacity 4922K, committed 4992K, reserved 1048576K
}
Event: 14.714 GC heap before
{Heap before GC invocations=11 (full 2):
 PSYoungGen      total 164864K, used 153926K [0x00000000d5f80000, 0x00000000e1080000, 0x0000000100000000)
  eden space 152576K, 100% used [0x00000000d5f80000,0x00000000df480000,0x00000000df480000)
  from space 12288K, 10% used [0x00000000e0480000,0x00000000e05d1840,0x00000000e1080000)
  to   space 14336K, 0% used [0x00000000df480000,0x00000000df480000,0x00000000e0280000)
 ParOldGen       total 88576K, used 18415K [0x0000000081e00000, 0x0000000087480000, 0x00000000d5f80000)
  object space 88576K, 20% used [0x0000000081e00000,0x0000000082ffbe18,0x0000000087480000)
 Metaspace       used 41929K, capacity 43782K, committed 44032K, reserved 1087488K
  class space    used 5489K, capacity 5849K, committed 5888K, reserved 1048576K
Event: 14.762 GC heap after
Heap after GC invocations=11 (full 2):
 PSYoungGen      total 166912K, used 12042K [0x00000000d5f80000, 0x00000000e3b80000, 0x0000000100000000)
  eden space 152576K, 0% used [0x00000000d5f80000,0x00000000d5f80000,0x00000000df480000)
  from space 14336K, 84% used [0x00000000df480000,0x00000000e0042988,0x00000000e0280000)
  to   space 15360K, 0% used [0x00000000e2c80000,0x00000000e2c80000,0x00000000e3b80000)
 ParOldGen       total 88576K, used 18423K [0x0000000081e00000, 0x0000000087480000, 0x00000000d5f80000)
  object space 88576K, 20% used [0x0000000081e00000,0x0000000082ffde18,0x0000000087480000)
 Metaspace       used 41929K, capacity 43782K, committed 44032K, reserved 1087488K
  class space    used 5489K, capacity 5849K, committed 5888K, reserved 1048576K
}
Event: 1545.583 GC heap before
{Heap before GC invocations=12 (full 2):
 PSYoungGen      total 166912K, used 164618K [0x00000000d5f80000, 0x00000000e3b80000, 0x0000000100000000)
  eden space 152576K, 100% used [0x00000000d5f80000,0x00000000df480000,0x00000000df480000)
  from space 14336K, 84% used [0x00000000df480000,0x00000000e0042988,0x00000000e0280000)
  to   space 15360K, 0% used [0x00000000e2c80000,0x00000000e2c80000,0x00000000e3b80000)
 ParOldGen       total 88576K, used 18423K [0x0000000081e00000, 0x0000000087480000, 0x00000000d5f80000)
  object space 88576K, 20% used [0x0000000081e00000,0x0000000082ffde18,0x0000000087480000)
 Metaspace       used 50824K, capacity 54032K, committed 54272K, reserved 1095680K
  class space    used 6591K, capacity 7152K, committed 7168K, reserved 1048576K
Event: 1545.611 GC heap after
Heap after GC invocations=12 (full 2):
 PSYoungGen      total 203776K, used 15357K [0x00000000d5f80000, 0x00000000e3c80000, 0x0000000100000000)
  eden space 188416K, 0% used [0x00000000d5f80000,0x00000000d5f80000,0x00000000e1780000)
  from space 15360K, 99% used [0x00000000e2c80000,0x00000000e3b7f620,0x00000000e3b80000)
  to   space 18944K, 0% used [0x00000000e1780000,0x00000000e1780000,0x00000000e2a00000)
 ParOldGen       total 88576K, used 22708K [0x0000000081e00000, 0x0000000087480000, 0x00000000d5f80000)
  object space 88576K, 25% used [0x0000000081e00000,0x000000008342d028,0x0000000087480000)
 Metaspace       used 50824K, capacity 54032K, committed 54272K, reserved 1095680K
  class space    used 6591K, capacity 7152K, committed 7168K, reserved 1048576K
}

Deoptimization events (0 events):
No events

Internal exceptions (10 events):
Event: 1507.295 Thread 0x000000000bfd2800 Exception <a 'java/lang/ArrayIndexOutOfBoundsException'> (0x00000000df305060) thrown at [C:\workspace\8-2-build-windows-amd64-cygwin\jdk8u65\4987\hotspot\src\share\vm\runtime\sharedRuntime.cpp, line 605]
Event: 1545.622 Thread 0x00000000121a1800 Exception <a 'java/lang/InterruptedException': sleep interrupted> (0x00000000d6028048) thrown at [C:\workspace\8-2-build-windows-amd64-cygwin\jdk8u65\4987\hotspot\src\share\vm\prims\jvm.cpp, line 3215]
Event: 1683.085 Thread 0x000000000bfd5000 Exception <a 'java/lang/ArrayIndexOutOfBoundsException'> (0x00000000d601b3a0) thrown at [C:\workspace\8-2-build-windows-amd64-cygwin\jdk8u65\4987\hotspot\src\share\vm\runtime\sharedRuntime.cpp, line 605]
Event: 1746.053 Thread 0x000000000bfd3800 Exception <a 'java/lang/ArrayIndexOutOfBoundsException'> (0x00000000d73c40a0) thrown at [C:\workspace\8-2-build-windows-amd64-cygwin\jdk8u65\4987\hotspot\src\share\vm\runtime\sharedRuntime.cpp, line 605]
Event: 1782.199 Thread 0x000000000bfd2000 Exception <a 'java/lang/ArrayIndexOutOfBoundsException'> (0x00000000d81a7b40) thrown at [C:\workspace\8-2-build-windows-amd64-cygwin\jdk8u65\4987\hotspot\src\share\vm\runtime\sharedRuntime.cpp, line 605]
Event: 1791.623 Thread 0x000000001219d000 Exception <a 'java/lang/ArrayIndexOutOfBoundsException'> (0x00000000d67ecb68) thrown at [C:\workspace\8-2-build-windows-amd64-cygwin\jdk8u65\4987\hotspot\src\share\vm\runtime\sharedRuntime.cpp, line 605]
Event: 2651.024 Thread 0x000000000bfd3800 Exception <a 'java/lang/ArrayIndexOutOfBoundsException'> (0x00000000d8bbb2e0) thrown at [C:\workspace\8-2-build-windows-amd64-cygwin\jdk8u65\4987\hotspot\src\share\vm\runtime\sharedRuntime.cpp, line 605]
Event: 2651.379 Thread 0x000000000bfd3800 Exception <a 'java/lang/ArrayIndexOutOfBoundsException'> (0x00000000d8bd07c8) thrown at [C:\workspace\8-2-build-windows-amd64-cygwin\jdk8u65\4987\hotspot\src\share\vm\runtime\sharedRuntime.cpp, line 605]
Event: 2655.011 Thread 0x000000001219d000 Exception <a 'java/lang/ArrayIndexOutOfBoundsException'> (0x00000000d952aa30) thrown at [C:\workspace\8-2-build-windows-amd64-cygwin\jdk8u65\4987\hotspot\src\share\vm\runtime\sharedRuntime.cpp, line 605]
Event: 2667.704 Thread 0x000000000bfd1000 Exception <a 'java/lang/ArrayIndexOutOfBoundsException'> (0x00000000d96c7fb8) thrown at [C:\workspace\8-2-build-windows-amd64-cygwin\jdk8u65\4987\hotspot\src\share\vm\runtime\sharedRuntime.cpp, line 605]

Events (10 events):
Event: 3411.290 Executing VM operation: RedefineClasses
Event: 3411.349 Executing VM operation: RedefineClasses done
Event: 3414.551 Executing VM operation: RedefineClasses
Event: 3414.588 Executing VM operation: RedefineClasses done
Event: 3444.341 Executing VM operation: RevokeBias
Event: 3444.341 Executing VM operation: RevokeBias done
Event: 3462.701 Executing VM operation: ChangeBreakpoints
Event: 3462.704 Executing VM operation: ChangeBreakpoints done
Event: 3462.704 Executing VM operation: ChangeBreakpoints
Event: 3462.707 Executing VM operation: ChangeBreakpoints done


Dynamic libraries:
0x00007ff66d570000 - 0x00007ff66d5a7000 	C:\Program Files\Java\jre1.8.0_65\bin\javaw.exe
0x00007ffd96b80000 - 0x00007ffd96d70000 	C:\WINDOWS\SYSTEM32\ntdll.dll
0x00007ffd94f60000 - 0x00007ffd95012000 	C:\WINDOWS\System32\KERNEL32.DLL
0x00007ffd94980000 - 0x00007ffd94c23000 	C:\WINDOWS\System32\KERNELBASE.dll
0x00007ffd958f0000 - 0x00007ffd95993000 	C:\WINDOWS\System32\ADVAPI32.dll
0x00007ffd96450000 - 0x00007ffd964ee000 	C:\WINDOWS\System32\msvcrt.dll
0x00007ffd95840000 - 0x00007ffd958d7000 	C:\WINDOWS\System32\sechost.dll
0x00007ffd95710000 - 0x00007ffd95830000 	C:\WINDOWS\System32\RPCRT4.dll
0x00007ffd95e10000 - 0x00007ffd95fa4000 	C:\WINDOWS\System32\USER32.dll
0x00007ffd93f20000 - 0x00007ffd93f41000 	C:\WINDOWS\System32\win32u.dll
0x00007ffd964f0000 - 0x00007ffd96516000 	C:\WINDOWS\System32\GDI32.dll
0x00007ffd93f50000 - 0x00007ffd940e4000 	C:\WINDOWS\System32\gdi32full.dll
0x00007ffd93d10000 - 0x00007ffd93dae000 	C:\WINDOWS\System32\msvcp_win.dll
0x00007ffd93bc0000 - 0x00007ffd93cba000 	C:\WINDOWS\System32\ucrtbase.dll
0x00007ffd857e0000 - 0x00007ffd85a65000 	C:\WINDOWS\WinSxS\amd64_microsoft.windows.common-controls_6595b64144ccf1df_6.0.18362.720_none_e6beb5c51314836b\COMCTL32.dll
0x00007ffd96800000 - 0x00007ffd96b36000 	C:\WINDOWS\System32\combase.dll
0x00007ffd93b40000 - 0x00007ffd93bc0000 	C:\WINDOWS\System32\bcryptPrimitives.dll
0x00007ffd95fc0000 - 0x00007ffd95fee000 	C:\WINDOWS\System32\IMM32.DLL
0x00007ffd8a1e0000 - 0x00007ffd8a35c000 	C:\WINDOWS\system32\tmumh\20019\AddOn\8.10.0.1074\TmUmEvt64.dll
0x00007ffd95fb0000 - 0x00007ffd95fb8000 	C:\WINDOWS\System32\PSAPI.DLL
0x00007ffd96010000 - 0x00007ffd96062000 	C:\WINDOWS\System32\SHLWAPI.dll
0x0000000055340000 - 0x00000000554a4000 	C:\WINDOWS\system32\tmumh\20019\TmMon\2.7.0.1056\tmmon64.dll
0x0000000054ef0000 - 0x0000000054fc2000 	C:\Program Files\Java\jre1.8.0_65\bin\msvcr100.dll
0x0000000052af0000 - 0x0000000053379000 	C:\Program Files\Java\jre1.8.0_65\bin\server\jvm.dll
0x00007ffd88800000 - 0x00007ffd88809000 	C:\WINDOWS\SYSTEM32\WSOCK32.dll
0x00007ffd965d0000 - 0x00007ffd9663f000 	C:\WINDOWS\System32\WS2_32.dll
0x00007ffd89e20000 - 0x00007ffd89e44000 	C:\WINDOWS\SYSTEM32\WINMM.dll
0x00007ffd88660000 - 0x00007ffd8866a000 	C:\WINDOWS\SYSTEM32\VERSION.dll
0x00007ffd89be0000 - 0x00007ffd89c0d000 	C:\WINDOWS\SYSTEM32\WINMMBASE.dll
0x00007ffd93cc0000 - 0x00007ffd93d0a000 	C:\WINDOWS\System32\cfgmgr32.dll
0x00000000554c0000 - 0x00000000554cf000 	C:\Program Files\Java\jre1.8.0_65\bin\verify.dll
0x0000000055300000 - 0x0000000055329000 	C:\Program Files\Java\jre1.8.0_65\bin\java.dll
0x0000000054eb0000 - 0x0000000054ee5000 	C:\Program Files\Java\jre1.8.0_65\bin\jdwp.dll
0x0000000003a80000 - 0x0000000003a88000 	C:\Program Files\Java\jre1.8.0_65\bin\npt.dll
0x00000000552e0000 - 0x00000000552f6000 	C:\Program Files\Java\jre1.8.0_65\bin\zip.dll
0x00007ffd95020000 - 0x00007ffd95705000 	C:\WINDOWS\System32\SHELL32.dll
0x00007ffd96520000 - 0x00007ffd965c9000 	C:\WINDOWS\System32\shcore.dll
0x00007ffd940f0000 - 0x00007ffd94870000 	C:\WINDOWS\System32\windows.storage.dll
0x00007ffd93aa0000 - 0x00007ffd93ac3000 	C:\WINDOWS\System32\profapi.dll
0x00007ffd93a50000 - 0x00007ffd93a9a000 	C:\WINDOWS\System32\powrprof.dll
0x00007ffd93a40000 - 0x00007ffd93a50000 	C:\WINDOWS\System32\UMPDC.dll
0x00007ffd93ad0000 - 0x00007ffd93ae1000 	C:\WINDOWS\System32\kernel.appcore.dll
0x00007ffd93f00000 - 0x00007ffd93f17000 	C:\WINDOWS\System32\cryptsp.dll
0x0000000054ea0000 - 0x0000000054ea9000 	C:\Program Files\Java\jre1.8.0_65\bin\dt_socket.dll
0x00007ffd83800000 - 0x00007ffd83816000 	C:\WINDOWS\system32\napinsp.dll
0x00007ffd83780000 - 0x00007ffd8379a000 	C:\WINDOWS\system32\pnrpnsp.dll
0x00007ffd932b0000 - 0x00007ffd93317000 	C:\WINDOWS\System32\mswsock.dll
0x00007ffd93000000 - 0x00007ffd930ca000 	C:\WINDOWS\SYSTEM32\DNSAPI.dll
0x00007ffd958e0000 - 0x00007ffd958e8000 	C:\WINDOWS\System32\NSI.dll
0x00007ffd92fc0000 - 0x00007ffd92ffa000 	C:\WINDOWS\SYSTEM32\IPHLPAPI.DLL
0x00007ffd837d0000 - 0x00007ffd837de000 	C:\WINDOWS\System32\winrnr.dll
0x00007ffd90780000 - 0x00007ffd9079c000 	C:\WINDOWS\system32\NLAapi.dll
0x00007ffd8e870000 - 0x00007ffd8e885000 	C:\WINDOWS\system32\wshbth.dll
0x00007ffd8ff50000 - 0x00007ffd8ffc7000 	C:\WINDOWS\System32\fwpuclnt.dll
0x00007ffd93b10000 - 0x00007ffd93b36000 	C:\WINDOWS\System32\bcrypt.dll
0x00007ffd8b5e0000 - 0x00007ffd8b5ea000 	C:\Windows\System32\rasadhlp.dll
0x0000000054e90000 - 0x0000000054e9d000 	C:\Program Files\Java\jre1.8.0_65\bin\management.dll
0x0000000054e70000 - 0x0000000054e8a000 	C:\Program Files\Java\jre1.8.0_65\bin\net.dll
0x0000000054e50000 - 0x0000000054e61000 	C:\Program Files\Java\jre1.8.0_65\bin\nio.dll
0x00007ffd92e20000 - 0x00007ffd92e53000 	C:\WINDOWS\system32\rsaenh.dll
0x00007ffd93960000 - 0x00007ffd93985000 	C:\WINDOWS\SYSTEM32\USERENV.dll
0x00007ffd93480000 - 0x00007ffd9348c000 	C:\WINDOWS\SYSTEM32\CRYPTBASE.dll
0x00007ffd8f220000 - 0x00007ffd8f236000 	C:\WINDOWS\SYSTEM32\dhcpcsvc6.DLL
0x00007ffd8ee20000 - 0x00007ffd8ee3c000 	C:\WINDOWS\SYSTEM32\dhcpcsvc.DLL
0x000000000c8d0000 - 0x000000000cb52000 	C:\tomcat-9.0.30\bin\tcnative-1.dll
0x00007ffd93db0000 - 0x00007ffd93ef9000 	C:\WINDOWS\System32\CRYPT32.dll
0x00007ffd93af0000 - 0x00007ffd93b02000 	C:\WINDOWS\System32\MSASN1.dll
0x0000000054e20000 - 0x0000000054e44000 	C:\Program Files\Java\jre1.8.0_65\bin\sunec.dll
0x00007ffd86dc0000 - 0x00007ffd86fb4000 	C:\WINDOWS\SYSTEM32\dbghelp.dll

VM Arguments:
jvm_args: -agentlib:jdwp=transport=dt_socket,suspend=y,address=localhost:49412 -Dcom.sun.management.jmxremote -Dcom.sun.management.jmxremote.port=49411 -Dcom.sun.management.jmxremote.authenticate=false -Dcom.sun.management.jmxremote.ssl=false -Djava.rmi.server.hostname=localhost -Dspring.jmx.enabled=true -Dspring.liveBeansView.mbeanDomain -Dspring.application.admin.enabled=true -Xverify:none -XX:TieredStopAtLevel=1 -Dfile.encoding=UTF-8 
java_command: jp.co.lyc.cms.ApplicationMain
java_class_path (initial): C:\Users\wangy\git\rams_java\target\classes;C:\mvnrep\org\springframework\boot\spring-boot-starter-web\2.1.7.RELEASE\spring-boot-starter-web-2.1.7.RELEASE.jar;C:\mvnrep\org\springframework\boot\spring-boot-starter\2.1.7.RELEASE\spring-boot-starter-2.1.7.RELEASE.jar;C:\mvnrep\org\springframework\boot\spring-boot\2.1.7.RELEASE\spring-boot-2.1.7.RELEASE.jar;C:\mvnrep\org\springframework\boot\spring-boot-autoconfigure\2.1.7.RELEASE\spring-boot-autoconfigure-2.1.7.RELEASE.jar;C:\mvnrep\org\springframework\boot\spring-boot-starter-logging\2.1.7.RELEASE\spring-boot-starter-logging-2.1.7.RELEASE.jar;C:\mvnrep\ch\qos\logback\logback-classic\1.2.3\logback-classic-1.2.3.jar;C:\mvnrep\ch\qos\logback\logback-core\1.2.3\logback-core-1.2.3.jar;C:\mvnrep\org\apache\logging\log4j\log4j-to-slf4j\2.11.2\log4j-to-slf4j-2.11.2.jar;C:\mvnrep\org\apache\logging\log4j\log4j-api\2.11.2\log4j-api-2.11.2.jar;C:\mvnrep\org\slf4j\jul-to-slf4j\1.7.26\jul-to-slf4j-1.7.26.jar;C:\mvnrep\javax\annotation\javax.annotation-api\1.3.2\javax.annotation-api-1.3.2.jar;C:\mvnrep\org\springframework\spring-core\5.1.9.RELEASE\spring-core-5.1.9.RELEASE.jar;C:\mvnrep\org\springframework\spring-jcl\5.1.9.RELEASE\spring-jcl-5.1.9.RELEASE.jar;C:\mvnrep\org\yaml\snakeyaml\1.23\snakeyaml-1.23.jar;C:\mvnrep\org\springframework\boot\spring-boot-starter-json\2.1.7.RELEASE\spring-boot-starter-json-2.1.7.RELEASE.jar;C:\mvnrep\com\fasterxml\jackson\datatype\jackson-datatype-jdk8\2.9.9\jackson-datatype-jdk8-2.9.9.jar;C:\mvnrep\com\fasterxml\jackson\datatype\jackson-datatype-jsr310\2.9.9\jackson-datatype-jsr310-2.9.9.jar;C:\mvnrep\com\fasterxml\jackson\module\jackson-module-parameter-names\2.9.9\jackson-module-parameter-names-2.9.9.jar;C:\mvnrep\org\springframework\boot\spring-boot-starter-tomcat\2.1.7.RELEASE\spring-boot-starter-tomcat-2.1.7.RELEASE.jar;C:\mvnrep\org\apache\tomcat\embed\tomcat-embed-core\9.0.22\tomcat-embed-core-9.0.22.jar;C:\mvnrep\org\apache\tomcat\embed\tomcat-embed-el\9.0.2
Launcher Type: SUN_STANDARD

Environment Variables:
JAVA_HOME=C:\Program Files\AdoptOpenJDK\jdk-11.0.9.11-hotspot
CLASSPATH=%CLASSPATH%;C:\Program Files\JUnit\junit-4.13-beta-3.jar;.;
PATH=C:/Program Files/AdoptOpenJDK/jdk-11.0.9.11-hotspot/bin/client;C:/Program Files/AdoptOpenJDK/jdk-11.0.9.11-hotspot/bin;C:\Program Files\AdoptOpenJDK\jdk-11.0.9.11-hotspot\bin;C:\ProgramData\Oracle\Java\javapath;C:\Program Files (x86)\Intel\iCLS Client\;C:\Program Files\Intel\iCLS Client\;C:\WINDOWS\system32;C:\WINDOWS;C:\WINDOWS\System32\Wbem;C:\WINDOWS\System32\WindowsPowerShell\v1.0\;C:\Program Files (x86)\Intel\Intel(R) Management Engine Components\DAL;C:\Program Files\Intel\Intel(R) Management Engine Components\DAL;C:\Program Files (x86)\Intel\Intel(R) Management Engine Components\IPT;C:\Program Files\Intel\Intel(R) Management Engine Components\IPT;C:\Program Files (x86)\Common Files\lenovo\easyplussdk\bin;C:\WINDOWS\System32\OpenSSH\;C:\Program Files\Java\jdk1.8.0_65\bin;C:\Program Files\Java\jre1.8.0_65;C:\Program Files\Intel\WiFi\bin\;C:\Program Files\Common Files\Intel\WirelessCommon\;C:\Program Files\MySQL\MySQL Utilities 1.6\;C:\Program Files\TortoiseSVN\bin;C:\Program Files\nodejs\;C:\Program Files\AdoptOpenJDK\jdk-11.0.9.11-hotspot\bin;C:\Users\wangy\OneDrive\Desktop\download\apache-maven-3.6.3\bin;C:\Program Files\MySQL\MySQL Shell 8.0\bin\;C:\Users\wangy\AppData\Local\Microsoft\WindowsApps;";C:\tomcat-9.0.30\bin;;C:\Users\wangy\AppData\Local\Programs\Microsoft VS Code\bin;C:\Users\wangy\AppData\Roaming\npm;C:\Users\wangy\Downloads\eclipse-jee-2019-03-R-win32-x86_64\eclipse;
USERNAME=wangy
OS=Windows_NT
PROCESSOR_IDENTIFIER=Intel64 Family 6 Model 61 Stepping 4, GenuineIntel



---------------  S Y S T E M  ---------------

OS: Windows 10.0 , 64 bit Build 18362 (10.0.18362.329)

CPU:total 4 (2 cores per cpu, 2 threads per core) family 6 model 61 stepping 4, cmov, cx8, fxsr, mmx, sse, sse2, sse3, ssse3, sse4.1, sse4.2, popcnt, avx, avx2, aes, clmul, erms, 3dnowpref, lzcnt, ht, tsc, tscinvbit, bmi1, bmi2, adx

Memory: 4k page, physical 8265004k(2220212k free), swap 12778204k(3495100k free)

vm_info: Java HotSpot(TM) 64-Bit Server VM (25.65-b01) for windows-amd64 JRE (1.8.0_65-b17), built on Oct  6 2015 16:39:20 by "java_re" with MS VC++ 10.0 (VS2010)

time: Fri Dec 11 15:45:43 2020
elapsed time: 3465 seconds (0d 0h 57m 45s)

