2019-10-02 14:20:35,204 [http-nio-8080-exec-9] ERROR j.c.l.cms.controller.LoginController 87 - 日志输出 error
2019-10-02 14:23:10,612 [http-nio-8080-exec-4] ERROR j.c.l.cms.controller.LoginController 87 - 日志输出 error
2019-10-02 15:24:51,829 [http-nio-8080-exec-3] ERROR j.c.l.cms.controller.LoginController 87 - 日志输出 error
2019-10-02 15:28:05,241 [http-nio-8080-exec-6] ERROR j.c.l.cms.controller.LoginController 87 - 日志输出 error
2019-10-02 15:30:46,721 [main] ERROR o.apache.catalina.util.LifecycleBase 175 - Failed to start component [Connector[HTTP/1.1-8080]]
org.apache.catalina.LifecycleException: Protocol handler start failed
	at org.apache.catalina.connector.Connector.startInternal(Connector.java:1008)
	at org.apache.catalina.util.LifecycleBase.start(LifecycleBase.java:183)
	at org.apache.catalina.core.StandardService.addConnector(StandardService.java:227)
	at org.springframework.boot.web.embedded.tomcat.TomcatWebServer.addPreviouslyRemovedConnectors(TomcatWebServer.java:263)
	at org.springframework.boot.web.embedded.tomcat.TomcatWebServer.start(TomcatWebServer.java:195)
	at org.springframework.boot.web.servlet.context.ServletWebServerApplicationContext.startWebServer(ServletWebServerApplicationContext.java:297)
	at org.springframework.boot.web.servlet.context.ServletWebServerApplicationContext.finishRefresh(ServletWebServerApplicationContext.java:163)
	at org.springframework.context.support.AbstractApplicationContext.refresh(AbstractApplicationContext.java:552)
	at org.springframework.boot.web.servlet.context.ServletWebServerApplicationContext.refresh(ServletWebServerApplicationContext.java:141)
	at org.springframework.boot.SpringApplication.refresh(SpringApplication.java:743)
	at org.springframework.boot.SpringApplication.refreshContext(SpringApplication.java:390)
	at org.springframework.boot.SpringApplication.run(SpringApplication.java:312)
	at org.springframework.boot.SpringApplication.run(SpringApplication.java:1214)
	at org.springframework.boot.SpringApplication.run(SpringApplication.java:1203)
	at jp.co.lyc.cms.ApplicationMain.main(ApplicationMain.java:14)
	at sun.reflect.NativeMethodAccessorImpl.invoke0(Native Method)
	at sun.reflect.NativeMethodAccessorImpl.invoke(NativeMethodAccessorImpl.java:62)
	at sun.reflect.DelegatingMethodAccessorImpl.invoke(DelegatingMethodAccessorImpl.java:43)
	at java.lang.reflect.Method.invoke(Method.java:498)
	at org.springframework.boot.maven.AbstractRunMojo$LaunchRunner.run(AbstractRunMojo.java:543)
	at java.lang.Thread.run(Thread.java:748)
Caused by: java.net.BindException: Address already in use: bind
	at sun.nio.ch.Net.bind0(Native Method)
	at sun.nio.ch.Net.bind(Net.java:433)
	at sun.nio.ch.Net.bind(Net.java:425)
	at sun.nio.ch.ServerSocketChannelImpl.bind(ServerSocketChannelImpl.java:223)
	at sun.nio.ch.ServerSocketAdaptor.bind(ServerSocketAdaptor.java:74)
	at org.apache.tomcat.util.net.NioEndpoint.initServerSocket(NioEndpoint.java:230)
	at org.apache.tomcat.util.net.NioEndpoint.bind(NioEndpoint.java:213)
	at org.apache.tomcat.util.net.AbstractEndpoint.bindWithCleanup(AbstractEndpoint.java:1124)
	at org.apache.tomcat.util.net.AbstractEndpoint.start(AbstractEndpoint.java:1210)
	at org.apache.coyote.AbstractProtocol.start(AbstractProtocol.java:585)
	at org.apache.catalina.connector.Connector.startInternal(Connector.java:1005)
	... 20 common frames omitted
2019-10-02 15:30:46,774 [main] ERROR o.s.b.d.LoggingFailureAnalysisReporter 40 - 

***************************
APPLICATION FAILED TO START
***************************

Description:

The Tomcat connector configured to listen on port 8080 failed to start. The port may already be in use or the connector may be misconfigured.

Action:

Verify the connector's configuration, identify and stop any process that's listening on port 8080, or configure this application to listen on another port.

2019-10-02 15:31:52,585 [http-nio-8080-exec-1] ERROR j.c.l.cms.controller.LoginController 87 - 日志输出 error
2019-10-02 15:33:23,491 [http-nio-8080-exec-3] ERROR j.c.l.cms.controller.LoginController 87 - 日志输出 error
2019-10-02 15:35:30,421 [http-nio-8080-exec-8] ERROR j.c.l.cms.controller.LoginController 87 - 日志输出 error
2019-10-02 15:38:39,606 [http-nio-8080-exec-1] ERROR j.c.l.cms.controller.LoginController 87 - 日志输出 error
2019-10-02 15:43:53,555 [http-nio-8080-exec-8] ERROR j.c.l.cms.controller.LoginController 87 - 日志输出 error
2019-10-02 15:46:13,427 [http-nio-8080-exec-7] ERROR j.c.l.cms.controller.LoginController 87 - 日志输出 error
2019-10-02 15:47:14,152 [http-nio-8080-exec-1] ERROR j.c.l.cms.controller.LoginController 87 - 日志输出 error
2019-10-02 16:02:29,671 [http-nio-8080-exec-5] ERROR j.c.l.cms.controller.LoginController 87 - 日志输出 error
2019-10-02 16:05:53,073 [http-nio-8080-exec-3] ERROR j.c.l.cms.controller.LoginController 87 - 日志输出 error
2019-10-02 16:13:53,981 [http-nio-8080-exec-5] ERROR j.c.l.cms.controller.LoginController 87 - 日志输出 error
2019-10-02 16:15:34,129 [http-nio-8080-exec-1] ERROR j.c.l.cms.controller.LoginController 87 - 日志输出 error
2019-10-02 16:15:34,129 [http-nio-8080-exec-2] ERROR j.c.l.cms.controller.LoginController 87 - 日志输出 error
2019-10-02 16:20:16,336 [http-nio-8080-exec-1] ERROR j.c.l.cms.controller.LoginController 87 - 日志输出 error
2019-10-02 16:22:52,152 [http-nio-8080-exec-1] ERROR j.c.l.cms.controller.LoginController 87 - 日志输出 error
2019-10-02 16:29:37,469 [http-nio-8080-exec-8] ERROR j.c.l.cms.controller.LoginController 87 - 日志输出 error
2019-10-02 16:31:03,962 [http-nio-8080-exec-3] ERROR j.c.l.cms.controller.LoginController 87 - 日志输出 error
