2019-09-18 13:37:46,956 [main] INFO  jp.co.lyc.cms.ApplicationMain 50 - Starting ApplicationMain on DESKTOP-GD7FF1R with PID 4092 (C:\E\workspacer\LYC_CMS\target\classes started by admin in C:\E\workspacer\LYC_CMS)
2019-09-18 13:37:46,977 [main] INFO  jp.co.lyc.cms.ApplicationMain 647 - No active profile set, falling back to default profiles: default
2019-09-18 13:37:50,533 [main] INFO  o.s.b.w.e.tomcat.TomcatWebServer 90 - Tomcat initialized with port(s): 8080 (http)
2019-09-18 13:37:50,566 [main] INFO  o.a.coyote.http11.Http11NioProtocol 173 - Initializing ProtocolHandler ["http-nio-8080"]
2019-09-18 13:37:50,596 [main] INFO  o.a.catalina.core.StandardService 173 - Starting service [Tomcat]
2019-09-18 13:37:50,597 [main] INFO  o.a.catalina.core.StandardEngine 173 - Starting Servlet engine: [Apache Tomcat/9.0.22]
2019-09-18 13:37:50,888 [main] INFO  o.a.c.c.C.[Tomcat].[localhost].[/] 173 - Initializing Spring embedded WebApplicationContext
2019-09-18 13:37:50,890 [main] INFO  o.s.web.context.ContextLoader 284 - Root WebApplicationContext: initialization completed in 3795 ms
2019-09-18 13:37:52,459 [main] INFO  o.s.s.c.ThreadPoolTaskExecutor 171 - Initializing ExecutorService 'applicationTaskExecutor'
2019-09-18 13:37:52,677 [main] INFO  o.s.b.a.w.s.WelcomePageHandlerMapping 58 - Adding welcome page template: index
2019-09-18 13:37:53,197 [main] INFO  o.a.coyote.http11.Http11NioProtocol 173 - Starting ProtocolHandler ["http-nio-8080"]
2019-09-18 13:37:53,280 [main] INFO  o.s.b.w.e.tomcat.TomcatWebServer 202 - Tomcat started on port(s): 8080 (http) with context path ''
2019-09-18 13:37:53,287 [main] INFO  jp.co.lyc.cms.ApplicationMain 59 - Started ApplicationMain in 7.9 seconds (JVM running for 28.053)
2019-09-18 13:37:55,417 [http-nio-8080-exec-1] INFO  o.a.c.c.C.[Tomcat].[localhost].[/] 173 - Initializing Spring DispatcherServlet 'dispatcherServlet'
2019-09-18 13:37:55,420 [http-nio-8080-exec-1] INFO  o.s.web.servlet.DispatcherServlet 524 - Initializing Servlet 'dispatcherServlet'
2019-09-18 13:37:55,454 [http-nio-8080-exec-1] INFO  o.s.web.servlet.DispatcherServlet 546 - Completed initialization in 31 ms
2019-09-18 13:38:12,296 [http-nio-8080-exec-9] INFO  j.c.l.cms.controller.LoginController 53 - LoginController.login:登録開始
2019-09-18 13:38:12,350 [http-nio-8080-exec-9] INFO  com.zaxxer.hikari.HikariDataSource 110 - HikariPool-1 - Starting...
2019-09-18 13:38:13,070 [http-nio-8080-exec-9] INFO  com.zaxxer.hikari.HikariDataSource 123 - HikariPool-1 - Start completed.
2019-09-18 13:38:13,237 [http-nio-8080-exec-9] INFO  j.c.l.cms.controller.LoginController 80 - loginController.login:登録開始
2019-09-18 13:38:13,238 [http-nio-8080-exec-9] INFO  j.c.l.cms.controller.LoginController 83 - 日志输出 info
2019-09-18 13:38:13,239 [http-nio-8080-exec-9] WARN  j.c.l.cms.controller.LoginController 84 - 日志输出 warn
2019-09-18 13:38:13,247 [http-nio-8080-exec-9] INFO  j.c.l.cms.controller.LoginController 87 - loginController.login:登録結束
2019-09-18 13:44:19,881 [main] INFO  jp.co.lyc.cms.ApplicationMain 50 - Starting ApplicationMain on DESKTOP-GD7FF1R with PID 2644 (C:\E\workspacer\LYC_CMS\target\classes started by admin in C:\E\workspacer\LYC_CMS)
2019-09-18 13:44:19,890 [main] INFO  jp.co.lyc.cms.ApplicationMain 647 - No active profile set, falling back to default profiles: default
2019-09-18 13:44:23,360 [main] INFO  o.s.b.w.e.tomcat.TomcatWebServer 90 - Tomcat initialized with port(s): 8080 (http)
2019-09-18 13:44:23,396 [main] INFO  o.a.coyote.http11.Http11NioProtocol 173 - Initializing ProtocolHandler ["http-nio-8080"]
2019-09-18 13:44:23,434 [main] INFO  o.a.catalina.core.StandardService 173 - Starting service [Tomcat]
2019-09-18 13:44:23,435 [main] INFO  o.a.catalina.core.StandardEngine 173 - Starting Servlet engine: [Apache Tomcat/9.0.22]
2019-09-18 13:44:23,708 [main] INFO  o.a.c.c.C.[Tomcat].[localhost].[/] 173 - Initializing Spring embedded WebApplicationContext
2019-09-18 13:44:23,709 [main] INFO  o.s.web.context.ContextLoader 284 - Root WebApplicationContext: initialization completed in 3727 ms
2019-09-18 13:44:24,971 [main] INFO  o.s.s.c.ThreadPoolTaskExecutor 171 - Initializing ExecutorService 'applicationTaskExecutor'
2019-09-18 13:44:25,171 [main] INFO  o.s.b.a.w.s.WelcomePageHandlerMapping 58 - Adding welcome page template: index
2019-09-18 13:44:25,623 [main] INFO  o.a.coyote.http11.Http11NioProtocol 173 - Starting ProtocolHandler ["http-nio-8080"]
2019-09-18 13:44:25,702 [main] INFO  o.s.b.w.e.tomcat.TomcatWebServer 202 - Tomcat started on port(s): 8080 (http) with context path ''
2019-09-18 13:44:25,707 [main] INFO  jp.co.lyc.cms.ApplicationMain 59 - Started ApplicationMain in 6.955 seconds (JVM running for 20.358)
2019-09-18 13:44:29,266 [http-nio-8080-exec-1] INFO  o.a.c.c.C.[Tomcat].[localhost].[/] 173 - Initializing Spring DispatcherServlet 'dispatcherServlet'
2019-09-18 13:44:29,268 [http-nio-8080-exec-1] INFO  o.s.web.servlet.DispatcherServlet 524 - Initializing Servlet 'dispatcherServlet'
2019-09-18 13:44:29,289 [http-nio-8080-exec-1] INFO  o.s.web.servlet.DispatcherServlet 546 - Completed initialization in 20 ms
2019-09-18 13:44:37,843 [http-nio-8080-exec-4] INFO  j.c.l.cms.controller.LoginController 53 - LoginController.login:登録開始
2019-09-18 13:44:37,892 [http-nio-8080-exec-4] INFO  com.zaxxer.hikari.HikariDataSource 110 - HikariPool-1 - Starting...
2019-09-18 13:44:38,644 [http-nio-8080-exec-4] INFO  com.zaxxer.hikari.HikariDataSource 123 - HikariPool-1 - Start completed.
2019-09-18 13:44:38,742 [http-nio-8080-exec-4] INFO  j.c.l.cms.controller.LoginController 80 - loginController.login:登録開始
2019-09-18 13:44:38,742 [http-nio-8080-exec-4] INFO  j.c.l.cms.controller.LoginController 83 - 日志输出 info
2019-09-18 13:44:38,743 [http-nio-8080-exec-4] WARN  j.c.l.cms.controller.LoginController 84 - 日志输出 warn
2019-09-18 13:44:38,744 [http-nio-8080-exec-4] INFO  j.c.l.cms.controller.LoginController 87 - loginController.login:登録結束
2019-09-18 13:47:43,681 [http-nio-8080-exec-8] INFO  j.c.l.cms.controller.LoginController 53 - LoginController.login:登録開始
2019-09-18 13:47:43,686 [http-nio-8080-exec-8] INFO  j.c.l.cms.controller.LoginController 80 - loginController.login:登録開始
2019-09-18 13:47:43,688 [http-nio-8080-exec-8] INFO  j.c.l.cms.controller.LoginController 83 - 日志输出 info
2019-09-18 13:47:43,690 [http-nio-8080-exec-8] WARN  j.c.l.cms.controller.LoginController 84 - 日志输出 warn
2019-09-18 13:47:43,692 [http-nio-8080-exec-8] INFO  j.c.l.cms.controller.LoginController 87 - loginController.login:登録結束
2019-09-18 14:20:33,745 [main] INFO  jp.co.lyc.cms.ApplicationMain 50 - Starting ApplicationMain on DESKTOP-GD7FF1R with PID 5408 (C:\E\workspacer\LYC_CMS\target\classes started by admin in C:\E\workspacer\LYC_CMS)
2019-09-18 14:20:33,799 [main] INFO  jp.co.lyc.cms.ApplicationMain 647 - No active profile set, falling back to default profiles: default
2019-09-18 14:20:38,783 [main] INFO  o.s.b.w.e.tomcat.TomcatWebServer 90 - Tomcat initialized with port(s): 8080 (http)
2019-09-18 14:20:38,826 [main] INFO  o.a.coyote.http11.Http11NioProtocol 173 - Initializing ProtocolHandler ["http-nio-8080"]
2019-09-18 14:20:38,871 [main] INFO  o.a.catalina.core.StandardService 173 - Starting service [Tomcat]
2019-09-18 14:20:38,873 [main] INFO  o.a.catalina.core.StandardEngine 173 - Starting Servlet engine: [Apache Tomcat/9.0.22]
2019-09-18 14:20:40,425 [main] INFO  o.a.c.c.C.[Tomcat].[localhost].[/] 173 - Initializing Spring embedded WebApplicationContext
2019-09-18 14:20:40,427 [main] INFO  o.s.web.context.ContextLoader 284 - Root WebApplicationContext: initialization completed in 6412 ms
2019-09-18 14:20:41,726 [main] INFO  o.s.s.c.ThreadPoolTaskExecutor 171 - Initializing ExecutorService 'applicationTaskExecutor'
2019-09-18 14:20:41,963 [main] INFO  o.s.b.a.w.s.WelcomePageHandlerMapping 58 - Adding welcome page template: index
2019-09-18 14:20:42,854 [main] INFO  o.a.coyote.http11.Http11NioProtocol 173 - Starting ProtocolHandler ["http-nio-8080"]
2019-09-18 14:20:42,963 [main] INFO  o.s.b.w.e.tomcat.TomcatWebServer 202 - Tomcat started on port(s): 8080 (http) with context path ''
2019-09-18 14:20:42,971 [main] INFO  jp.co.lyc.cms.ApplicationMain 59 - Started ApplicationMain in 10.741 seconds (JVM running for 38.8)
2019-09-18 14:21:14,349 [http-nio-8080-exec-3] INFO  o.a.c.c.C.[Tomcat].[localhost].[/] 173 - Initializing Spring DispatcherServlet 'dispatcherServlet'
2019-09-18 14:21:14,352 [http-nio-8080-exec-3] INFO  o.s.web.servlet.DispatcherServlet 524 - Initializing Servlet 'dispatcherServlet'
2019-09-18 14:21:14,372 [http-nio-8080-exec-3] INFO  o.s.web.servlet.DispatcherServlet 546 - Completed initialization in 20 ms
2019-09-18 14:21:14,593 [http-nio-8080-exec-3] INFO  j.c.l.cms.controller.LoginController 53 - LoginController.login:登録開始
2019-09-18 14:21:14,646 [http-nio-8080-exec-3] INFO  com.zaxxer.hikari.HikariDataSource 110 - HikariPool-1 - Starting...
2019-09-18 14:21:15,409 [http-nio-8080-exec-3] INFO  com.zaxxer.hikari.HikariDataSource 123 - HikariPool-1 - Start completed.
2019-09-18 14:21:15,555 [http-nio-8080-exec-3] INFO  j.c.l.cms.controller.LoginController 84 - loginController.login:登録開始
2019-09-18 14:21:15,556 [http-nio-8080-exec-3] INFO  j.c.l.cms.controller.LoginController 87 - 日志输出 info
2019-09-18 14:21:15,557 [http-nio-8080-exec-3] WARN  j.c.l.cms.controller.LoginController 88 - 日志输出 warn
2019-09-18 14:21:15,560 [http-nio-8080-exec-3] INFO  j.c.l.cms.controller.LoginController 91 - loginController.login:登録結束
2019-09-18 14:26:35,655 [main] INFO  jp.co.lyc.cms.ApplicationMain 50 - Starting ApplicationMain on DESKTOP-GD7FF1R with PID 8576 (C:\E\workspacer\LYC_CMS\target\classes started by admin in C:\E\workspacer\LYC_CMS)
2019-09-18 14:26:35,661 [main] INFO  jp.co.lyc.cms.ApplicationMain 647 - No active profile set, falling back to default profiles: default
2019-09-18 14:26:38,935 [main] INFO  o.s.b.w.e.tomcat.TomcatWebServer 90 - Tomcat initialized with port(s): 8080 (http)
2019-09-18 14:26:38,964 [main] INFO  o.a.coyote.http11.Http11NioProtocol 173 - Initializing ProtocolHandler ["http-nio-8080"]
2019-09-18 14:26:38,994 [main] INFO  o.a.catalina.core.StandardService 173 - Starting service [Tomcat]
2019-09-18 14:26:39,001 [main] INFO  o.a.catalina.core.StandardEngine 173 - Starting Servlet engine: [Apache Tomcat/9.0.22]
2019-09-18 14:26:39,411 [main] INFO  o.a.c.c.C.[Tomcat].[localhost].[/] 173 - Initializing Spring embedded WebApplicationContext
2019-09-18 14:26:39,414 [main] INFO  o.s.web.context.ContextLoader 284 - Root WebApplicationContext: initialization completed in 3642 ms
2019-09-18 14:26:41,521 [main] INFO  o.s.s.c.ThreadPoolTaskExecutor 171 - Initializing ExecutorService 'applicationTaskExecutor'
2019-09-18 14:26:41,796 [main] INFO  o.s.b.a.w.s.WelcomePageHandlerMapping 58 - Adding welcome page template: index
2019-09-18 14:26:42,409 [main] INFO  o.a.coyote.http11.Http11NioProtocol 173 - Starting ProtocolHandler ["http-nio-8080"]
2019-09-18 14:26:42,532 [main] INFO  o.s.b.w.e.tomcat.TomcatWebServer 202 - Tomcat started on port(s): 8080 (http) with context path ''
2019-09-18 14:26:42,549 [main] INFO  jp.co.lyc.cms.ApplicationMain 59 - Started ApplicationMain in 8.211 seconds (JVM running for 21.534)
2019-09-18 14:26:55,374 [http-nio-8080-exec-3] INFO  o.a.c.c.C.[Tomcat].[localhost].[/] 173 - Initializing Spring DispatcherServlet 'dispatcherServlet'
2019-09-18 14:26:55,376 [http-nio-8080-exec-3] INFO  o.s.web.servlet.DispatcherServlet 524 - Initializing Servlet 'dispatcherServlet'
2019-09-18 14:26:55,394 [http-nio-8080-exec-3] INFO  o.s.web.servlet.DispatcherServlet 546 - Completed initialization in 17 ms
2019-09-18 14:26:55,559 [http-nio-8080-exec-3] INFO  j.c.l.cms.controller.LoginController 53 - LoginController.login:登録開始
2019-09-18 14:26:55,609 [http-nio-8080-exec-3] INFO  com.zaxxer.hikari.HikariDataSource 110 - HikariPool-1 - Starting...
2019-09-18 14:26:56,290 [http-nio-8080-exec-3] INFO  com.zaxxer.hikari.HikariDataSource 123 - HikariPool-1 - Start completed.
2019-09-18 14:26:56,407 [http-nio-8080-exec-3] INFO  j.c.l.cms.controller.LoginController 84 - loginController.login:登録開始
2019-09-18 14:26:56,408 [http-nio-8080-exec-3] INFO  j.c.l.cms.controller.LoginController 87 - 日志输出 info
2019-09-18 14:26:56,411 [http-nio-8080-exec-3] WARN  j.c.l.cms.controller.LoginController 88 - 日志输出 warn
2019-09-18 14:26:56,413 [http-nio-8080-exec-3] INFO  j.c.l.cms.controller.LoginController 91 - loginController.login:登録結束
2019-09-18 14:28:07,688 [http-nio-8080-exec-8] INFO  j.c.l.cms.controller.LoginController 53 - LoginController.login:登録開始
2019-09-18 14:28:07,695 [http-nio-8080-exec-8] INFO  j.c.l.cms.controller.LoginController 84 - loginController.login:登録開始
2019-09-18 14:28:07,696 [http-nio-8080-exec-8] INFO  j.c.l.cms.controller.LoginController 87 - 日志输出 info
2019-09-18 14:28:07,697 [http-nio-8080-exec-8] WARN  j.c.l.cms.controller.LoginController 88 - 日志输出 warn
2019-09-18 14:28:07,699 [http-nio-8080-exec-8] INFO  j.c.l.cms.controller.LoginController 91 - loginController.login:登録結束
2019-09-18 14:28:49,783 [main] INFO  jp.co.lyc.cms.ApplicationMain 50 - Starting ApplicationMain on DESKTOP-GD7FF1R with PID 6680 (C:\E\workspacer\LYC_CMS\target\classes started by admin in C:\E\workspacer\LYC_CMS)
2019-09-18 14:28:49,795 [main] INFO  jp.co.lyc.cms.ApplicationMain 647 - No active profile set, falling back to default profiles: default
2019-09-18 14:28:53,633 [main] INFO  o.s.b.w.e.tomcat.TomcatWebServer 90 - Tomcat initialized with port(s): 8080 (http)
2019-09-18 14:28:53,662 [main] INFO  o.a.coyote.http11.Http11NioProtocol 173 - Initializing ProtocolHandler ["http-nio-8080"]
2019-09-18 14:28:53,691 [main] INFO  o.a.catalina.core.StandardService 173 - Starting service [Tomcat]
2019-09-18 14:28:53,696 [main] INFO  o.a.catalina.core.StandardEngine 173 - Starting Servlet engine: [Apache Tomcat/9.0.22]
2019-09-18 14:28:53,971 [main] INFO  o.a.c.c.C.[Tomcat].[localhost].[/] 173 - Initializing Spring embedded WebApplicationContext
2019-09-18 14:28:53,971 [main] INFO  o.s.web.context.ContextLoader 284 - Root WebApplicationContext: initialization completed in 4051 ms
2019-09-18 14:28:55,112 [main] INFO  o.s.s.c.ThreadPoolTaskExecutor 171 - Initializing ExecutorService 'applicationTaskExecutor'
2019-09-18 14:28:55,287 [main] INFO  o.s.b.a.w.s.WelcomePageHandlerMapping 58 - Adding welcome page template: index
2019-09-18 14:28:55,697 [main] INFO  o.a.coyote.http11.Http11NioProtocol 173 - Starting ProtocolHandler ["http-nio-8080"]
2019-09-18 14:28:55,759 [main] INFO  o.s.b.w.e.tomcat.TomcatWebServer 202 - Tomcat started on port(s): 8080 (http) with context path ''
2019-09-18 14:28:55,768 [main] INFO  jp.co.lyc.cms.ApplicationMain 59 - Started ApplicationMain in 7.43 seconds (JVM running for 16.837)
2019-09-18 14:28:59,937 [http-nio-8080-exec-1] INFO  o.a.c.c.C.[Tomcat].[localhost].[/] 173 - Initializing Spring DispatcherServlet 'dispatcherServlet'
2019-09-18 14:28:59,941 [http-nio-8080-exec-1] INFO  o.s.web.servlet.DispatcherServlet 524 - Initializing Servlet 'dispatcherServlet'
2019-09-18 14:28:59,958 [http-nio-8080-exec-1] INFO  o.s.web.servlet.DispatcherServlet 546 - Completed initialization in 16 ms
2019-09-18 14:29:00,195 [http-nio-8080-exec-1] INFO  j.c.l.cms.controller.LoginController 53 - LoginController.login:登録開始
2019-09-18 14:29:00,282 [http-nio-8080-exec-1] INFO  com.zaxxer.hikari.HikariDataSource 110 - HikariPool-1 - Starting...
2019-09-18 14:29:01,013 [http-nio-8080-exec-1] INFO  com.zaxxer.hikari.HikariDataSource 123 - HikariPool-1 - Start completed.
2019-09-18 14:29:01,142 [http-nio-8080-exec-1] INFO  j.c.l.cms.controller.LoginController 84 - loginController.login:登録開始
2019-09-18 14:29:01,143 [http-nio-8080-exec-1] INFO  j.c.l.cms.controller.LoginController 87 - 日志输出 info
2019-09-18 14:29:01,144 [http-nio-8080-exec-1] WARN  j.c.l.cms.controller.LoginController 88 - 日志输出 warn
2019-09-18 14:29:01,148 [http-nio-8080-exec-1] INFO  j.c.l.cms.controller.LoginController 91 - loginController.login:登録結束
