2020-07-30 12:37:26,156 [main] INFO  jp.co.lyc.cms.ApplicationMain 50 - Starting ApplicationMain on LAPTOP-A94PII7T with PID 1660 (E:\LYC_CMS\target\classes started by Vin.Young in E:\LYC_CMS)
2020-07-30 12:37:26,164 [main] INFO  jp.co.lyc.cms.ApplicationMain 647 - No active profile set, falling back to default profiles: default
2020-07-30 12:37:27,340 [main] INFO  o.s.b.w.e.tomcat.TomcatWebServer 90 - Tomcat initialized with port(s): 8080 (http)
2020-07-30 12:37:27,352 [main] INFO  o.a.coyote.http11.Http11NioProtocol 173 - Initializing ProtocolHandler ["http-nio-8080"]
2020-07-30 12:37:27,360 [main] INFO  o.a.catalina.core.StandardService 173 - Starting service [Tomcat]
2020-07-30 12:37:27,360 [main] INFO  o.a.catalina.core.StandardEngine 173 - Starting Servlet engine: [Apache Tomcat/9.0.22]
2020-07-30 12:37:27,456 [main] INFO  o.a.c.c.C.[Tomcat].[localhost].[/] 173 - Initializing Spring embedded WebApplicationContext
2020-07-30 12:37:27,456 [main] INFO  o.s.web.context.ContextLoader 284 - Root WebApplicationContext: initialization completed in 1252 ms
2020-07-30 12:37:28,039 [main] INFO  o.s.s.c.ThreadPoolTaskExecutor 171 - Initializing ExecutorService 'applicationTaskExecutor'
2020-07-30 12:37:28,303 [main] INFO  o.a.coyote.http11.Http11NioProtocol 173 - Starting ProtocolHandler ["http-nio-8080"]
2020-07-30 12:37:28,327 [main] INFO  o.s.b.w.e.tomcat.TomcatWebServer 202 - Tomcat started on port(s): 8080 (http) with context path ''
2020-07-30 12:37:28,335 [main] INFO  jp.co.lyc.cms.ApplicationMain 59 - Started ApplicationMain in 2.771 seconds (JVM running for 4.602)
2020-07-30 23:55:45,017 [http-nio-8080-exec-1] INFO  o.a.c.c.C.[Tomcat].[localhost].[/] 173 - Initializing Spring DispatcherServlet 'dispatcherServlet'
2020-07-30 23:55:45,018 [http-nio-8080-exec-1] INFO  o.s.web.servlet.DispatcherServlet 524 - Initializing Servlet 'dispatcherServlet'
2020-07-30 23:55:45,029 [http-nio-8080-exec-1] INFO  o.s.web.servlet.DispatcherServlet 546 - Completed initialization in 11 ms
2020-07-30 23:55:45,142 [http-nio-8080-exec-2] INFO  j.c.l.cms.controller.LoginController 49 - LoginController.login:登録開始
2020-07-30 23:55:45,159 [http-nio-8080-exec-2] INFO  com.zaxxer.hikari.HikariDataSource 110 - HikariPool-1 - Starting...
2020-07-30 23:55:47,855 [http-nio-8080-exec-2] INFO  com.zaxxer.hikari.HikariDataSource 123 - HikariPool-1 - Start completed.
2020-07-30 23:55:47,863 [http-nio-8080-exec-2] DEBUG j.c.l.c.m.E.getEmployeeModel 143 - ==>  Preparing: SELECT a.employeeNo, a.employeeFristName, a.employeeLastName, a.authorityCode, b.authorityProperty FROM employee a LEFT JOIN authority_master b ON a.authorityCode = b.authorityCode LEFT JOIN employee_detail c ON a.employeeNo = c.employeeNo WHERE a. PASSWORD = ? AND a.employeeNo = ? 
2020-07-30 23:55:47,884 [http-nio-8080-exec-2] DEBUG j.c.l.c.m.E.getEmployeeModel 143 - ==> Parameters: 1(String), LYC001(String)
2020-07-30 23:55:48,117 [http-nio-8080-exec-2] DEBUG j.c.l.c.m.E.getEmployeeModel 143 - <==      Total: 1
2020-07-30 23:58:32,075 [http-nio-8080-exec-5] INFO  j.c.l.c.c.CustomerInfoController 35 - CustomerInfoController.onloadPage:页面加载開始
2020-07-30 23:58:32,280 [http-nio-8080-exec-5] DEBUG j.c.l.c.m.C.selectCustomerRanking 143 - ==>  Preparing: SELECT CAST(customerRankingCode AS char) AS customerRankingCode, customerRankingName FROM customer_ranking_master 
2020-07-30 23:58:32,280 [http-nio-8080-exec-5] DEBUG j.c.l.c.m.C.selectCustomerRanking 143 - ==> Parameters: 
2020-07-30 23:58:32,484 [http-nio-8080-exec-5] DEBUG j.c.l.c.m.C.selectCustomerRanking 143 - <==      Total: 5
2020-07-30 23:58:32,485 [http-nio-8080-exec-5] DEBUG j.c.l.c.m.C.selectCompanyNature 143 - ==>  Preparing: SELECT CAST(companyNatureCode AS char) AS companyNatureCode, companyNatureName FROM company_nature_master 
2020-07-30 23:58:32,485 [http-nio-8080-exec-5] DEBUG j.c.l.c.m.C.selectCompanyNature 143 - ==> Parameters: 
2020-07-30 23:58:32,690 [http-nio-8080-exec-5] DEBUG j.c.l.c.m.C.selectCompanyNature 143 - <==      Total: 4
