2020-06-08 14:31:06,366 [main] INFO  jp.co.lyc.cms.ApplicationMain 50 - Starting ApplicationMain on LAPTOP-A94PII7T with PID 12548 (E:\LYC_CMS\target\classes started by Vin.Young in E:\LYC_CMS)
2020-06-08 14:31:06,369 [main] INFO  jp.co.lyc.cms.ApplicationMain 647 - No active profile set, falling back to default profiles: default
2020-06-08 14:31:07,325 [main] INFO  o.s.b.w.e.tomcat.TomcatWebServer 90 - Tomcat initialized with port(s): 8080 (http)
2020-06-08 14:31:07,335 [main] INFO  o.a.coyote.http11.Http11NioProtocol 173 - Initializing ProtocolHandler ["http-nio-8080"]
2020-06-08 14:31:07,341 [main] INFO  o.a.catalina.core.StandardService 173 - Starting service [Tomcat]
2020-06-08 14:31:07,342 [main] INFO  o.a.catalina.core.StandardEngine 173 - Starting Servlet engine: [Apache Tomcat/9.0.22]
2020-06-08 14:31:07,409 [main] INFO  o.a.c.c.C.[Tomcat].[localhost].[/] 173 - Initializing Spring embedded WebApplicationContext
2020-06-08 14:31:07,410 [main] INFO  o.s.web.context.ContextLoader 284 - Root WebApplicationContext: initialization completed in 1012 ms
2020-06-08 14:31:07,772 [main] INFO  o.s.s.c.ThreadPoolTaskExecutor 171 - Initializing ExecutorService 'applicationTaskExecutor'
2020-06-08 14:31:07,812 [main] INFO  o.s.b.a.w.s.WelcomePageHandlerMapping 58 - Adding welcome page template: index
2020-06-08 14:31:07,937 [main] INFO  o.a.coyote.http11.Http11NioProtocol 173 - Starting ProtocolHandler ["http-nio-8080"]
2020-06-08 14:31:07,958 [main] INFO  o.s.b.w.e.tomcat.TomcatWebServer 202 - Tomcat started on port(s): 8080 (http) with context path ''
2020-06-08 14:31:07,960 [main] INFO  jp.co.lyc.cms.ApplicationMain 59 - Started ApplicationMain in 1.965 seconds (JVM running for 3.156)
2020-06-08 14:31:48,238 [http-nio-8080-exec-1] INFO  o.a.c.c.C.[Tomcat].[localhost].[/] 173 - Initializing Spring DispatcherServlet 'dispatcherServlet'
2020-06-08 14:31:48,238 [http-nio-8080-exec-1] INFO  o.s.web.servlet.DispatcherServlet 524 - Initializing Servlet 'dispatcherServlet'
2020-06-08 14:31:48,243 [http-nio-8080-exec-1] INFO  o.s.web.servlet.DispatcherServlet 546 - Completed initialization in 5 ms
2020-06-08 14:32:20,810 [http-nio-8080-exec-5] INFO  o.a.tomcat.util.http.parser.Cookie 173 - A cookie header was received [:0.9994016977300124:=http:] that contained an invalid cookie. That cookie will be ignored.
 Note: further occurrences of this error will be logged at DEBUG level.
2020-06-08 14:34:18,891 [RMI TCP Connection(2)-127.0.0.1] INFO  o.s.b.a.SpringApplicationAdminMXBeanRegistrar$SpringApplicationAdmin 159 - Application shutdown requested.
2020-06-08 14:34:18,894 [RMI TCP Connection(2)-127.0.0.1] INFO  o.s.s.c.ThreadPoolTaskExecutor 208 - Shutting down ExecutorService 'applicationTaskExecutor'
2020-06-08 14:36:46,134 [main] INFO  jp.co.lyc.cms.ApplicationMain 50 - Starting ApplicationMain on LAPTOP-A94PII7T with PID 13932 (E:\LYC_CMS\target\classes started by Vin.Young in E:\LYC_CMS)
2020-06-08 14:36:46,137 [main] INFO  jp.co.lyc.cms.ApplicationMain 647 - No active profile set, falling back to default profiles: default
2020-06-08 14:36:47,278 [main] INFO  o.s.b.w.e.tomcat.TomcatWebServer 90 - Tomcat initialized with port(s): 8080 (http)
2020-06-08 14:36:47,291 [main] INFO  o.a.coyote.http11.Http11NioProtocol 173 - Initializing ProtocolHandler ["http-nio-8080"]
2020-06-08 14:36:47,301 [main] INFO  o.a.catalina.core.StandardService 173 - Starting service [Tomcat]
2020-06-08 14:36:47,302 [main] INFO  o.a.catalina.core.StandardEngine 173 - Starting Servlet engine: [Apache Tomcat/9.0.22]
2020-06-08 14:36:47,396 [main] INFO  o.a.c.c.C.[Tomcat].[localhost].[/] 173 - Initializing Spring embedded WebApplicationContext
2020-06-08 14:36:47,396 [main] INFO  o.s.web.context.ContextLoader 284 - Root WebApplicationContext: initialization completed in 1214 ms
2020-06-08 14:36:47,880 [main] INFO  o.s.s.c.ThreadPoolTaskExecutor 171 - Initializing ExecutorService 'applicationTaskExecutor'
2020-06-08 14:36:47,934 [main] INFO  o.s.b.a.w.s.WelcomePageHandlerMapping 58 - Adding welcome page template: index
2020-06-08 14:36:48,106 [main] INFO  o.a.coyote.http11.Http11NioProtocol 173 - Starting ProtocolHandler ["http-nio-8080"]
2020-06-08 14:36:48,132 [main] INFO  o.s.b.w.e.tomcat.TomcatWebServer 202 - Tomcat started on port(s): 8080 (http) with context path ''
2020-06-08 14:36:48,135 [main] INFO  jp.co.lyc.cms.ApplicationMain 59 - Started ApplicationMain in 2.466 seconds (JVM running for 3.666)
2020-06-08 14:37:24,307 [http-nio-8080-exec-3] INFO  o.a.tomcat.util.http.parser.Cookie 173 - A cookie header was received [:0.07820793168769291:=http:] that contained an invalid cookie. That cookie will be ignored.
 Note: further occurrences of this error will be logged at DEBUG level.
2020-06-08 14:37:24,314 [http-nio-8080-exec-3] INFO  o.a.c.c.C.[Tomcat].[localhost].[/] 173 - Initializing Spring DispatcherServlet 'dispatcherServlet'
2020-06-08 14:37:24,314 [http-nio-8080-exec-3] INFO  o.s.web.servlet.DispatcherServlet 524 - Initializing Servlet 'dispatcherServlet'
2020-06-08 14:37:24,320 [http-nio-8080-exec-3] INFO  o.s.web.servlet.DispatcherServlet 546 - Completed initialization in 6 ms
2020-06-08 14:37:24,401 [http-nio-8080-exec-3] INFO  j.c.l.cms.controller.LoginController 56 - LoginController.login:登録開始
2020-06-08 14:37:24,420 [http-nio-8080-exec-3] INFO  com.zaxxer.hikari.HikariDataSource 110 - HikariPool-1 - Starting...
2020-06-08 14:37:25,447 [http-nio-8080-exec-3] INFO  com.zaxxer.hikari.HikariDataSource 123 - HikariPool-1 - Start completed.
2020-06-08 14:37:25,505 [http-nio-8080-exec-3] INFO  j.c.l.cms.controller.LoginController 88 - loginController.login:登録開始
2020-06-08 14:37:25,506 [http-nio-8080-exec-3] INFO  j.c.l.cms.controller.LoginController 91 - 日志输出 info
2020-06-08 14:37:25,506 [http-nio-8080-exec-3] WARN  j.c.l.cms.controller.LoginController 92 - 日志输出 warn
2020-06-08 14:37:25,509 [http-nio-8080-exec-3] INFO  j.c.l.cms.controller.LoginController 95 - loginController.login:登録結束
2020-06-08 14:40:54,620 [http-nio-8080-exec-10] INFO  j.c.l.c.c.GetEmployeeInfoController 36 - GetEmployeeInfoController.getEmployeeInfo:検索開始
2020-06-08 14:40:54,701 [http-nio-8080-exec-10] INFO  j.c.l.c.c.GetEmployeeInfoController 155 - GetEmployeeInfoController.getEmployeeInfo:検索結束
2020-06-08 14:40:55,799 [http-nio-8080-exec-1] INFO  j.c.l.c.c.GetEmployeeInfoController 36 - GetEmployeeInfoController.getEmployeeInfo:検索開始
2020-06-08 14:40:55,803 [http-nio-8080-exec-1] INFO  j.c.l.c.c.GetEmployeeInfoController 155 - GetEmployeeInfoController.getEmployeeInfo:検索結束
2020-06-08 14:41:15,929 [http-nio-8080-exec-2] INFO  j.c.l.cms.controller.LoginController 56 - LoginController.login:登録開始
2020-06-08 14:41:15,932 [http-nio-8080-exec-2] INFO  j.c.l.cms.controller.LoginController 88 - loginController.login:登録開始
2020-06-08 14:41:15,932 [http-nio-8080-exec-2] INFO  j.c.l.cms.controller.LoginController 91 - 日志输出 info
2020-06-08 14:41:15,933 [http-nio-8080-exec-2] WARN  j.c.l.cms.controller.LoginController 92 - 日志输出 warn
2020-06-08 14:41:15,934 [http-nio-8080-exec-2] INFO  j.c.l.cms.controller.LoginController 95 - loginController.login:登録結束
2020-06-08 14:51:26,695 [http-nio-8080-exec-6] INFO  j.c.l.cms.controller.LoginController 56 - LoginController.login:登録開始
2020-06-08 14:51:26,699 [http-nio-8080-exec-6] INFO  j.c.l.cms.controller.LoginController 88 - loginController.login:登録開始
2020-06-08 14:51:26,700 [http-nio-8080-exec-6] INFO  j.c.l.cms.controller.LoginController 91 - 日志输出 info
2020-06-08 14:51:26,701 [http-nio-8080-exec-6] WARN  j.c.l.cms.controller.LoginController 92 - 日志输出 warn
2020-06-08 14:51:26,701 [http-nio-8080-exec-6] INFO  j.c.l.cms.controller.LoginController 95 - loginController.login:登録結束
2020-06-08 14:51:31,106 [RMI TCP Connection(2)-127.0.0.1] INFO  o.s.b.a.SpringApplicationAdminMXBeanRegistrar$SpringApplicationAdmin 159 - Application shutdown requested.
2020-06-08 14:51:31,108 [RMI TCP Connection(2)-127.0.0.1] INFO  o.s.s.c.ThreadPoolTaskExecutor 208 - Shutting down ExecutorService 'applicationTaskExecutor'
2020-06-08 14:51:31,109 [RMI TCP Connection(2)-127.0.0.1] INFO  com.zaxxer.hikari.HikariDataSource 350 - HikariPool-1 - Shutdown initiated...
2020-06-08 14:51:31,129 [RMI TCP Connection(2)-127.0.0.1] INFO  com.zaxxer.hikari.HikariDataSource 352 - HikariPool-1 - Shutdown completed.
2020-06-08 14:51:39,132 [main] INFO  jp.co.lyc.cms.ApplicationMain 50 - Starting ApplicationMain on LAPTOP-A94PII7T with PID 9724 (E:\LYC_CMS\target\classes started by Vin.Young in E:\LYC_CMS)
2020-06-08 14:51:39,138 [main] INFO  jp.co.lyc.cms.ApplicationMain 647 - No active profile set, falling back to default profiles: default
2020-06-08 14:51:40,325 [main] INFO  o.s.b.w.e.tomcat.TomcatWebServer 90 - Tomcat initialized with port(s): 8080 (http)
2020-06-08 14:51:40,339 [main] INFO  o.a.coyote.http11.Http11NioProtocol 173 - Initializing ProtocolHandler ["http-nio-8080"]
2020-06-08 14:51:40,346 [main] INFO  o.a.catalina.core.StandardService 173 - Starting service [Tomcat]
2020-06-08 14:51:40,347 [main] INFO  o.a.catalina.core.StandardEngine 173 - Starting Servlet engine: [Apache Tomcat/9.0.22]
2020-06-08 14:51:40,443 [main] INFO  o.a.c.c.C.[Tomcat].[localhost].[/] 173 - Initializing Spring embedded WebApplicationContext
2020-06-08 14:51:40,443 [main] INFO  o.s.web.context.ContextLoader 284 - Root WebApplicationContext: initialization completed in 1220 ms
2020-06-08 14:51:47,983 [main] INFO  o.s.s.c.ThreadPoolTaskExecutor 171 - Initializing ExecutorService 'applicationTaskExecutor'
2020-06-08 14:51:48,044 [main] INFO  o.s.b.a.w.s.WelcomePageHandlerMapping 58 - Adding welcome page template: index
2020-06-08 14:51:48,227 [main] INFO  o.a.coyote.http11.Http11NioProtocol 173 - Starting ProtocolHandler ["http-nio-8080"]
2020-06-08 14:51:48,253 [main] INFO  o.s.b.w.e.tomcat.TomcatWebServer 202 - Tomcat started on port(s): 8080 (http) with context path ''
2020-06-08 14:51:48,258 [main] INFO  jp.co.lyc.cms.ApplicationMain 59 - Started ApplicationMain in 9.633 seconds (JVM running for 11.159)
2020-06-08 14:51:52,399 [http-nio-8080-exec-2] INFO  o.a.tomcat.util.http.parser.Cookie 173 - A cookie header was received [:0.07820793168769291:=http:] that contained an invalid cookie. That cookie will be ignored.
 Note: further occurrences of this error will be logged at DEBUG level.
2020-06-08 14:51:52,407 [http-nio-8080-exec-2] INFO  o.a.c.c.C.[Tomcat].[localhost].[/] 173 - Initializing Spring DispatcherServlet 'dispatcherServlet'
2020-06-08 14:51:52,407 [http-nio-8080-exec-2] INFO  o.s.web.servlet.DispatcherServlet 524 - Initializing Servlet 'dispatcherServlet'
2020-06-08 14:51:52,415 [http-nio-8080-exec-2] INFO  o.s.web.servlet.DispatcherServlet 546 - Completed initialization in 8 ms
2020-06-08 14:52:05,215 [http-nio-8080-exec-5] INFO  j.c.l.cms.controller.LoginController 56 - LoginController.login:登録開始
2020-06-08 14:52:05,247 [http-nio-8080-exec-5] INFO  com.zaxxer.hikari.HikariDataSource 110 - HikariPool-1 - Starting...
2020-06-08 14:52:06,370 [http-nio-8080-exec-5] INFO  com.zaxxer.hikari.HikariDataSource 123 - HikariPool-1 - Start completed.
2020-06-08 14:52:06,424 [http-nio-8080-exec-5] INFO  j.c.l.cms.controller.LoginController 88 - loginController.login:登録開始
2020-06-08 14:52:06,425 [http-nio-8080-exec-5] INFO  j.c.l.cms.controller.LoginController 91 - 日志输出 info
2020-06-08 14:52:06,425 [http-nio-8080-exec-5] WARN  j.c.l.cms.controller.LoginController 92 - 日志输出 warn
2020-06-08 14:52:06,425 [http-nio-8080-exec-5] INFO  j.c.l.cms.controller.LoginController 95 - loginController.login:登録結束
2020-06-08 14:58:04,957 [http-nio-8080-exec-9] INFO  j.c.l.cms.controller.LoginController 56 - LoginController.login:登録開始
2020-06-08 14:58:04,964 [http-nio-8080-exec-9] INFO  j.c.l.cms.controller.LoginController 88 - loginController.login:登録開始
2020-06-08 14:58:04,964 [http-nio-8080-exec-9] INFO  j.c.l.cms.controller.LoginController 91 - 日志输出 info
2020-06-08 14:58:04,965 [http-nio-8080-exec-9] WARN  j.c.l.cms.controller.LoginController 92 - 日志输出 warn
2020-06-08 14:58:04,965 [http-nio-8080-exec-9] INFO  j.c.l.cms.controller.LoginController 95 - loginController.login:登録結束
2020-06-08 14:58:24,665 [http-nio-8080-exec-2] INFO  j.c.l.cms.controller.LoginController 56 - LoginController.login:登録開始
2020-06-08 14:58:24,668 [http-nio-8080-exec-2] INFO  j.c.l.cms.controller.LoginController 88 - loginController.login:登録開始
2020-06-08 14:58:24,669 [http-nio-8080-exec-2] INFO  j.c.l.cms.controller.LoginController 91 - 日志输出 info
2020-06-08 14:58:24,669 [http-nio-8080-exec-2] WARN  j.c.l.cms.controller.LoginController 92 - 日志输出 warn
2020-06-08 14:58:24,669 [http-nio-8080-exec-2] INFO  j.c.l.cms.controller.LoginController 95 - loginController.login:登録結束
2020-06-08 14:58:35,482 [http-nio-8080-exec-4] INFO  j.c.l.cms.controller.LoginController 56 - LoginController.login:登録開始
2020-06-08 14:58:35,486 [http-nio-8080-exec-4] INFO  j.c.l.cms.controller.LoginController 88 - loginController.login:登録開始
2020-06-08 14:58:35,487 [http-nio-8080-exec-4] INFO  j.c.l.cms.controller.LoginController 91 - 日志输出 info
2020-06-08 14:58:35,487 [http-nio-8080-exec-4] WARN  j.c.l.cms.controller.LoginController 92 - 日志输出 warn
2020-06-08 14:58:35,490 [http-nio-8080-exec-4] INFO  j.c.l.cms.controller.LoginController 95 - loginController.login:登録結束
2020-06-08 16:25:39,475 [http-nio-8080-exec-8] INFO  j.c.l.cms.controller.LoginController 56 - LoginController.login:登録開始
2020-06-08 16:25:39,478 [http-nio-8080-exec-8] INFO  j.c.l.cms.controller.LoginController 88 - loginController.login:登録開始
2020-06-08 16:25:39,478 [http-nio-8080-exec-8] INFO  j.c.l.cms.controller.LoginController 91 - 日志输出 info
2020-06-08 16:25:39,478 [http-nio-8080-exec-8] WARN  j.c.l.cms.controller.LoginController 92 - 日志输出 warn
2020-06-08 16:25:39,479 [http-nio-8080-exec-8] INFO  j.c.l.cms.controller.LoginController 95 - loginController.login:登録結束
2020-06-08 16:25:42,023 [http-nio-8080-exec-1] INFO  j.c.l.cms.controller.LoginController 56 - LoginController.login:登録開始
2020-06-08 16:25:42,026 [http-nio-8080-exec-1] INFO  j.c.l.cms.controller.LoginController 88 - loginController.login:登録開始
2020-06-08 16:25:42,026 [http-nio-8080-exec-1] INFO  j.c.l.cms.controller.LoginController 91 - 日志输出 info
2020-06-08 16:25:42,026 [http-nio-8080-exec-1] WARN  j.c.l.cms.controller.LoginController 92 - 日志输出 warn
2020-06-08 16:25:42,026 [http-nio-8080-exec-1] INFO  j.c.l.cms.controller.LoginController 95 - loginController.login:登録結束
2020-06-08 16:26:11,348 [main] INFO  jp.co.lyc.cms.ApplicationMain 50 - Starting ApplicationMain on LAPTOP-A94PII7T with PID 1828 (E:\LYC_CMS\target\classes started by Vin.Young in E:\LYC_CMS)
2020-06-08 16:26:11,352 [main] INFO  jp.co.lyc.cms.ApplicationMain 647 - No active profile set, falling back to default profiles: default
2020-06-08 16:26:12,328 [main] INFO  o.s.b.w.e.tomcat.TomcatWebServer 90 - Tomcat initialized with port(s): 8080 (http)
2020-06-08 16:26:12,340 [main] INFO  o.a.coyote.http11.Http11NioProtocol 173 - Initializing ProtocolHandler ["http-nio-8080"]
2020-06-08 16:26:12,346 [main] INFO  o.a.catalina.core.StandardService 173 - Starting service [Tomcat]
2020-06-08 16:26:12,346 [main] INFO  o.a.catalina.core.StandardEngine 173 - Starting Servlet engine: [Apache Tomcat/9.0.22]
2020-06-08 16:26:12,429 [main] INFO  o.a.c.c.C.[Tomcat].[localhost].[/] 173 - Initializing Spring embedded WebApplicationContext
2020-06-08 16:26:12,429 [main] INFO  o.s.web.context.ContextLoader 284 - Root WebApplicationContext: initialization completed in 1015 ms
2020-06-08 16:26:12,838 [main] INFO  o.s.s.c.ThreadPoolTaskExecutor 171 - Initializing ExecutorService 'applicationTaskExecutor'
2020-06-08 16:26:12,890 [main] INFO  o.s.b.a.w.s.WelcomePageHandlerMapping 58 - Adding welcome page template: index
2020-06-08 16:26:13,036 [main] INFO  o.a.coyote.http11.Http11NioProtocol 173 - Starting ProtocolHandler ["http-nio-8080"]
2020-06-08 16:26:13,058 [main] INFO  o.s.b.w.e.tomcat.TomcatWebServer 202 - Tomcat started on port(s): 8080 (http) with context path ''
2020-06-08 16:26:13,063 [main] INFO  jp.co.lyc.cms.ApplicationMain 59 - Started ApplicationMain in 2.109 seconds (JVM running for 3.342)
2020-06-08 16:26:23,804 [http-nio-8080-exec-1] INFO  o.a.tomcat.util.http.parser.Cookie 173 - A cookie header was received [:0.07820793168769291:=http:] that contained an invalid cookie. That cookie will be ignored.
 Note: further occurrences of this error will be logged at DEBUG level.
2020-06-08 16:26:23,811 [http-nio-8080-exec-1] INFO  o.a.c.c.C.[Tomcat].[localhost].[/] 173 - Initializing Spring DispatcherServlet 'dispatcherServlet'
2020-06-08 16:26:23,811 [http-nio-8080-exec-1] INFO  o.s.web.servlet.DispatcherServlet 524 - Initializing Servlet 'dispatcherServlet'
2020-06-08 16:26:23,818 [http-nio-8080-exec-1] INFO  o.s.web.servlet.DispatcherServlet 546 - Completed initialization in 7 ms
2020-06-08 16:26:23,893 [http-nio-8080-exec-1] INFO  j.c.l.cms.controller.LoginController 56 - LoginController.login:登録開始
2020-06-08 16:26:23,917 [http-nio-8080-exec-1] INFO  com.zaxxer.hikari.HikariDataSource 110 - HikariPool-1 - Starting...
2020-06-08 16:26:24,838 [http-nio-8080-exec-1] INFO  com.zaxxer.hikari.HikariDataSource 123 - HikariPool-1 - Start completed.
2020-06-08 16:26:24,880 [http-nio-8080-exec-1] INFO  j.c.l.cms.controller.LoginController 88 - loginController.login:登録開始
2020-06-08 16:26:24,881 [http-nio-8080-exec-1] INFO  j.c.l.cms.controller.LoginController 91 - 日志输出 info
2020-06-08 16:26:24,881 [http-nio-8080-exec-1] WARN  j.c.l.cms.controller.LoginController 92 - 日志输出 warn
2020-06-08 16:26:24,881 [http-nio-8080-exec-1] INFO  j.c.l.cms.controller.LoginController 95 - loginController.login:登録結束
2020-06-08 16:27:30,428 [main] INFO  jp.co.lyc.cms.ApplicationMain 50 - Starting ApplicationMain on LAPTOP-A94PII7T with PID 13600 (E:\LYC_CMS\target\classes started by Vin.Young in E:\LYC_CMS)
2020-06-08 16:27:30,432 [main] INFO  jp.co.lyc.cms.ApplicationMain 647 - No active profile set, falling back to default profiles: default
2020-06-08 16:27:31,398 [main] INFO  o.s.b.w.e.tomcat.TomcatWebServer 90 - Tomcat initialized with port(s): 8080 (http)
2020-06-08 16:27:31,410 [main] INFO  o.a.coyote.http11.Http11NioProtocol 173 - Initializing ProtocolHandler ["http-nio-8080"]
2020-06-08 16:27:31,416 [main] INFO  o.a.catalina.core.StandardService 173 - Starting service [Tomcat]
2020-06-08 16:27:31,416 [main] INFO  o.a.catalina.core.StandardEngine 173 - Starting Servlet engine: [Apache Tomcat/9.0.22]
2020-06-08 16:27:31,498 [main] INFO  o.a.c.c.C.[Tomcat].[localhost].[/] 173 - Initializing Spring embedded WebApplicationContext
2020-06-08 16:27:31,498 [main] INFO  o.s.web.context.ContextLoader 284 - Root WebApplicationContext: initialization completed in 1006 ms
2020-06-08 16:27:31,913 [main] INFO  o.s.s.c.ThreadPoolTaskExecutor 171 - Initializing ExecutorService 'applicationTaskExecutor'
2020-06-08 16:27:31,966 [main] INFO  o.s.b.a.w.s.WelcomePageHandlerMapping 58 - Adding welcome page template: index
2020-06-08 16:27:32,111 [main] INFO  o.a.coyote.http11.Http11NioProtocol 173 - Starting ProtocolHandler ["http-nio-8080"]
2020-06-08 16:27:32,131 [main] INFO  o.s.b.w.e.tomcat.TomcatWebServer 202 - Tomcat started on port(s): 8080 (http) with context path ''
2020-06-08 16:27:32,134 [main] INFO  jp.co.lyc.cms.ApplicationMain 59 - Started ApplicationMain in 2.106 seconds (JVM running for 3.304)
2020-06-08 16:27:39,406 [http-nio-8080-exec-2] INFO  o.a.tomcat.util.http.parser.Cookie 173 - A cookie header was received [:0.07820793168769291:=http:; JSESSIONID=4AC4920182CEBE3767E4C40BB0CB0DC8] that contained an invalid cookie. That cookie will be ignored.
 Note: further occurrences of this error will be logged at DEBUG level.
2020-06-08 16:27:39,413 [http-nio-8080-exec-2] INFO  o.a.c.c.C.[Tomcat].[localhost].[/] 173 - Initializing Spring DispatcherServlet 'dispatcherServlet'
2020-06-08 16:27:39,413 [http-nio-8080-exec-2] INFO  o.s.web.servlet.DispatcherServlet 524 - Initializing Servlet 'dispatcherServlet'
2020-06-08 16:27:39,420 [http-nio-8080-exec-2] INFO  o.s.web.servlet.DispatcherServlet 546 - Completed initialization in 7 ms
2020-06-08 16:27:39,480 [http-nio-8080-exec-2] INFO  j.c.l.cms.controller.LoginController 56 - LoginController.login:登録開始
2020-06-08 16:27:39,499 [http-nio-8080-exec-2] INFO  com.zaxxer.hikari.HikariDataSource 110 - HikariPool-1 - Starting...
2020-06-08 16:27:40,470 [http-nio-8080-exec-2] INFO  com.zaxxer.hikari.HikariDataSource 123 - HikariPool-1 - Start completed.
2020-06-08 16:27:40,516 [http-nio-8080-exec-2] INFO  j.c.l.cms.controller.LoginController 88 - loginController.login:登録開始
2020-06-08 16:27:40,516 [http-nio-8080-exec-2] INFO  j.c.l.cms.controller.LoginController 91 - 日志输出 info
2020-06-08 16:27:40,516 [http-nio-8080-exec-2] WARN  j.c.l.cms.controller.LoginController 92 - 日志输出 warn
2020-06-08 16:27:40,517 [http-nio-8080-exec-2] INFO  j.c.l.cms.controller.LoginController 95 - loginController.login:登録結束
2020-06-08 16:42:12,278 [main] INFO  jp.co.lyc.cms.ApplicationMain 50 - Starting ApplicationMain on LAPTOP-A94PII7T with PID 15468 (E:\LYC_CMS\target\classes started by Vin.Young in E:\LYC_CMS)
2020-06-08 16:42:12,280 [main] INFO  jp.co.lyc.cms.ApplicationMain 647 - No active profile set, falling back to default profiles: default
2020-06-08 16:42:13,030 [main] INFO  o.s.b.w.e.tomcat.TomcatWebServer 90 - Tomcat initialized with port(s): 8080 (http)
2020-06-08 16:42:13,039 [main] INFO  o.a.coyote.http11.Http11NioProtocol 173 - Initializing ProtocolHandler ["http-nio-8080"]
2020-06-08 16:42:13,045 [main] INFO  o.a.catalina.core.StandardService 173 - Starting service [Tomcat]
2020-06-08 16:42:13,045 [main] INFO  o.a.catalina.core.StandardEngine 173 - Starting Servlet engine: [Apache Tomcat/9.0.22]
2020-06-08 16:42:13,112 [main] INFO  o.a.c.c.C.[Tomcat].[localhost].[/] 173 - Initializing Spring embedded WebApplicationContext
2020-06-08 16:42:13,113 [main] INFO  o.s.web.context.ContextLoader 284 - Root WebApplicationContext: initialization completed in 799 ms
2020-06-08 16:42:13,449 [main] INFO  o.s.s.c.ThreadPoolTaskExecutor 171 - Initializing ExecutorService 'applicationTaskExecutor'
2020-06-08 16:42:13,488 [main] INFO  o.s.b.a.w.s.WelcomePageHandlerMapping 58 - Adding welcome page template: index
2020-06-08 16:42:13,600 [main] INFO  o.a.coyote.http11.Http11NioProtocol 173 - Starting ProtocolHandler ["http-nio-8080"]
2020-06-08 16:42:13,615 [main] INFO  o.s.b.w.e.tomcat.TomcatWebServer 202 - Tomcat started on port(s): 8080 (http) with context path ''
2020-06-08 16:42:13,617 [main] INFO  jp.co.lyc.cms.ApplicationMain 59 - Started ApplicationMain in 1.625 seconds (JVM running for 2.641)
2020-06-08 16:42:17,067 [http-nio-8080-exec-1] INFO  o.a.c.c.C.[Tomcat].[localhost].[/] 173 - Initializing Spring DispatcherServlet 'dispatcherServlet'
2020-06-08 16:42:17,067 [http-nio-8080-exec-1] INFO  o.s.web.servlet.DispatcherServlet 524 - Initializing Servlet 'dispatcherServlet'
2020-06-08 16:42:17,073 [http-nio-8080-exec-1] INFO  o.s.web.servlet.DispatcherServlet 546 - Completed initialization in 6 ms
2020-06-08 16:42:17,087 [http-nio-8080-exec-1] WARN  o.s.w.s.m.s.DefaultHandlerExceptionResolver 198 - Resolved [org.springframework.web.HttpRequestMethodNotSupportedException: Request method 'GET' not supported]
2020-06-08 16:42:54,559 [http-nio-8080-exec-3] INFO  o.a.tomcat.util.http.parser.Cookie 173 - A cookie header was received [:0.07820793168769291:=http:] that contained an invalid cookie. That cookie will be ignored.
 Note: further occurrences of this error will be logged at DEBUG level.
2020-06-08 16:43:02,056 [http-nio-8080-exec-7] INFO  j.c.l.cms.controller.LoginController 56 - LoginController.login:登録開始
2020-06-08 16:43:02,068 [http-nio-8080-exec-7] INFO  com.zaxxer.hikari.HikariDataSource 110 - HikariPool-1 - Starting...
2020-06-08 16:43:02,926 [http-nio-8080-exec-7] INFO  com.zaxxer.hikari.HikariDataSource 123 - HikariPool-1 - Start completed.
2020-06-08 16:43:02,972 [http-nio-8080-exec-7] INFO  j.c.l.cms.controller.LoginController 88 - loginController.login:登録開始
2020-06-08 16:43:02,972 [http-nio-8080-exec-7] INFO  j.c.l.cms.controller.LoginController 91 - 日志输出 info
2020-06-08 16:43:02,972 [http-nio-8080-exec-7] WARN  j.c.l.cms.controller.LoginController 92 - 日志输出 warn
2020-06-08 16:43:02,973 [http-nio-8080-exec-7] INFO  j.c.l.cms.controller.LoginController 95 - loginController.login:登録結束
2020-06-08 16:44:58,194 [http-nio-8080-exec-10] WARN  o.s.w.s.m.s.DefaultHandlerExceptionResolver 198 - Resolved [org.springframework.web.HttpRequestMethodNotSupportedException: Request method 'GET' not supported]
2020-06-08 16:46:34,944 [RMI TCP Connection(2)-127.0.0.1] INFO  o.s.b.a.SpringApplicationAdminMXBeanRegistrar$SpringApplicationAdmin 159 - Application shutdown requested.
2020-06-08 16:46:34,946 [RMI TCP Connection(2)-127.0.0.1] INFO  o.s.s.c.ThreadPoolTaskExecutor 208 - Shutting down ExecutorService 'applicationTaskExecutor'
2020-06-08 16:46:34,947 [RMI TCP Connection(2)-127.0.0.1] INFO  com.zaxxer.hikari.HikariDataSource 350 - HikariPool-1 - Shutdown initiated...
2020-06-08 16:46:34,958 [RMI TCP Connection(2)-127.0.0.1] INFO  com.zaxxer.hikari.HikariDataSource 352 - HikariPool-1 - Shutdown completed.
2020-06-08 16:46:38,553 [main] INFO  jp.co.lyc.cms.ApplicationMain 50 - Starting ApplicationMain on LAPTOP-A94PII7T with PID 15312 (E:\LYC_CMS\target\classes started by Vin.Young in E:\LYC_CMS)
2020-06-08 16:46:38,554 [main] INFO  jp.co.lyc.cms.ApplicationMain 647 - No active profile set, falling back to default profiles: default
2020-06-08 16:46:39,316 [main] INFO  o.s.b.w.e.tomcat.TomcatWebServer 90 - Tomcat initialized with port(s): 8080 (http)
2020-06-08 16:46:39,324 [main] INFO  o.a.coyote.http11.Http11NioProtocol 173 - Initializing ProtocolHandler ["http-nio-8080"]
2020-06-08 16:46:39,329 [main] INFO  o.a.catalina.core.StandardService 173 - Starting service [Tomcat]
2020-06-08 16:46:39,329 [main] INFO  o.a.catalina.core.StandardEngine 173 - Starting Servlet engine: [Apache Tomcat/9.0.22]
2020-06-08 16:46:39,397 [main] INFO  o.a.c.c.C.[Tomcat].[localhost].[/] 173 - Initializing Spring embedded WebApplicationContext
2020-06-08 16:46:39,397 [main] INFO  o.s.web.context.ContextLoader 284 - Root WebApplicationContext: initialization completed in 819 ms
2020-06-08 16:46:39,725 [main] INFO  o.s.s.c.ThreadPoolTaskExecutor 171 - Initializing ExecutorService 'applicationTaskExecutor'
2020-06-08 16:46:39,765 [main] INFO  o.s.b.a.w.s.WelcomePageHandlerMapping 58 - Adding welcome page template: index
2020-06-08 16:46:39,880 [main] INFO  o.a.coyote.http11.Http11NioProtocol 173 - Starting ProtocolHandler ["http-nio-8080"]
2020-06-08 16:46:39,896 [main] INFO  o.s.b.w.e.tomcat.TomcatWebServer 202 - Tomcat started on port(s): 8080 (http) with context path ''
2020-06-08 16:46:39,898 [main] INFO  jp.co.lyc.cms.ApplicationMain 59 - Started ApplicationMain in 1.64 seconds (JVM running for 2.615)
2020-06-08 16:46:48,089 [http-nio-8080-exec-1] INFO  o.a.c.c.C.[Tomcat].[localhost].[/] 173 - Initializing Spring DispatcherServlet 'dispatcherServlet'
2020-06-08 16:46:48,090 [http-nio-8080-exec-1] INFO  o.s.web.servlet.DispatcherServlet 524 - Initializing Servlet 'dispatcherServlet'
2020-06-08 16:46:48,094 [http-nio-8080-exec-1] INFO  o.s.web.servlet.DispatcherServlet 546 - Completed initialization in 4 ms
2020-06-08 16:46:48,106 [http-nio-8080-exec-1] INFO  j.c.l.c.controller.SubCostController 18 - LoginController.login:登録開始
2020-06-08 16:51:39,971 [RMI TCP Connection(2)-127.0.0.1] INFO  o.s.b.a.SpringApplicationAdminMXBeanRegistrar$SpringApplicationAdmin 159 - Application shutdown requested.
2020-06-08 16:51:39,973 [RMI TCP Connection(2)-127.0.0.1] INFO  o.s.s.c.ThreadPoolTaskExecutor 208 - Shutting down ExecutorService 'applicationTaskExecutor'
2020-06-08 16:51:43,443 [main] INFO  jp.co.lyc.cms.ApplicationMain 50 - Starting ApplicationMain on LAPTOP-A94PII7T with PID 13088 (E:\LYC_CMS\target\classes started by Vin.Young in E:\LYC_CMS)
2020-06-08 16:51:43,446 [main] INFO  jp.co.lyc.cms.ApplicationMain 647 - No active profile set, falling back to default profiles: default
2020-06-08 16:51:44,207 [main] INFO  o.s.b.w.e.tomcat.TomcatWebServer 90 - Tomcat initialized with port(s): 8080 (http)
2020-06-08 16:51:44,216 [main] INFO  o.a.coyote.http11.Http11NioProtocol 173 - Initializing ProtocolHandler ["http-nio-8080"]
2020-06-08 16:51:44,222 [main] INFO  o.a.catalina.core.StandardService 173 - Starting service [Tomcat]
2020-06-08 16:51:44,223 [main] INFO  o.a.catalina.core.StandardEngine 173 - Starting Servlet engine: [Apache Tomcat/9.0.22]
2020-06-08 16:51:44,293 [main] INFO  o.a.c.c.C.[Tomcat].[localhost].[/] 173 - Initializing Spring embedded WebApplicationContext
2020-06-08 16:51:44,294 [main] INFO  o.s.web.context.ContextLoader 284 - Root WebApplicationContext: initialization completed in 819 ms
2020-06-08 16:51:44,624 [main] INFO  o.s.s.c.ThreadPoolTaskExecutor 171 - Initializing ExecutorService 'applicationTaskExecutor'
2020-06-08 16:51:44,663 [main] INFO  o.s.b.a.w.s.WelcomePageHandlerMapping 58 - Adding welcome page template: index
2020-06-08 16:51:44,782 [main] INFO  o.a.coyote.http11.Http11NioProtocol 173 - Starting ProtocolHandler ["http-nio-8080"]
2020-06-08 16:51:44,798 [main] INFO  o.s.b.w.e.tomcat.TomcatWebServer 202 - Tomcat started on port(s): 8080 (http) with context path ''
2020-06-08 16:51:44,800 [main] INFO  jp.co.lyc.cms.ApplicationMain 59 - Started ApplicationMain in 1.652 seconds (JVM running for 2.666)
2020-06-08 16:51:50,168 [http-nio-8080-exec-1] INFO  o.a.c.c.C.[Tomcat].[localhost].[/] 173 - Initializing Spring DispatcherServlet 'dispatcherServlet'
2020-06-08 16:51:50,168 [http-nio-8080-exec-1] INFO  o.s.web.servlet.DispatcherServlet 524 - Initializing Servlet 'dispatcherServlet'
2020-06-08 16:51:50,173 [http-nio-8080-exec-1] INFO  o.s.web.servlet.DispatcherServlet 546 - Completed initialization in 4 ms
2020-06-08 16:51:50,186 [http-nio-8080-exec-1] INFO  j.c.l.c.controller.SubCostController 18 - LoginController.login:诸费用画面跳转开始
2020-06-08 16:51:51,858 [http-nio-8080-exec-5] INFO  j.c.l.c.controller.SubCostController 18 - LoginController.login:诸费用画面跳转开始
2020-06-08 16:51:52,024 [http-nio-8080-exec-7] INFO  j.c.l.c.controller.SubCostController 18 - LoginController.login:诸费用画面跳转开始
2020-06-08 16:51:52,206 [http-nio-8080-exec-9] INFO  j.c.l.c.controller.SubCostController 18 - LoginController.login:诸费用画面跳转开始
2020-06-08 16:51:52,384 [http-nio-8080-exec-1] INFO  j.c.l.c.controller.SubCostController 18 - LoginController.login:诸费用画面跳转开始
2020-06-08 16:51:52,552 [http-nio-8080-exec-2] INFO  j.c.l.c.controller.SubCostController 18 - LoginController.login:诸费用画面跳转开始
2020-06-08 16:51:52,740 [http-nio-8080-exec-5] INFO  j.c.l.c.controller.SubCostController 18 - LoginController.login:诸费用画面跳转开始
2020-06-08 16:51:52,911 [http-nio-8080-exec-7] INFO  j.c.l.c.controller.SubCostController 18 - LoginController.login:诸费用画面跳转开始
2020-06-08 16:51:53,090 [http-nio-8080-exec-9] INFO  j.c.l.c.controller.SubCostController 18 - LoginController.login:诸费用画面跳转开始
2020-06-08 16:51:53,267 [http-nio-8080-exec-1] INFO  j.c.l.c.controller.SubCostController 18 - LoginController.login:诸费用画面跳转开始
2020-06-08 16:51:53,436 [http-nio-8080-exec-2] INFO  j.c.l.c.controller.SubCostController 18 - LoginController.login:诸费用画面跳转开始
2020-06-08 16:51:53,625 [http-nio-8080-exec-5] INFO  j.c.l.c.controller.SubCostController 18 - LoginController.login:诸费用画面跳转开始
2020-06-08 16:51:53,787 [http-nio-8080-exec-7] INFO  j.c.l.c.controller.SubCostController 18 - LoginController.login:诸费用画面跳转开始
2020-06-08 17:05:19,555 [RMI TCP Connection(2)-127.0.0.1] INFO  o.s.b.a.SpringApplicationAdminMXBeanRegistrar$SpringApplicationAdmin 159 - Application shutdown requested.
2020-06-08 17:05:19,557 [RMI TCP Connection(2)-127.0.0.1] INFO  o.s.s.c.ThreadPoolTaskExecutor 208 - Shutting down ExecutorService 'applicationTaskExecutor'
2020-06-08 17:05:32,382 [main] INFO  jp.co.lyc.cms.ApplicationMain 50 - Starting ApplicationMain on LAPTOP-A94PII7T with PID 15832 (E:\LYC_CMS\target\classes started by Vin.Young in E:\LYC_CMS)
2020-06-08 17:05:32,384 [main] INFO  jp.co.lyc.cms.ApplicationMain 647 - No active profile set, falling back to default profiles: default
2020-06-08 17:05:33,177 [main] INFO  o.s.b.w.e.tomcat.TomcatWebServer 90 - Tomcat initialized with port(s): 8080 (http)
2020-06-08 17:05:33,187 [main] INFO  o.a.coyote.http11.Http11NioProtocol 173 - Initializing ProtocolHandler ["http-nio-8080"]
2020-06-08 17:05:33,192 [main] INFO  o.a.catalina.core.StandardService 173 - Starting service [Tomcat]
2020-06-08 17:05:33,192 [main] INFO  o.a.catalina.core.StandardEngine 173 - Starting Servlet engine: [Apache Tomcat/9.0.22]
2020-06-08 17:05:33,261 [main] INFO  o.a.c.c.C.[Tomcat].[localhost].[/] 173 - Initializing Spring embedded WebApplicationContext
2020-06-08 17:05:33,262 [main] INFO  o.s.web.context.ContextLoader 284 - Root WebApplicationContext: initialization completed in 845 ms
2020-06-08 17:05:33,594 [main] INFO  o.s.s.c.ThreadPoolTaskExecutor 171 - Initializing ExecutorService 'applicationTaskExecutor'
2020-06-08 17:05:33,633 [main] INFO  o.s.b.a.w.s.WelcomePageHandlerMapping 58 - Adding welcome page template: index
2020-06-08 17:05:33,750 [main] INFO  o.a.coyote.http11.Http11NioProtocol 173 - Starting ProtocolHandler ["http-nio-8080"]
2020-06-08 17:05:33,766 [main] INFO  o.s.b.w.e.tomcat.TomcatWebServer 202 - Tomcat started on port(s): 8080 (http) with context path ''
2020-06-08 17:05:33,768 [main] INFO  jp.co.lyc.cms.ApplicationMain 59 - Started ApplicationMain in 1.685 seconds (JVM running for 2.669)
2020-06-08 17:05:38,396 [http-nio-8080-exec-1] INFO  o.a.c.c.C.[Tomcat].[localhost].[/] 173 - Initializing Spring DispatcherServlet 'dispatcherServlet'
2020-06-08 17:05:38,396 [http-nio-8080-exec-1] INFO  o.s.web.servlet.DispatcherServlet 524 - Initializing Servlet 'dispatcherServlet'
2020-06-08 17:05:38,401 [http-nio-8080-exec-1] INFO  o.s.web.servlet.DispatcherServlet 546 - Completed initialization in 5 ms
2020-06-08 17:05:38,414 [http-nio-8080-exec-1] INFO  j.c.l.c.controller.SubCostController 18 - LoginController.login:诸费用画面跳转开始
2020-06-08 17:05:39,204 [http-nio-8080-exec-3] INFO  j.c.l.c.controller.SubCostController 18 - LoginController.login:诸费用画面跳转开始
2020-06-08 17:05:39,612 [http-nio-8080-exec-5] INFO  j.c.l.c.controller.SubCostController 18 - LoginController.login:诸费用画面跳转开始
2020-06-08 17:05:39,811 [http-nio-8080-exec-7] INFO  j.c.l.c.controller.SubCostController 18 - LoginController.login:诸费用画面跳转开始
2020-06-08 17:05:39,996 [http-nio-8080-exec-8] INFO  j.c.l.c.controller.SubCostController 18 - LoginController.login:诸费用画面跳转开始
2020-06-08 17:05:40,159 [http-nio-8080-exec-1] INFO  j.c.l.c.controller.SubCostController 18 - LoginController.login:诸费用画面跳转开始
2020-06-08 17:05:40,328 [http-nio-8080-exec-3] INFO  j.c.l.c.controller.SubCostController 18 - LoginController.login:诸费用画面跳转开始
2020-06-08 17:05:40,474 [http-nio-8080-exec-5] INFO  j.c.l.c.controller.SubCostController 18 - LoginController.login:诸费用画面跳转开始
2020-06-08 17:06:33,527 [RMI TCP Connection(2)-127.0.0.1] INFO  o.s.b.a.SpringApplicationAdminMXBeanRegistrar$SpringApplicationAdmin 159 - Application shutdown requested.
2020-06-08 17:06:33,529 [RMI TCP Connection(2)-127.0.0.1] INFO  o.s.s.c.ThreadPoolTaskExecutor 208 - Shutting down ExecutorService 'applicationTaskExecutor'
2020-06-08 17:06:36,645 [main] INFO  jp.co.lyc.cms.ApplicationMain 50 - Starting ApplicationMain on LAPTOP-A94PII7T with PID 15828 (E:\LYC_CMS\target\classes started by Vin.Young in E:\LYC_CMS)
2020-06-08 17:06:36,647 [main] INFO  jp.co.lyc.cms.ApplicationMain 647 - No active profile set, falling back to default profiles: default
2020-06-08 17:06:37,405 [main] INFO  o.s.b.w.e.tomcat.TomcatWebServer 90 - Tomcat initialized with port(s): 8080 (http)
2020-06-08 17:06:37,414 [main] INFO  o.a.coyote.http11.Http11NioProtocol 173 - Initializing ProtocolHandler ["http-nio-8080"]
2020-06-08 17:06:37,419 [main] INFO  o.a.catalina.core.StandardService 173 - Starting service [Tomcat]
2020-06-08 17:06:37,420 [main] INFO  o.a.catalina.core.StandardEngine 173 - Starting Servlet engine: [Apache Tomcat/9.0.22]
2020-06-08 17:06:37,488 [main] INFO  o.a.c.c.C.[Tomcat].[localhost].[/] 173 - Initializing Spring embedded WebApplicationContext
2020-06-08 17:06:37,489 [main] INFO  o.s.web.context.ContextLoader 284 - Root WebApplicationContext: initialization completed in 814 ms
2020-06-08 17:06:37,833 [main] INFO  o.s.s.c.ThreadPoolTaskExecutor 171 - Initializing ExecutorService 'applicationTaskExecutor'
2020-06-08 17:06:37,872 [main] INFO  o.s.b.a.w.s.WelcomePageHandlerMapping 58 - Adding welcome page template: index
2020-06-08 17:06:37,989 [main] INFO  o.a.coyote.http11.Http11NioProtocol 173 - Starting ProtocolHandler ["http-nio-8080"]
2020-06-08 17:06:38,004 [main] INFO  o.s.b.w.e.tomcat.TomcatWebServer 202 - Tomcat started on port(s): 8080 (http) with context path ''
2020-06-08 17:06:38,006 [main] INFO  jp.co.lyc.cms.ApplicationMain 59 - Started ApplicationMain in 1.656 seconds (JVM running for 2.624)
2020-06-08 17:06:41,838 [http-nio-8080-exec-1] INFO  o.a.c.c.C.[Tomcat].[localhost].[/] 173 - Initializing Spring DispatcherServlet 'dispatcherServlet'
2020-06-08 17:06:41,838 [http-nio-8080-exec-1] INFO  o.s.web.servlet.DispatcherServlet 524 - Initializing Servlet 'dispatcherServlet'
2020-06-08 17:06:41,844 [http-nio-8080-exec-1] INFO  o.s.web.servlet.DispatcherServlet 546 - Completed initialization in 6 ms
2020-06-08 17:06:41,857 [http-nio-8080-exec-1] INFO  j.c.l.c.controller.SubCostController 18 - LoginController.login:诸费用画面跳转开始
2020-06-08 17:07:07,497 [RMI TCP Connection(2)-127.0.0.1] INFO  o.s.b.a.SpringApplicationAdminMXBeanRegistrar$SpringApplicationAdmin 159 - Application shutdown requested.
2020-06-08 17:07:07,499 [RMI TCP Connection(2)-127.0.0.1] INFO  o.s.s.c.ThreadPoolTaskExecutor 208 - Shutting down ExecutorService 'applicationTaskExecutor'
2020-06-08 17:07:10,568 [main] INFO  jp.co.lyc.cms.ApplicationMain 50 - Starting ApplicationMain on LAPTOP-A94PII7T with PID 12780 (E:\LYC_CMS\target\classes started by Vin.Young in E:\LYC_CMS)
2020-06-08 17:07:10,570 [main] INFO  jp.co.lyc.cms.ApplicationMain 647 - No active profile set, falling back to default profiles: default
2020-06-08 17:07:11,336 [main] INFO  o.s.b.w.e.tomcat.TomcatWebServer 90 - Tomcat initialized with port(s): 8080 (http)
2020-06-08 17:07:11,345 [main] INFO  o.a.coyote.http11.Http11NioProtocol 173 - Initializing ProtocolHandler ["http-nio-8080"]
2020-06-08 17:07:11,351 [main] INFO  o.a.catalina.core.StandardService 173 - Starting service [Tomcat]
2020-06-08 17:07:11,351 [main] INFO  o.a.catalina.core.StandardEngine 173 - Starting Servlet engine: [Apache Tomcat/9.0.22]
2020-06-08 17:07:11,417 [main] INFO  o.a.c.c.C.[Tomcat].[localhost].[/] 173 - Initializing Spring embedded WebApplicationContext
2020-06-08 17:07:11,417 [main] INFO  o.s.web.context.ContextLoader 284 - Root WebApplicationContext: initialization completed in 819 ms
2020-06-08 17:07:11,743 [main] INFO  o.s.s.c.ThreadPoolTaskExecutor 171 - Initializing ExecutorService 'applicationTaskExecutor'
2020-06-08 17:07:11,782 [main] INFO  o.s.b.a.w.s.WelcomePageHandlerMapping 58 - Adding welcome page template: index
2020-06-08 17:07:11,902 [main] INFO  o.a.coyote.http11.Http11NioProtocol 173 - Starting ProtocolHandler ["http-nio-8080"]
2020-06-08 17:07:11,918 [main] INFO  o.s.b.w.e.tomcat.TomcatWebServer 202 - Tomcat started on port(s): 8080 (http) with context path ''
2020-06-08 17:07:11,920 [main] INFO  jp.co.lyc.cms.ApplicationMain 59 - Started ApplicationMain in 1.64 seconds (JVM running for 2.654)
2020-06-08 17:07:14,835 [http-nio-8080-exec-1] INFO  o.a.c.c.C.[Tomcat].[localhost].[/] 173 - Initializing Spring DispatcherServlet 'dispatcherServlet'
2020-06-08 17:07:14,836 [http-nio-8080-exec-1] INFO  o.s.web.servlet.DispatcherServlet 524 - Initializing Servlet 'dispatcherServlet'
2020-06-08 17:07:14,840 [http-nio-8080-exec-1] INFO  o.s.web.servlet.DispatcherServlet 546 - Completed initialization in 4 ms
2020-06-08 17:07:14,853 [http-nio-8080-exec-1] INFO  j.c.l.c.controller.SubCostController 18 - LoginController.login:诸费用画面跳转开始
2020-06-08 17:07:18,928 [http-nio-8080-exec-3] INFO  j.c.l.c.controller.SubCostController 18 - LoginController.login:诸费用画面跳转开始
2020-06-08 17:07:19,604 [http-nio-8080-exec-5] INFO  j.c.l.c.controller.SubCostController 18 - LoginController.login:诸费用画面跳转开始
2020-06-08 17:07:19,765 [http-nio-8080-exec-7] INFO  j.c.l.c.controller.SubCostController 18 - LoginController.login:诸费用画面跳转开始
2020-06-08 17:07:19,899 [http-nio-8080-exec-9] INFO  j.c.l.c.controller.SubCostController 18 - LoginController.login:诸费用画面跳转开始
2020-06-08 17:07:20,044 [http-nio-8080-exec-1] INFO  j.c.l.c.controller.SubCostController 18 - LoginController.login:诸费用画面跳转开始
2020-06-08 17:07:20,183 [http-nio-8080-exec-3] INFO  j.c.l.c.controller.SubCostController 18 - LoginController.login:诸费用画面跳转开始
2020-06-08 17:08:11,427 [RMI TCP Connection(2)-127.0.0.1] INFO  o.s.b.a.SpringApplicationAdminMXBeanRegistrar$SpringApplicationAdmin 159 - Application shutdown requested.
2020-06-08 17:08:11,428 [RMI TCP Connection(2)-127.0.0.1] INFO  o.s.s.c.ThreadPoolTaskExecutor 208 - Shutting down ExecutorService 'applicationTaskExecutor'
2020-06-08 17:08:18,534 [main] INFO  jp.co.lyc.cms.ApplicationMain 50 - Starting ApplicationMain on LAPTOP-A94PII7T with PID 2584 (E:\LYC_CMS\target\classes started by Vin.Young in E:\LYC_CMS)
2020-06-08 17:08:18,537 [main] INFO  jp.co.lyc.cms.ApplicationMain 647 - No active profile set, falling back to default profiles: default
2020-06-08 17:08:19,310 [main] INFO  o.s.b.w.e.tomcat.TomcatWebServer 90 - Tomcat initialized with port(s): 8080 (http)
2020-06-08 17:08:19,319 [main] INFO  o.a.coyote.http11.Http11NioProtocol 173 - Initializing ProtocolHandler ["http-nio-8080"]
2020-06-08 17:08:19,325 [main] INFO  o.a.catalina.core.StandardService 173 - Starting service [Tomcat]
2020-06-08 17:08:19,326 [main] INFO  o.a.catalina.core.StandardEngine 173 - Starting Servlet engine: [Apache Tomcat/9.0.22]
2020-06-08 17:08:19,390 [main] INFO  o.a.c.c.C.[Tomcat].[localhost].[/] 173 - Initializing Spring embedded WebApplicationContext
2020-06-08 17:08:19,390 [main] INFO  o.s.web.context.ContextLoader 284 - Root WebApplicationContext: initialization completed in 826 ms
2020-06-08 17:08:19,674 [main] INFO  o.s.s.c.ThreadPoolTaskExecutor 171 - Initializing ExecutorService 'applicationTaskExecutor'
2020-06-08 17:08:19,788 [main] INFO  o.s.b.a.w.s.WelcomePageHandlerMapping 58 - Adding welcome page template: index
2020-06-08 17:08:19,904 [main] INFO  o.a.coyote.http11.Http11NioProtocol 173 - Starting ProtocolHandler ["http-nio-8080"]
2020-06-08 17:08:19,921 [main] INFO  o.s.b.w.e.tomcat.TomcatWebServer 202 - Tomcat started on port(s): 8080 (http) with context path ''
2020-06-08 17:08:19,923 [main] INFO  jp.co.lyc.cms.ApplicationMain 59 - Started ApplicationMain in 1.676 seconds (JVM running for 2.667)
2020-06-08 17:08:23,614 [http-nio-8080-exec-1] INFO  o.a.c.c.C.[Tomcat].[localhost].[/] 173 - Initializing Spring DispatcherServlet 'dispatcherServlet'
2020-06-08 17:08:23,614 [http-nio-8080-exec-1] INFO  o.s.web.servlet.DispatcherServlet 524 - Initializing Servlet 'dispatcherServlet'
2020-06-08 17:08:23,621 [http-nio-8080-exec-1] INFO  o.s.web.servlet.DispatcherServlet 546 - Completed initialization in 6 ms
2020-06-08 17:08:23,637 [http-nio-8080-exec-1] INFO  j.c.l.c.controller.SubCostController 18 - LoginController.login:诸费用画面跳转开始
2020-06-08 17:09:08,023 [RMI TCP Connection(2)-127.0.0.1] INFO  o.s.b.a.SpringApplicationAdminMXBeanRegistrar$SpringApplicationAdmin 159 - Application shutdown requested.
2020-06-08 17:09:08,025 [RMI TCP Connection(2)-127.0.0.1] INFO  o.s.s.c.ThreadPoolTaskExecutor 208 - Shutting down ExecutorService 'applicationTaskExecutor'
2020-06-08 17:09:10,873 [main] INFO  jp.co.lyc.cms.ApplicationMain 50 - Starting ApplicationMain on LAPTOP-A94PII7T with PID 12856 (E:\LYC_CMS\target\classes started by Vin.Young in E:\LYC_CMS)
2020-06-08 17:09:10,875 [main] INFO  jp.co.lyc.cms.ApplicationMain 647 - No active profile set, falling back to default profiles: default
2020-06-08 17:09:11,637 [main] INFO  o.s.b.w.e.tomcat.TomcatWebServer 90 - Tomcat initialized with port(s): 8080 (http)
2020-06-08 17:09:11,645 [main] INFO  o.a.coyote.http11.Http11NioProtocol 173 - Initializing ProtocolHandler ["http-nio-8080"]
2020-06-08 17:09:11,650 [main] INFO  o.a.catalina.core.StandardService 173 - Starting service [Tomcat]
2020-06-08 17:09:11,650 [main] INFO  o.a.catalina.core.StandardEngine 173 - Starting Servlet engine: [Apache Tomcat/9.0.22]
2020-06-08 17:09:11,716 [main] INFO  o.a.c.c.C.[Tomcat].[localhost].[/] 173 - Initializing Spring embedded WebApplicationContext
2020-06-08 17:09:11,716 [main] INFO  o.s.web.context.ContextLoader 284 - Root WebApplicationContext: initialization completed in 812 ms
2020-06-08 17:09:12,036 [main] INFO  o.s.s.c.ThreadPoolTaskExecutor 171 - Initializing ExecutorService 'applicationTaskExecutor'
2020-06-08 17:09:12,076 [main] INFO  o.s.b.a.w.s.WelcomePageHandlerMapping 58 - Adding welcome page template: index
2020-06-08 17:09:12,191 [main] INFO  o.a.coyote.http11.Http11NioProtocol 173 - Starting ProtocolHandler ["http-nio-8080"]
2020-06-08 17:09:12,206 [main] INFO  o.s.b.w.e.tomcat.TomcatWebServer 202 - Tomcat started on port(s): 8080 (http) with context path ''
2020-06-08 17:09:12,208 [main] INFO  jp.co.lyc.cms.ApplicationMain 59 - Started ApplicationMain in 1.624 seconds (JVM running for 2.613)
2020-06-08 17:09:15,287 [http-nio-8080-exec-1] INFO  o.a.c.c.C.[Tomcat].[localhost].[/] 173 - Initializing Spring DispatcherServlet 'dispatcherServlet'
2020-06-08 17:09:15,288 [http-nio-8080-exec-1] INFO  o.s.web.servlet.DispatcherServlet 524 - Initializing Servlet 'dispatcherServlet'
2020-06-08 17:09:15,293 [http-nio-8080-exec-1] INFO  o.s.web.servlet.DispatcherServlet 546 - Completed initialization in 5 ms
2020-06-08 17:09:15,305 [http-nio-8080-exec-1] INFO  j.c.l.c.controller.SubCostController 18 - LoginController.login:诸费用画面跳转开始
2020-06-08 17:09:15,832 [http-nio-8080-exec-3] INFO  j.c.l.c.controller.SubCostController 18 - LoginController.login:诸费用画面跳转开始
2020-06-08 17:14:32,459 [RMI TCP Connection(2)-127.0.0.1] INFO  o.s.b.a.SpringApplicationAdminMXBeanRegistrar$SpringApplicationAdmin 159 - Application shutdown requested.
2020-06-08 17:14:32,461 [RMI TCP Connection(2)-127.0.0.1] INFO  o.s.s.c.ThreadPoolTaskExecutor 208 - Shutting down ExecutorService 'applicationTaskExecutor'
2020-06-08 17:14:35,142 [main] INFO  jp.co.lyc.cms.ApplicationMain 50 - Starting ApplicationMain on LAPTOP-A94PII7T with PID 15652 (E:\LYC_CMS\target\classes started by Vin.Young in E:\LYC_CMS)
2020-06-08 17:14:35,144 [main] INFO  jp.co.lyc.cms.ApplicationMain 647 - No active profile set, falling back to default profiles: default
2020-06-08 17:14:35,939 [main] INFO  o.s.b.w.e.tomcat.TomcatWebServer 90 - Tomcat initialized with port(s): 8080 (http)
2020-06-08 17:14:35,948 [main] INFO  o.a.coyote.http11.Http11NioProtocol 173 - Initializing ProtocolHandler ["http-nio-8080"]
2020-06-08 17:14:35,955 [main] INFO  o.a.catalina.core.StandardService 173 - Starting service [Tomcat]
2020-06-08 17:14:35,955 [main] INFO  o.a.catalina.core.StandardEngine 173 - Starting Servlet engine: [Apache Tomcat/9.0.22]
2020-06-08 17:14:36,021 [main] INFO  o.a.c.c.C.[Tomcat].[localhost].[/] 173 - Initializing Spring embedded WebApplicationContext
2020-06-08 17:14:36,021 [main] INFO  o.s.web.context.ContextLoader 284 - Root WebApplicationContext: initialization completed in 846 ms
2020-06-08 17:14:36,363 [main] INFO  o.s.s.c.ThreadPoolTaskExecutor 171 - Initializing ExecutorService 'applicationTaskExecutor'
2020-06-08 17:14:36,404 [main] INFO  o.s.b.a.w.s.WelcomePageHandlerMapping 58 - Adding welcome page template: index
2020-06-08 17:14:36,529 [main] INFO  o.a.coyote.http11.Http11NioProtocol 173 - Starting ProtocolHandler ["http-nio-8080"]
2020-06-08 17:14:36,546 [main] INFO  o.s.b.w.e.tomcat.TomcatWebServer 202 - Tomcat started on port(s): 8080 (http) with context path ''
2020-06-08 17:14:36,549 [main] INFO  jp.co.lyc.cms.ApplicationMain 59 - Started ApplicationMain in 1.72 seconds (JVM running for 2.706)
2020-06-08 17:14:41,932 [http-nio-8080-exec-1] INFO  o.a.c.c.C.[Tomcat].[localhost].[/] 173 - Initializing Spring DispatcherServlet 'dispatcherServlet'
2020-06-08 17:14:41,933 [http-nio-8080-exec-1] INFO  o.s.web.servlet.DispatcherServlet 524 - Initializing Servlet 'dispatcherServlet'
2020-06-08 17:14:41,937 [http-nio-8080-exec-1] INFO  o.s.web.servlet.DispatcherServlet 546 - Completed initialization in 4 ms
2020-06-08 17:14:41,951 [http-nio-8080-exec-1] INFO  j.c.l.c.controller.SubCostController 18 - LoginController.login:诸费用画面跳转开始
2020-06-08 17:14:42,302 [http-nio-8080-exec-3] INFO  j.c.l.c.controller.SubCostController 18 - LoginController.login:诸费用画面跳转开始
2020-06-08 17:15:15,382 [http-nio-8080-exec-7] INFO  j.c.l.c.controller.SubCostController 18 - LoginController.login:诸费用画面跳转开始
2020-06-08 17:15:15,981 [http-nio-8080-exec-8] INFO  j.c.l.c.controller.SubCostController 18 - LoginController.login:诸费用画面跳转开始
2020-06-08 17:15:21,740 [RMI TCP Connection(2)-127.0.0.1] INFO  o.s.b.a.SpringApplicationAdminMXBeanRegistrar$SpringApplicationAdmin 159 - Application shutdown requested.
2020-06-08 17:15:21,741 [RMI TCP Connection(2)-127.0.0.1] INFO  o.s.s.c.ThreadPoolTaskExecutor 208 - Shutting down ExecutorService 'applicationTaskExecutor'
2020-06-08 17:15:28,024 [main] INFO  jp.co.lyc.cms.ApplicationMain 50 - Starting ApplicationMain on LAPTOP-A94PII7T with PID 4720 (E:\LYC_CMS\target\classes started by Vin.Young in E:\LYC_CMS)
2020-06-08 17:15:28,026 [main] INFO  jp.co.lyc.cms.ApplicationMain 647 - No active profile set, falling back to default profiles: default
2020-06-08 17:15:28,769 [main] INFO  o.s.b.w.e.tomcat.TomcatWebServer 90 - Tomcat initialized with port(s): 8080 (http)
2020-06-08 17:15:28,777 [main] INFO  o.a.coyote.http11.Http11NioProtocol 173 - Initializing ProtocolHandler ["http-nio-8080"]
2020-06-08 17:15:28,782 [main] INFO  o.a.catalina.core.StandardService 173 - Starting service [Tomcat]
2020-06-08 17:15:28,783 [main] INFO  o.a.catalina.core.StandardEngine 173 - Starting Servlet engine: [Apache Tomcat/9.0.22]
2020-06-08 17:15:28,847 [main] INFO  o.a.c.c.C.[Tomcat].[localhost].[/] 173 - Initializing Spring embedded WebApplicationContext
2020-06-08 17:15:28,847 [main] INFO  o.s.web.context.ContextLoader 284 - Root WebApplicationContext: initialization completed in 794 ms
2020-06-08 17:15:29,172 [main] INFO  o.s.s.c.ThreadPoolTaskExecutor 171 - Initializing ExecutorService 'applicationTaskExecutor'
2020-06-08 17:15:29,210 [main] INFO  o.s.b.a.w.s.WelcomePageHandlerMapping 58 - Adding welcome page template: index
2020-06-08 17:15:29,323 [main] INFO  o.a.coyote.http11.Http11NioProtocol 173 - Starting ProtocolHandler ["http-nio-8080"]
2020-06-08 17:15:29,339 [main] INFO  o.s.b.w.e.tomcat.TomcatWebServer 202 - Tomcat started on port(s): 8080 (http) with context path ''
2020-06-08 17:15:29,341 [main] INFO  jp.co.lyc.cms.ApplicationMain 59 - Started ApplicationMain in 1.601 seconds (JVM running for 2.58)
2020-06-08 17:15:33,809 [http-nio-8080-exec-1] INFO  o.a.c.c.C.[Tomcat].[localhost].[/] 173 - Initializing Spring DispatcherServlet 'dispatcherServlet'
2020-06-08 17:15:33,809 [http-nio-8080-exec-1] INFO  o.s.web.servlet.DispatcherServlet 524 - Initializing Servlet 'dispatcherServlet'
2020-06-08 17:15:33,814 [http-nio-8080-exec-1] INFO  o.s.web.servlet.DispatcherServlet 546 - Completed initialization in 5 ms
2020-06-08 17:15:33,827 [http-nio-8080-exec-1] INFO  j.c.l.c.controller.SubCostController 18 - LoginController.login:诸费用画面跳转开始
2020-06-08 17:16:59,555 [RMI TCP Connection(2)-127.0.0.1] INFO  o.s.b.a.SpringApplicationAdminMXBeanRegistrar$SpringApplicationAdmin 159 - Application shutdown requested.
2020-06-08 17:16:59,557 [RMI TCP Connection(2)-127.0.0.1] INFO  o.s.s.c.ThreadPoolTaskExecutor 208 - Shutting down ExecutorService 'applicationTaskExecutor'
2020-06-08 17:17:02,866 [main] INFO  jp.co.lyc.cms.ApplicationMain 50 - Starting ApplicationMain on LAPTOP-A94PII7T with PID 15064 (E:\LYC_CMS\target\classes started by Vin.Young in E:\LYC_CMS)
2020-06-08 17:17:02,870 [main] INFO  jp.co.lyc.cms.ApplicationMain 647 - No active profile set, falling back to default profiles: default
2020-06-08 17:17:03,923 [main] INFO  o.s.b.w.e.tomcat.TomcatWebServer 90 - Tomcat initialized with port(s): 8080 (http)
2020-06-08 17:17:03,934 [main] INFO  o.a.coyote.http11.Http11NioProtocol 173 - Initializing ProtocolHandler ["http-nio-8080"]
2020-06-08 17:17:03,941 [main] INFO  o.a.catalina.core.StandardService 173 - Starting service [Tomcat]
2020-06-08 17:17:03,941 [main] INFO  o.a.catalina.core.StandardEngine 173 - Starting Servlet engine: [Apache Tomcat/9.0.22]
2020-06-08 17:17:04,023 [main] INFO  o.a.c.c.C.[Tomcat].[localhost].[/] 173 - Initializing Spring embedded WebApplicationContext
2020-06-08 17:17:04,023 [main] INFO  o.s.web.context.ContextLoader 284 - Root WebApplicationContext: initialization completed in 1088 ms
2020-06-08 17:17:07,113 [main] INFO  o.s.s.c.ThreadPoolTaskExecutor 171 - Initializing ExecutorService 'applicationTaskExecutor'
2020-06-08 17:17:07,173 [main] INFO  o.s.b.a.w.s.WelcomePageHandlerMapping 58 - Adding welcome page template: index
2020-06-08 17:17:07,343 [main] INFO  o.a.coyote.http11.Http11NioProtocol 173 - Starting ProtocolHandler ["http-nio-8080"]
2020-06-08 17:17:07,366 [main] INFO  o.s.b.w.e.tomcat.TomcatWebServer 202 - Tomcat started on port(s): 8080 (http) with context path ''
2020-06-08 17:17:07,371 [main] INFO  jp.co.lyc.cms.ApplicationMain 59 - Started ApplicationMain in 4.922 seconds (JVM running for 6.209)
2020-06-08 17:17:11,003 [http-nio-8080-exec-1] INFO  o.a.c.c.C.[Tomcat].[localhost].[/] 173 - Initializing Spring DispatcherServlet 'dispatcherServlet'
2020-06-08 17:17:11,004 [http-nio-8080-exec-1] INFO  o.s.web.servlet.DispatcherServlet 524 - Initializing Servlet 'dispatcherServlet'
2020-06-08 17:17:11,010 [http-nio-8080-exec-1] INFO  o.s.web.servlet.DispatcherServlet 546 - Completed initialization in 6 ms
2020-06-08 17:17:11,029 [http-nio-8080-exec-1] INFO  j.c.l.c.controller.SubCostController 18 - LoginController.login:诸费用画面跳转开始
2020-06-08 17:18:50,186 [main] INFO  jp.co.lyc.cms.ApplicationMain 50 - Starting ApplicationMain on LAPTOP-A94PII7T with PID 1608 (E:\LYC_CMS\target\classes started by Vin.Young in E:\LYC_CMS)
2020-06-08 17:18:50,188 [main] INFO  jp.co.lyc.cms.ApplicationMain 647 - No active profile set, falling back to default profiles: default
2020-06-08 17:18:50,968 [main] INFO  o.s.b.w.e.tomcat.TomcatWebServer 90 - Tomcat initialized with port(s): 8080 (http)
2020-06-08 17:18:50,977 [main] INFO  o.a.coyote.http11.Http11NioProtocol 173 - Initializing ProtocolHandler ["http-nio-8080"]
2020-06-08 17:18:50,983 [main] INFO  o.a.catalina.core.StandardService 173 - Starting service [Tomcat]
2020-06-08 17:18:50,984 [main] INFO  o.a.catalina.core.StandardEngine 173 - Starting Servlet engine: [Apache Tomcat/9.0.22]
2020-06-08 17:18:51,050 [main] INFO  o.a.c.c.C.[Tomcat].[localhost].[/] 173 - Initializing Spring embedded WebApplicationContext
2020-06-08 17:18:51,051 [main] INFO  o.s.web.context.ContextLoader 284 - Root WebApplicationContext: initialization completed in 838 ms
2020-06-08 17:18:51,384 [main] INFO  o.s.s.c.ThreadPoolTaskExecutor 171 - Initializing ExecutorService 'applicationTaskExecutor'
2020-06-08 17:18:51,428 [main] INFO  o.s.b.a.w.s.WelcomePageHandlerMapping 58 - Adding welcome page template: index
2020-06-08 17:18:51,551 [main] INFO  o.a.coyote.http11.Http11NioProtocol 173 - Starting ProtocolHandler ["http-nio-8080"]
2020-06-08 17:18:51,567 [main] INFO  o.s.b.w.e.tomcat.TomcatWebServer 202 - Tomcat started on port(s): 8080 (http) with context path ''
2020-06-08 17:18:51,569 [main] INFO  jp.co.lyc.cms.ApplicationMain 59 - Started ApplicationMain in 1.682 seconds (JVM running for 2.682)
2020-06-08 17:18:55,500 [http-nio-8080-exec-1] INFO  o.a.c.c.C.[Tomcat].[localhost].[/] 173 - Initializing Spring DispatcherServlet 'dispatcherServlet'
2020-06-08 17:18:55,500 [http-nio-8080-exec-1] INFO  o.s.web.servlet.DispatcherServlet 524 - Initializing Servlet 'dispatcherServlet'
2020-06-08 17:18:55,506 [http-nio-8080-exec-1] INFO  o.s.web.servlet.DispatcherServlet 546 - Completed initialization in 6 ms
2020-06-08 17:18:55,519 [http-nio-8080-exec-1] INFO  j.c.l.c.controller.SubCostController 18 - LoginController.login:诸费用画面跳转开始
2020-06-08 17:19:30,075 [RMI TCP Connection(2)-127.0.0.1] INFO  o.s.b.a.SpringApplicationAdminMXBeanRegistrar$SpringApplicationAdmin 159 - Application shutdown requested.
2020-06-08 17:19:30,077 [RMI TCP Connection(2)-127.0.0.1] INFO  o.s.s.c.ThreadPoolTaskExecutor 208 - Shutting down ExecutorService 'applicationTaskExecutor'
2020-06-08 17:19:33,078 [main] INFO  jp.co.lyc.cms.ApplicationMain 50 - Starting ApplicationMain on LAPTOP-A94PII7T with PID 14040 (E:\LYC_CMS\target\classes started by Vin.Young in E:\LYC_CMS)
2020-06-08 17:19:33,080 [main] INFO  jp.co.lyc.cms.ApplicationMain 647 - No active profile set, falling back to default profiles: default
2020-06-08 17:19:33,867 [main] INFO  o.s.b.w.e.tomcat.TomcatWebServer 90 - Tomcat initialized with port(s): 8080 (http)
2020-06-08 17:19:33,876 [main] INFO  o.a.coyote.http11.Http11NioProtocol 173 - Initializing ProtocolHandler ["http-nio-8080"]
2020-06-08 17:19:33,881 [main] INFO  o.a.catalina.core.StandardService 173 - Starting service [Tomcat]
2020-06-08 17:19:33,882 [main] INFO  o.a.catalina.core.StandardEngine 173 - Starting Servlet engine: [Apache Tomcat/9.0.22]
2020-06-08 17:19:33,948 [main] INFO  o.a.c.c.C.[Tomcat].[localhost].[/] 173 - Initializing Spring embedded WebApplicationContext
2020-06-08 17:19:33,948 [main] INFO  o.s.web.context.ContextLoader 284 - Root WebApplicationContext: initialization completed in 834 ms
2020-06-08 17:19:34,282 [main] INFO  o.s.s.c.ThreadPoolTaskExecutor 171 - Initializing ExecutorService 'applicationTaskExecutor'
2020-06-08 17:19:34,322 [main] INFO  o.s.b.a.w.s.WelcomePageHandlerMapping 58 - Adding welcome page template: index
2020-06-08 17:19:34,441 [main] INFO  o.a.coyote.http11.Http11NioProtocol 173 - Starting ProtocolHandler ["http-nio-8080"]
2020-06-08 17:19:34,457 [main] INFO  o.s.b.w.e.tomcat.TomcatWebServer 202 - Tomcat started on port(s): 8080 (http) with context path ''
2020-06-08 17:19:34,459 [main] INFO  jp.co.lyc.cms.ApplicationMain 59 - Started ApplicationMain in 1.674 seconds (JVM running for 2.669)
2020-06-08 17:19:36,800 [http-nio-8080-exec-1] INFO  o.a.c.c.C.[Tomcat].[localhost].[/] 173 - Initializing Spring DispatcherServlet 'dispatcherServlet'
2020-06-08 17:19:36,800 [http-nio-8080-exec-1] INFO  o.s.web.servlet.DispatcherServlet 524 - Initializing Servlet 'dispatcherServlet'
2020-06-08 17:19:36,805 [http-nio-8080-exec-1] INFO  o.s.web.servlet.DispatcherServlet 546 - Completed initialization in 5 ms
2020-06-08 17:19:36,819 [http-nio-8080-exec-1] INFO  j.c.l.c.controller.SubCostController 18 - LoginController.login:诸费用画面跳转开始
2020-06-08 17:19:37,580 [http-nio-8080-exec-5] INFO  j.c.l.c.controller.SubCostController 18 - LoginController.login:诸费用画面跳转开始
2020-06-08 17:20:00,991 [RMI TCP Connection(2)-127.0.0.1] INFO  o.s.b.a.SpringApplicationAdminMXBeanRegistrar$SpringApplicationAdmin 159 - Application shutdown requested.
2020-06-08 17:20:00,993 [RMI TCP Connection(2)-127.0.0.1] INFO  o.s.s.c.ThreadPoolTaskExecutor 208 - Shutting down ExecutorService 'applicationTaskExecutor'
2020-06-08 17:20:03,687 [main] INFO  jp.co.lyc.cms.ApplicationMain 50 - Starting ApplicationMain on LAPTOP-A94PII7T with PID 15212 (E:\LYC_CMS\target\classes started by Vin.Young in E:\LYC_CMS)
2020-06-08 17:20:03,689 [main] INFO  jp.co.lyc.cms.ApplicationMain 647 - No active profile set, falling back to default profiles: default
2020-06-08 17:20:04,466 [main] INFO  o.s.b.w.e.tomcat.TomcatWebServer 90 - Tomcat initialized with port(s): 8080 (http)
2020-06-08 17:20:04,475 [main] INFO  o.a.coyote.http11.Http11NioProtocol 173 - Initializing ProtocolHandler ["http-nio-8080"]
2020-06-08 17:20:04,481 [main] INFO  o.a.catalina.core.StandardService 173 - Starting service [Tomcat]
2020-06-08 17:20:04,481 [main] INFO  o.a.catalina.core.StandardEngine 173 - Starting Servlet engine: [Apache Tomcat/9.0.22]
2020-06-08 17:20:04,548 [main] INFO  o.a.c.c.C.[Tomcat].[localhost].[/] 173 - Initializing Spring embedded WebApplicationContext
2020-06-08 17:20:04,549 [main] INFO  o.s.web.context.ContextLoader 284 - Root WebApplicationContext: initialization completed in 828 ms
2020-06-08 17:20:04,886 [main] INFO  o.s.s.c.ThreadPoolTaskExecutor 171 - Initializing ExecutorService 'applicationTaskExecutor'
2020-06-08 17:20:04,928 [main] INFO  o.s.b.a.w.s.WelcomePageHandlerMapping 58 - Adding welcome page template: index
2020-06-08 17:20:05,046 [main] INFO  o.a.coyote.http11.Http11NioProtocol 173 - Starting ProtocolHandler ["http-nio-8080"]
2020-06-08 17:20:05,062 [main] INFO  o.s.b.w.e.tomcat.TomcatWebServer 202 - Tomcat started on port(s): 8080 (http) with context path ''
2020-06-08 17:20:05,064 [main] INFO  jp.co.lyc.cms.ApplicationMain 59 - Started ApplicationMain in 1.673 seconds (JVM running for 2.71)
2020-06-08 17:20:07,579 [http-nio-8080-exec-1] INFO  o.a.c.c.C.[Tomcat].[localhost].[/] 173 - Initializing Spring DispatcherServlet 'dispatcherServlet'
2020-06-08 17:20:07,580 [http-nio-8080-exec-1] INFO  o.s.web.servlet.DispatcherServlet 524 - Initializing Servlet 'dispatcherServlet'
2020-06-08 17:20:07,585 [http-nio-8080-exec-1] INFO  o.s.web.servlet.DispatcherServlet 546 - Completed initialization in 5 ms
2020-06-08 17:20:07,599 [http-nio-8080-exec-1] INFO  j.c.l.c.controller.SubCostController 18 - LoginController.login:诸费用画面跳转开始
2020-06-08 17:25:14,774 [RMI TCP Connection(2)-127.0.0.1] INFO  o.s.b.a.SpringApplicationAdminMXBeanRegistrar$SpringApplicationAdmin 159 - Application shutdown requested.
2020-06-08 17:25:14,775 [RMI TCP Connection(2)-127.0.0.1] INFO  o.s.s.c.ThreadPoolTaskExecutor 208 - Shutting down ExecutorService 'applicationTaskExecutor'
2020-06-08 17:25:17,892 [main] INFO  jp.co.lyc.cms.ApplicationMain 50 - Starting ApplicationMain on LAPTOP-A94PII7T with PID 11616 (E:\LYC_CMS\target\classes started by Vin.Young in E:\LYC_CMS)
2020-06-08 17:25:17,895 [main] INFO  jp.co.lyc.cms.ApplicationMain 647 - No active profile set, falling back to default profiles: default
2020-06-08 17:25:18,665 [main] INFO  o.s.b.w.e.tomcat.TomcatWebServer 90 - Tomcat initialized with port(s): 8080 (http)
2020-06-08 17:25:18,675 [main] INFO  o.a.coyote.http11.Http11NioProtocol 173 - Initializing ProtocolHandler ["http-nio-8080"]
2020-06-08 17:25:18,681 [main] INFO  o.a.catalina.core.StandardService 173 - Starting service [Tomcat]
2020-06-08 17:25:18,681 [main] INFO  o.a.catalina.core.StandardEngine 173 - Starting Servlet engine: [Apache Tomcat/9.0.22]
2020-06-08 17:25:18,751 [main] INFO  o.a.c.c.C.[Tomcat].[localhost].[/] 173 - Initializing Spring embedded WebApplicationContext
2020-06-08 17:25:18,751 [main] INFO  o.s.web.context.ContextLoader 284 - Root WebApplicationContext: initialization completed in 829 ms
2020-06-08 17:25:19,039 [main] INFO  o.s.s.c.ThreadPoolTaskExecutor 171 - Initializing ExecutorService 'applicationTaskExecutor'
2020-06-08 17:25:19,159 [main] INFO  o.s.b.a.w.s.WelcomePageHandlerMapping 58 - Adding welcome page template: index
2020-06-08 17:25:19,275 [main] INFO  o.a.coyote.http11.Http11NioProtocol 173 - Starting ProtocolHandler ["http-nio-8080"]
2020-06-08 17:25:19,292 [main] INFO  o.s.b.w.e.tomcat.TomcatWebServer 202 - Tomcat started on port(s): 8080 (http) with context path ''
2020-06-08 17:25:19,294 [main] INFO  jp.co.lyc.cms.ApplicationMain 59 - Started ApplicationMain in 1.696 seconds (JVM running for 2.713)
2020-06-08 17:25:25,817 [http-nio-8080-exec-1] INFO  o.a.c.c.C.[Tomcat].[localhost].[/] 173 - Initializing Spring DispatcherServlet 'dispatcherServlet'
2020-06-08 17:25:25,817 [http-nio-8080-exec-1] INFO  o.s.web.servlet.DispatcherServlet 524 - Initializing Servlet 'dispatcherServlet'
2020-06-08 17:25:25,822 [http-nio-8080-exec-1] INFO  o.s.web.servlet.DispatcherServlet 546 - Completed initialization in 5 ms
2020-06-08 17:25:25,836 [http-nio-8080-exec-1] INFO  j.c.l.c.controller.SubCostController 18 - LoginController.login:诸费用画面跳转开始
2020-06-08 17:25:26,888 [http-nio-8080-exec-3] INFO  j.c.l.c.controller.SubCostController 18 - LoginController.login:诸费用画面跳转开始
2020-06-08 17:25:27,083 [http-nio-8080-exec-5] INFO  j.c.l.c.controller.SubCostController 18 - LoginController.login:诸费用画面跳转开始
2020-06-08 17:25:27,262 [http-nio-8080-exec-7] INFO  j.c.l.c.controller.SubCostController 18 - LoginController.login:诸费用画面跳转开始
2020-06-08 17:25:27,454 [http-nio-8080-exec-9] INFO  j.c.l.c.controller.SubCostController 18 - LoginController.login:诸费用画面跳转开始
2020-06-08 17:25:27,643 [http-nio-8080-exec-1] INFO  j.c.l.c.controller.SubCostController 18 - LoginController.login:诸费用画面跳转开始
2020-06-08 17:25:27,821 [http-nio-8080-exec-3] INFO  j.c.l.c.controller.SubCostController 18 - LoginController.login:诸费用画面跳转开始
2020-06-08 17:25:28,019 [http-nio-8080-exec-5] INFO  j.c.l.c.controller.SubCostController 18 - LoginController.login:诸费用画面跳转开始
2020-06-08 17:26:13,503 [RMI TCP Connection(2)-127.0.0.1] INFO  o.s.b.a.SpringApplicationAdminMXBeanRegistrar$SpringApplicationAdmin 159 - Application shutdown requested.
2020-06-08 17:26:13,505 [RMI TCP Connection(2)-127.0.0.1] INFO  o.s.s.c.ThreadPoolTaskExecutor 208 - Shutting down ExecutorService 'applicationTaskExecutor'
2020-06-08 17:26:16,214 [main] INFO  jp.co.lyc.cms.ApplicationMain 50 - Starting ApplicationMain on LAPTOP-A94PII7T with PID 14944 (E:\LYC_CMS\target\classes started by Vin.Young in E:\LYC_CMS)
2020-06-08 17:26:16,216 [main] INFO  jp.co.lyc.cms.ApplicationMain 647 - No active profile set, falling back to default profiles: default
2020-06-08 17:26:17,012 [main] INFO  o.s.b.w.e.tomcat.TomcatWebServer 90 - Tomcat initialized with port(s): 8080 (http)
2020-06-08 17:26:17,022 [main] INFO  o.a.coyote.http11.Http11NioProtocol 173 - Initializing ProtocolHandler ["http-nio-8080"]
2020-06-08 17:26:17,029 [main] INFO  o.a.catalina.core.StandardService 173 - Starting service [Tomcat]
2020-06-08 17:26:17,030 [main] INFO  o.a.catalina.core.StandardEngine 173 - Starting Servlet engine: [Apache Tomcat/9.0.22]
2020-06-08 17:26:17,106 [main] INFO  o.a.c.c.C.[Tomcat].[localhost].[/] 173 - Initializing Spring embedded WebApplicationContext
2020-06-08 17:26:17,106 [main] INFO  o.s.web.context.ContextLoader 284 - Root WebApplicationContext: initialization completed in 856 ms
2020-06-08 17:26:17,466 [main] INFO  o.s.s.c.ThreadPoolTaskExecutor 171 - Initializing ExecutorService 'applicationTaskExecutor'
2020-06-08 17:26:17,504 [main] INFO  o.s.b.a.w.s.WelcomePageHandlerMapping 58 - Adding welcome page template: index
2020-06-08 17:26:17,618 [main] INFO  o.a.coyote.http11.Http11NioProtocol 173 - Starting ProtocolHandler ["http-nio-8080"]
2020-06-08 17:26:17,634 [main] INFO  o.s.b.w.e.tomcat.TomcatWebServer 202 - Tomcat started on port(s): 8080 (http) with context path ''
2020-06-08 17:26:17,636 [main] INFO  jp.co.lyc.cms.ApplicationMain 59 - Started ApplicationMain in 1.729 seconds (JVM running for 2.73)
2020-06-08 17:26:32,227 [http-nio-8080-exec-1] INFO  o.a.c.c.C.[Tomcat].[localhost].[/] 173 - Initializing Spring DispatcherServlet 'dispatcherServlet'
2020-06-08 17:26:32,227 [http-nio-8080-exec-1] INFO  o.s.web.servlet.DispatcherServlet 524 - Initializing Servlet 'dispatcherServlet'
2020-06-08 17:26:32,232 [http-nio-8080-exec-1] INFO  o.s.web.servlet.DispatcherServlet 546 - Completed initialization in 5 ms
2020-06-08 17:26:32,245 [http-nio-8080-exec-1] INFO  j.c.l.c.controller.SubCostController 18 - LoginController.login:诸费用画面跳转开始
2020-06-08 17:26:32,784 [http-nio-8080-exec-4] INFO  j.c.l.c.controller.SubCostController 18 - LoginController.login:诸费用画面跳转开始
2020-06-08 17:26:32,951 [http-nio-8080-exec-5] INFO  j.c.l.c.controller.SubCostController 18 - LoginController.login:诸费用画面跳转开始
2020-06-08 17:26:33,094 [http-nio-8080-exec-7] INFO  j.c.l.c.controller.SubCostController 18 - LoginController.login:诸费用画面跳转开始
2020-06-08 17:31:00,303 [RMI TCP Connection(2)-127.0.0.1] INFO  o.s.b.a.SpringApplicationAdminMXBeanRegistrar$SpringApplicationAdmin 159 - Application shutdown requested.
2020-06-08 17:31:00,305 [RMI TCP Connection(2)-127.0.0.1] INFO  o.s.s.c.ThreadPoolTaskExecutor 208 - Shutting down ExecutorService 'applicationTaskExecutor'
