2020-07-15 00:18:32,894 [main] INFO  jp.co.lyc.cms.ApplicationMain 50 - Starting ApplicationMain on LAPTOP-A94PII7T with PID 10744 (E:\LYC_CMS\target\classes started by Vin.Young in E:\LYC_CMS)
2020-07-15 00:18:32,902 [main] INFO  jp.co.lyc.cms.ApplicationMain 647 - No active profile set, falling back to default profiles: default
2020-07-15 00:18:33,971 [main] INFO  o.s.b.w.e.tomcat.TomcatWebServer 90 - Tomcat initialized with port(s): 8080 (http)
2020-07-15 00:18:33,985 [main] INFO  o.a.coyote.http11.Http11NioProtocol 173 - Initializing ProtocolHandler ["http-nio-8080"]
2020-07-15 00:18:33,991 [main] INFO  o.a.catalina.core.StandardService 173 - Starting service [Tomcat]
2020-07-15 00:18:33,991 [main] INFO  o.a.catalina.core.StandardEngine 173 - Starting Servlet engine: [Apache Tomcat/9.0.22]
2020-07-15 00:18:34,080 [main] INFO  o.a.c.c.C.[Tomcat].[localhost].[/] 173 - Initializing Spring embedded WebApplicationContext
2020-07-15 00:18:34,081 [main] INFO  o.s.web.context.ContextLoader 284 - Root WebApplicationContext: initialization completed in 1134 ms
2020-07-15 00:18:51,535 [main] INFO  o.s.s.c.ThreadPoolTaskExecutor 171 - Initializing ExecutorService 'applicationTaskExecutor'
2020-07-15 00:18:57,331 [main] INFO  o.s.b.a.w.s.WelcomePageHandlerMapping 58 - Adding welcome page template: index
2020-07-15 00:19:13,973 [main] INFO  o.a.coyote.http11.Http11NioProtocol 173 - Starting ProtocolHandler ["http-nio-8080"]
2020-07-15 00:19:14,623 [main] INFO  o.s.b.w.e.tomcat.TomcatWebServer 202 - Tomcat started on port(s): 8080 (http) with context path ''
2020-07-15 00:19:14,721 [main] INFO  jp.co.lyc.cms.ApplicationMain 59 - Started ApplicationMain in 42.392 seconds (JVM running for 43.983)
2020-07-15 00:19:52,595 [http-nio-8080-exec-1] INFO  o.a.c.c.C.[Tomcat].[localhost].[/] 173 - Initializing Spring DispatcherServlet 'dispatcherServlet'
2020-07-15 00:19:52,600 [http-nio-8080-exec-1] INFO  o.s.web.servlet.DispatcherServlet 524 - Initializing Servlet 'dispatcherServlet'
2020-07-15 00:19:53,133 [http-nio-8080-exec-1] INFO  o.s.web.servlet.DispatcherServlet 546 - Completed initialization in 529 ms
2020-07-15 00:19:59,672 [http-nio-8080-exec-1] INFO  j.c.l.c.c.CustomerInfoController 29 - CustomerInfoController.onloadPage:页面加载開始
2020-07-15 00:20:00,865 [http-nio-8080-exec-1] INFO  com.zaxxer.hikari.HikariDataSource 110 - HikariPool-1 - Starting...
2020-07-15 00:20:10,377 [http-nio-8080-exec-1] INFO  com.zaxxer.hikari.HikariDataSource 123 - HikariPool-1 - Start completed.
2020-07-15 00:20:11,102 [http-nio-8080-exec-1] DEBUG j.c.l.c.m.C.selectCustomerRanking 143 - ==>  Preparing: SELECT CAST(customerRankingCode AS char) AS customerRankingCode, customerRankingName FROM customer_ranking_master 
2020-07-15 00:20:14,481 [http-nio-8080-exec-1] DEBUG j.c.l.c.m.C.selectCustomerRanking 143 - ==> Parameters: 
2020-07-15 00:20:17,295 [http-nio-8080-exec-1] DEBUG j.c.l.c.m.C.selectCustomerRanking 143 - <==      Total: 5
2020-07-15 00:20:17,716 [http-nio-8080-exec-1] DEBUG j.c.l.c.m.C.selectCompanyNature 143 - ==>  Preparing: SELECT CAST(companyNatureCode AS char) AS companyNatureCode, companyNatureName FROM company_nature_master 
2020-07-15 00:20:17,725 [http-nio-8080-exec-1] DEBUG j.c.l.c.m.C.selectCompanyNature 143 - ==> Parameters: 
2020-07-15 00:20:17,967 [http-nio-8080-exec-1] DEBUG j.c.l.c.m.C.selectCompanyNature 143 - <==      Total: 4
2020-07-15 00:20:18,000 [http-nio-8080-exec-1] DEBUG j.c.l.c.m.C.selectCustomerInfo 143 - ==>  Preparing: SELECT * FROM customer_information WHERE customerNo = ? 
2020-07-15 00:20:18,011 [http-nio-8080-exec-1] DEBUG j.c.l.c.m.C.selectCustomerInfo 143 - ==> Parameters: C002(String)
2020-07-15 00:20:18,351 [http-nio-8080-exec-1] DEBUG j.c.l.c.m.C.selectCustomerInfo 143 - <==      Total: 1
2020-07-15 00:20:45,737 [http-nio-8080-exec-2] INFO  j.c.l.cms.controller.LoginController 44 - LoginController.login:登録開始
2020-07-15 00:20:45,965 [http-nio-8080-exec-2] DEBUG j.c.l.c.m.E.getEmployeeModel 143 - ==>  Preparing: SELECT a.employeeNo, a.employeeFristName, a.employeeLastName, a.authorityCode, b.authorityProperty FROM employee a LEFT JOIN authority_master b ON a.authorityCode = b.authorityCode LEFT JOIN employee_detail c ON a.employeeNo = c.employeeNo WHERE a. PASSWORD = ? AND a.employeeNo = ? 
2020-07-15 00:20:45,976 [http-nio-8080-exec-2] DEBUG j.c.l.c.m.E.getEmployeeModel 143 - ==> Parameters: 1(String), LYC001(String)
2020-07-15 00:20:46,270 [http-nio-8080-exec-2] DEBUG j.c.l.c.m.E.getEmployeeModel 143 - <==      Total: 1
2020-07-15 00:20:52,708 [http-nio-8080-exec-3] INFO  j.c.l.c.c.CustomerInfoController 29 - CustomerInfoController.onloadPage:页面加载開始
2020-07-15 00:20:52,923 [http-nio-8080-exec-3] DEBUG j.c.l.c.m.C.selectCustomerRanking 143 - ==>  Preparing: SELECT CAST(customerRankingCode AS char) AS customerRankingCode, customerRankingName FROM customer_ranking_master 
2020-07-15 00:20:52,932 [http-nio-8080-exec-3] DEBUG j.c.l.c.m.C.selectCustomerRanking 143 - ==> Parameters: 
2020-07-15 00:20:53,177 [http-nio-8080-exec-3] DEBUG j.c.l.c.m.C.selectCustomerRanking 143 - <==      Total: 5
2020-07-15 00:20:53,188 [http-nio-8080-exec-3] DEBUG j.c.l.c.m.C.selectCompanyNature 143 - ==>  Preparing: SELECT CAST(companyNatureCode AS char) AS companyNatureCode, companyNatureName FROM company_nature_master 
2020-07-15 00:20:53,196 [http-nio-8080-exec-3] DEBUG j.c.l.c.m.C.selectCompanyNature 143 - ==> Parameters: 
2020-07-15 00:20:53,436 [http-nio-8080-exec-3] DEBUG j.c.l.c.m.C.selectCompanyNature 143 - <==      Total: 4
2020-07-15 00:20:53,446 [http-nio-8080-exec-3] DEBUG j.c.l.c.m.C.selectCustomerInfo 143 - ==>  Preparing: SELECT * FROM customer_information WHERE customerNo = ? 
2020-07-15 00:20:53,455 [http-nio-8080-exec-3] DEBUG j.c.l.c.m.C.selectCustomerInfo 143 - ==> Parameters: C002(String)
2020-07-15 00:20:53,710 [http-nio-8080-exec-3] DEBUG j.c.l.c.m.C.selectCustomerInfo 143 - <==      Total: 1
2020-07-15 00:22:56,306 [http-nio-8080-exec-5] INFO  j.c.l.c.c.CustomerInfoController 29 - CustomerInfoController.onloadPage:页面加载開始
2020-07-15 00:22:56,525 [http-nio-8080-exec-5] DEBUG j.c.l.c.m.C.selectCustomerRanking 143 - ==>  Preparing: SELECT CAST(customerRankingCode AS char) AS customerRankingCode, customerRankingName FROM customer_ranking_master 
2020-07-15 00:22:56,533 [http-nio-8080-exec-5] DEBUG j.c.l.c.m.C.selectCustomerRanking 143 - ==> Parameters: 
2020-07-15 00:22:56,766 [http-nio-8080-exec-5] DEBUG j.c.l.c.m.C.selectCustomerRanking 143 - <==      Total: 5
2020-07-15 00:22:56,778 [http-nio-8080-exec-5] DEBUG j.c.l.c.m.C.selectCompanyNature 143 - ==>  Preparing: SELECT CAST(companyNatureCode AS char) AS companyNatureCode, companyNatureName FROM company_nature_master 
2020-07-15 00:22:56,786 [http-nio-8080-exec-5] DEBUG j.c.l.c.m.C.selectCompanyNature 143 - ==> Parameters: 
2020-07-15 00:22:57,025 [http-nio-8080-exec-5] DEBUG j.c.l.c.m.C.selectCompanyNature 143 - <==      Total: 4
2020-07-15 00:22:57,037 [http-nio-8080-exec-5] DEBUG j.c.l.c.m.C.customerNoSaiBan 143 - ==>  Preparing: SELECT MAX(customerNo) AS saibanCustomerNo FROM customer_information 
2020-07-15 00:22:57,045 [http-nio-8080-exec-5] DEBUG j.c.l.c.m.C.customerNoSaiBan 143 - ==> Parameters: 
2020-07-15 00:22:57,319 [http-nio-8080-exec-5] DEBUG j.c.l.c.m.C.customerNoSaiBan 143 - <==      Total: 1
2020-07-15 00:23:02,539 [http-nio-8080-exec-6] INFO  j.c.l.c.c.CustomerInfoController 29 - CustomerInfoController.onloadPage:页面加载開始
2020-07-15 00:23:02,739 [http-nio-8080-exec-6] DEBUG j.c.l.c.m.C.selectCustomerRanking 143 - ==>  Preparing: SELECT CAST(customerRankingCode AS char) AS customerRankingCode, customerRankingName FROM customer_ranking_master 
2020-07-15 00:23:02,747 [http-nio-8080-exec-6] DEBUG j.c.l.c.m.C.selectCustomerRanking 143 - ==> Parameters: 
2020-07-15 00:23:02,974 [http-nio-8080-exec-6] DEBUG j.c.l.c.m.C.selectCustomerRanking 143 - <==      Total: 5
2020-07-15 00:23:02,984 [http-nio-8080-exec-6] DEBUG j.c.l.c.m.C.selectCompanyNature 143 - ==>  Preparing: SELECT CAST(companyNatureCode AS char) AS companyNatureCode, companyNatureName FROM company_nature_master 
2020-07-15 00:23:02,993 [http-nio-8080-exec-6] DEBUG j.c.l.c.m.C.selectCompanyNature 143 - ==> Parameters: 
2020-07-15 00:23:03,236 [http-nio-8080-exec-6] DEBUG j.c.l.c.m.C.selectCompanyNature 143 - <==      Total: 4
2020-07-15 00:23:03,247 [http-nio-8080-exec-6] DEBUG j.c.l.c.m.C.selectCustomerInfo 143 - ==>  Preparing: SELECT * FROM customer_information WHERE customerNo = ? 
2020-07-15 00:23:03,256 [http-nio-8080-exec-6] DEBUG j.c.l.c.m.C.selectCustomerInfo 143 - ==> Parameters: C002(String)
2020-07-15 00:23:03,531 [http-nio-8080-exec-6] DEBUG j.c.l.c.m.C.selectCustomerInfo 143 - <==      Total: 1
2020-07-15 00:23:08,099 [http-nio-8080-exec-7] INFO  j.c.l.c.c.CustomerInfoController 29 - CustomerInfoController.onloadPage:页面加载開始
2020-07-15 00:23:08,314 [http-nio-8080-exec-7] DEBUG j.c.l.c.m.C.selectCustomerRanking 143 - ==>  Preparing: SELECT CAST(customerRankingCode AS char) AS customerRankingCode, customerRankingName FROM customer_ranking_master 
2020-07-15 00:23:08,322 [http-nio-8080-exec-7] DEBUG j.c.l.c.m.C.selectCustomerRanking 143 - ==> Parameters: 
2020-07-15 00:23:08,567 [http-nio-8080-exec-7] DEBUG j.c.l.c.m.C.selectCustomerRanking 143 - <==      Total: 5
2020-07-15 00:23:08,588 [http-nio-8080-exec-7] DEBUG j.c.l.c.m.C.selectCompanyNature 143 - ==>  Preparing: SELECT CAST(companyNatureCode AS char) AS companyNatureCode, companyNatureName FROM company_nature_master 
2020-07-15 00:23:08,597 [http-nio-8080-exec-7] DEBUG j.c.l.c.m.C.selectCompanyNature 143 - ==> Parameters: 
2020-07-15 00:23:08,839 [http-nio-8080-exec-7] DEBUG j.c.l.c.m.C.selectCompanyNature 143 - <==      Total: 4
2020-07-15 00:23:08,851 [http-nio-8080-exec-7] DEBUG j.c.l.c.m.C.customerNoSaiBan 143 - ==>  Preparing: SELECT MAX(customerNo) AS saibanCustomerNo FROM customer_information 
2020-07-15 00:23:08,874 [http-nio-8080-exec-7] DEBUG j.c.l.c.m.C.customerNoSaiBan 143 - ==> Parameters: 
2020-07-15 00:23:09,158 [http-nio-8080-exec-7] DEBUG j.c.l.c.m.C.customerNoSaiBan 143 - <==      Total: 1
2020-07-15 00:23:15,473 [http-nio-8080-exec-8] INFO  j.c.l.c.c.CustomerInfoController 29 - CustomerInfoController.onloadPage:页面加载開始
2020-07-15 00:23:15,704 [http-nio-8080-exec-8] DEBUG j.c.l.c.m.C.selectCustomerRanking 143 - ==>  Preparing: SELECT CAST(customerRankingCode AS char) AS customerRankingCode, customerRankingName FROM customer_ranking_master 
2020-07-15 00:23:15,713 [http-nio-8080-exec-8] DEBUG j.c.l.c.m.C.selectCustomerRanking 143 - ==> Parameters: 
2020-07-15 00:23:15,943 [http-nio-8080-exec-8] DEBUG j.c.l.c.m.C.selectCustomerRanking 143 - <==      Total: 5
2020-07-15 00:23:15,954 [http-nio-8080-exec-8] DEBUG j.c.l.c.m.C.selectCompanyNature 143 - ==>  Preparing: SELECT CAST(companyNatureCode AS char) AS companyNatureCode, companyNatureName FROM company_nature_master 
2020-07-15 00:23:15,962 [http-nio-8080-exec-8] DEBUG j.c.l.c.m.C.selectCompanyNature 143 - ==> Parameters: 
2020-07-15 00:23:16,207 [http-nio-8080-exec-8] DEBUG j.c.l.c.m.C.selectCompanyNature 143 - <==      Total: 4
2020-07-15 00:23:16,218 [http-nio-8080-exec-8] DEBUG j.c.l.c.m.C.selectCustomerInfo 143 - ==>  Preparing: SELECT * FROM customer_information WHERE customerNo = ? 
2020-07-15 00:23:16,227 [http-nio-8080-exec-8] DEBUG j.c.l.c.m.C.selectCustomerInfo 143 - ==> Parameters: C002(String)
2020-07-15 00:23:16,488 [http-nio-8080-exec-8] DEBUG j.c.l.c.m.C.selectCustomerInfo 143 - <==      Total: 1
2020-07-15 00:23:18,500 [http-nio-8080-exec-9] INFO  j.c.l.c.c.BankInfoController 33 - BankInfoController.getBankInfo:検索開始
2020-07-15 00:23:18,505 [http-nio-8080-exec-9] INFO  j.c.l.c.c.BankInfoController 131 - BankInfoController.selectBankInfo:查询開始
2020-07-15 00:23:18,726 [http-nio-8080-exec-9] DEBUG j.c.l.c.m.G.selectAccountInfo 143 - ==>  Preparing: SELECT ACI.* , BBM.bankBranchName FROM account_information AS ACI LEFT JOIN bank_barnch_master as BBM ON ACI.bankCode = BBM.bankCode AND ACI.bankBranchCode = BBM.bankBranchCode WHERE employeeOrCustomerNo=? AND accountBelongsStatus=? 
2020-07-15 00:23:18,737 [http-nio-8080-exec-9] DEBUG j.c.l.c.m.G.selectAccountInfo 143 - ==> Parameters: C002(String), 1(String)
2020-07-15 00:23:19,098 [http-nio-8080-exec-9] DEBUG j.c.l.c.m.G.selectAccountInfo 143 - <==      Total: 0
2020-07-15 00:23:19,111 [http-nio-8080-exec-9] DEBUG j.c.l.c.m.G.selectBankInfo 143 - ==>  Preparing: SELECT bankName FROM bank_master 
2020-07-15 00:23:19,120 [http-nio-8080-exec-9] DEBUG j.c.l.c.m.G.selectBankInfo 143 - ==> Parameters: 
2020-07-15 00:23:19,362 [http-nio-8080-exec-9] DEBUG j.c.l.c.m.G.selectBankInfo 143 - <==      Total: 4
2020-07-15 00:23:43,952 [http-nio-8080-exec-10] INFO  j.c.l.c.c.BankInfoController 33 - BankInfoController.getBankInfo:検索開始
2020-07-15 00:23:43,959 [http-nio-8080-exec-10] INFO  j.c.l.c.c.BankInfoController 131 - BankInfoController.selectBankInfo:查询開始
2020-07-15 00:23:44,185 [http-nio-8080-exec-10] DEBUG j.c.l.c.m.G.selectAccountInfo 143 - ==>  Preparing: SELECT ACI.* , BBM.bankBranchName FROM account_information AS ACI LEFT JOIN bank_barnch_master as BBM ON ACI.bankCode = BBM.bankCode AND ACI.bankBranchCode = BBM.bankBranchCode WHERE employeeOrCustomerNo=? AND accountBelongsStatus=? 
2020-07-15 00:23:44,196 [http-nio-8080-exec-10] DEBUG j.c.l.c.m.G.selectAccountInfo 143 - ==> Parameters: C002(String), 1(String)
2020-07-15 00:23:44,432 [http-nio-8080-exec-10] DEBUG j.c.l.c.m.G.selectAccountInfo 143 - <==      Total: 0
2020-07-15 00:23:55,954 [http-nio-8080-exec-10] DEBUG j.c.l.c.m.G.selectBankInfo 143 - ==>  Preparing: SELECT bankName FROM bank_master 
2020-07-15 00:23:55,963 [http-nio-8080-exec-10] DEBUG j.c.l.c.m.G.selectBankInfo 143 - ==> Parameters: 
2020-07-15 00:23:56,179 [http-nio-8080-exec-10] DEBUG j.c.l.c.m.G.selectBankInfo 143 - <==      Total: 4
2020-07-15 00:24:00,201 [http-nio-8080-exec-1] INFO  j.c.l.c.c.BankInfoController 33 - BankInfoController.getBankInfo:検索開始
2020-07-15 00:24:04,419 [http-nio-8080-exec-1] INFO  j.c.l.c.c.BankInfoController 131 - BankInfoController.selectBankInfo:查询開始
2020-07-15 00:24:04,660 [http-nio-8080-exec-1] DEBUG j.c.l.c.m.G.selectAccountInfo 143 - ==>  Preparing: SELECT ACI.* , BBM.bankBranchName FROM account_information AS ACI LEFT JOIN bank_barnch_master as BBM ON ACI.bankCode = BBM.bankCode AND ACI.bankBranchCode = BBM.bankBranchCode WHERE employeeOrCustomerNo=? AND accountBelongsStatus=? 
2020-07-15 00:24:04,679 [http-nio-8080-exec-1] DEBUG j.c.l.c.m.G.selectAccountInfo 143 - ==> Parameters: C002(String), 1(String)
2020-07-15 00:24:04,970 [http-nio-8080-exec-1] DEBUG j.c.l.c.m.G.selectAccountInfo 143 - <==      Total: 0
2020-07-15 00:24:42,624 [http-nio-8080-exec-1] DEBUG j.c.l.c.m.G.selectBankInfo 143 - ==>  Preparing: SELECT bankName FROM bank_master 
2020-07-15 00:24:42,633 [http-nio-8080-exec-1] DEBUG j.c.l.c.m.G.selectBankInfo 143 - ==> Parameters: 
2020-07-15 00:24:42,846 [http-nio-8080-exec-1] DEBUG j.c.l.c.m.G.selectBankInfo 143 - <==      Total: 4
2020-07-15 00:24:48,549 [http-nio-8080-exec-2] INFO  j.c.l.c.c.BankInfoController 33 - BankInfoController.getBankInfo:検索開始
2020-07-15 00:24:52,306 [http-nio-8080-exec-2] INFO  j.c.l.c.c.BankInfoController 131 - BankInfoController.selectBankInfo:查询開始
2020-07-15 00:24:52,512 [http-nio-8080-exec-2] DEBUG j.c.l.c.m.G.selectAccountInfo 143 - ==>  Preparing: SELECT ACI.* , BBM.bankBranchName FROM account_information AS ACI LEFT JOIN bank_barnch_master as BBM ON ACI.bankCode = BBM.bankCode AND ACI.bankBranchCode = BBM.bankBranchCode WHERE employeeOrCustomerNo=? AND accountBelongsStatus=? 
2020-07-15 00:24:52,512 [http-nio-8080-exec-2] DEBUG j.c.l.c.m.G.selectAccountInfo 143 - ==> Parameters: C002(String), 1(String)
2020-07-15 00:24:52,716 [http-nio-8080-exec-2] DEBUG j.c.l.c.m.G.selectAccountInfo 143 - <==      Total: 1
2020-07-15 00:24:52,717 [http-nio-8080-exec-2] DEBUG j.c.l.c.m.G.selectBankInfo 143 - ==>  Preparing: SELECT bankName FROM bank_master 
2020-07-15 00:24:52,717 [http-nio-8080-exec-2] DEBUG j.c.l.c.m.G.selectBankInfo 143 - ==> Parameters: 
2020-07-15 00:24:52,908 [http-nio-8080-exec-2] DEBUG j.c.l.c.m.G.selectBankInfo 143 - <==      Total: 4
2020-07-15 00:24:56,292 [http-nio-8080-exec-3] INFO  j.c.l.c.c.BankInfoController 33 - BankInfoController.getBankInfo:検索開始
2020-07-15 00:24:56,293 [http-nio-8080-exec-3] INFO  j.c.l.c.c.BankInfoController 131 - BankInfoController.selectBankInfo:查询開始
2020-07-15 00:24:56,502 [http-nio-8080-exec-3] DEBUG j.c.l.c.m.G.selectAccountInfo 143 - ==>  Preparing: SELECT ACI.* , BBM.bankBranchName FROM account_information AS ACI LEFT JOIN bank_barnch_master as BBM ON ACI.bankCode = BBM.bankCode AND ACI.bankBranchCode = BBM.bankBranchCode WHERE employeeOrCustomerNo=? AND accountBelongsStatus=? 
2020-07-15 00:24:56,503 [http-nio-8080-exec-3] DEBUG j.c.l.c.m.G.selectAccountInfo 143 - ==> Parameters: C002(String), 1(String)
2020-07-15 00:24:56,703 [http-nio-8080-exec-3] DEBUG j.c.l.c.m.G.selectAccountInfo 143 - <==      Total: 1
2020-07-15 00:24:56,703 [http-nio-8080-exec-3] DEBUG j.c.l.c.m.G.selectBankInfo 143 - ==>  Preparing: SELECT bankName FROM bank_master 
2020-07-15 00:24:56,704 [http-nio-8080-exec-3] DEBUG j.c.l.c.m.G.selectBankInfo 143 - ==> Parameters: 
2020-07-15 00:24:56,898 [http-nio-8080-exec-3] DEBUG j.c.l.c.m.G.selectBankInfo 143 - <==      Total: 4
2020-07-15 00:24:58,569 [http-nio-8080-exec-5] INFO  j.c.l.c.c.TopCustomerInfoController 29 - TopCustomerInfoController.onloadPage:页面加载開始
2020-07-15 00:24:58,785 [http-nio-8080-exec-5] DEBUG j.c.l.c.m.T.selectTopCustomerInfo 143 - ==>  Preparing: SELECT * FROM top_customer WHERE TopCustomerNo = ? 
2020-07-15 00:24:58,785 [http-nio-8080-exec-5] DEBUG j.c.l.c.m.T.selectTopCustomerInfo 143 - ==> Parameters: (String)
2020-07-15 00:24:58,985 [http-nio-8080-exec-5] DEBUG j.c.l.c.m.T.selectTopCustomerInfo 143 - <==      Total: 0
2020-07-15 00:27:19,416 [http-nio-8080-exec-7] INFO  j.c.l.c.c.BankInfoController 33 - BankInfoController.getBankInfo:検索開始
2020-07-15 00:27:19,417 [http-nio-8080-exec-7] INFO  j.c.l.c.c.BankInfoController 131 - BankInfoController.selectBankInfo:查询開始
2020-07-15 00:27:19,623 [http-nio-8080-exec-7] DEBUG j.c.l.c.m.G.selectAccountInfo 143 - ==>  Preparing: SELECT ACI.* , BBM.bankBranchName FROM account_information AS ACI LEFT JOIN bank_barnch_master as BBM ON ACI.bankCode = BBM.bankCode AND ACI.bankBranchCode = BBM.bankBranchCode WHERE employeeOrCustomerNo=? AND accountBelongsStatus=? 
2020-07-15 00:27:19,624 [http-nio-8080-exec-7] DEBUG j.c.l.c.m.G.selectAccountInfo 143 - ==> Parameters: C002(String), 1(String)
2020-07-15 00:27:19,824 [http-nio-8080-exec-7] DEBUG j.c.l.c.m.G.selectAccountInfo 143 - <==      Total: 1
2020-07-15 00:27:19,824 [http-nio-8080-exec-7] DEBUG j.c.l.c.m.G.selectBankInfo 143 - ==>  Preparing: SELECT bankName FROM bank_master 
2020-07-15 00:27:19,824 [http-nio-8080-exec-7] DEBUG j.c.l.c.m.G.selectBankInfo 143 - ==> Parameters: 
2020-07-15 00:27:20,014 [http-nio-8080-exec-7] DEBUG j.c.l.c.m.G.selectBankInfo 143 - <==      Total: 4
2020-07-15 00:27:21,792 [http-nio-8080-exec-8] INFO  j.c.l.c.c.TopCustomerInfoController 29 - TopCustomerInfoController.onloadPage:页面加载開始
2020-07-15 00:27:21,988 [http-nio-8080-exec-8] DEBUG j.c.l.c.m.T.selectTopCustomerInfo 143 - ==>  Preparing: SELECT * FROM top_customer WHERE TopCustomerNo = ? 
2020-07-15 00:27:21,988 [http-nio-8080-exec-8] DEBUG j.c.l.c.m.T.selectTopCustomerInfo 143 - ==> Parameters: (String)
2020-07-15 00:27:22,178 [http-nio-8080-exec-8] DEBUG j.c.l.c.m.T.selectTopCustomerInfo 143 - <==      Total: 0
2020-07-15 01:17:16,935 [http-nio-8080-exec-1] INFO  j.c.l.c.c.CustomerInfoController 29 - CustomerInfoController.onloadPage:页面加载開始
2020-07-15 01:17:16,985 [http-nio-8080-exec-1] WARN  com.zaxxer.hikari.pool.PoolBase 176 - HikariPool-1 - Failed to validate connection com.mysql.cj.jdbc.ConnectionImpl@380c0174 (No operations allowed after connection closed.). Possibly consider using a shorter maxLifetime value.
2020-07-15 01:17:17,008 [http-nio-8080-exec-1] WARN  com.zaxxer.hikari.pool.PoolBase 176 - HikariPool-1 - Failed to validate connection com.mysql.cj.jdbc.ConnectionImpl@3c310c4f (No operations allowed after connection closed.). Possibly consider using a shorter maxLifetime value.
2020-07-15 01:17:17,034 [http-nio-8080-exec-1] WARN  com.zaxxer.hikari.pool.PoolBase 176 - HikariPool-1 - Failed to validate connection com.mysql.cj.jdbc.ConnectionImpl@7ff8ebe (No operations allowed after connection closed.). Possibly consider using a shorter maxLifetime value.
2020-07-15 01:17:17,065 [http-nio-8080-exec-1] WARN  com.zaxxer.hikari.pool.PoolBase 176 - HikariPool-1 - Failed to validate connection com.mysql.cj.jdbc.ConnectionImpl@5fa02894 (No operations allowed after connection closed.). Possibly consider using a shorter maxLifetime value.
2020-07-15 01:17:17,091 [http-nio-8080-exec-1] WARN  com.zaxxer.hikari.pool.PoolBase 176 - HikariPool-1 - Failed to validate connection com.mysql.cj.jdbc.ConnectionImpl@12e0b781 (No operations allowed after connection closed.). Possibly consider using a shorter maxLifetime value.
2020-07-15 01:17:17,114 [http-nio-8080-exec-1] WARN  com.zaxxer.hikari.pool.PoolBase 176 - HikariPool-1 - Failed to validate connection com.mysql.cj.jdbc.ConnectionImpl@260792e6 (No operations allowed after connection closed.). Possibly consider using a shorter maxLifetime value.
2020-07-15 01:17:17,139 [http-nio-8080-exec-1] WARN  com.zaxxer.hikari.pool.PoolBase 176 - HikariPool-1 - Failed to validate connection com.mysql.cj.jdbc.ConnectionImpl@5d7672e6 (No operations allowed after connection closed.). Possibly consider using a shorter maxLifetime value.
2020-07-15 01:17:17,169 [http-nio-8080-exec-1] WARN  com.zaxxer.hikari.pool.PoolBase 176 - HikariPool-1 - Failed to validate connection com.mysql.cj.jdbc.ConnectionImpl@3cc1554 (No operations allowed after connection closed.). Possibly consider using a shorter maxLifetime value.
2020-07-15 01:17:17,194 [http-nio-8080-exec-1] WARN  com.zaxxer.hikari.pool.PoolBase 176 - HikariPool-1 - Failed to validate connection com.mysql.cj.jdbc.ConnectionImpl@1487f613 (No operations allowed after connection closed.). Possibly consider using a shorter maxLifetime value.
2020-07-15 01:17:17,218 [http-nio-8080-exec-1] WARN  com.zaxxer.hikari.pool.PoolBase 176 - HikariPool-1 - Failed to validate connection com.mysql.cj.jdbc.ConnectionImpl@e8dc6c7 (No operations allowed after connection closed.). Possibly consider using a shorter maxLifetime value.
2020-07-15 01:17:19,056 [http-nio-8080-exec-1] DEBUG j.c.l.c.m.C.selectCustomerRanking 143 - ==>  Preparing: SELECT CAST(customerRankingCode AS char) AS customerRankingCode, customerRankingName FROM customer_ranking_master 
2020-07-15 01:17:19,056 [http-nio-8080-exec-1] DEBUG j.c.l.c.m.C.selectCustomerRanking 143 - ==> Parameters: 
2020-07-15 01:17:19,256 [http-nio-8080-exec-1] DEBUG j.c.l.c.m.C.selectCustomerRanking 143 - <==      Total: 5
2020-07-15 01:17:19,257 [http-nio-8080-exec-1] DEBUG j.c.l.c.m.C.selectCompanyNature 143 - ==>  Preparing: SELECT CAST(companyNatureCode AS char) AS companyNatureCode, companyNatureName FROM company_nature_master 
2020-07-15 01:17:19,257 [http-nio-8080-exec-1] DEBUG j.c.l.c.m.C.selectCompanyNature 143 - ==> Parameters: 
2020-07-15 01:17:19,466 [http-nio-8080-exec-1] DEBUG j.c.l.c.m.C.selectCompanyNature 143 - <==      Total: 4
2020-07-15 01:17:19,467 [http-nio-8080-exec-1] DEBUG j.c.l.c.m.C.customerNoSaiBan 143 - ==>  Preparing: SELECT MAX(customerNo) AS saibanCustomerNo FROM customer_information 
2020-07-15 01:17:19,467 [http-nio-8080-exec-1] DEBUG j.c.l.c.m.C.customerNoSaiBan 143 - ==> Parameters: 
2020-07-15 01:17:19,661 [http-nio-8080-exec-1] DEBUG j.c.l.c.m.C.customerNoSaiBan 143 - <==      Total: 1
2020-07-15 01:17:24,663 [http-nio-8080-exec-2] INFO  j.c.l.c.c.CustomerInfoController 29 - CustomerInfoController.onloadPage:页面加载開始
2020-07-15 01:17:24,860 [http-nio-8080-exec-2] DEBUG j.c.l.c.m.C.selectCustomerRanking 143 - ==>  Preparing: SELECT CAST(customerRankingCode AS char) AS customerRankingCode, customerRankingName FROM customer_ranking_master 
2020-07-15 01:17:24,861 [http-nio-8080-exec-2] DEBUG j.c.l.c.m.C.selectCustomerRanking 143 - ==> Parameters: 
2020-07-15 01:17:25,061 [http-nio-8080-exec-2] DEBUG j.c.l.c.m.C.selectCustomerRanking 143 - <==      Total: 5
2020-07-15 01:17:25,062 [http-nio-8080-exec-2] DEBUG j.c.l.c.m.C.selectCompanyNature 143 - ==>  Preparing: SELECT CAST(companyNatureCode AS char) AS companyNatureCode, companyNatureName FROM company_nature_master 
2020-07-15 01:17:25,062 [http-nio-8080-exec-2] DEBUG j.c.l.c.m.C.selectCompanyNature 143 - ==> Parameters: 
2020-07-15 01:17:25,255 [http-nio-8080-exec-2] DEBUG j.c.l.c.m.C.selectCompanyNature 143 - <==      Total: 4
2020-07-15 01:17:25,256 [http-nio-8080-exec-2] DEBUG j.c.l.c.m.C.selectCustomerInfo 143 - ==>  Preparing: SELECT * FROM customer_information WHERE customerNo = ? 
2020-07-15 01:17:25,256 [http-nio-8080-exec-2] DEBUG j.c.l.c.m.C.selectCustomerInfo 143 - ==> Parameters: C002(String)
2020-07-15 01:17:25,459 [http-nio-8080-exec-2] DEBUG j.c.l.c.m.C.selectCustomerInfo 143 - <==      Total: 1
2020-07-15 01:17:31,700 [http-nio-8080-exec-3] INFO  j.c.l.c.c.CustomerInfoController 29 - CustomerInfoController.onloadPage:页面加载開始
2020-07-15 01:17:31,901 [http-nio-8080-exec-3] DEBUG j.c.l.c.m.C.selectCustomerRanking 143 - ==>  Preparing: SELECT CAST(customerRankingCode AS char) AS customerRankingCode, customerRankingName FROM customer_ranking_master 
2020-07-15 01:17:31,901 [http-nio-8080-exec-3] DEBUG j.c.l.c.m.C.selectCustomerRanking 143 - ==> Parameters: 
2020-07-15 01:17:32,106 [http-nio-8080-exec-3] DEBUG j.c.l.c.m.C.selectCustomerRanking 143 - <==      Total: 5
2020-07-15 01:17:32,106 [http-nio-8080-exec-3] DEBUG j.c.l.c.m.C.selectCompanyNature 143 - ==>  Preparing: SELECT CAST(companyNatureCode AS char) AS companyNatureCode, companyNatureName FROM company_nature_master 
2020-07-15 01:17:32,107 [http-nio-8080-exec-3] DEBUG j.c.l.c.m.C.selectCompanyNature 143 - ==> Parameters: 
2020-07-15 01:17:32,320 [http-nio-8080-exec-3] DEBUG j.c.l.c.m.C.selectCompanyNature 143 - <==      Total: 4
2020-07-15 01:17:32,321 [http-nio-8080-exec-3] DEBUG j.c.l.c.m.C.customerNoSaiBan 143 - ==>  Preparing: SELECT MAX(customerNo) AS saibanCustomerNo FROM customer_information 
2020-07-15 01:17:32,322 [http-nio-8080-exec-3] DEBUG j.c.l.c.m.C.customerNoSaiBan 143 - ==> Parameters: 
2020-07-15 01:17:32,541 [http-nio-8080-exec-3] DEBUG j.c.l.c.m.C.customerNoSaiBan 143 - <==      Total: 1
2020-07-15 01:18:02,661 [http-nio-8080-exec-4] INFO  j.c.l.c.c.CustomerInfoController 29 - CustomerInfoController.onloadPage:页面加载開始
2020-07-15 01:18:02,866 [http-nio-8080-exec-4] DEBUG j.c.l.c.m.C.selectCustomerRanking 143 - ==>  Preparing: SELECT CAST(customerRankingCode AS char) AS customerRankingCode, customerRankingName FROM customer_ranking_master 
2020-07-15 01:18:02,866 [http-nio-8080-exec-4] DEBUG j.c.l.c.m.C.selectCustomerRanking 143 - ==> Parameters: 
2020-07-15 01:18:03,076 [http-nio-8080-exec-4] DEBUG j.c.l.c.m.C.selectCustomerRanking 143 - <==      Total: 5
2020-07-15 01:18:03,077 [http-nio-8080-exec-4] DEBUG j.c.l.c.m.C.selectCompanyNature 143 - ==>  Preparing: SELECT CAST(companyNatureCode AS char) AS companyNatureCode, companyNatureName FROM company_nature_master 
2020-07-15 01:18:03,077 [http-nio-8080-exec-4] DEBUG j.c.l.c.m.C.selectCompanyNature 143 - ==> Parameters: 
2020-07-15 01:18:03,290 [http-nio-8080-exec-4] DEBUG j.c.l.c.m.C.selectCompanyNature 143 - <==      Total: 4
2020-07-15 01:18:03,291 [http-nio-8080-exec-4] DEBUG j.c.l.c.m.C.customerNoSaiBan 143 - ==>  Preparing: SELECT MAX(customerNo) AS saibanCustomerNo FROM customer_information 
2020-07-15 01:18:03,291 [http-nio-8080-exec-4] DEBUG j.c.l.c.m.C.customerNoSaiBan 143 - ==> Parameters: 
2020-07-15 01:18:03,486 [http-nio-8080-exec-4] DEBUG j.c.l.c.m.C.customerNoSaiBan 143 - <==      Total: 1
2020-07-15 01:20:26,078 [http-nio-8080-exec-8] DEBUG j.c.l.c.m.G.getCustomer 143 - ==>  Preparing: SELECT customerRankingCode,customerRankingName FROM customer_ranking_master; 
2020-07-15 01:20:26,079 [http-nio-8080-exec-6] DEBUG j.c.l.c.m.G.getNationalitys 143 - ==>  Preparing: SELECT nationalityCode,nationalityName FROM nationality_master; 
2020-07-15 01:20:26,079 [http-nio-8080-exec-8] DEBUG j.c.l.c.m.G.getCustomer 143 - ==> Parameters: 
2020-07-15 01:20:26,079 [http-nio-8080-exec-6] DEBUG j.c.l.c.m.G.getNationalitys 143 - ==> Parameters: 
2020-07-15 01:20:26,086 [http-nio-8080-exec-9] DEBUG j.c.l.c.m.G.getIntoCompany 143 - ==>  Preparing: SELECT intoCompanyCode,intoCompanyName FROM into_company_master; 
2020-07-15 01:20:26,086 [http-nio-8080-exec-10] DEBUG j.c.l.c.m.G.getJapaneseLevel 143 - ==>  Preparing: SELECT japaneseLevelCode,japaneseLevelName FROM japanese_Level_master; 
2020-07-15 01:20:26,086 [http-nio-8080-exec-9] DEBUG j.c.l.c.m.G.getIntoCompany 143 - ==> Parameters: 
2020-07-15 01:20:26,086 [http-nio-8080-exec-10] DEBUG j.c.l.c.m.G.getJapaneseLevel 143 - ==> Parameters: 
2020-07-15 01:20:26,095 [http-nio-8080-exec-7] DEBUG j.c.l.c.m.G.getVisa 143 - ==>  Preparing: SELECT visaCode,visaName FROM visa_master; 
2020-07-15 01:20:26,095 [http-nio-8080-exec-7] DEBUG j.c.l.c.m.G.getVisa 143 - ==> Parameters: 
2020-07-15 01:20:26,271 [http-nio-8080-exec-8] DEBUG j.c.l.c.m.G.getCustomer 143 - <==      Total: 5
2020-07-15 01:20:26,276 [http-nio-8080-exec-6] DEBUG j.c.l.c.m.G.getNationalitys 143 - <==      Total: 5
2020-07-15 01:20:26,281 [http-nio-8080-exec-9] DEBUG j.c.l.c.m.G.getIntoCompany 143 - <==      Total: 5
2020-07-15 01:20:26,286 [http-nio-8080-exec-10] DEBUG j.c.l.c.m.G.getJapaneseLevel 143 - <==      Total: 6
2020-07-15 01:20:26,290 [http-nio-8080-exec-7] DEBUG j.c.l.c.m.G.getVisa 143 - <==      Total: 9
2020-07-15 01:20:41,945 [http-nio-8080-exec-2] INFO  j.c.l.c.c.CustomerInfoController 29 - CustomerInfoController.onloadPage:页面加载開始
2020-07-15 01:20:42,137 [http-nio-8080-exec-2] DEBUG j.c.l.c.m.C.selectCustomerRanking 143 - ==>  Preparing: SELECT CAST(customerRankingCode AS char) AS customerRankingCode, customerRankingName FROM customer_ranking_master 
2020-07-15 01:20:42,138 [http-nio-8080-exec-2] DEBUG j.c.l.c.m.C.selectCustomerRanking 143 - ==> Parameters: 
2020-07-15 01:20:42,331 [http-nio-8080-exec-2] DEBUG j.c.l.c.m.C.selectCustomerRanking 143 - <==      Total: 5
2020-07-15 01:20:42,332 [http-nio-8080-exec-2] DEBUG j.c.l.c.m.C.selectCompanyNature 143 - ==>  Preparing: SELECT CAST(companyNatureCode AS char) AS companyNatureCode, companyNatureName FROM company_nature_master 
2020-07-15 01:20:42,332 [http-nio-8080-exec-2] DEBUG j.c.l.c.m.C.selectCompanyNature 143 - ==> Parameters: 
2020-07-15 01:20:42,532 [http-nio-8080-exec-2] DEBUG j.c.l.c.m.C.selectCompanyNature 143 - <==      Total: 4
2020-07-15 01:20:42,532 [http-nio-8080-exec-2] DEBUG j.c.l.c.m.C.selectCustomerInfo 143 - ==>  Preparing: SELECT * FROM customer_information WHERE customerNo = ? 
2020-07-15 01:20:42,532 [http-nio-8080-exec-2] DEBUG j.c.l.c.m.C.selectCustomerInfo 143 - ==> Parameters: C002(String)
2020-07-15 01:20:42,722 [http-nio-8080-exec-2] DEBUG j.c.l.c.m.C.selectCustomerInfo 143 - <==      Total: 1
2020-07-15 01:20:45,741 [http-nio-8080-exec-3] INFO  j.c.l.c.c.CustomerInfoController 29 - CustomerInfoController.onloadPage:页面加载開始
2020-07-15 01:20:45,946 [http-nio-8080-exec-3] DEBUG j.c.l.c.m.C.selectCustomerRanking 143 - ==>  Preparing: SELECT CAST(customerRankingCode AS char) AS customerRankingCode, customerRankingName FROM customer_ranking_master 
2020-07-15 01:20:45,946 [http-nio-8080-exec-3] DEBUG j.c.l.c.m.C.selectCustomerRanking 143 - ==> Parameters: 
2020-07-15 01:20:46,143 [http-nio-8080-exec-3] DEBUG j.c.l.c.m.C.selectCustomerRanking 143 - <==      Total: 5
2020-07-15 01:20:46,143 [http-nio-8080-exec-3] DEBUG j.c.l.c.m.C.selectCompanyNature 143 - ==>  Preparing: SELECT CAST(companyNatureCode AS char) AS companyNatureCode, companyNatureName FROM company_nature_master 
2020-07-15 01:20:46,144 [http-nio-8080-exec-3] DEBUG j.c.l.c.m.C.selectCompanyNature 143 - ==> Parameters: 
2020-07-15 01:20:46,357 [http-nio-8080-exec-3] DEBUG j.c.l.c.m.C.selectCompanyNature 143 - <==      Total: 4
2020-07-15 01:20:46,358 [http-nio-8080-exec-3] DEBUG j.c.l.c.m.C.customerNoSaiBan 143 - ==>  Preparing: SELECT MAX(customerNo) AS saibanCustomerNo FROM customer_information 
2020-07-15 01:20:46,358 [http-nio-8080-exec-3] DEBUG j.c.l.c.m.C.customerNoSaiBan 143 - ==> Parameters: 
2020-07-15 01:20:46,552 [http-nio-8080-exec-3] DEBUG j.c.l.c.m.C.customerNoSaiBan 143 - <==      Total: 1
2020-07-15 14:19:07,798 [main] INFO  jp.co.lyc.cms.ApplicationMain 50 - Starting ApplicationMain on LAPTOP-A94PII7T with PID 15528 (E:\LYC_CMS\target\classes started by Vin.Young in E:\LYC_CMS)
2020-07-15 14:19:07,802 [main] INFO  jp.co.lyc.cms.ApplicationMain 647 - No active profile set, falling back to default profiles: default
2020-07-15 14:19:08,868 [main] INFO  o.s.b.w.e.tomcat.TomcatWebServer 90 - Tomcat initialized with port(s): 8080 (http)
2020-07-15 14:19:08,880 [main] INFO  o.a.coyote.http11.Http11NioProtocol 173 - Initializing ProtocolHandler ["http-nio-8080"]
2020-07-15 14:19:08,885 [main] INFO  o.a.catalina.core.StandardService 173 - Starting service [Tomcat]
2020-07-15 14:19:08,886 [main] INFO  o.a.catalina.core.StandardEngine 173 - Starting Servlet engine: [Apache Tomcat/9.0.22]
2020-07-15 14:19:08,976 [main] INFO  o.a.c.c.C.[Tomcat].[localhost].[/] 173 - Initializing Spring embedded WebApplicationContext
2020-07-15 14:19:08,976 [main] INFO  o.s.web.context.ContextLoader 284 - Root WebApplicationContext: initialization completed in 1140 ms
2020-07-15 14:19:09,489 [main] INFO  o.s.s.c.ThreadPoolTaskExecutor 171 - Initializing ExecutorService 'applicationTaskExecutor'
2020-07-15 14:19:09,552 [main] INFO  o.s.b.a.w.s.WelcomePageHandlerMapping 58 - Adding welcome page template: index
2020-07-15 14:19:09,714 [main] INFO  o.a.coyote.http11.Http11NioProtocol 173 - Starting ProtocolHandler ["http-nio-8080"]
2020-07-15 14:19:09,739 [main] INFO  o.s.b.w.e.tomcat.TomcatWebServer 202 - Tomcat started on port(s): 8080 (http) with context path ''
2020-07-15 14:19:09,744 [main] INFO  jp.co.lyc.cms.ApplicationMain 59 - Started ApplicationMain in 2.433 seconds (JVM running for 3.818)
2020-07-15 14:19:15,542 [http-nio-8080-exec-1] INFO  o.a.c.c.C.[Tomcat].[localhost].[/] 173 - Initializing Spring DispatcherServlet 'dispatcherServlet'
2020-07-15 14:19:15,542 [http-nio-8080-exec-1] INFO  o.s.web.servlet.DispatcherServlet 524 - Initializing Servlet 'dispatcherServlet'
2020-07-15 14:19:15,549 [http-nio-8080-exec-1] INFO  o.s.web.servlet.DispatcherServlet 546 - Completed initialization in 7 ms
2020-07-15 14:19:15,659 [http-nio-8080-exec-2] INFO  j.c.l.c.c.CustomerInfoController 29 - CustomerInfoController.onloadPage:页面加载開始
2020-07-15 14:19:15,677 [http-nio-8080-exec-2] INFO  com.zaxxer.hikari.HikariDataSource 110 - HikariPool-1 - Starting...
2020-07-15 14:19:18,659 [http-nio-8080-exec-2] INFO  com.zaxxer.hikari.HikariDataSource 123 - HikariPool-1 - Start completed.
2020-07-15 14:19:18,666 [http-nio-8080-exec-2] DEBUG j.c.l.c.m.C.selectCustomerRanking 143 - ==>  Preparing: SELECT CAST(customerRankingCode AS char) AS customerRankingCode, customerRankingName FROM customer_ranking_master 
2020-07-15 14:19:18,687 [http-nio-8080-exec-2] DEBUG j.c.l.c.m.C.selectCustomerRanking 143 - ==> Parameters: 
2020-07-15 14:19:18,910 [http-nio-8080-exec-2] DEBUG j.c.l.c.m.C.selectCustomerRanking 143 - <==      Total: 5
2020-07-15 14:19:18,914 [http-nio-8080-exec-2] DEBUG j.c.l.c.m.C.selectCompanyNature 143 - ==>  Preparing: SELECT CAST(companyNatureCode AS char) AS companyNatureCode, companyNatureName FROM company_nature_master 
2020-07-15 14:19:18,915 [http-nio-8080-exec-2] DEBUG j.c.l.c.m.C.selectCompanyNature 143 - ==> Parameters: 
2020-07-15 14:19:19,113 [http-nio-8080-exec-2] DEBUG j.c.l.c.m.C.selectCompanyNature 143 - <==      Total: 4
2020-07-15 14:19:19,114 [http-nio-8080-exec-2] DEBUG j.c.l.c.m.C.customerNoSaiBan 143 - ==>  Preparing: SELECT MAX(customerNo) AS saibanCustomerNo FROM customer_information 
2020-07-15 14:19:19,114 [http-nio-8080-exec-2] DEBUG j.c.l.c.m.C.customerNoSaiBan 143 - ==> Parameters: 
2020-07-15 14:19:19,317 [http-nio-8080-exec-2] DEBUG j.c.l.c.m.C.customerNoSaiBan 143 - <==      Total: 1
2020-07-15 14:19:21,777 [http-nio-8080-exec-4] INFO  j.c.l.cms.controller.LoginController 44 - LoginController.login:登録開始
2020-07-15 14:19:21,985 [http-nio-8080-exec-4] DEBUG j.c.l.c.m.E.getEmployeeModel 143 - ==>  Preparing: SELECT a.employeeNo, a.employeeFristName, a.employeeLastName, a.authorityCode, b.authorityProperty FROM employee a LEFT JOIN authority_master b ON a.authorityCode = b.authorityCode LEFT JOIN employee_detail c ON a.employeeNo = c.employeeNo WHERE a. PASSWORD = ? AND a.employeeNo = ? 
2020-07-15 14:19:21,986 [http-nio-8080-exec-4] DEBUG j.c.l.c.m.E.getEmployeeModel 143 - ==> Parameters: 1(String), LYC001(String)
2020-07-15 14:19:22,198 [http-nio-8080-exec-4] DEBUG j.c.l.c.m.E.getEmployeeModel 143 - <==      Total: 1
2020-07-15 14:19:28,651 [http-nio-8080-exec-5] INFO  j.c.l.c.c.CustomerInfoController 29 - CustomerInfoController.onloadPage:页面加载開始
2020-07-15 14:19:28,857 [http-nio-8080-exec-5] DEBUG j.c.l.c.m.C.selectCustomerRanking 143 - ==>  Preparing: SELECT CAST(customerRankingCode AS char) AS customerRankingCode, customerRankingName FROM customer_ranking_master 
2020-07-15 14:19:28,857 [http-nio-8080-exec-5] DEBUG j.c.l.c.m.C.selectCustomerRanking 143 - ==> Parameters: 
2020-07-15 14:19:29,062 [http-nio-8080-exec-5] DEBUG j.c.l.c.m.C.selectCustomerRanking 143 - <==      Total: 5
2020-07-15 14:19:29,063 [http-nio-8080-exec-5] DEBUG j.c.l.c.m.C.selectCompanyNature 143 - ==>  Preparing: SELECT CAST(companyNatureCode AS char) AS companyNatureCode, companyNatureName FROM company_nature_master 
2020-07-15 14:19:29,063 [http-nio-8080-exec-5] DEBUG j.c.l.c.m.C.selectCompanyNature 143 - ==> Parameters: 
2020-07-15 14:19:29,265 [http-nio-8080-exec-5] DEBUG j.c.l.c.m.C.selectCompanyNature 143 - <==      Total: 4
2020-07-15 14:19:29,266 [http-nio-8080-exec-5] DEBUG j.c.l.c.m.C.customerNoSaiBan 143 - ==>  Preparing: SELECT MAX(customerNo) AS saibanCustomerNo FROM customer_information 
2020-07-15 14:19:29,266 [http-nio-8080-exec-5] DEBUG j.c.l.c.m.C.customerNoSaiBan 143 - ==> Parameters: 
2020-07-15 14:19:29,487 [http-nio-8080-exec-5] DEBUG j.c.l.c.m.C.customerNoSaiBan 143 - <==      Total: 1
2020-07-15 14:19:36,419 [http-nio-8080-exec-6] WARN  o.s.w.s.m.s.DefaultHandlerExceptionResolver 198 - Resolved [org.springframework.http.converter.HttpMessageNotReadableException: Required request body is missing: public java.util.HashMap<java.lang.String, java.lang.Object> jp.co.lyc.cms.controller.CustomerInfoController.onloadPage(jp.co.lyc.cms.model.CustomerInfoModel)]
2020-07-15 14:19:53,328 [http-nio-8080-exec-7] WARN  o.s.w.s.m.s.DefaultHandlerExceptionResolver 198 - Resolved [org.springframework.http.converter.HttpMessageNotReadableException: Required request body is missing: public java.util.HashMap<java.lang.String, java.lang.Object> jp.co.lyc.cms.controller.CustomerInfoController.onloadPage(jp.co.lyc.cms.model.CustomerInfoModel)]
2020-07-15 14:22:23,443 [http-nio-8080-exec-9] WARN  o.s.w.s.m.s.DefaultHandlerExceptionResolver 198 - Resolved [org.springframework.http.converter.HttpMessageNotReadableException: Required request body is missing: public java.util.HashMap<java.lang.String, java.lang.Object> jp.co.lyc.cms.controller.CustomerInfoController.onloadPage(jp.co.lyc.cms.model.CustomerInfoModel)]
2020-07-15 14:22:55,966 [http-nio-8080-exec-8] WARN  o.s.w.s.m.s.DefaultHandlerExceptionResolver 198 - Resolved [org.springframework.web.HttpMediaTypeNotSupportedException: Content type 'application/x-www-form-urlencoded;charset=UTF-8' not supported]
2020-07-15 14:23:30,120 [http-nio-8080-exec-10] INFO  j.c.l.c.c.CustomerInfoController 29 - CustomerInfoController.onloadPage:页面加载開始
2020-07-15 14:23:30,328 [http-nio-8080-exec-10] DEBUG j.c.l.c.m.C.selectCustomerRanking 143 - ==>  Preparing: SELECT CAST(customerRankingCode AS char) AS customerRankingCode, customerRankingName FROM customer_ranking_master 
2020-07-15 14:23:30,328 [http-nio-8080-exec-10] DEBUG j.c.l.c.m.C.selectCustomerRanking 143 - ==> Parameters: 
2020-07-15 14:23:30,530 [http-nio-8080-exec-10] DEBUG j.c.l.c.m.C.selectCustomerRanking 143 - <==      Total: 5
2020-07-15 14:23:30,530 [http-nio-8080-exec-10] DEBUG j.c.l.c.m.C.selectCompanyNature 143 - ==>  Preparing: SELECT CAST(companyNatureCode AS char) AS companyNatureCode, companyNatureName FROM company_nature_master 
2020-07-15 14:23:30,531 [http-nio-8080-exec-10] DEBUG j.c.l.c.m.C.selectCompanyNature 143 - ==> Parameters: 
2020-07-15 14:23:30,728 [http-nio-8080-exec-10] DEBUG j.c.l.c.m.C.selectCompanyNature 143 - <==      Total: 4
2020-07-15 14:23:50,966 [http-nio-8080-exec-1] INFO  j.c.l.c.c.CustomerInfoController 29 - CustomerInfoController.onloadPage:页面加载開始
2020-07-15 14:23:52,330 [http-nio-8080-exec-1] DEBUG j.c.l.c.m.C.selectCustomerRanking 143 - ==>  Preparing: SELECT CAST(customerRankingCode AS char) AS customerRankingCode, customerRankingName FROM customer_ranking_master 
2020-07-15 14:23:52,347 [http-nio-8080-exec-1] DEBUG j.c.l.c.m.C.selectCustomerRanking 143 - ==> Parameters: 
2020-07-15 14:23:52,581 [http-nio-8080-exec-1] DEBUG j.c.l.c.m.C.selectCustomerRanking 143 - <==      Total: 5
2020-07-15 14:23:53,030 [http-nio-8080-exec-1] DEBUG j.c.l.c.m.C.selectCompanyNature 143 - ==>  Preparing: SELECT CAST(companyNatureCode AS char) AS companyNatureCode, companyNatureName FROM company_nature_master 
2020-07-15 14:23:53,041 [http-nio-8080-exec-1] DEBUG j.c.l.c.m.C.selectCompanyNature 143 - ==> Parameters: 
2020-07-15 14:23:53,295 [http-nio-8080-exec-1] DEBUG j.c.l.c.m.C.selectCompanyNature 143 - <==      Total: 4
2020-07-15 14:24:15,017 [main] INFO  jp.co.lyc.cms.ApplicationMain 50 - Starting ApplicationMain on LAPTOP-A94PII7T with PID 14224 (E:\LYC_CMS\target\classes started by Vin.Young in E:\LYC_CMS)
2020-07-15 14:24:15,021 [main] INFO  jp.co.lyc.cms.ApplicationMain 647 - No active profile set, falling back to default profiles: default
2020-07-15 14:24:16,096 [main] INFO  o.s.b.w.e.tomcat.TomcatWebServer 90 - Tomcat initialized with port(s): 8080 (http)
2020-07-15 14:24:16,109 [main] INFO  o.a.coyote.http11.Http11NioProtocol 173 - Initializing ProtocolHandler ["http-nio-8080"]
2020-07-15 14:24:16,115 [main] INFO  o.a.catalina.core.StandardService 173 - Starting service [Tomcat]
2020-07-15 14:24:16,115 [main] INFO  o.a.catalina.core.StandardEngine 173 - Starting Servlet engine: [Apache Tomcat/9.0.22]
2020-07-15 14:24:16,200 [main] INFO  o.a.c.c.C.[Tomcat].[localhost].[/] 173 - Initializing Spring embedded WebApplicationContext
2020-07-15 14:24:16,201 [main] INFO  o.s.web.context.ContextLoader 284 - Root WebApplicationContext: initialization completed in 1146 ms
2020-07-15 14:24:34,405 [main] INFO  o.s.s.c.ThreadPoolTaskExecutor 171 - Initializing ExecutorService 'applicationTaskExecutor'
2020-07-15 14:24:40,058 [main] INFO  o.s.b.a.w.s.WelcomePageHandlerMapping 58 - Adding welcome page template: index
2020-07-15 14:24:56,938 [main] INFO  o.a.coyote.http11.Http11NioProtocol 173 - Starting ProtocolHandler ["http-nio-8080"]
2020-07-15 14:24:57,557 [main] INFO  o.s.b.w.e.tomcat.TomcatWebServer 202 - Tomcat started on port(s): 8080 (http) with context path ''
2020-07-15 14:24:57,674 [main] INFO  jp.co.lyc.cms.ApplicationMain 59 - Started ApplicationMain in 43.145 seconds (JVM running for 44.475)
2020-07-15 14:25:10,771 [http-nio-8080-exec-1] INFO  o.a.c.c.C.[Tomcat].[localhost].[/] 173 - Initializing Spring DispatcherServlet 'dispatcherServlet'
2020-07-15 14:25:10,777 [http-nio-8080-exec-1] INFO  o.s.web.servlet.DispatcherServlet 524 - Initializing Servlet 'dispatcherServlet'
2020-07-15 14:25:11,313 [http-nio-8080-exec-1] INFO  o.s.web.servlet.DispatcherServlet 546 - Completed initialization in 531 ms
2020-07-15 14:25:12,870 [http-nio-8080-exec-1] INFO  j.c.l.c.c.CustomerInfoController 29 - CustomerInfoController.onloadPage:页面加载開始
2020-07-15 14:25:12,888 [http-nio-8080-exec-1] INFO  com.zaxxer.hikari.HikariDataSource 110 - HikariPool-1 - Starting...
2020-07-15 14:25:15,486 [http-nio-8080-exec-1] INFO  com.zaxxer.hikari.HikariDataSource 123 - HikariPool-1 - Start completed.
2020-07-15 14:25:15,493 [http-nio-8080-exec-1] DEBUG j.c.l.c.m.C.selectCustomerRanking 143 - ==>  Preparing: SELECT CAST(customerRankingCode AS char) AS customerRankingCode, customerRankingName FROM customer_ranking_master 
2020-07-15 14:25:15,514 [http-nio-8080-exec-1] DEBUG j.c.l.c.m.C.selectCustomerRanking 143 - ==> Parameters: 
2020-07-15 14:25:15,733 [http-nio-8080-exec-1] DEBUG j.c.l.c.m.C.selectCustomerRanking 143 - <==      Total: 5
2020-07-15 14:25:15,737 [http-nio-8080-exec-1] DEBUG j.c.l.c.m.C.selectCompanyNature 143 - ==>  Preparing: SELECT CAST(companyNatureCode AS char) AS companyNatureCode, companyNatureName FROM company_nature_master 
2020-07-15 14:25:15,737 [http-nio-8080-exec-1] DEBUG j.c.l.c.m.C.selectCompanyNature 143 - ==> Parameters: 
2020-07-15 14:25:15,939 [http-nio-8080-exec-1] DEBUG j.c.l.c.m.C.selectCompanyNature 143 - <==      Total: 4
2020-07-15 14:25:15,940 [http-nio-8080-exec-1] DEBUG j.c.l.c.m.C.customerNoSaiBan 143 - ==>  Preparing: SELECT MAX(customerNo) AS saibanCustomerNo FROM customer_information 
2020-07-15 14:25:15,941 [http-nio-8080-exec-1] DEBUG j.c.l.c.m.C.customerNoSaiBan 143 - ==> Parameters: 
2020-07-15 14:25:16,142 [http-nio-8080-exec-1] DEBUG j.c.l.c.m.C.customerNoSaiBan 143 - <==      Total: 1
2020-07-15 14:25:20,848 [http-nio-8080-exec-2] INFO  j.c.l.c.c.CustomerInfoController 29 - CustomerInfoController.onloadPage:页面加载開始
2020-07-15 14:25:21,042 [http-nio-8080-exec-2] DEBUG j.c.l.c.m.C.selectCustomerRanking 143 - ==>  Preparing: SELECT CAST(customerRankingCode AS char) AS customerRankingCode, customerRankingName FROM customer_ranking_master 
2020-07-15 14:25:21,043 [http-nio-8080-exec-2] DEBUG j.c.l.c.m.C.selectCustomerRanking 143 - ==> Parameters: 
2020-07-15 14:25:21,255 [http-nio-8080-exec-2] DEBUG j.c.l.c.m.C.selectCustomerRanking 143 - <==      Total: 5
2020-07-15 14:25:21,256 [http-nio-8080-exec-2] DEBUG j.c.l.c.m.C.selectCompanyNature 143 - ==>  Preparing: SELECT CAST(companyNatureCode AS char) AS companyNatureCode, companyNatureName FROM company_nature_master 
2020-07-15 14:25:21,256 [http-nio-8080-exec-2] DEBUG j.c.l.c.m.C.selectCompanyNature 143 - ==> Parameters: 
2020-07-15 14:25:21,455 [http-nio-8080-exec-2] DEBUG j.c.l.c.m.C.selectCompanyNature 143 - <==      Total: 4
2020-07-15 14:29:23,506 [http-nio-8080-exec-4] INFO  j.c.l.c.c.CustomerInfoController 29 - CustomerInfoController.onloadPage:页面加载開始
2020-07-15 14:29:23,731 [http-nio-8080-exec-4] DEBUG j.c.l.c.m.C.selectCustomerRanking 143 - ==>  Preparing: SELECT CAST(customerRankingCode AS char) AS customerRankingCode, customerRankingName FROM customer_ranking_master 
2020-07-15 14:29:23,731 [http-nio-8080-exec-4] DEBUG j.c.l.c.m.C.selectCustomerRanking 143 - ==> Parameters: 
2020-07-15 14:29:23,930 [http-nio-8080-exec-4] DEBUG j.c.l.c.m.C.selectCustomerRanking 143 - <==      Total: 5
2020-07-15 14:29:23,931 [http-nio-8080-exec-4] DEBUG j.c.l.c.m.C.selectCompanyNature 143 - ==>  Preparing: SELECT CAST(companyNatureCode AS char) AS companyNatureCode, companyNatureName FROM company_nature_master 
2020-07-15 14:29:23,931 [http-nio-8080-exec-4] DEBUG j.c.l.c.m.C.selectCompanyNature 143 - ==> Parameters: 
2020-07-15 14:29:24,129 [http-nio-8080-exec-4] DEBUG j.c.l.c.m.C.selectCompanyNature 143 - <==      Total: 4
2020-07-15 14:29:24,132 [http-nio-8080-exec-4] DEBUG j.c.l.c.m.C.selectCustomerInfo 143 - ==>  Preparing: SELECT * FROM customer_information WHERE customerNo = ? 
2020-07-15 14:29:24,132 [http-nio-8080-exec-4] DEBUG j.c.l.c.m.C.selectCustomerInfo 143 - ==> Parameters: C002(String)
2020-07-15 14:29:24,335 [http-nio-8080-exec-4] DEBUG j.c.l.c.m.C.selectCustomerInfo 143 - <==      Total: 1
2020-07-15 14:47:38,389 [http-nio-8080-exec-7] INFO  j.c.l.c.c.TopCustomerInfoController 29 - TopCustomerInfoController.onloadPage:页面加载開始
2020-07-15 14:47:38,443 [http-nio-8080-exec-7] WARN  com.zaxxer.hikari.pool.PoolBase 176 - HikariPool-1 - Failed to validate connection com.mysql.cj.jdbc.ConnectionImpl@2ac2b32f (No operations allowed after connection closed.). Possibly consider using a shorter maxLifetime value.
2020-07-15 14:47:38,469 [http-nio-8080-exec-7] WARN  com.zaxxer.hikari.pool.PoolBase 176 - HikariPool-1 - Failed to validate connection com.mysql.cj.jdbc.ConnectionImpl@5bfd434a (No operations allowed after connection closed.). Possibly consider using a shorter maxLifetime value.
2020-07-15 14:47:38,493 [http-nio-8080-exec-7] WARN  com.zaxxer.hikari.pool.PoolBase 176 - HikariPool-1 - Failed to validate connection com.mysql.cj.jdbc.ConnectionImpl@6499d8d1 (No operations allowed after connection closed.). Possibly consider using a shorter maxLifetime value.
2020-07-15 14:47:38,522 [http-nio-8080-exec-7] WARN  com.zaxxer.hikari.pool.PoolBase 176 - HikariPool-1 - Failed to validate connection com.mysql.cj.jdbc.ConnectionImpl@242df4eb (No operations allowed after connection closed.). Possibly consider using a shorter maxLifetime value.
2020-07-15 14:47:38,547 [http-nio-8080-exec-7] WARN  com.zaxxer.hikari.pool.PoolBase 176 - HikariPool-1 - Failed to validate connection com.mysql.cj.jdbc.ConnectionImpl@7f0bfcf4 (No operations allowed after connection closed.). Possibly consider using a shorter maxLifetime value.
2020-07-15 14:47:38,579 [http-nio-8080-exec-7] WARN  com.zaxxer.hikari.pool.PoolBase 176 - HikariPool-1 - Failed to validate connection com.mysql.cj.jdbc.ConnectionImpl@4e5d074c (No operations allowed after connection closed.). Possibly consider using a shorter maxLifetime value.
2020-07-15 14:47:38,604 [http-nio-8080-exec-7] WARN  com.zaxxer.hikari.pool.PoolBase 176 - HikariPool-1 - Failed to validate connection com.mysql.cj.jdbc.ConnectionImpl@64a81106 (No operations allowed after connection closed.). Possibly consider using a shorter maxLifetime value.
2020-07-15 14:47:38,632 [http-nio-8080-exec-7] WARN  com.zaxxer.hikari.pool.PoolBase 176 - HikariPool-1 - Failed to validate connection com.mysql.cj.jdbc.ConnectionImpl@2f693bd4 (No operations allowed after connection closed.). Possibly consider using a shorter maxLifetime value.
2020-07-15 14:47:38,654 [http-nio-8080-exec-7] WARN  com.zaxxer.hikari.pool.PoolBase 176 - HikariPool-1 - Failed to validate connection com.mysql.cj.jdbc.ConnectionImpl@fa58e91 (No operations allowed after connection closed.). Possibly consider using a shorter maxLifetime value.
2020-07-15 14:47:38,681 [http-nio-8080-exec-7] WARN  com.zaxxer.hikari.pool.PoolBase 176 - HikariPool-1 - Failed to validate connection com.mysql.cj.jdbc.ConnectionImpl@29e48f4e (No operations allowed after connection closed.). Possibly consider using a shorter maxLifetime value.
2020-07-15 14:47:40,561 [http-nio-8080-exec-7] DEBUG j.c.l.c.m.T.selectTopCustomerInfo 143 - ==>  Preparing: SELECT * FROM top_customer WHERE TopCustomerNo = ? 
2020-07-15 14:47:40,562 [http-nio-8080-exec-7] DEBUG j.c.l.c.m.T.selectTopCustomerInfo 143 - ==> Parameters: (String)
2020-07-15 14:47:40,762 [http-nio-8080-exec-7] DEBUG j.c.l.c.m.T.selectTopCustomerInfo 143 - <==      Total: 0
2020-07-15 14:49:09,193 [http-nio-8080-exec-9] INFO  j.c.l.c.c.TopCustomerInfoController 29 - TopCustomerInfoController.onloadPage:页面加载開始
2020-07-15 14:49:09,395 [http-nio-8080-exec-9] DEBUG j.c.l.c.m.T.selectTopCustomerInfo 143 - ==>  Preparing: SELECT * FROM top_customer WHERE TopCustomerNo = ? 
2020-07-15 14:49:09,396 [http-nio-8080-exec-9] DEBUG j.c.l.c.m.T.selectTopCustomerInfo 143 - ==> Parameters: (String)
2020-07-15 14:49:09,596 [http-nio-8080-exec-9] DEBUG j.c.l.c.m.T.selectTopCustomerInfo 143 - <==      Total: 0
2020-07-15 14:51:22,394 [http-nio-8080-exec-2] INFO  j.c.l.c.c.CustomerInfoController 29 - CustomerInfoController.onloadPage:页面加载開始
2020-07-15 14:51:22,591 [http-nio-8080-exec-2] DEBUG j.c.l.c.m.C.selectCustomerRanking 143 - ==>  Preparing: SELECT CAST(customerRankingCode AS char) AS customerRankingCode, customerRankingName FROM customer_ranking_master 
2020-07-15 14:51:22,592 [http-nio-8080-exec-2] DEBUG j.c.l.c.m.C.selectCustomerRanking 143 - ==> Parameters: 
2020-07-15 14:51:22,797 [http-nio-8080-exec-2] DEBUG j.c.l.c.m.C.selectCustomerRanking 143 - <==      Total: 5
2020-07-15 14:51:22,798 [http-nio-8080-exec-2] DEBUG j.c.l.c.m.C.selectCompanyNature 143 - ==>  Preparing: SELECT CAST(companyNatureCode AS char) AS companyNatureCode, companyNatureName FROM company_nature_master 
2020-07-15 14:51:22,798 [http-nio-8080-exec-2] DEBUG j.c.l.c.m.C.selectCompanyNature 143 - ==> Parameters: 
2020-07-15 14:51:22,997 [http-nio-8080-exec-2] DEBUG j.c.l.c.m.C.selectCompanyNature 143 - <==      Total: 4
2020-07-15 14:51:37,254 [http-nio-8080-exec-3] INFO  j.c.l.c.c.CustomerInfoController 29 - CustomerInfoController.onloadPage:页面加载開始
2020-07-15 14:51:37,462 [http-nio-8080-exec-3] DEBUG j.c.l.c.m.C.selectCustomerRanking 143 - ==>  Preparing: SELECT CAST(customerRankingCode AS char) AS customerRankingCode, customerRankingName FROM customer_ranking_master 
2020-07-15 14:51:37,462 [http-nio-8080-exec-3] DEBUG j.c.l.c.m.C.selectCustomerRanking 143 - ==> Parameters: 
2020-07-15 14:51:37,668 [http-nio-8080-exec-3] DEBUG j.c.l.c.m.C.selectCustomerRanking 143 - <==      Total: 5
2020-07-15 14:51:37,669 [http-nio-8080-exec-3] DEBUG j.c.l.c.m.C.selectCompanyNature 143 - ==>  Preparing: SELECT CAST(companyNatureCode AS char) AS companyNatureCode, companyNatureName FROM company_nature_master 
2020-07-15 14:51:37,669 [http-nio-8080-exec-3] DEBUG j.c.l.c.m.C.selectCompanyNature 143 - ==> Parameters: 
2020-07-15 14:51:37,877 [http-nio-8080-exec-3] DEBUG j.c.l.c.m.C.selectCompanyNature 143 - <==      Total: 4
2020-07-15 14:51:37,878 [http-nio-8080-exec-3] DEBUG j.c.l.c.m.C.customerNoSaiBan 143 - ==>  Preparing: SELECT MAX(customerNo) AS saibanCustomerNo FROM customer_information 
2020-07-15 14:51:37,878 [http-nio-8080-exec-3] DEBUG j.c.l.c.m.C.customerNoSaiBan 143 - ==> Parameters: 
2020-07-15 14:51:38,080 [http-nio-8080-exec-3] DEBUG j.c.l.c.m.C.customerNoSaiBan 143 - <==      Total: 1
2020-07-15 14:51:40,614 [http-nio-8080-exec-5] INFO  j.c.l.c.c.BankInfoController 33 - BankInfoController.getBankInfo:検索開始
2020-07-15 14:51:40,825 [http-nio-8080-exec-5] DEBUG j.c.l.c.m.G.selectBankInfo 143 - ==>  Preparing: SELECT bankName FROM bank_master 
2020-07-15 14:51:40,826 [http-nio-8080-exec-5] DEBUG j.c.l.c.m.G.selectBankInfo 143 - ==> Parameters: 
2020-07-15 14:51:41,024 [http-nio-8080-exec-5] DEBUG j.c.l.c.m.G.selectBankInfo 143 - <==      Total: 4
2020-07-15 14:51:48,553 [http-nio-8080-exec-6] INFO  j.c.l.c.c.TopCustomerInfoController 29 - TopCustomerInfoController.onloadPage:页面加载開始
2020-07-15 14:51:48,745 [http-nio-8080-exec-6] DEBUG j.c.l.c.m.T.TopCustomerNoSaiBan 143 - ==>  Preparing: SELECT MAX(TopCustomerNo) AS TopCustomerNoSaiBan FROM top_customer 
2020-07-15 14:51:48,745 [http-nio-8080-exec-6] DEBUG j.c.l.c.m.T.TopCustomerNoSaiBan 143 - ==> Parameters: 
2020-07-15 14:51:48,949 [http-nio-8080-exec-6] DEBUG j.c.l.c.m.T.TopCustomerNoSaiBan 143 - <==      Total: 1
2020-07-15 14:59:04,804 [http-nio-8080-exec-8] INFO  j.c.l.c.c.CustomerInfoController 29 - CustomerInfoController.onloadPage:页面加载開始
2020-07-15 14:59:04,847 [http-nio-8080-exec-8] WARN  com.zaxxer.hikari.pool.PoolBase 176 - HikariPool-1 - Failed to validate connection com.mysql.cj.jdbc.ConnectionImpl@6d4ab9a9 (No operations allowed after connection closed.). Possibly consider using a shorter maxLifetime value.
2020-07-15 14:59:04,880 [http-nio-8080-exec-8] WARN  com.zaxxer.hikari.pool.PoolBase 176 - HikariPool-1 - Failed to validate connection com.mysql.cj.jdbc.ConnectionImpl@67b2d2d9 (No operations allowed after connection closed.). Possibly consider using a shorter maxLifetime value.
2020-07-15 14:59:04,902 [http-nio-8080-exec-8] WARN  com.zaxxer.hikari.pool.PoolBase 176 - HikariPool-1 - Failed to validate connection com.mysql.cj.jdbc.ConnectionImpl@22b0404b (No operations allowed after connection closed.). Possibly consider using a shorter maxLifetime value.
2020-07-15 14:59:04,926 [http-nio-8080-exec-8] WARN  com.zaxxer.hikari.pool.PoolBase 176 - HikariPool-1 - Failed to validate connection com.mysql.cj.jdbc.ConnectionImpl@1a0f2245 (No operations allowed after connection closed.). Possibly consider using a shorter maxLifetime value.
2020-07-15 14:59:04,961 [http-nio-8080-exec-8] WARN  com.zaxxer.hikari.pool.PoolBase 176 - HikariPool-1 - Failed to validate connection com.mysql.cj.jdbc.ConnectionImpl@135825be (No operations allowed after connection closed.). Possibly consider using a shorter maxLifetime value.
2020-07-15 14:59:04,987 [http-nio-8080-exec-8] WARN  com.zaxxer.hikari.pool.PoolBase 176 - HikariPool-1 - Failed to validate connection com.mysql.cj.jdbc.ConnectionImpl@79097698 (No operations allowed after connection closed.). Possibly consider using a shorter maxLifetime value.
2020-07-15 14:59:05,015 [http-nio-8080-exec-8] WARN  com.zaxxer.hikari.pool.PoolBase 176 - HikariPool-1 - Failed to validate connection com.mysql.cj.jdbc.ConnectionImpl@46d18122 (No operations allowed after connection closed.). Possibly consider using a shorter maxLifetime value.
2020-07-15 14:59:05,052 [http-nio-8080-exec-8] WARN  com.zaxxer.hikari.pool.PoolBase 176 - HikariPool-1 - Failed to validate connection com.mysql.cj.jdbc.ConnectionImpl@6a1c9880 (No operations allowed after connection closed.). Possibly consider using a shorter maxLifetime value.
2020-07-15 14:59:05,082 [http-nio-8080-exec-8] WARN  com.zaxxer.hikari.pool.PoolBase 176 - HikariPool-1 - Failed to validate connection com.mysql.cj.jdbc.ConnectionImpl@293b1d70 (No operations allowed after connection closed.). Possibly consider using a shorter maxLifetime value.
2020-07-15 14:59:05,107 [http-nio-8080-exec-8] WARN  com.zaxxer.hikari.pool.PoolBase 176 - HikariPool-1 - Failed to validate connection com.mysql.cj.jdbc.ConnectionImpl@1bb41379 (No operations allowed after connection closed.). Possibly consider using a shorter maxLifetime value.
2020-07-15 14:59:06,910 [http-nio-8080-exec-8] DEBUG j.c.l.c.m.C.selectCustomerRanking 143 - ==>  Preparing: SELECT CAST(customerRankingCode AS char) AS customerRankingCode, customerRankingName FROM customer_ranking_master 
2020-07-15 14:59:06,911 [http-nio-8080-exec-8] DEBUG j.c.l.c.m.C.selectCustomerRanking 143 - ==> Parameters: 
2020-07-15 14:59:07,148 [http-nio-8080-exec-8] DEBUG j.c.l.c.m.C.selectCustomerRanking 143 - <==      Total: 5
2020-07-15 14:59:07,149 [http-nio-8080-exec-8] DEBUG j.c.l.c.m.C.selectCompanyNature 143 - ==>  Preparing: SELECT CAST(companyNatureCode AS char) AS companyNatureCode, companyNatureName FROM company_nature_master 
2020-07-15 14:59:07,149 [http-nio-8080-exec-8] DEBUG j.c.l.c.m.C.selectCompanyNature 143 - ==> Parameters: 
2020-07-15 14:59:07,357 [http-nio-8080-exec-8] DEBUG j.c.l.c.m.C.selectCompanyNature 143 - <==      Total: 4
2020-07-15 14:59:57,672 [http-nio-8080-exec-10] DEBUG j.c.l.c.m.G.getVisa 143 - ==>  Preparing: SELECT visaCode,visaName FROM visa_master; 
2020-07-15 14:59:57,672 [http-nio-8080-exec-9] DEBUG j.c.l.c.m.G.getNationalitys 143 - ==>  Preparing: SELECT nationalityCode,nationalityName FROM nationality_master; 
2020-07-15 14:59:57,672 [http-nio-8080-exec-10] DEBUG j.c.l.c.m.G.getVisa 143 - ==> Parameters: 
2020-07-15 14:59:57,672 [http-nio-8080-exec-9] DEBUG j.c.l.c.m.G.getNationalitys 143 - ==> Parameters: 
2020-07-15 14:59:57,677 [http-nio-8080-exec-3] DEBUG j.c.l.c.m.G.getJapaneseLevel 143 - ==>  Preparing: SELECT japaneseLevelCode,japaneseLevelName FROM japanese_Level_master; 
2020-07-15 14:59:57,677 [http-nio-8080-exec-1] DEBUG j.c.l.c.m.G.getCustomer 143 - ==>  Preparing: SELECT customerRankingCode,customerRankingName FROM customer_ranking_master; 
2020-07-15 14:59:57,677 [http-nio-8080-exec-1] DEBUG j.c.l.c.m.G.getCustomer 143 - ==> Parameters: 
2020-07-15 14:59:57,677 [http-nio-8080-exec-3] DEBUG j.c.l.c.m.G.getJapaneseLevel 143 - ==> Parameters: 
2020-07-15 14:59:57,682 [http-nio-8080-exec-2] DEBUG j.c.l.c.m.G.getIntoCompany 143 - ==>  Preparing: SELECT intoCompanyCode,intoCompanyName FROM into_company_master; 
2020-07-15 14:59:57,682 [http-nio-8080-exec-2] DEBUG j.c.l.c.m.G.getIntoCompany 143 - ==> Parameters: 
2020-07-15 14:59:57,868 [http-nio-8080-exec-10] DEBUG j.c.l.c.m.G.getVisa 143 - <==      Total: 9
2020-07-15 14:59:57,875 [http-nio-8080-exec-9] DEBUG j.c.l.c.m.G.getNationalitys 143 - <==      Total: 5
2020-07-15 14:59:57,878 [http-nio-8080-exec-1] DEBUG j.c.l.c.m.G.getCustomer 143 - <==      Total: 5
2020-07-15 14:59:57,883 [http-nio-8080-exec-3] DEBUG j.c.l.c.m.G.getJapaneseLevel 143 - <==      Total: 6
2020-07-15 14:59:57,888 [http-nio-8080-exec-2] DEBUG j.c.l.c.m.G.getIntoCompany 143 - <==      Total: 5
