2020-07-17 12:36:23,192 [main] INFO  jp.co.lyc.cms.ApplicationMain 50 - Starting ApplicationMain on LAPTOP-A94PII7T with PID 19716 (E:\LYC_CMS\target\classes started by Vin.Young in E:\LYC_CMS)
2020-07-17 12:36:23,197 [main] INFO  jp.co.lyc.cms.ApplicationMain 647 - No active profile set, falling back to default profiles: default
2020-07-17 12:36:24,210 [main] INFO  o.s.b.w.e.tomcat.TomcatWebServer 90 - Tomcat initialized with port(s): 8080 (http)
2020-07-17 12:36:24,221 [main] INFO  o.a.coyote.http11.Http11NioProtocol 173 - Initializing ProtocolHandler ["http-nio-8080"]
2020-07-17 12:36:24,227 [main] INFO  o.a.catalina.core.StandardService 173 - Starting service [Tomcat]
2020-07-17 12:36:24,228 [main] INFO  o.a.catalina.core.StandardEngine 173 - Starting Servlet engine: [Apache Tomcat/9.0.22]
2020-07-17 12:36:24,312 [main] INFO  o.a.c.c.C.[Tomcat].[localhost].[/] 173 - Initializing Spring embedded WebApplicationContext
2020-07-17 12:36:24,312 [main] INFO  o.s.web.context.ContextLoader 284 - Root WebApplicationContext: initialization completed in 1078 ms
2020-07-17 12:36:24,820 [main] INFO  o.s.s.c.ThreadPoolTaskExecutor 171 - Initializing ExecutorService 'applicationTaskExecutor'
2020-07-17 12:36:24,886 [main] INFO  o.s.b.a.w.s.WelcomePageHandlerMapping 58 - Adding welcome page template: index
2020-07-17 12:36:25,047 [main] INFO  o.a.coyote.http11.Http11NioProtocol 173 - Starting ProtocolHandler ["http-nio-8080"]
2020-07-17 12:36:25,072 [main] INFO  o.s.b.w.e.tomcat.TomcatWebServer 202 - Tomcat started on port(s): 8080 (http) with context path ''
2020-07-17 12:36:25,076 [main] INFO  jp.co.lyc.cms.ApplicationMain 59 - Started ApplicationMain in 2.348 seconds (JVM running for 3.96)
2020-07-17 12:37:04,470 [http-nio-8080-exec-1] INFO  o.a.c.c.C.[Tomcat].[localhost].[/] 173 - Initializing Spring DispatcherServlet 'dispatcherServlet'
2020-07-17 12:37:04,471 [http-nio-8080-exec-1] INFO  o.s.web.servlet.DispatcherServlet 524 - Initializing Servlet 'dispatcherServlet'
2020-07-17 12:37:04,476 [http-nio-8080-exec-1] INFO  o.s.web.servlet.DispatcherServlet 546 - Completed initialization in 5 ms
2020-07-17 12:37:04,590 [http-nio-8080-exec-2] INFO  j.c.l.cms.controller.LoginController 44 - LoginController.login:登録開始
2020-07-17 12:37:04,610 [http-nio-8080-exec-2] INFO  com.zaxxer.hikari.HikariDataSource 110 - HikariPool-1 - Starting...
2020-07-17 12:37:07,593 [http-nio-8080-exec-2] INFO  com.zaxxer.hikari.HikariDataSource 123 - HikariPool-1 - Start completed.
2020-07-17 12:37:07,601 [http-nio-8080-exec-2] DEBUG j.c.l.c.m.E.getEmployeeModel 143 - ==>  Preparing: SELECT a.employeeNo, a.employeeFristName, a.employeeLastName, a.authorityCode, b.authorityProperty FROM employee a LEFT JOIN authority_master b ON a.authorityCode = b.authorityCode LEFT JOIN employee_detail c ON a.employeeNo = c.employeeNo WHERE a. PASSWORD = ? AND a.employeeNo = ? 
2020-07-17 12:37:07,630 [http-nio-8080-exec-2] DEBUG j.c.l.c.m.E.getEmployeeModel 143 - ==> Parameters: 1(String), LYC001(String)
2020-07-17 12:37:07,864 [http-nio-8080-exec-2] DEBUG j.c.l.c.m.E.getEmployeeModel 143 - <==      Total: 1
2020-07-17 12:37:29,774 [http-nio-8080-exec-4] INFO  j.c.l.c.c.CustomerInfoController 29 - CustomerInfoController.onloadPage:页面加载開始
2020-07-17 12:37:29,969 [http-nio-8080-exec-4] DEBUG j.c.l.c.m.C.selectCustomerRanking 143 - ==>  Preparing: SELECT CAST(customerRankingCode AS char) AS customerRankingCode, customerRankingName FROM customer_ranking_master 
2020-07-17 12:37:29,970 [http-nio-8080-exec-4] DEBUG j.c.l.c.m.C.selectCustomerRanking 143 - ==> Parameters: 
2020-07-17 12:37:30,173 [http-nio-8080-exec-4] DEBUG j.c.l.c.m.C.selectCustomerRanking 143 - <==      Total: 5
2020-07-17 12:37:30,174 [http-nio-8080-exec-4] DEBUG j.c.l.c.m.C.selectCompanyNature 143 - ==>  Preparing: SELECT CAST(companyNatureCode AS char) AS companyNatureCode, companyNatureName FROM company_nature_master 
2020-07-17 12:37:30,174 [http-nio-8080-exec-4] DEBUG j.c.l.c.m.C.selectCompanyNature 143 - ==> Parameters: 
2020-07-17 12:37:30,397 [http-nio-8080-exec-4] DEBUG j.c.l.c.m.C.selectCompanyNature 143 - <==      Total: 4
2020-07-17 12:37:36,861 [http-nio-8080-exec-6] INFO  j.c.l.c.c.CustomerInfoSearchController 30 - CustomerInfoController.onloadPage:查询加载開始
2020-07-17 12:37:37,085 [http-nio-8080-exec-6] DEBUG j.c.l.c.m.C.SelectCustomerInfo 143 - ==>  Preparing: SELECT CONCAT(( @rowNo := @rowNo + 1 )) AS rowNo, ci.customerNo, ci.customerName, crm.customerRankingName, ci.headOffice, cnm.companyNatureName, tc.topCustomerName, esi.employeeNo, CONCAT( e.employeeFristName ,e.employeeLastName ) AS employeeName, esi.location, esi.siteManager, esi.unitPrice FROM customer_information AS ci LEFT JOIN employee_site_information AS esi ON ci.customerNo = esi.customerNo AND ci.topCustomerNo = esi.topCustomerNo LEFT JOIN employee AS e ON esi.employeeNo = e.employeeNo LEFT JOIN customer_ranking_master AS crm ON ci.customerRankingCode = crm.customerRankingCode LEFT JOIN company_nature_master AS cnm ON ci.companyNatureCode = cnm.companyNatureCode LEFT JOIN top_customer AS tc ON ci.topCustomerNo = tc.topCustomerNo ,( SELECT @rowNo := 0 ) AS rowNo WHERE 1=1 ORDER BY rowNo 
2020-07-17 12:37:37,085 [http-nio-8080-exec-6] DEBUG j.c.l.c.m.C.SelectCustomerInfo 143 - ==> Parameters: 
2020-07-17 12:37:37,299 [http-nio-8080-exec-6] DEBUG j.c.l.c.m.C.SelectCustomerInfo 143 - <==      Total: 4
2020-07-17 12:40:28,967 [http-nio-8080-exec-8] INFO  j.c.l.c.c.CustomerInfoSearchController 30 - CustomerInfoController.onloadPage:查询加载開始
2020-07-17 12:40:29,176 [http-nio-8080-exec-8] DEBUG j.c.l.c.m.C.SelectCustomerInfo 143 - ==>  Preparing: SELECT CONCAT(( @rowNo := @rowNo + 1 )) AS rowNo, ci.customerNo, ci.customerName, crm.customerRankingName, ci.headOffice, cnm.companyNatureName, tc.topCustomerName, esi.employeeNo, CONCAT( e.employeeFristName ,e.employeeLastName ) AS employeeName, esi.location, esi.siteManager, esi.unitPrice FROM customer_information AS ci LEFT JOIN employee_site_information AS esi ON ci.customerNo = esi.customerNo AND ci.topCustomerNo = esi.topCustomerNo LEFT JOIN employee AS e ON esi.employeeNo = e.employeeNo LEFT JOIN customer_ranking_master AS crm ON ci.customerRankingCode = crm.customerRankingCode LEFT JOIN company_nature_master AS cnm ON ci.companyNatureCode = cnm.companyNatureCode LEFT JOIN top_customer AS tc ON ci.topCustomerNo = tc.topCustomerNo ,( SELECT @rowNo := 0 ) AS rowNo WHERE 1=1 AND ci.customerRankingCode=? ORDER BY rowNo 
2020-07-17 12:40:29,176 [http-nio-8080-exec-8] DEBUG j.c.l.c.m.C.SelectCustomerInfo 143 - ==> Parameters: 0(String)
2020-07-17 12:40:29,384 [http-nio-8080-exec-8] DEBUG j.c.l.c.m.C.SelectCustomerInfo 143 - <==      Total: 1
2020-07-17 12:40:34,190 [http-nio-8080-exec-9] INFO  j.c.l.c.c.CustomerInfoSearchController 30 - CustomerInfoController.onloadPage:查询加载開始
2020-07-17 12:40:34,396 [http-nio-8080-exec-9] DEBUG j.c.l.c.m.C.SelectCustomerInfo 143 - ==>  Preparing: SELECT CONCAT(( @rowNo := @rowNo + 1 )) AS rowNo, ci.customerNo, ci.customerName, crm.customerRankingName, ci.headOffice, cnm.companyNatureName, tc.topCustomerName, esi.employeeNo, CONCAT( e.employeeFristName ,e.employeeLastName ) AS employeeName, esi.location, esi.siteManager, esi.unitPrice FROM customer_information AS ci LEFT JOIN employee_site_information AS esi ON ci.customerNo = esi.customerNo AND ci.topCustomerNo = esi.topCustomerNo LEFT JOIN employee AS e ON esi.employeeNo = e.employeeNo LEFT JOIN customer_ranking_master AS crm ON ci.customerRankingCode = crm.customerRankingCode LEFT JOIN company_nature_master AS cnm ON ci.companyNatureCode = cnm.companyNatureCode LEFT JOIN top_customer AS tc ON ci.topCustomerNo = tc.topCustomerNo ,( SELECT @rowNo := 0 ) AS rowNo WHERE 1=1 AND ci.customerRankingCode=? ORDER BY rowNo 
2020-07-17 12:40:34,396 [http-nio-8080-exec-9] DEBUG j.c.l.c.m.C.SelectCustomerInfo 143 - ==> Parameters: 0(String)
2020-07-17 12:40:34,601 [http-nio-8080-exec-9] DEBUG j.c.l.c.m.C.SelectCustomerInfo 143 - <==      Total: 1
2020-07-17 12:40:36,773 [http-nio-8080-exec-10] INFO  j.c.l.c.c.CustomerInfoSearchController 30 - CustomerInfoController.onloadPage:查询加载開始
2020-07-17 12:40:36,984 [http-nio-8080-exec-10] DEBUG j.c.l.c.m.C.SelectCustomerInfo 143 - ==>  Preparing: SELECT CONCAT(( @rowNo := @rowNo + 1 )) AS rowNo, ci.customerNo, ci.customerName, crm.customerRankingName, ci.headOffice, cnm.companyNatureName, tc.topCustomerName, esi.employeeNo, CONCAT( e.employeeFristName ,e.employeeLastName ) AS employeeName, esi.location, esi.siteManager, esi.unitPrice FROM customer_information AS ci LEFT JOIN employee_site_information AS esi ON ci.customerNo = esi.customerNo AND ci.topCustomerNo = esi.topCustomerNo LEFT JOIN employee AS e ON esi.employeeNo = e.employeeNo LEFT JOIN customer_ranking_master AS crm ON ci.customerRankingCode = crm.customerRankingCode LEFT JOIN company_nature_master AS cnm ON ci.companyNatureCode = cnm.companyNatureCode LEFT JOIN top_customer AS tc ON ci.topCustomerNo = tc.topCustomerNo ,( SELECT @rowNo := 0 ) AS rowNo WHERE 1=1 AND ci.customerRankingCode=? ORDER BY rowNo 
2020-07-17 12:40:36,985 [http-nio-8080-exec-10] DEBUG j.c.l.c.m.C.SelectCustomerInfo 143 - ==> Parameters: 0(String)
2020-07-17 12:40:37,192 [http-nio-8080-exec-10] DEBUG j.c.l.c.m.C.SelectCustomerInfo 143 - <==      Total: 1
2020-07-17 12:40:39,284 [http-nio-8080-exec-1] INFO  j.c.l.c.c.CustomerInfoSearchController 30 - CustomerInfoController.onloadPage:查询加载開始
2020-07-17 12:40:39,497 [http-nio-8080-exec-1] DEBUG j.c.l.c.m.C.SelectCustomerInfo 143 - ==>  Preparing: SELECT CONCAT(( @rowNo := @rowNo + 1 )) AS rowNo, ci.customerNo, ci.customerName, crm.customerRankingName, ci.headOffice, cnm.companyNatureName, tc.topCustomerName, esi.employeeNo, CONCAT( e.employeeFristName ,e.employeeLastName ) AS employeeName, esi.location, esi.siteManager, esi.unitPrice FROM customer_information AS ci LEFT JOIN employee_site_information AS esi ON ci.customerNo = esi.customerNo AND ci.topCustomerNo = esi.topCustomerNo LEFT JOIN employee AS e ON esi.employeeNo = e.employeeNo LEFT JOIN customer_ranking_master AS crm ON ci.customerRankingCode = crm.customerRankingCode LEFT JOIN company_nature_master AS cnm ON ci.companyNatureCode = cnm.companyNatureCode LEFT JOIN top_customer AS tc ON ci.topCustomerNo = tc.topCustomerNo ,( SELECT @rowNo := 0 ) AS rowNo WHERE 1=1 ORDER BY rowNo 
2020-07-17 12:40:39,497 [http-nio-8080-exec-1] DEBUG j.c.l.c.m.C.SelectCustomerInfo 143 - ==> Parameters: 
2020-07-17 12:40:39,708 [http-nio-8080-exec-1] DEBUG j.c.l.c.m.C.SelectCustomerInfo 143 - <==      Total: 4
2020-07-17 12:40:57,212 [http-nio-8080-exec-2] INFO  j.c.l.c.c.CustomerInfoSearchController 30 - CustomerInfoController.onloadPage:查询加载開始
2020-07-17 12:40:57,526 [http-nio-8080-exec-2] DEBUG j.c.l.c.m.C.SelectCustomerInfo 143 - ==>  Preparing: SELECT CONCAT(( @rowNo := @rowNo + 1 )) AS rowNo, ci.customerNo, ci.customerName, crm.customerRankingName, ci.headOffice, cnm.companyNatureName, topNo.topCustomerName, esi.employeeNo, CONCAT( e.employeeFristName ,e.employeeLastName ) AS employeeName, esi.location, esi.siteManager, esi.unitPrice FROM customer_information AS ci LEFT JOIN employee_site_information AS esi ON ci.customerNo = esi.customerNo AND ci.topCustomerNo = esi.topCustomerNo LEFT JOIN employee AS e ON esi.employeeNo = e.employeeNo LEFT JOIN customer_ranking_master AS crm ON ci.customerRankingCode = crm.customerRankingCode LEFT JOIN company_nature_master AS cnm ON ci.companyNatureCode = cnm.companyNatureCode LEFT JOIN ( SELECT topCustomerNo,topCustomerName FROM top_customer WHERE topCustomerName LIKE concat('%',?,'%') ) AS topNo ON ci.topCustomerNo = topNo.topCustomerNo ,( SELECT @rowNo := 0 ) AS rowNo WHERE 1=1 AND ci.topCustomerNo = topNo.topCustomerNo ORDER BY rowNo 
2020-07-17 12:40:57,526 [http-nio-8080-exec-2] DEBUG j.c.l.c.m.C.SelectCustomerInfo 143 - ==> Parameters: 富士通(String)
2020-07-17 12:40:57,731 [http-nio-8080-exec-2] DEBUG j.c.l.c.m.C.SelectCustomerInfo 143 - <==      Total: 2
2020-07-17 12:41:00,824 [http-nio-8080-exec-3] INFO  j.c.l.c.c.CustomerInfoSearchController 30 - CustomerInfoController.onloadPage:查询加载開始
2020-07-17 12:41:01,016 [http-nio-8080-exec-3] DEBUG j.c.l.c.m.C.SelectCustomerInfo 143 - ==>  Preparing: SELECT CONCAT(( @rowNo := @rowNo + 1 )) AS rowNo, ci.customerNo, ci.customerName, crm.customerRankingName, ci.headOffice, cnm.companyNatureName, tc.topCustomerName, esi.employeeNo, CONCAT( e.employeeFristName ,e.employeeLastName ) AS employeeName, esi.location, esi.siteManager, esi.unitPrice FROM customer_information AS ci LEFT JOIN employee_site_information AS esi ON ci.customerNo = esi.customerNo AND ci.topCustomerNo = esi.topCustomerNo LEFT JOIN employee AS e ON esi.employeeNo = e.employeeNo LEFT JOIN customer_ranking_master AS crm ON ci.customerRankingCode = crm.customerRankingCode LEFT JOIN company_nature_master AS cnm ON ci.companyNatureCode = cnm.companyNatureCode LEFT JOIN top_customer AS tc ON ci.topCustomerNo = tc.topCustomerNo ,( SELECT @rowNo := 0 ) AS rowNo WHERE 1=1 ORDER BY rowNo 
2020-07-17 12:41:01,017 [http-nio-8080-exec-3] DEBUG j.c.l.c.m.C.SelectCustomerInfo 143 - ==> Parameters: 
2020-07-17 12:41:01,226 [http-nio-8080-exec-3] DEBUG j.c.l.c.m.C.SelectCustomerInfo 143 - <==      Total: 4
2020-07-17 12:41:23,847 [http-nio-8080-exec-4] INFO  j.c.l.c.c.CustomerInfoSearchController 30 - CustomerInfoController.onloadPage:查询加载開始
2020-07-17 12:41:24,060 [http-nio-8080-exec-4] DEBUG j.c.l.c.m.C.SelectCustomerInfo 143 - ==>  Preparing: SELECT CONCAT(( @rowNo := @rowNo + 1 )) AS rowNo, ci.customerNo, ci.customerName, crm.customerRankingName, ci.headOffice, cnm.companyNatureName, tc.topCustomerName, esi.employeeNo, CONCAT( e.employeeFristName ,e.employeeLastName ) AS employeeName, esi.location, esi.siteManager, esi.unitPrice FROM customer_information AS ci LEFT JOIN employee_site_information AS esi ON ci.customerNo = esi.customerNo AND ci.topCustomerNo = esi.topCustomerNo LEFT JOIN employee AS e ON esi.employeeNo = e.employeeNo LEFT JOIN customer_ranking_master AS crm ON ci.customerRankingCode = crm.customerRankingCode LEFT JOIN company_nature_master AS cnm ON ci.companyNatureCode = cnm.companyNatureCode LEFT JOIN top_customer AS tc ON ci.topCustomerNo = tc.topCustomerNo ,( SELECT @rowNo := 0 ) AS rowNo WHERE 1=1 AND ci.companyNatureCode=? ORDER BY rowNo 
2020-07-17 12:41:24,060 [http-nio-8080-exec-4] DEBUG j.c.l.c.m.C.SelectCustomerInfo 143 - ==> Parameters: 0(String)
2020-07-17 12:41:24,266 [http-nio-8080-exec-4] DEBUG j.c.l.c.m.C.SelectCustomerInfo 143 - <==      Total: 2
2020-07-17 12:41:26,899 [http-nio-8080-exec-5] INFO  j.c.l.c.c.CustomerInfoSearchController 30 - CustomerInfoController.onloadPage:查询加载開始
2020-07-17 12:41:27,105 [http-nio-8080-exec-5] DEBUG j.c.l.c.m.C.SelectCustomerInfo 143 - ==>  Preparing: SELECT CONCAT(( @rowNo := @rowNo + 1 )) AS rowNo, ci.customerNo, ci.customerName, crm.customerRankingName, ci.headOffice, cnm.companyNatureName, tc.topCustomerName, esi.employeeNo, CONCAT( e.employeeFristName ,e.employeeLastName ) AS employeeName, esi.location, esi.siteManager, esi.unitPrice FROM customer_information AS ci LEFT JOIN employee_site_information AS esi ON ci.customerNo = esi.customerNo AND ci.topCustomerNo = esi.topCustomerNo LEFT JOIN employee AS e ON esi.employeeNo = e.employeeNo LEFT JOIN customer_ranking_master AS crm ON ci.customerRankingCode = crm.customerRankingCode LEFT JOIN company_nature_master AS cnm ON ci.companyNatureCode = cnm.companyNatureCode LEFT JOIN top_customer AS tc ON ci.topCustomerNo = tc.topCustomerNo ,( SELECT @rowNo := 0 ) AS rowNo WHERE 1=1 AND ci.companyNatureCode=? ORDER BY rowNo 
2020-07-17 12:41:27,106 [http-nio-8080-exec-5] DEBUG j.c.l.c.m.C.SelectCustomerInfo 143 - ==> Parameters: 1(String)
2020-07-17 12:41:27,311 [http-nio-8080-exec-5] DEBUG j.c.l.c.m.C.SelectCustomerInfo 143 - <==      Total: 2
2020-07-17 12:41:31,971 [http-nio-8080-exec-6] INFO  j.c.l.c.c.CustomerInfoSearchController 30 - CustomerInfoController.onloadPage:查询加载開始
2020-07-17 12:41:32,175 [http-nio-8080-exec-6] DEBUG j.c.l.c.m.C.SelectCustomerInfo 143 - ==>  Preparing: SELECT CONCAT(( @rowNo := @rowNo + 1 )) AS rowNo, ci.customerNo, ci.customerName, crm.customerRankingName, ci.headOffice, cnm.companyNatureName, tc.topCustomerName, esi.employeeNo, CONCAT( e.employeeFristName ,e.employeeLastName ) AS employeeName, esi.location, esi.siteManager, esi.unitPrice FROM customer_information AS ci LEFT JOIN employee_site_information AS esi ON ci.customerNo = esi.customerNo AND ci.topCustomerNo = esi.topCustomerNo LEFT JOIN employee AS e ON esi.employeeNo = e.employeeNo LEFT JOIN customer_ranking_master AS crm ON ci.customerRankingCode = crm.customerRankingCode LEFT JOIN company_nature_master AS cnm ON ci.companyNatureCode = cnm.companyNatureCode LEFT JOIN top_customer AS tc ON ci.topCustomerNo = tc.topCustomerNo ,( SELECT @rowNo := 0 ) AS rowNo WHERE 1=1 AND ci.companyNatureCode=? ORDER BY rowNo 
2020-07-17 12:41:32,176 [http-nio-8080-exec-6] DEBUG j.c.l.c.m.C.SelectCustomerInfo 143 - ==> Parameters: 0(String)
2020-07-17 12:41:32,383 [http-nio-8080-exec-6] DEBUG j.c.l.c.m.C.SelectCustomerInfo 143 - <==      Total: 2
2020-07-17 12:41:36,083 [http-nio-8080-exec-7] INFO  j.c.l.c.c.CustomerInfoSearchController 30 - CustomerInfoController.onloadPage:查询加载開始
2020-07-17 12:41:36,276 [http-nio-8080-exec-7] DEBUG j.c.l.c.m.C.SelectCustomerInfo 143 - ==>  Preparing: SELECT CONCAT(( @rowNo := @rowNo + 1 )) AS rowNo, ci.customerNo, ci.customerName, crm.customerRankingName, ci.headOffice, cnm.companyNatureName, tc.topCustomerName, esi.employeeNo, CONCAT( e.employeeFristName ,e.employeeLastName ) AS employeeName, esi.location, esi.siteManager, esi.unitPrice FROM customer_information AS ci LEFT JOIN employee_site_information AS esi ON ci.customerNo = esi.customerNo AND ci.topCustomerNo = esi.topCustomerNo LEFT JOIN employee AS e ON esi.employeeNo = e.employeeNo LEFT JOIN customer_ranking_master AS crm ON ci.customerRankingCode = crm.customerRankingCode LEFT JOIN company_nature_master AS cnm ON ci.companyNatureCode = cnm.companyNatureCode LEFT JOIN top_customer AS tc ON ci.topCustomerNo = tc.topCustomerNo ,( SELECT @rowNo := 0 ) AS rowNo WHERE 1=1 ORDER BY rowNo 
2020-07-17 12:41:36,277 [http-nio-8080-exec-7] DEBUG j.c.l.c.m.C.SelectCustomerInfo 143 - ==> Parameters: 
2020-07-17 12:41:36,482 [http-nio-8080-exec-7] DEBUG j.c.l.c.m.C.SelectCustomerInfo 143 - <==      Total: 4
2020-07-17 12:42:17,196 [http-nio-8080-exec-8] INFO  j.c.l.c.c.CustomerInfoSearchController 30 - CustomerInfoController.onloadPage:查询加载開始
2020-07-17 12:42:17,405 [http-nio-8080-exec-8] DEBUG j.c.l.c.m.C.SelectCustomerInfo 143 - ==>  Preparing: SELECT CONCAT(( @rowNo := @rowNo + 1 )) AS rowNo, ci.customerNo, ci.customerName, crm.customerRankingName, ci.headOffice, cnm.companyNatureName, tc.topCustomerName, esi.employeeNo, CONCAT( e.employeeFristName ,e.employeeLastName ) AS employeeName, esi.location, esi.siteManager, esi.unitPrice FROM customer_information AS ci LEFT JOIN employee_site_information AS esi ON ci.customerNo = esi.customerNo AND ci.topCustomerNo = esi.topCustomerNo LEFT JOIN employee AS e ON esi.employeeNo = e.employeeNo LEFT JOIN customer_ranking_master AS crm ON ci.customerRankingCode = crm.customerRankingCode LEFT JOIN company_nature_master AS cnm ON ci.companyNatureCode = cnm.companyNatureCode LEFT JOIN top_customer AS tc ON ci.topCustomerNo = tc.topCustomerNo ,( SELECT @rowNo := 0 ) AS rowNo WHERE 1=1 AND ci.customerName like concat('%',?,'%') ORDER BY rowNo 
2020-07-17 12:42:17,406 [http-nio-8080-exec-8] DEBUG j.c.l.c.m.C.SelectCustomerInfo 143 - ==> Parameters: いビジネス(String)
2020-07-17 12:42:17,614 [http-nio-8080-exec-8] DEBUG j.c.l.c.m.C.SelectCustomerInfo 143 - <==      Total: 2
2020-07-17 12:42:24,190 [http-nio-8080-exec-9] INFO  j.c.l.c.c.CustomerInfoSearchController 30 - CustomerInfoController.onloadPage:查询加载開始
2020-07-17 12:42:24,394 [http-nio-8080-exec-9] DEBUG j.c.l.c.m.C.SelectCustomerInfo 143 - ==>  Preparing: SELECT CONCAT(( @rowNo := @rowNo + 1 )) AS rowNo, ci.customerNo, ci.customerName, crm.customerRankingName, ci.headOffice, cnm.companyNatureName, tc.topCustomerName, esi.employeeNo, CONCAT( e.employeeFristName ,e.employeeLastName ) AS employeeName, esi.location, esi.siteManager, esi.unitPrice FROM customer_information AS ci LEFT JOIN employee_site_information AS esi ON ci.customerNo = esi.customerNo AND ci.topCustomerNo = esi.topCustomerNo LEFT JOIN employee AS e ON esi.employeeNo = e.employeeNo LEFT JOIN customer_ranking_master AS crm ON ci.customerRankingCode = crm.customerRankingCode LEFT JOIN company_nature_master AS cnm ON ci.companyNatureCode = cnm.companyNatureCode LEFT JOIN top_customer AS tc ON ci.topCustomerNo = tc.topCustomerNo ,( SELECT @rowNo := 0 ) AS rowNo WHERE 1=1 ORDER BY rowNo 
2020-07-17 12:42:24,395 [http-nio-8080-exec-9] DEBUG j.c.l.c.m.C.SelectCustomerInfo 143 - ==> Parameters: 
2020-07-17 12:42:24,603 [http-nio-8080-exec-9] DEBUG j.c.l.c.m.C.SelectCustomerInfo 143 - <==      Total: 4
2020-07-17 12:42:42,099 [http-nio-8080-exec-10] INFO  j.c.l.c.c.CustomerInfoController 29 - CustomerInfoController.onloadPage:页面加载開始
2020-07-17 12:42:42,295 [http-nio-8080-exec-10] DEBUG j.c.l.c.m.C.selectCustomerRanking 143 - ==>  Preparing: SELECT CAST(customerRankingCode AS char) AS customerRankingCode, customerRankingName FROM customer_ranking_master 
2020-07-17 12:42:42,301 [http-nio-8080-exec-10] DEBUG j.c.l.c.m.C.selectCustomerRanking 143 - ==> Parameters: 
2020-07-17 12:42:42,501 [http-nio-8080-exec-10] DEBUG j.c.l.c.m.C.selectCustomerRanking 143 - <==      Total: 5
2020-07-17 12:42:42,502 [http-nio-8080-exec-10] DEBUG j.c.l.c.m.C.selectCompanyNature 143 - ==>  Preparing: SELECT CAST(companyNatureCode AS char) AS companyNatureCode, companyNatureName FROM company_nature_master 
2020-07-17 12:42:42,502 [http-nio-8080-exec-10] DEBUG j.c.l.c.m.C.selectCompanyNature 143 - ==> Parameters: 
2020-07-17 12:42:42,705 [http-nio-8080-exec-10] DEBUG j.c.l.c.m.C.selectCompanyNature 143 - <==      Total: 4
2020-07-17 12:42:44,791 [http-nio-8080-exec-1] INFO  j.c.l.c.c.CustomerInfoSearchController 30 - CustomerInfoController.onloadPage:查询加载開始
2020-07-17 12:42:44,986 [http-nio-8080-exec-1] DEBUG j.c.l.c.m.C.SelectCustomerInfo 143 - ==>  Preparing: SELECT CONCAT(( @rowNo := @rowNo + 1 )) AS rowNo, ci.customerNo, ci.customerName, crm.customerRankingName, ci.headOffice, cnm.companyNatureName, tc.topCustomerName, esi.employeeNo, CONCAT( e.employeeFristName ,e.employeeLastName ) AS employeeName, esi.location, esi.siteManager, esi.unitPrice FROM customer_information AS ci LEFT JOIN employee_site_information AS esi ON ci.customerNo = esi.customerNo AND ci.topCustomerNo = esi.topCustomerNo LEFT JOIN employee AS e ON esi.employeeNo = e.employeeNo LEFT JOIN customer_ranking_master AS crm ON ci.customerRankingCode = crm.customerRankingCode LEFT JOIN company_nature_master AS cnm ON ci.companyNatureCode = cnm.companyNatureCode LEFT JOIN top_customer AS tc ON ci.topCustomerNo = tc.topCustomerNo ,( SELECT @rowNo := 0 ) AS rowNo WHERE 1=1 ORDER BY rowNo 
2020-07-17 12:42:44,987 [http-nio-8080-exec-1] DEBUG j.c.l.c.m.C.SelectCustomerInfo 143 - ==> Parameters: 
2020-07-17 12:42:45,192 [http-nio-8080-exec-1] DEBUG j.c.l.c.m.C.SelectCustomerInfo 143 - <==      Total: 4
2020-07-17 15:39:22,079 [http-nio-8080-exec-4] INFO  j.c.l.c.c.CustomerInfoController 29 - CustomerInfoController.onloadPage:页面加载開始
2020-07-17 15:39:22,296 [http-nio-8080-exec-4] DEBUG j.c.l.c.m.C.selectCustomerRanking 143 - ==>  Preparing: SELECT CAST(customerRankingCode AS char) AS customerRankingCode, customerRankingName FROM customer_ranking_master 
2020-07-17 15:39:22,297 [http-nio-8080-exec-4] DEBUG j.c.l.c.m.C.selectCustomerRanking 143 - ==> Parameters: 
2020-07-17 15:39:22,501 [http-nio-8080-exec-4] DEBUG j.c.l.c.m.C.selectCustomerRanking 143 - <==      Total: 5
2020-07-17 15:39:22,502 [http-nio-8080-exec-4] DEBUG j.c.l.c.m.C.selectCompanyNature 143 - ==>  Preparing: SELECT CAST(companyNatureCode AS char) AS companyNatureCode, companyNatureName FROM company_nature_master 
2020-07-17 15:39:22,502 [http-nio-8080-exec-4] DEBUG j.c.l.c.m.C.selectCompanyNature 143 - ==> Parameters: 
2020-07-17 15:39:22,703 [http-nio-8080-exec-4] DEBUG j.c.l.c.m.C.selectCompanyNature 143 - <==      Total: 4
2020-07-17 15:39:24,229 [http-nio-8080-exec-6] INFO  j.c.l.c.c.CustomerInfoSearchController 30 - CustomerInfoController.onloadPage:查询加载開始
2020-07-17 15:39:24,435 [http-nio-8080-exec-6] DEBUG j.c.l.c.m.C.SelectCustomerInfo 143 - ==>  Preparing: SELECT CONCAT(( @rowNo := @rowNo + 1 )) AS rowNo, ci.customerNo, ci.customerName, crm.customerRankingName, ci.headOffice, cnm.companyNatureName, tc.topCustomerName, esi.employeeNo, CONCAT( e.employeeFristName ,e.employeeLastName ) AS employeeName, esi.location, esi.siteManager, esi.unitPrice FROM customer_information AS ci LEFT JOIN employee_site_information AS esi ON ci.customerNo = esi.customerNo AND ci.topCustomerNo = esi.topCustomerNo LEFT JOIN employee AS e ON esi.employeeNo = e.employeeNo LEFT JOIN customer_ranking_master AS crm ON ci.customerRankingCode = crm.customerRankingCode LEFT JOIN company_nature_master AS cnm ON ci.companyNatureCode = cnm.companyNatureCode LEFT JOIN top_customer AS tc ON ci.topCustomerNo = tc.topCustomerNo ,( SELECT @rowNo := 0 ) AS rowNo WHERE 1=1 ORDER BY rowNo 
2020-07-17 15:39:24,436 [http-nio-8080-exec-6] DEBUG j.c.l.c.m.C.SelectCustomerInfo 143 - ==> Parameters: 
2020-07-17 15:39:24,641 [http-nio-8080-exec-6] DEBUG j.c.l.c.m.C.SelectCustomerInfo 143 - <==      Total: 4
2020-07-17 15:39:51,724 [http-nio-8080-exec-7] INFO  j.c.l.c.c.CustomerInfoController 29 - CustomerInfoController.onloadPage:页面加载開始
2020-07-17 15:39:51,957 [http-nio-8080-exec-7] DEBUG j.c.l.c.m.C.selectCustomerRanking 143 - ==>  Preparing: SELECT CAST(customerRankingCode AS char) AS customerRankingCode, customerRankingName FROM customer_ranking_master 
2020-07-17 15:39:51,957 [http-nio-8080-exec-7] DEBUG j.c.l.c.m.C.selectCustomerRanking 143 - ==> Parameters: 
2020-07-17 15:39:52,163 [http-nio-8080-exec-7] DEBUG j.c.l.c.m.C.selectCustomerRanking 143 - <==      Total: 5
2020-07-17 15:39:52,164 [http-nio-8080-exec-7] DEBUG j.c.l.c.m.C.selectCompanyNature 143 - ==>  Preparing: SELECT CAST(companyNatureCode AS char) AS companyNatureCode, companyNatureName FROM company_nature_master 
2020-07-17 15:39:52,165 [http-nio-8080-exec-7] DEBUG j.c.l.c.m.C.selectCompanyNature 143 - ==> Parameters: 
2020-07-17 15:39:52,361 [http-nio-8080-exec-7] DEBUG j.c.l.c.m.C.selectCompanyNature 143 - <==      Total: 4
2020-07-17 15:39:53,288 [http-nio-8080-exec-8] INFO  j.c.l.c.c.CustomerInfoSearchController 30 - CustomerInfoController.onloadPage:查询加载開始
2020-07-17 15:39:53,535 [http-nio-8080-exec-8] DEBUG j.c.l.c.m.C.SelectCustomerInfo 143 - ==>  Preparing: SELECT CONCAT(( @rowNo := @rowNo + 1 )) AS rowNo, ci.customerNo, ci.customerName, crm.customerRankingName, ci.headOffice, cnm.companyNatureName, tc.topCustomerName, esi.employeeNo, CONCAT( e.employeeFristName ,e.employeeLastName ) AS employeeName, esi.location, esi.siteManager, esi.unitPrice FROM customer_information AS ci LEFT JOIN employee_site_information AS esi ON ci.customerNo = esi.customerNo AND ci.topCustomerNo = esi.topCustomerNo LEFT JOIN employee AS e ON esi.employeeNo = e.employeeNo LEFT JOIN customer_ranking_master AS crm ON ci.customerRankingCode = crm.customerRankingCode LEFT JOIN company_nature_master AS cnm ON ci.companyNatureCode = cnm.companyNatureCode LEFT JOIN top_customer AS tc ON ci.topCustomerNo = tc.topCustomerNo ,( SELECT @rowNo := 0 ) AS rowNo WHERE 1=1 ORDER BY rowNo 
2020-07-17 15:39:53,536 [http-nio-8080-exec-8] DEBUG j.c.l.c.m.C.SelectCustomerInfo 143 - ==> Parameters: 
2020-07-17 15:39:53,772 [http-nio-8080-exec-8] DEBUG j.c.l.c.m.C.SelectCustomerInfo 143 - <==      Total: 4
2020-07-17 15:41:11,280 [http-nio-8080-exec-10] INFO  j.c.l.c.c.CustomerInfoController 29 - CustomerInfoController.onloadPage:页面加载開始
2020-07-17 15:41:11,496 [http-nio-8080-exec-10] DEBUG j.c.l.c.m.C.selectCustomerRanking 143 - ==>  Preparing: SELECT CAST(customerRankingCode AS char) AS customerRankingCode, customerRankingName FROM customer_ranking_master 
2020-07-17 15:41:11,496 [http-nio-8080-exec-10] DEBUG j.c.l.c.m.C.selectCustomerRanking 143 - ==> Parameters: 
2020-07-17 15:41:11,702 [http-nio-8080-exec-10] DEBUG j.c.l.c.m.C.selectCustomerRanking 143 - <==      Total: 5
2020-07-17 15:41:11,702 [http-nio-8080-exec-10] DEBUG j.c.l.c.m.C.selectCompanyNature 143 - ==>  Preparing: SELECT CAST(companyNatureCode AS char) AS companyNatureCode, companyNatureName FROM company_nature_master 
2020-07-17 15:41:11,703 [http-nio-8080-exec-10] DEBUG j.c.l.c.m.C.selectCompanyNature 143 - ==> Parameters: 
2020-07-17 15:41:11,903 [http-nio-8080-exec-10] DEBUG j.c.l.c.m.C.selectCompanyNature 143 - <==      Total: 4
2020-07-17 15:41:20,697 [http-nio-8080-exec-1] INFO  j.c.l.c.c.CustomerInfoSearchController 30 - CustomerInfoController.onloadPage:查询加载開始
2020-07-17 15:41:20,916 [http-nio-8080-exec-1] DEBUG j.c.l.c.m.C.SelectCustomerInfo 143 - ==>  Preparing: SELECT CONCAT(( @rowNo := @rowNo + 1 )) AS rowNo, ci.customerNo, ci.customerName, crm.customerRankingName, ci.headOffice, cnm.companyNatureName, tc.topCustomerName, esi.employeeNo, CONCAT( e.employeeFristName ,e.employeeLastName ) AS employeeName, esi.location, esi.siteManager, esi.unitPrice FROM customer_information AS ci LEFT JOIN employee_site_information AS esi ON ci.customerNo = esi.customerNo AND ci.topCustomerNo = esi.topCustomerNo LEFT JOIN employee AS e ON esi.employeeNo = e.employeeNo LEFT JOIN customer_ranking_master AS crm ON ci.customerRankingCode = crm.customerRankingCode LEFT JOIN company_nature_master AS cnm ON ci.companyNatureCode = cnm.companyNatureCode LEFT JOIN top_customer AS tc ON ci.topCustomerNo = tc.topCustomerNo ,( SELECT @rowNo := 0 ) AS rowNo WHERE 1=1 ORDER BY rowNo 
2020-07-17 15:41:20,916 [http-nio-8080-exec-1] DEBUG j.c.l.c.m.C.SelectCustomerInfo 143 - ==> Parameters: 
2020-07-17 15:41:21,122 [http-nio-8080-exec-1] DEBUG j.c.l.c.m.C.SelectCustomerInfo 143 - <==      Total: 4
2020-07-17 15:43:45,740 [http-nio-8080-exec-3] INFO  j.c.l.c.c.CustomerInfoSearchController 30 - CustomerInfoController.onloadPage:查询加载開始
2020-07-17 15:43:45,956 [http-nio-8080-exec-3] DEBUG j.c.l.c.m.C.SelectCustomerInfo 143 - ==>  Preparing: SELECT CONCAT(( @rowNo := @rowNo + 1 )) AS rowNo, ci.customerNo, ci.customerName, crm.customerRankingName, ci.headOffice, cnm.companyNatureName, tc.topCustomerName, esi.employeeNo, CONCAT( e.employeeFristName ,e.employeeLastName ) AS employeeName, esi.location, esi.siteManager, esi.unitPrice FROM customer_information AS ci LEFT JOIN employee_site_information AS esi ON ci.customerNo = esi.customerNo AND ci.topCustomerNo = esi.topCustomerNo LEFT JOIN employee AS e ON esi.employeeNo = e.employeeNo LEFT JOIN customer_ranking_master AS crm ON ci.customerRankingCode = crm.customerRankingCode LEFT JOIN company_nature_master AS cnm ON ci.companyNatureCode = cnm.companyNatureCode LEFT JOIN top_customer AS tc ON ci.topCustomerNo = tc.topCustomerNo ,( SELECT @rowNo := 0 ) AS rowNo WHERE 1=1 ORDER BY rowNo 
2020-07-17 15:43:45,957 [http-nio-8080-exec-3] DEBUG j.c.l.c.m.C.SelectCustomerInfo 143 - ==> Parameters: 
2020-07-17 15:43:46,165 [http-nio-8080-exec-3] DEBUG j.c.l.c.m.C.SelectCustomerInfo 143 - <==      Total: 12
2020-07-17 15:44:35,005 [http-nio-8080-exec-4] INFO  j.c.l.c.c.CustomerInfoController 29 - CustomerInfoController.onloadPage:页面加载開始
2020-07-17 15:44:35,224 [http-nio-8080-exec-4] DEBUG j.c.l.c.m.C.selectCustomerRanking 143 - ==>  Preparing: SELECT CAST(customerRankingCode AS char) AS customerRankingCode, customerRankingName FROM customer_ranking_master 
2020-07-17 15:44:35,224 [http-nio-8080-exec-4] DEBUG j.c.l.c.m.C.selectCustomerRanking 143 - ==> Parameters: 
2020-07-17 15:44:35,422 [http-nio-8080-exec-4] DEBUG j.c.l.c.m.C.selectCustomerRanking 143 - <==      Total: 5
2020-07-17 15:44:35,422 [http-nio-8080-exec-4] DEBUG j.c.l.c.m.C.selectCompanyNature 143 - ==>  Preparing: SELECT CAST(companyNatureCode AS char) AS companyNatureCode, companyNatureName FROM company_nature_master 
2020-07-17 15:44:35,423 [http-nio-8080-exec-4] DEBUG j.c.l.c.m.C.selectCompanyNature 143 - ==> Parameters: 
2020-07-17 15:44:35,628 [http-nio-8080-exec-4] DEBUG j.c.l.c.m.C.selectCompanyNature 143 - <==      Total: 4
2020-07-17 15:44:37,830 [http-nio-8080-exec-5] INFO  j.c.l.c.c.CustomerInfoSearchController 30 - CustomerInfoController.onloadPage:查询加载開始
2020-07-17 15:44:38,037 [http-nio-8080-exec-5] DEBUG j.c.l.c.m.C.SelectCustomerInfo 143 - ==>  Preparing: SELECT CONCAT(( @rowNo := @rowNo + 1 )) AS rowNo, ci.customerNo, ci.customerName, crm.customerRankingName, ci.headOffice, cnm.companyNatureName, tc.topCustomerName, esi.employeeNo, CONCAT( e.employeeFristName ,e.employeeLastName ) AS employeeName, esi.location, esi.siteManager, esi.unitPrice FROM customer_information AS ci LEFT JOIN employee_site_information AS esi ON ci.customerNo = esi.customerNo AND ci.topCustomerNo = esi.topCustomerNo LEFT JOIN employee AS e ON esi.employeeNo = e.employeeNo LEFT JOIN customer_ranking_master AS crm ON ci.customerRankingCode = crm.customerRankingCode LEFT JOIN company_nature_master AS cnm ON ci.companyNatureCode = cnm.companyNatureCode LEFT JOIN top_customer AS tc ON ci.topCustomerNo = tc.topCustomerNo ,( SELECT @rowNo := 0 ) AS rowNo WHERE 1=1 ORDER BY rowNo 
2020-07-17 15:44:38,038 [http-nio-8080-exec-5] DEBUG j.c.l.c.m.C.SelectCustomerInfo 143 - ==> Parameters: 
2020-07-17 15:44:38,245 [http-nio-8080-exec-5] DEBUG j.c.l.c.m.C.SelectCustomerInfo 143 - <==      Total: 12
2020-07-17 22:54:24,574 [http-nio-8080-exec-8] INFO  j.c.l.c.c.CustomerInfoSearchController 30 - CustomerInfoController.onloadPage:查询加载開始
2020-07-17 22:54:24,601 [http-nio-8080-exec-8] WARN  com.zaxxer.hikari.pool.PoolBase 176 - HikariPool-1 - Failed to validate connection com.mysql.cj.jdbc.ConnectionImpl@37484691 (No operations allowed after connection closed.). Possibly consider using a shorter maxLifetime value.
2020-07-17 22:54:24,627 [http-nio-8080-exec-8] WARN  com.zaxxer.hikari.pool.PoolBase 176 - HikariPool-1 - Failed to validate connection com.mysql.cj.jdbc.ConnectionImpl@607257db (No operations allowed after connection closed.). Possibly consider using a shorter maxLifetime value.
2020-07-17 22:54:24,658 [http-nio-8080-exec-8] WARN  com.zaxxer.hikari.pool.PoolBase 176 - HikariPool-1 - Failed to validate connection com.mysql.cj.jdbc.ConnectionImpl@2a544cc (No operations allowed after connection closed.). Possibly consider using a shorter maxLifetime value.
2020-07-17 22:54:24,687 [http-nio-8080-exec-8] WARN  com.zaxxer.hikari.pool.PoolBase 176 - HikariPool-1 - Failed to validate connection com.mysql.cj.jdbc.ConnectionImpl@772ce6c7 (No operations allowed after connection closed.). Possibly consider using a shorter maxLifetime value.
2020-07-17 22:54:24,716 [http-nio-8080-exec-8] WARN  com.zaxxer.hikari.pool.PoolBase 176 - HikariPool-1 - Failed to validate connection com.mysql.cj.jdbc.ConnectionImpl@6ba115ce (No operations allowed after connection closed.). Possibly consider using a shorter maxLifetime value.
2020-07-17 22:54:24,747 [http-nio-8080-exec-8] WARN  com.zaxxer.hikari.pool.PoolBase 176 - HikariPool-1 - Failed to validate connection com.mysql.cj.jdbc.ConnectionImpl@199f5bee (No operations allowed after connection closed.). Possibly consider using a shorter maxLifetime value.
2020-07-17 22:54:24,777 [http-nio-8080-exec-8] WARN  com.zaxxer.hikari.pool.PoolBase 176 - HikariPool-1 - Failed to validate connection com.mysql.cj.jdbc.ConnectionImpl@31b4ef35 (No operations allowed after connection closed.). Possibly consider using a shorter maxLifetime value.
2020-07-17 22:54:24,808 [http-nio-8080-exec-8] WARN  com.zaxxer.hikari.pool.PoolBase 176 - HikariPool-1 - Failed to validate connection com.mysql.cj.jdbc.ConnectionImpl@21be2d1a (No operations allowed after connection closed.). Possibly consider using a shorter maxLifetime value.
2020-07-17 22:54:24,837 [http-nio-8080-exec-8] WARN  com.zaxxer.hikari.pool.PoolBase 176 - HikariPool-1 - Failed to validate connection com.mysql.cj.jdbc.ConnectionImpl@42d24386 (No operations allowed after connection closed.). Possibly consider using a shorter maxLifetime value.
2020-07-17 22:54:24,869 [http-nio-8080-exec-8] WARN  com.zaxxer.hikari.pool.PoolBase 176 - HikariPool-1 - Failed to validate connection com.mysql.cj.jdbc.ConnectionImpl@21f12019 (No operations allowed after connection closed.). Possibly consider using a shorter maxLifetime value.
2020-07-17 22:54:26,742 [http-nio-8080-exec-8] DEBUG j.c.l.c.m.C.SelectCustomerInfo 143 - ==>  Preparing: SELECT CONCAT(( @rowNo := @rowNo + 1 )) AS rowNo, ci.customerNo, ci.customerName, crm.customerRankingName, ci.headOffice, cnm.companyNatureName, tc.topCustomerName, esi.employeeNo, CONCAT( e.employeeFristName ,e.employeeLastName ) AS employeeName, esi.location, esi.siteManager, esi.unitPrice FROM customer_information AS ci LEFT JOIN employee_site_information AS esi ON ci.customerNo = esi.customerNo AND ci.topCustomerNo = esi.topCustomerNo LEFT JOIN employee AS e ON esi.employeeNo = e.employeeNo LEFT JOIN customer_ranking_master AS crm ON ci.customerRankingCode = crm.customerRankingCode LEFT JOIN company_nature_master AS cnm ON ci.companyNatureCode = cnm.companyNatureCode LEFT JOIN top_customer AS tc ON ci.topCustomerNo = tc.topCustomerNo ,( SELECT @rowNo := 0 ) AS rowNo WHERE 1=1 ORDER BY rowNo 
2020-07-17 22:54:26,742 [http-nio-8080-exec-8] DEBUG j.c.l.c.m.C.SelectCustomerInfo 143 - ==> Parameters: 
2020-07-17 22:54:26,976 [http-nio-8080-exec-8] DEBUG j.c.l.c.m.C.SelectCustomerInfo 143 - <==      Total: 11
2020-07-17 22:54:27,073 [http-nio-8080-exec-9] INFO  j.c.l.c.c.CustomerInfoSearchController 30 - CustomerInfoController.onloadPage:查询加载開始
2020-07-17 22:54:27,074 [http-nio-8080-exec-9] DEBUG j.c.l.c.m.C.SelectCustomerInfo 143 - ==>  Preparing: SELECT CONCAT(( @rowNo := @rowNo + 1 )) AS rowNo, ci.customerNo, ci.customerName, crm.customerRankingName, ci.headOffice, cnm.companyNatureName, tc.topCustomerName, esi.employeeNo, CONCAT( e.employeeFristName ,e.employeeLastName ) AS employeeName, esi.location, esi.siteManager, esi.unitPrice FROM customer_information AS ci LEFT JOIN employee_site_information AS esi ON ci.customerNo = esi.customerNo AND ci.topCustomerNo = esi.topCustomerNo LEFT JOIN employee AS e ON esi.employeeNo = e.employeeNo LEFT JOIN customer_ranking_master AS crm ON ci.customerRankingCode = crm.customerRankingCode LEFT JOIN company_nature_master AS cnm ON ci.companyNatureCode = cnm.companyNatureCode LEFT JOIN top_customer AS tc ON ci.topCustomerNo = tc.topCustomerNo ,( SELECT @rowNo := 0 ) AS rowNo WHERE 1=1 ORDER BY rowNo 
2020-07-17 22:54:27,074 [http-nio-8080-exec-9] DEBUG j.c.l.c.m.C.SelectCustomerInfo 143 - ==> Parameters: 
2020-07-17 22:54:27,300 [http-nio-8080-exec-9] DEBUG j.c.l.c.m.C.SelectCustomerInfo 143 - <==      Total: 11
2020-07-17 22:54:28,064 [http-nio-8080-exec-10] INFO  j.c.l.c.c.CustomerInfoSearchController 30 - CustomerInfoController.onloadPage:查询加载開始
2020-07-17 22:54:28,281 [http-nio-8080-exec-10] DEBUG j.c.l.c.m.C.SelectCustomerInfo 143 - ==>  Preparing: SELECT CONCAT(( @rowNo := @rowNo + 1 )) AS rowNo, ci.customerNo, ci.customerName, crm.customerRankingName, ci.headOffice, cnm.companyNatureName, tc.topCustomerName, esi.employeeNo, CONCAT( e.employeeFristName ,e.employeeLastName ) AS employeeName, esi.location, esi.siteManager, esi.unitPrice FROM customer_information AS ci LEFT JOIN employee_site_information AS esi ON ci.customerNo = esi.customerNo AND ci.topCustomerNo = esi.topCustomerNo LEFT JOIN employee AS e ON esi.employeeNo = e.employeeNo LEFT JOIN customer_ranking_master AS crm ON ci.customerRankingCode = crm.customerRankingCode LEFT JOIN company_nature_master AS cnm ON ci.companyNatureCode = cnm.companyNatureCode LEFT JOIN top_customer AS tc ON ci.topCustomerNo = tc.topCustomerNo ,( SELECT @rowNo := 0 ) AS rowNo WHERE 1=1 ORDER BY rowNo 
2020-07-17 22:54:28,282 [http-nio-8080-exec-10] DEBUG j.c.l.c.m.C.SelectCustomerInfo 143 - ==> Parameters: 
2020-07-17 22:54:28,490 [http-nio-8080-exec-10] DEBUG j.c.l.c.m.C.SelectCustomerInfo 143 - <==      Total: 11
2020-07-17 22:54:28,545 [http-nio-8080-exec-1] INFO  j.c.l.c.c.CustomerInfoSearchController 30 - CustomerInfoController.onloadPage:查询加载開始
2020-07-17 22:54:28,546 [http-nio-8080-exec-1] DEBUG j.c.l.c.m.C.SelectCustomerInfo 143 - ==>  Preparing: SELECT CONCAT(( @rowNo := @rowNo + 1 )) AS rowNo, ci.customerNo, ci.customerName, crm.customerRankingName, ci.headOffice, cnm.companyNatureName, tc.topCustomerName, esi.employeeNo, CONCAT( e.employeeFristName ,e.employeeLastName ) AS employeeName, esi.location, esi.siteManager, esi.unitPrice FROM customer_information AS ci LEFT JOIN employee_site_information AS esi ON ci.customerNo = esi.customerNo AND ci.topCustomerNo = esi.topCustomerNo LEFT JOIN employee AS e ON esi.employeeNo = e.employeeNo LEFT JOIN customer_ranking_master AS crm ON ci.customerRankingCode = crm.customerRankingCode LEFT JOIN company_nature_master AS cnm ON ci.companyNatureCode = cnm.companyNatureCode LEFT JOIN top_customer AS tc ON ci.topCustomerNo = tc.topCustomerNo ,( SELECT @rowNo := 0 ) AS rowNo WHERE 1=1 ORDER BY rowNo 
2020-07-17 22:54:28,546 [http-nio-8080-exec-1] DEBUG j.c.l.c.m.C.SelectCustomerInfo 143 - ==> Parameters: 
2020-07-17 22:54:28,771 [http-nio-8080-exec-1] DEBUG j.c.l.c.m.C.SelectCustomerInfo 143 - <==      Total: 11
2020-07-17 22:54:30,258 [http-nio-8080-exec-2] INFO  j.c.l.c.c.CustomerInfoSearchController 30 - CustomerInfoController.onloadPage:查询加载開始
2020-07-17 22:54:30,462 [http-nio-8080-exec-2] DEBUG j.c.l.c.m.C.SelectCustomerInfo 143 - ==>  Preparing: SELECT CONCAT(( @rowNo := @rowNo + 1 )) AS rowNo, ci.customerNo, ci.customerName, crm.customerRankingName, ci.headOffice, cnm.companyNatureName, tc.topCustomerName, esi.employeeNo, CONCAT( e.employeeFristName ,e.employeeLastName ) AS employeeName, esi.location, esi.siteManager, esi.unitPrice FROM customer_information AS ci LEFT JOIN employee_site_information AS esi ON ci.customerNo = esi.customerNo AND ci.topCustomerNo = esi.topCustomerNo LEFT JOIN employee AS e ON esi.employeeNo = e.employeeNo LEFT JOIN customer_ranking_master AS crm ON ci.customerRankingCode = crm.customerRankingCode LEFT JOIN company_nature_master AS cnm ON ci.companyNatureCode = cnm.companyNatureCode LEFT JOIN top_customer AS tc ON ci.topCustomerNo = tc.topCustomerNo ,( SELECT @rowNo := 0 ) AS rowNo WHERE 1=1 ORDER BY rowNo 
2020-07-17 22:54:30,463 [http-nio-8080-exec-2] DEBUG j.c.l.c.m.C.SelectCustomerInfo 143 - ==> Parameters: 
2020-07-17 22:54:30,670 [http-nio-8080-exec-2] DEBUG j.c.l.c.m.C.SelectCustomerInfo 143 - <==      Total: 11
2020-07-17 22:54:30,684 [http-nio-8080-exec-3] INFO  j.c.l.c.c.CustomerInfoSearchController 30 - CustomerInfoController.onloadPage:查询加载開始
2020-07-17 22:54:30,685 [http-nio-8080-exec-3] DEBUG j.c.l.c.m.C.SelectCustomerInfo 143 - ==>  Preparing: SELECT CONCAT(( @rowNo := @rowNo + 1 )) AS rowNo, ci.customerNo, ci.customerName, crm.customerRankingName, ci.headOffice, cnm.companyNatureName, tc.topCustomerName, esi.employeeNo, CONCAT( e.employeeFristName ,e.employeeLastName ) AS employeeName, esi.location, esi.siteManager, esi.unitPrice FROM customer_information AS ci LEFT JOIN employee_site_information AS esi ON ci.customerNo = esi.customerNo AND ci.topCustomerNo = esi.topCustomerNo LEFT JOIN employee AS e ON esi.employeeNo = e.employeeNo LEFT JOIN customer_ranking_master AS crm ON ci.customerRankingCode = crm.customerRankingCode LEFT JOIN company_nature_master AS cnm ON ci.companyNatureCode = cnm.companyNatureCode LEFT JOIN top_customer AS tc ON ci.topCustomerNo = tc.topCustomerNo ,( SELECT @rowNo := 0 ) AS rowNo WHERE 1=1 ORDER BY rowNo 
2020-07-17 22:54:30,685 [http-nio-8080-exec-3] DEBUG j.c.l.c.m.C.SelectCustomerInfo 143 - ==> Parameters: 
2020-07-17 22:54:30,897 [http-nio-8080-exec-3] DEBUG j.c.l.c.m.C.SelectCustomerInfo 143 - <==      Total: 11
2020-07-17 22:54:31,125 [http-nio-8080-exec-4] INFO  j.c.l.c.c.CustomerInfoSearchController 30 - CustomerInfoController.onloadPage:查询加载開始
2020-07-17 22:54:31,125 [http-nio-8080-exec-4] DEBUG j.c.l.c.m.C.SelectCustomerInfo 143 - ==>  Preparing: SELECT CONCAT(( @rowNo := @rowNo + 1 )) AS rowNo, ci.customerNo, ci.customerName, crm.customerRankingName, ci.headOffice, cnm.companyNatureName, tc.topCustomerName, esi.employeeNo, CONCAT( e.employeeFristName ,e.employeeLastName ) AS employeeName, esi.location, esi.siteManager, esi.unitPrice FROM customer_information AS ci LEFT JOIN employee_site_information AS esi ON ci.customerNo = esi.customerNo AND ci.topCustomerNo = esi.topCustomerNo LEFT JOIN employee AS e ON esi.employeeNo = e.employeeNo LEFT JOIN customer_ranking_master AS crm ON ci.customerRankingCode = crm.customerRankingCode LEFT JOIN company_nature_master AS cnm ON ci.companyNatureCode = cnm.companyNatureCode LEFT JOIN top_customer AS tc ON ci.topCustomerNo = tc.topCustomerNo ,( SELECT @rowNo := 0 ) AS rowNo WHERE 1=1 ORDER BY rowNo 
2020-07-17 22:54:31,125 [http-nio-8080-exec-4] DEBUG j.c.l.c.m.C.SelectCustomerInfo 143 - ==> Parameters: 
2020-07-17 22:54:31,343 [http-nio-8080-exec-5] INFO  j.c.l.c.c.CustomerInfoSearchController 30 - CustomerInfoController.onloadPage:查询加载開始
2020-07-17 22:54:31,345 [http-nio-8080-exec-4] DEBUG j.c.l.c.m.C.SelectCustomerInfo 143 - <==      Total: 11
2020-07-17 22:54:31,537 [http-nio-8080-exec-5] DEBUG j.c.l.c.m.C.SelectCustomerInfo 143 - ==>  Preparing: SELECT CONCAT(( @rowNo := @rowNo + 1 )) AS rowNo, ci.customerNo, ci.customerName, crm.customerRankingName, ci.headOffice, cnm.companyNatureName, tc.topCustomerName, esi.employeeNo, CONCAT( e.employeeFristName ,e.employeeLastName ) AS employeeName, esi.location, esi.siteManager, esi.unitPrice FROM customer_information AS ci LEFT JOIN employee_site_information AS esi ON ci.customerNo = esi.customerNo AND ci.topCustomerNo = esi.topCustomerNo LEFT JOIN employee AS e ON esi.employeeNo = e.employeeNo LEFT JOIN customer_ranking_master AS crm ON ci.customerRankingCode = crm.customerRankingCode LEFT JOIN company_nature_master AS cnm ON ci.companyNatureCode = cnm.companyNatureCode LEFT JOIN top_customer AS tc ON ci.topCustomerNo = tc.topCustomerNo ,( SELECT @rowNo := 0 ) AS rowNo WHERE 1=1 ORDER BY rowNo 
2020-07-17 22:54:31,538 [http-nio-8080-exec-6] INFO  j.c.l.c.c.CustomerInfoSearchController 30 - CustomerInfoController.onloadPage:查询加载開始
2020-07-17 22:54:31,538 [http-nio-8080-exec-5] DEBUG j.c.l.c.m.C.SelectCustomerInfo 143 - ==> Parameters: 
2020-07-17 22:54:31,538 [http-nio-8080-exec-6] DEBUG j.c.l.c.m.C.SelectCustomerInfo 143 - ==>  Preparing: SELECT CONCAT(( @rowNo := @rowNo + 1 )) AS rowNo, ci.customerNo, ci.customerName, crm.customerRankingName, ci.headOffice, cnm.companyNatureName, tc.topCustomerName, esi.employeeNo, CONCAT( e.employeeFristName ,e.employeeLastName ) AS employeeName, esi.location, esi.siteManager, esi.unitPrice FROM customer_information AS ci LEFT JOIN employee_site_information AS esi ON ci.customerNo = esi.customerNo AND ci.topCustomerNo = esi.topCustomerNo LEFT JOIN employee AS e ON esi.employeeNo = e.employeeNo LEFT JOIN customer_ranking_master AS crm ON ci.customerRankingCode = crm.customerRankingCode LEFT JOIN company_nature_master AS cnm ON ci.companyNatureCode = cnm.companyNatureCode LEFT JOIN top_customer AS tc ON ci.topCustomerNo = tc.topCustomerNo ,( SELECT @rowNo := 0 ) AS rowNo WHERE 1=1 ORDER BY rowNo 
2020-07-17 22:54:31,538 [http-nio-8080-exec-6] DEBUG j.c.l.c.m.C.SelectCustomerInfo 143 - ==> Parameters: 
2020-07-17 22:54:31,745 [http-nio-8080-exec-5] DEBUG j.c.l.c.m.C.SelectCustomerInfo 143 - <==      Total: 11
2020-07-17 22:54:31,758 [http-nio-8080-exec-7] INFO  j.c.l.c.c.CustomerInfoSearchController 30 - CustomerInfoController.onloadPage:查询加载開始
2020-07-17 22:54:31,759 [http-nio-8080-exec-7] DEBUG j.c.l.c.m.C.SelectCustomerInfo 143 - ==>  Preparing: SELECT CONCAT(( @rowNo := @rowNo + 1 )) AS rowNo, ci.customerNo, ci.customerName, crm.customerRankingName, ci.headOffice, cnm.companyNatureName, tc.topCustomerName, esi.employeeNo, CONCAT( e.employeeFristName ,e.employeeLastName ) AS employeeName, esi.location, esi.siteManager, esi.unitPrice FROM customer_information AS ci LEFT JOIN employee_site_information AS esi ON ci.customerNo = esi.customerNo AND ci.topCustomerNo = esi.topCustomerNo LEFT JOIN employee AS e ON esi.employeeNo = e.employeeNo LEFT JOIN customer_ranking_master AS crm ON ci.customerRankingCode = crm.customerRankingCode LEFT JOIN company_nature_master AS cnm ON ci.companyNatureCode = cnm.companyNatureCode LEFT JOIN top_customer AS tc ON ci.topCustomerNo = tc.topCustomerNo ,( SELECT @rowNo := 0 ) AS rowNo WHERE 1=1 ORDER BY rowNo 
2020-07-17 22:54:31,759 [http-nio-8080-exec-7] DEBUG j.c.l.c.m.C.SelectCustomerInfo 143 - ==> Parameters: 
2020-07-17 22:54:31,767 [http-nio-8080-exec-6] DEBUG j.c.l.c.m.C.SelectCustomerInfo 143 - <==      Total: 11
2020-07-17 22:54:31,953 [http-nio-8080-exec-8] INFO  j.c.l.c.c.CustomerInfoSearchController 30 - CustomerInfoController.onloadPage:查询加载開始
2020-07-17 22:54:31,953 [http-nio-8080-exec-8] DEBUG j.c.l.c.m.C.SelectCustomerInfo 143 - ==>  Preparing: SELECT CONCAT(( @rowNo := @rowNo + 1 )) AS rowNo, ci.customerNo, ci.customerName, crm.customerRankingName, ci.headOffice, cnm.companyNatureName, tc.topCustomerName, esi.employeeNo, CONCAT( e.employeeFristName ,e.employeeLastName ) AS employeeName, esi.location, esi.siteManager, esi.unitPrice FROM customer_information AS ci LEFT JOIN employee_site_information AS esi ON ci.customerNo = esi.customerNo AND ci.topCustomerNo = esi.topCustomerNo LEFT JOIN employee AS e ON esi.employeeNo = e.employeeNo LEFT JOIN customer_ranking_master AS crm ON ci.customerRankingCode = crm.customerRankingCode LEFT JOIN company_nature_master AS cnm ON ci.companyNatureCode = cnm.companyNatureCode LEFT JOIN top_customer AS tc ON ci.topCustomerNo = tc.topCustomerNo ,( SELECT @rowNo := 0 ) AS rowNo WHERE 1=1 ORDER BY rowNo 
2020-07-17 22:54:31,954 [http-nio-8080-exec-8] DEBUG j.c.l.c.m.C.SelectCustomerInfo 143 - ==> Parameters: 
2020-07-17 22:54:31,969 [http-nio-8080-exec-7] DEBUG j.c.l.c.m.C.SelectCustomerInfo 143 - <==      Total: 11
2020-07-17 22:54:32,125 [http-nio-8080-exec-9] INFO  j.c.l.c.c.CustomerInfoSearchController 30 - CustomerInfoController.onloadPage:查询加载開始
2020-07-17 22:54:32,125 [http-nio-8080-exec-9] DEBUG j.c.l.c.m.C.SelectCustomerInfo 143 - ==>  Preparing: SELECT CONCAT(( @rowNo := @rowNo + 1 )) AS rowNo, ci.customerNo, ci.customerName, crm.customerRankingName, ci.headOffice, cnm.companyNatureName, tc.topCustomerName, esi.employeeNo, CONCAT( e.employeeFristName ,e.employeeLastName ) AS employeeName, esi.location, esi.siteManager, esi.unitPrice FROM customer_information AS ci LEFT JOIN employee_site_information AS esi ON ci.customerNo = esi.customerNo AND ci.topCustomerNo = esi.topCustomerNo LEFT JOIN employee AS e ON esi.employeeNo = e.employeeNo LEFT JOIN customer_ranking_master AS crm ON ci.customerRankingCode = crm.customerRankingCode LEFT JOIN company_nature_master AS cnm ON ci.companyNatureCode = cnm.companyNatureCode LEFT JOIN top_customer AS tc ON ci.topCustomerNo = tc.topCustomerNo ,( SELECT @rowNo := 0 ) AS rowNo WHERE 1=1 ORDER BY rowNo 
2020-07-17 22:54:32,125 [http-nio-8080-exec-9] DEBUG j.c.l.c.m.C.SelectCustomerInfo 143 - ==> Parameters: 
2020-07-17 22:54:32,175 [http-nio-8080-exec-8] DEBUG j.c.l.c.m.C.SelectCustomerInfo 143 - <==      Total: 11
2020-07-17 22:54:32,313 [http-nio-8080-exec-10] INFO  j.c.l.c.c.CustomerInfoSearchController 30 - CustomerInfoController.onloadPage:查询加载開始
2020-07-17 22:54:32,313 [http-nio-8080-exec-10] DEBUG j.c.l.c.m.C.SelectCustomerInfo 143 - ==>  Preparing: SELECT CONCAT(( @rowNo := @rowNo + 1 )) AS rowNo, ci.customerNo, ci.customerName, crm.customerRankingName, ci.headOffice, cnm.companyNatureName, tc.topCustomerName, esi.employeeNo, CONCAT( e.employeeFristName ,e.employeeLastName ) AS employeeName, esi.location, esi.siteManager, esi.unitPrice FROM customer_information AS ci LEFT JOIN employee_site_information AS esi ON ci.customerNo = esi.customerNo AND ci.topCustomerNo = esi.topCustomerNo LEFT JOIN employee AS e ON esi.employeeNo = e.employeeNo LEFT JOIN customer_ranking_master AS crm ON ci.customerRankingCode = crm.customerRankingCode LEFT JOIN company_nature_master AS cnm ON ci.companyNatureCode = cnm.companyNatureCode LEFT JOIN top_customer AS tc ON ci.topCustomerNo = tc.topCustomerNo ,( SELECT @rowNo := 0 ) AS rowNo WHERE 1=1 ORDER BY rowNo 
2020-07-17 22:54:32,313 [http-nio-8080-exec-10] DEBUG j.c.l.c.m.C.SelectCustomerInfo 143 - ==> Parameters: 
2020-07-17 22:54:32,364 [http-nio-8080-exec-9] DEBUG j.c.l.c.m.C.SelectCustomerInfo 143 - <==      Total: 11
2020-07-17 22:54:32,498 [http-nio-8080-exec-1] INFO  j.c.l.c.c.CustomerInfoSearchController 30 - CustomerInfoController.onloadPage:查询加载開始
2020-07-17 22:54:32,498 [http-nio-8080-exec-1] DEBUG j.c.l.c.m.C.SelectCustomerInfo 143 - ==>  Preparing: SELECT CONCAT(( @rowNo := @rowNo + 1 )) AS rowNo, ci.customerNo, ci.customerName, crm.customerRankingName, ci.headOffice, cnm.companyNatureName, tc.topCustomerName, esi.employeeNo, CONCAT( e.employeeFristName ,e.employeeLastName ) AS employeeName, esi.location, esi.siteManager, esi.unitPrice FROM customer_information AS ci LEFT JOIN employee_site_information AS esi ON ci.customerNo = esi.customerNo AND ci.topCustomerNo = esi.topCustomerNo LEFT JOIN employee AS e ON esi.employeeNo = e.employeeNo LEFT JOIN customer_ranking_master AS crm ON ci.customerRankingCode = crm.customerRankingCode LEFT JOIN company_nature_master AS cnm ON ci.companyNatureCode = cnm.companyNatureCode LEFT JOIN top_customer AS tc ON ci.topCustomerNo = tc.topCustomerNo ,( SELECT @rowNo := 0 ) AS rowNo WHERE 1=1 ORDER BY rowNo 
2020-07-17 22:54:32,499 [http-nio-8080-exec-1] DEBUG j.c.l.c.m.C.SelectCustomerInfo 143 - ==> Parameters: 
2020-07-17 22:54:32,553 [http-nio-8080-exec-10] DEBUG j.c.l.c.m.C.SelectCustomerInfo 143 - <==      Total: 11
2020-07-17 22:54:32,679 [http-nio-8080-exec-2] INFO  j.c.l.c.c.CustomerInfoSearchController 30 - CustomerInfoController.onloadPage:查询加载開始
2020-07-17 22:54:32,679 [http-nio-8080-exec-2] DEBUG j.c.l.c.m.C.SelectCustomerInfo 143 - ==>  Preparing: SELECT CONCAT(( @rowNo := @rowNo + 1 )) AS rowNo, ci.customerNo, ci.customerName, crm.customerRankingName, ci.headOffice, cnm.companyNatureName, tc.topCustomerName, esi.employeeNo, CONCAT( e.employeeFristName ,e.employeeLastName ) AS employeeName, esi.location, esi.siteManager, esi.unitPrice FROM customer_information AS ci LEFT JOIN employee_site_information AS esi ON ci.customerNo = esi.customerNo AND ci.topCustomerNo = esi.topCustomerNo LEFT JOIN employee AS e ON esi.employeeNo = e.employeeNo LEFT JOIN customer_ranking_master AS crm ON ci.customerRankingCode = crm.customerRankingCode LEFT JOIN company_nature_master AS cnm ON ci.companyNatureCode = cnm.companyNatureCode LEFT JOIN top_customer AS tc ON ci.topCustomerNo = tc.topCustomerNo ,( SELECT @rowNo := 0 ) AS rowNo WHERE 1=1 ORDER BY rowNo 
2020-07-17 22:54:32,679 [http-nio-8080-exec-2] DEBUG j.c.l.c.m.C.SelectCustomerInfo 143 - ==> Parameters: 
2020-07-17 22:54:32,735 [http-nio-8080-exec-1] DEBUG j.c.l.c.m.C.SelectCustomerInfo 143 - <==      Total: 11
2020-07-17 22:54:32,849 [http-nio-8080-exec-3] INFO  j.c.l.c.c.CustomerInfoSearchController 30 - CustomerInfoController.onloadPage:查询加载開始
2020-07-17 22:54:32,849 [http-nio-8080-exec-3] DEBUG j.c.l.c.m.C.SelectCustomerInfo 143 - ==>  Preparing: SELECT CONCAT(( @rowNo := @rowNo + 1 )) AS rowNo, ci.customerNo, ci.customerName, crm.customerRankingName, ci.headOffice, cnm.companyNatureName, tc.topCustomerName, esi.employeeNo, CONCAT( e.employeeFristName ,e.employeeLastName ) AS employeeName, esi.location, esi.siteManager, esi.unitPrice FROM customer_information AS ci LEFT JOIN employee_site_information AS esi ON ci.customerNo = esi.customerNo AND ci.topCustomerNo = esi.topCustomerNo LEFT JOIN employee AS e ON esi.employeeNo = e.employeeNo LEFT JOIN customer_ranking_master AS crm ON ci.customerRankingCode = crm.customerRankingCode LEFT JOIN company_nature_master AS cnm ON ci.companyNatureCode = cnm.companyNatureCode LEFT JOIN top_customer AS tc ON ci.topCustomerNo = tc.topCustomerNo ,( SELECT @rowNo := 0 ) AS rowNo WHERE 1=1 ORDER BY rowNo 
2020-07-17 22:54:32,849 [http-nio-8080-exec-3] DEBUG j.c.l.c.m.C.SelectCustomerInfo 143 - ==> Parameters: 
2020-07-17 22:54:32,901 [http-nio-8080-exec-2] DEBUG j.c.l.c.m.C.SelectCustomerInfo 143 - <==      Total: 11
2020-07-17 22:54:33,064 [http-nio-8080-exec-3] DEBUG j.c.l.c.m.C.SelectCustomerInfo 143 - <==      Total: 11
2020-07-17 22:55:19,448 [http-nio-8080-exec-4] INFO  j.c.l.c.c.CustomerInfoSearchController 30 - CustomerInfoController.onloadPage:查询加载開始
2020-07-17 22:55:19,664 [http-nio-8080-exec-4] DEBUG j.c.l.c.m.C.SelectCustomerInfo 143 - ==>  Preparing: SELECT CONCAT(( @rowNo := @rowNo + 1 )) AS rowNo, ci.customerNo, ci.customerName, crm.customerRankingName, ci.headOffice, cnm.companyNatureName, tc.topCustomerName, esi.employeeNo, CONCAT( e.employeeFristName ,e.employeeLastName ) AS employeeName, esi.location, esi.siteManager, esi.unitPrice FROM customer_information AS ci LEFT JOIN employee_site_information AS esi ON ci.customerNo = esi.customerNo AND ci.topCustomerNo = esi.topCustomerNo LEFT JOIN employee AS e ON esi.employeeNo = e.employeeNo LEFT JOIN customer_ranking_master AS crm ON ci.customerRankingCode = crm.customerRankingCode LEFT JOIN company_nature_master AS cnm ON ci.companyNatureCode = cnm.companyNatureCode LEFT JOIN top_customer AS tc ON ci.topCustomerNo = tc.topCustomerNo ,( SELECT @rowNo := 0 ) AS rowNo WHERE 1=1 AND ci.companyNatureCode=? ORDER BY rowNo 
2020-07-17 22:55:19,664 [http-nio-8080-exec-4] DEBUG j.c.l.c.m.C.SelectCustomerInfo 143 - ==> Parameters: 0(String)
2020-07-17 22:55:19,870 [http-nio-8080-exec-4] DEBUG j.c.l.c.m.C.SelectCustomerInfo 143 - <==      Total: 9
2020-07-17 22:55:40,961 [http-nio-8080-exec-6] INFO  j.c.l.c.c.CustomerInfoSearchController 30 - CustomerInfoController.onloadPage:查询加载開始
2020-07-17 22:55:41,173 [http-nio-8080-exec-6] DEBUG j.c.l.c.m.C.SelectCustomerInfo 143 - ==>  Preparing: SELECT CONCAT(( @rowNo := @rowNo + 1 )) AS rowNo, ci.customerNo, ci.customerName, crm.customerRankingName, ci.headOffice, cnm.companyNatureName, tc.topCustomerName, esi.employeeNo, CONCAT( e.employeeFristName ,e.employeeLastName ) AS employeeName, esi.location, esi.siteManager, esi.unitPrice FROM customer_information AS ci LEFT JOIN employee_site_information AS esi ON ci.customerNo = esi.customerNo AND ci.topCustomerNo = esi.topCustomerNo LEFT JOIN employee AS e ON esi.employeeNo = e.employeeNo LEFT JOIN customer_ranking_master AS crm ON ci.customerRankingCode = crm.customerRankingCode LEFT JOIN company_nature_master AS cnm ON ci.companyNatureCode = cnm.companyNatureCode LEFT JOIN top_customer AS tc ON ci.topCustomerNo = tc.topCustomerNo ,( SELECT @rowNo := 0 ) AS rowNo WHERE 1=1 ORDER BY rowNo 
2020-07-17 22:55:41,174 [http-nio-8080-exec-6] DEBUG j.c.l.c.m.C.SelectCustomerInfo 143 - ==> Parameters: 
2020-07-17 22:55:41,404 [http-nio-8080-exec-6] DEBUG j.c.l.c.m.C.SelectCustomerInfo 143 - <==      Total: 11
