2019-09-06 15:36:27,958 [main] INFO  jp.co.lyc.cms.ApplicationMain 50 - Starting ApplicationMain on DESKTOP-GD7FF1R with PID 10440 (C:\E\workspacer\LYC_CMS\target\classes started by admin in C:\E\workspacer\LYC_CMS)
2019-09-06 15:36:27,969 [main] INFO  jp.co.lyc.cms.ApplicationMain 647 - No active profile set, falling back to default profiles: default
2019-09-06 15:36:31,150 [main] INFO  o.s.b.w.e.tomcat.TomcatWebServer 90 - Tomcat initialized with port(s): 8080 (http)
2019-09-06 15:36:31,174 [main] INFO  o.a.coyote.http11.Http11NioProtocol 173 - Initializing ProtocolHandler ["http-nio-8080"]
2019-09-06 15:36:31,195 [main] INFO  o.a.catalina.core.StandardService 173 - Starting service [Tomcat]
2019-09-06 15:36:31,196 [main] INFO  o.a.catalina.core.StandardEngine 173 - Starting Servlet engine: [Apache Tomcat/9.0.22]
2019-09-06 15:36:31,443 [main] INFO  o.a.c.c.C.[Tomcat].[localhost].[/] 173 - Initializing Spring embedded WebApplicationContext
2019-09-06 15:36:31,444 [main] INFO  o.s.web.context.ContextLoader 284 - Root WebApplicationContext: initialization completed in 3343 ms
2019-09-06 15:36:32,484 [main] INFO  o.s.s.c.ThreadPoolTaskExecutor 171 - Initializing ExecutorService 'applicationTaskExecutor'
2019-09-06 15:36:32,691 [main] INFO  o.s.b.a.w.s.WelcomePageHandlerMapping 58 - Adding welcome page template: index
2019-09-06 15:36:33,122 [main] INFO  o.a.coyote.http11.Http11NioProtocol 173 - Starting ProtocolHandler ["http-nio-8080"]
2019-09-06 15:36:33,176 [main] INFO  o.s.b.w.e.tomcat.TomcatWebServer 202 - Tomcat started on port(s): 8080 (http) with context path ''
2019-09-06 15:36:33,186 [main] INFO  jp.co.lyc.cms.ApplicationMain 59 - Started ApplicationMain in 6.75 seconds (JVM running for 16.191)
2019-09-06 15:37:33,102 [http-nio-8080-exec-1] INFO  o.a.c.c.C.[Tomcat].[localhost].[/] 173 - Initializing Spring DispatcherServlet 'dispatcherServlet'
2019-09-06 15:37:33,104 [http-nio-8080-exec-1] INFO  o.s.web.servlet.DispatcherServlet 524 - Initializing Servlet 'dispatcherServlet'
2019-09-06 15:37:33,128 [http-nio-8080-exec-1] INFO  o.s.web.servlet.DispatcherServlet 546 - Completed initialization in 24 ms
2019-09-06 15:37:33,218 [http-nio-8080-exec-1] WARN  o.s.w.s.m.s.DefaultHandlerExceptionResolver 198 - Resolved [org.springframework.web.HttpRequestMethodNotSupportedException: Request method 'GET' not supported]
2019-09-06 15:37:40,949 [http-nio-8080-exec-4] INFO  j.c.l.cms.controller.LoginController 47 - LoginController.login:登録開始
2019-09-06 15:37:41,007 [http-nio-8080-exec-4] INFO  com.zaxxer.hikari.HikariDataSource 110 - HikariPool-1 - Starting...
2019-09-06 15:37:41,774 [http-nio-8080-exec-4] INFO  com.zaxxer.hikari.HikariDataSource 123 - HikariPool-1 - Start completed.
2019-09-06 15:37:41,914 [http-nio-8080-exec-4] INFO  j.c.l.cms.controller.LoginController 67 - loginController.login:登録開始
2019-09-06 15:37:41,916 [http-nio-8080-exec-4] INFO  j.c.l.cms.controller.LoginController 70 - 日志输出 info
2019-09-06 15:37:41,928 [http-nio-8080-exec-4] WARN  j.c.l.cms.controller.LoginController 71 - 日志输出 warn
2019-09-06 15:37:41,932 [http-nio-8080-exec-4] INFO  j.c.l.cms.controller.LoginController 74 - loginController.login:登録結束
2019-09-06 15:47:11,446 [main] INFO  jp.co.lyc.cms.ApplicationMain 50 - Starting ApplicationMain on DESKTOP-GD7FF1R with PID 4656 (C:\E\workspacer\LYC_CMS\target\classes started by admin in C:\E\workspacer\LYC_CMS)
2019-09-06 15:47:11,453 [main] INFO  jp.co.lyc.cms.ApplicationMain 647 - No active profile set, falling back to default profiles: default
2019-09-06 15:47:14,593 [main] INFO  o.s.b.w.e.tomcat.TomcatWebServer 90 - Tomcat initialized with port(s): 8080 (http)
2019-09-06 15:47:14,621 [main] INFO  o.a.coyote.http11.Http11NioProtocol 173 - Initializing ProtocolHandler ["http-nio-8080"]
2019-09-06 15:47:14,643 [main] INFO  o.a.catalina.core.StandardService 173 - Starting service [Tomcat]
2019-09-06 15:47:14,645 [main] INFO  o.a.catalina.core.StandardEngine 173 - Starting Servlet engine: [Apache Tomcat/9.0.22]
2019-09-06 15:47:14,939 [main] INFO  o.a.c.c.C.[Tomcat].[localhost].[/] 173 - Initializing Spring embedded WebApplicationContext
2019-09-06 15:47:14,940 [main] INFO  o.s.web.context.ContextLoader 284 - Root WebApplicationContext: initialization completed in 3392 ms
2019-09-06 15:47:16,089 [main] INFO  o.s.s.c.ThreadPoolTaskExecutor 171 - Initializing ExecutorService 'applicationTaskExecutor'
2019-09-06 15:47:16,358 [main] INFO  o.s.b.a.w.s.WelcomePageHandlerMapping 58 - Adding welcome page template: index
2019-09-06 15:47:16,814 [main] INFO  o.a.coyote.http11.Http11NioProtocol 173 - Starting ProtocolHandler ["http-nio-8080"]
2019-09-06 15:47:16,896 [main] INFO  o.s.b.w.e.tomcat.TomcatWebServer 202 - Tomcat started on port(s): 8080 (http) with context path ''
2019-09-06 15:47:16,903 [main] INFO  jp.co.lyc.cms.ApplicationMain 59 - Started ApplicationMain in 6.705 seconds (JVM running for 20.296)
2019-09-06 15:47:27,823 [http-nio-8080-exec-2] INFO  o.a.c.c.C.[Tomcat].[localhost].[/] 173 - Initializing Spring DispatcherServlet 'dispatcherServlet'
2019-09-06 15:47:27,828 [http-nio-8080-exec-2] INFO  o.s.web.servlet.DispatcherServlet 524 - Initializing Servlet 'dispatcherServlet'
2019-09-06 15:47:27,866 [http-nio-8080-exec-2] INFO  o.s.web.servlet.DispatcherServlet 546 - Completed initialization in 36 ms
2019-09-06 15:47:29,207 [http-nio-8080-exec-2] INFO  j.c.l.cms.controller.LoginController 47 - LoginController.login:登録開始
2019-09-06 15:47:29,307 [http-nio-8080-exec-2] INFO  com.zaxxer.hikari.HikariDataSource 110 - HikariPool-1 - Starting...
2019-09-06 15:47:29,994 [http-nio-8080-exec-2] INFO  com.zaxxer.hikari.HikariDataSource 123 - HikariPool-1 - Start completed.
2019-09-06 15:47:30,084 [http-nio-8080-exec-2] INFO  j.c.l.cms.controller.LoginController 67 - loginController.login:登録開始
2019-09-06 15:47:30,085 [http-nio-8080-exec-2] INFO  j.c.l.cms.controller.LoginController 70 - 日志输出 info
2019-09-06 15:47:30,085 [http-nio-8080-exec-2] WARN  j.c.l.cms.controller.LoginController 71 - 日志输出 warn
2019-09-06 15:47:30,086 [http-nio-8080-exec-2] INFO  j.c.l.cms.controller.LoginController 74 - loginController.login:登録結束
2019-09-06 15:49:47,882 [main] INFO  jp.co.lyc.cms.ApplicationMain 50 - Starting ApplicationMain on DESKTOP-GD7FF1R with PID 8564 (C:\E\workspacer\LYC_CMS\target\classes started by admin in C:\E\workspacer\LYC_CMS)
2019-09-06 15:49:47,890 [main] INFO  jp.co.lyc.cms.ApplicationMain 647 - No active profile set, falling back to default profiles: default
2019-09-06 15:49:50,606 [main] INFO  o.s.b.w.e.tomcat.TomcatWebServer 90 - Tomcat initialized with port(s): 8080 (http)
2019-09-06 15:49:50,639 [main] INFO  o.a.coyote.http11.Http11NioProtocol 173 - Initializing ProtocolHandler ["http-nio-8080"]
2019-09-06 15:49:50,667 [main] INFO  o.a.catalina.core.StandardService 173 - Starting service [Tomcat]
2019-09-06 15:49:50,670 [main] INFO  o.a.catalina.core.StandardEngine 173 - Starting Servlet engine: [Apache Tomcat/9.0.22]
2019-09-06 15:49:50,934 [main] INFO  o.a.c.c.C.[Tomcat].[localhost].[/] 173 - Initializing Spring embedded WebApplicationContext
2019-09-06 15:49:50,935 [main] INFO  o.s.web.context.ContextLoader 284 - Root WebApplicationContext: initialization completed in 2945 ms
2019-09-06 15:49:52,121 [main] INFO  o.s.s.c.ThreadPoolTaskExecutor 171 - Initializing ExecutorService 'applicationTaskExecutor'
2019-09-06 15:49:52,429 [main] INFO  o.s.b.a.w.s.WelcomePageHandlerMapping 58 - Adding welcome page template: index
2019-09-06 15:49:53,117 [main] INFO  o.a.coyote.http11.Http11NioProtocol 173 - Starting ProtocolHandler ["http-nio-8080"]
2019-09-06 15:49:53,193 [main] INFO  o.s.b.w.e.tomcat.TomcatWebServer 202 - Tomcat started on port(s): 8080 (http) with context path ''
2019-09-06 15:49:53,201 [main] INFO  jp.co.lyc.cms.ApplicationMain 59 - Started ApplicationMain in 6.517 seconds (JVM running for 16.063)
2019-09-06 15:49:59,105 [http-nio-8080-exec-1] INFO  o.a.c.c.C.[Tomcat].[localhost].[/] 173 - Initializing Spring DispatcherServlet 'dispatcherServlet'
2019-09-06 15:49:59,107 [http-nio-8080-exec-1] INFO  o.s.web.servlet.DispatcherServlet 524 - Initializing Servlet 'dispatcherServlet'
2019-09-06 15:49:59,127 [http-nio-8080-exec-1] INFO  o.s.web.servlet.DispatcherServlet 546 - Completed initialization in 20 ms
2019-09-06 15:49:59,308 [http-nio-8080-exec-1] INFO  j.c.l.cms.controller.LoginController 48 - LoginController.login:登録開始
2019-09-06 15:49:59,379 [http-nio-8080-exec-1] INFO  com.zaxxer.hikari.HikariDataSource 110 - HikariPool-1 - Starting...
2019-09-06 15:50:00,346 [http-nio-8080-exec-1] INFO  com.zaxxer.hikari.HikariDataSource 123 - HikariPool-1 - Start completed.
2019-09-06 15:50:00,481 [http-nio-8080-exec-1] INFO  j.c.l.cms.controller.LoginController 69 - loginController.login:登録開始
2019-09-06 15:50:00,482 [http-nio-8080-exec-1] INFO  j.c.l.cms.controller.LoginController 72 - 日志输出 info
2019-09-06 15:50:00,482 [http-nio-8080-exec-1] WARN  j.c.l.cms.controller.LoginController 73 - 日志输出 warn
2019-09-06 15:50:00,484 [http-nio-8080-exec-1] INFO  j.c.l.cms.controller.LoginController 76 - loginController.login:登録結束
2019-09-06 16:04:57,663 [main] INFO  jp.co.lyc.cms.ApplicationMain 50 - Starting ApplicationMain on DESKTOP-GD7FF1R with PID 6156 (C:\E\workspacer\LYC_CMS\target\classes started by admin in C:\E\workspacer\LYC_CMS)
2019-09-06 16:04:57,671 [main] INFO  jp.co.lyc.cms.ApplicationMain 647 - No active profile set, falling back to default profiles: default
2019-09-06 16:05:00,842 [main] INFO  o.s.b.w.e.tomcat.TomcatWebServer 90 - Tomcat initialized with port(s): 8080 (http)
2019-09-06 16:05:00,872 [main] INFO  o.a.coyote.http11.Http11NioProtocol 173 - Initializing ProtocolHandler ["http-nio-8080"]
2019-09-06 16:05:00,899 [main] INFO  o.a.catalina.core.StandardService 173 - Starting service [Tomcat]
2019-09-06 16:05:00,907 [main] INFO  o.a.catalina.core.StandardEngine 173 - Starting Servlet engine: [Apache Tomcat/9.0.22]
2019-09-06 16:05:01,164 [main] INFO  o.a.c.c.C.[Tomcat].[localhost].[/] 173 - Initializing Spring embedded WebApplicationContext
2019-09-06 16:05:01,165 [main] INFO  o.s.web.context.ContextLoader 284 - Root WebApplicationContext: initialization completed in 3327 ms
2019-09-06 16:05:02,269 [main] INFO  o.s.s.c.ThreadPoolTaskExecutor 171 - Initializing ExecutorService 'applicationTaskExecutor'
2019-09-06 16:05:02,452 [main] INFO  o.s.b.a.w.s.WelcomePageHandlerMapping 58 - Adding welcome page template: index
2019-09-06 16:05:02,917 [main] INFO  o.a.coyote.http11.Http11NioProtocol 173 - Starting ProtocolHandler ["http-nio-8080"]
2019-09-06 16:05:02,979 [main] INFO  o.s.b.w.e.tomcat.TomcatWebServer 202 - Tomcat started on port(s): 8080 (http) with context path ''
2019-09-06 16:05:02,986 [main] INFO  jp.co.lyc.cms.ApplicationMain 59 - Started ApplicationMain in 6.704 seconds (JVM running for 15.752)
2019-09-06 16:05:24,750 [http-nio-8080-exec-1] INFO  o.a.c.c.C.[Tomcat].[localhost].[/] 173 - Initializing Spring DispatcherServlet 'dispatcherServlet'
2019-09-06 16:05:24,752 [http-nio-8080-exec-1] INFO  o.s.web.servlet.DispatcherServlet 524 - Initializing Servlet 'dispatcherServlet'
2019-09-06 16:05:24,774 [http-nio-8080-exec-1] INFO  o.s.web.servlet.DispatcherServlet 546 - Completed initialization in 21 ms
2019-09-06 16:05:24,974 [http-nio-8080-exec-1] INFO  j.c.l.cms.controller.LoginController 50 - LoginController.login:登録開始
2019-09-06 16:05:25,048 [http-nio-8080-exec-1] INFO  com.zaxxer.hikari.HikariDataSource 110 - HikariPool-1 - Starting...
2019-09-06 16:05:25,838 [http-nio-8080-exec-1] INFO  com.zaxxer.hikari.HikariDataSource 123 - HikariPool-1 - Start completed.
2019-09-06 16:05:25,930 [http-nio-8080-exec-1] INFO  j.c.l.cms.controller.LoginController 72 - loginController.login:登録開始
2019-09-06 16:05:25,930 [http-nio-8080-exec-1] INFO  j.c.l.cms.controller.LoginController 75 - 日志输出 info
2019-09-06 16:05:25,931 [http-nio-8080-exec-1] WARN  j.c.l.cms.controller.LoginController 76 - 日志输出 warn
2019-09-06 16:05:25,932 [http-nio-8080-exec-1] INFO  j.c.l.cms.controller.LoginController 79 - loginController.login:登録結束
2019-09-06 16:08:26,258 [main] INFO  jp.co.lyc.cms.ApplicationMain 50 - Starting ApplicationMain on DESKTOP-GD7FF1R with PID 4916 (C:\E\workspacer\LYC_CMS\target\classes started by admin in C:\E\workspacer\LYC_CMS)
2019-09-06 16:08:26,268 [main] INFO  jp.co.lyc.cms.ApplicationMain 647 - No active profile set, falling back to default profiles: default
2019-09-06 16:08:29,238 [main] INFO  o.s.b.w.e.tomcat.TomcatWebServer 90 - Tomcat initialized with port(s): 8080 (http)
2019-09-06 16:08:29,269 [main] INFO  o.a.coyote.http11.Http11NioProtocol 173 - Initializing ProtocolHandler ["http-nio-8080"]
2019-09-06 16:08:29,295 [main] INFO  o.a.catalina.core.StandardService 173 - Starting service [Tomcat]
2019-09-06 16:08:29,300 [main] INFO  o.a.catalina.core.StandardEngine 173 - Starting Servlet engine: [Apache Tomcat/9.0.22]
2019-09-06 16:08:29,604 [main] INFO  o.a.c.c.C.[Tomcat].[localhost].[/] 173 - Initializing Spring embedded WebApplicationContext
2019-09-06 16:08:29,605 [main] INFO  o.s.web.context.ContextLoader 284 - Root WebApplicationContext: initialization completed in 3171 ms
2019-09-06 16:08:30,747 [main] INFO  o.s.s.c.ThreadPoolTaskExecutor 171 - Initializing ExecutorService 'applicationTaskExecutor'
2019-09-06 16:08:30,922 [main] INFO  o.s.b.a.w.s.WelcomePageHandlerMapping 58 - Adding welcome page template: index
2019-09-06 16:08:31,373 [main] INFO  o.a.coyote.http11.Http11NioProtocol 173 - Starting ProtocolHandler ["http-nio-8080"]
2019-09-06 16:08:31,455 [main] INFO  o.s.b.w.e.tomcat.TomcatWebServer 202 - Tomcat started on port(s): 8080 (http) with context path ''
2019-09-06 16:08:31,473 [main] INFO  jp.co.lyc.cms.ApplicationMain 59 - Started ApplicationMain in 6.565 seconds (JVM running for 15.426)
2019-09-06 16:09:14,866 [http-nio-8080-exec-1] INFO  o.a.c.c.C.[Tomcat].[localhost].[/] 173 - Initializing Spring DispatcherServlet 'dispatcherServlet'
2019-09-06 16:09:14,868 [http-nio-8080-exec-1] INFO  o.s.web.servlet.DispatcherServlet 524 - Initializing Servlet 'dispatcherServlet'
2019-09-06 16:09:14,906 [http-nio-8080-exec-1] INFO  o.s.web.servlet.DispatcherServlet 546 - Completed initialization in 37 ms
2019-09-06 16:09:15,110 [http-nio-8080-exec-1] INFO  j.c.l.cms.controller.LoginController 50 - LoginController.login:登録開始
2019-09-06 16:09:15,185 [http-nio-8080-exec-1] INFO  com.zaxxer.hikari.HikariDataSource 110 - HikariPool-1 - Starting...
2019-09-06 16:09:15,984 [http-nio-8080-exec-1] INFO  com.zaxxer.hikari.HikariDataSource 123 - HikariPool-1 - Start completed.
2019-09-06 16:09:16,073 [http-nio-8080-exec-1] INFO  j.c.l.cms.controller.LoginController 74 - loginController.login:登録開始
2019-09-06 16:09:16,074 [http-nio-8080-exec-1] INFO  j.c.l.cms.controller.LoginController 77 - 日志输出 info
2019-09-06 16:09:16,075 [http-nio-8080-exec-1] WARN  j.c.l.cms.controller.LoginController 78 - 日志输出 warn
2019-09-06 16:09:16,077 [http-nio-8080-exec-1] INFO  j.c.l.cms.controller.LoginController 81 - loginController.login:登録結束
2019-09-06 16:22:37,059 [main] INFO  jp.co.lyc.cms.ApplicationMain 50 - Starting ApplicationMain on DESKTOP-GD7FF1R with PID 8720 (C:\E\workspacer\LYC_CMS\target\classes started by admin in C:\E\workspacer\LYC_CMS)
2019-09-06 16:22:37,073 [main] INFO  jp.co.lyc.cms.ApplicationMain 647 - No active profile set, falling back to default profiles: default
2019-09-06 16:22:42,292 [main] INFO  o.s.b.w.e.tomcat.TomcatWebServer 90 - Tomcat initialized with port(s): 8080 (http)
2019-09-06 16:22:42,352 [main] INFO  o.a.coyote.http11.Http11NioProtocol 173 - Initializing ProtocolHandler ["http-nio-8080"]
2019-09-06 16:22:42,386 [main] INFO  o.a.catalina.core.StandardService 173 - Starting service [Tomcat]
2019-09-06 16:22:42,387 [main] INFO  o.a.catalina.core.StandardEngine 173 - Starting Servlet engine: [Apache Tomcat/9.0.22]
2019-09-06 16:22:42,758 [main] INFO  o.a.c.c.C.[Tomcat].[localhost].[/] 173 - Initializing Spring embedded WebApplicationContext
2019-09-06 16:22:42,759 [main] INFO  o.s.web.context.ContextLoader 284 - Root WebApplicationContext: initialization completed in 5257 ms
2019-09-06 16:22:47,015 [main] INFO  o.s.s.c.ThreadPoolTaskExecutor 171 - Initializing ExecutorService 'applicationTaskExecutor'
2019-09-06 16:22:47,261 [main] INFO  o.s.b.a.w.s.WelcomePageHandlerMapping 58 - Adding welcome page template: index
2019-09-06 16:22:47,819 [main] INFO  o.a.coyote.http11.Http11NioProtocol 173 - Starting ProtocolHandler ["http-nio-8080"]
2019-09-06 16:22:47,934 [main] INFO  o.s.b.w.e.tomcat.TomcatWebServer 202 - Tomcat started on port(s): 8080 (http) with context path ''
2019-09-06 16:22:47,951 [main] INFO  jp.co.lyc.cms.ApplicationMain 59 - Started ApplicationMain in 13.105 seconds (JVM running for 25.962)
2019-09-06 16:22:58,270 [http-nio-8080-exec-1] INFO  o.a.c.c.C.[Tomcat].[localhost].[/] 173 - Initializing Spring DispatcherServlet 'dispatcherServlet'
2019-09-06 16:22:58,272 [http-nio-8080-exec-1] INFO  o.s.web.servlet.DispatcherServlet 524 - Initializing Servlet 'dispatcherServlet'
2019-09-06 16:22:58,301 [http-nio-8080-exec-1] INFO  o.s.web.servlet.DispatcherServlet 546 - Completed initialization in 29 ms
2019-09-06 16:23:11,027 [http-nio-8080-exec-1] INFO  j.c.l.cms.controller.LoginController 50 - LoginController.login:登録開始
2019-09-06 16:23:14,064 [http-nio-8080-exec-1] INFO  com.zaxxer.hikari.HikariDataSource 110 - HikariPool-1 - Starting...
2019-09-06 16:23:20,455 [http-nio-8080-exec-1] INFO  com.zaxxer.hikari.HikariDataSource 123 - HikariPool-1 - Start completed.
2019-09-06 16:23:52,014 [http-nio-8080-exec-1] INFO  j.c.l.cms.controller.LoginController 74 - loginController.login:登録開始
2019-09-06 16:23:53,492 [http-nio-8080-exec-1] INFO  j.c.l.cms.controller.LoginController 77 - 日志输出 info
2019-09-06 16:23:53,494 [http-nio-8080-exec-1] WARN  j.c.l.cms.controller.LoginController 78 - 日志输出 warn
2019-09-06 16:23:53,498 [http-nio-8080-exec-1] INFO  j.c.l.cms.controller.LoginController 81 - loginController.login:登録結束
2019-09-06 16:25:12,459 [main] INFO  jp.co.lyc.cms.ApplicationMain 50 - Starting ApplicationMain on DESKTOP-GD7FF1R with PID 7568 (C:\E\workspacer\LYC_CMS\target\classes started by admin in C:\E\workspacer\LYC_CMS)
2019-09-06 16:25:12,477 [main] INFO  jp.co.lyc.cms.ApplicationMain 647 - No active profile set, falling back to default profiles: default
2019-09-06 16:25:15,806 [main] INFO  o.s.b.w.e.tomcat.TomcatWebServer 90 - Tomcat initialized with port(s): 8080 (http)
2019-09-06 16:25:15,843 [main] INFO  o.a.coyote.http11.Http11NioProtocol 173 - Initializing ProtocolHandler ["http-nio-8080"]
2019-09-06 16:25:15,878 [main] INFO  o.a.catalina.core.StandardService 173 - Starting service [Tomcat]
2019-09-06 16:25:15,880 [main] INFO  o.a.catalina.core.StandardEngine 173 - Starting Servlet engine: [Apache Tomcat/9.0.22]
2019-09-06 16:25:16,154 [main] INFO  o.a.c.c.C.[Tomcat].[localhost].[/] 173 - Initializing Spring embedded WebApplicationContext
2019-09-06 16:25:16,155 [main] INFO  o.s.web.context.ContextLoader 284 - Root WebApplicationContext: initialization completed in 3548 ms
2019-09-06 16:25:17,529 [main] INFO  o.s.s.c.ThreadPoolTaskExecutor 171 - Initializing ExecutorService 'applicationTaskExecutor'
2019-09-06 16:25:17,783 [main] INFO  o.s.b.a.w.s.WelcomePageHandlerMapping 58 - Adding welcome page template: index
2019-09-06 16:25:18,267 [main] INFO  o.a.coyote.http11.Http11NioProtocol 173 - Starting ProtocolHandler ["http-nio-8080"]
2019-09-06 16:25:18,328 [main] INFO  o.s.b.w.e.tomcat.TomcatWebServer 202 - Tomcat started on port(s): 8080 (http) with context path ''
2019-09-06 16:25:18,339 [main] INFO  jp.co.lyc.cms.ApplicationMain 59 - Started ApplicationMain in 7.357 seconds (JVM running for 16.372)
2019-09-06 16:25:34,684 [http-nio-8080-exec-1] INFO  o.a.c.c.C.[Tomcat].[localhost].[/] 173 - Initializing Spring DispatcherServlet 'dispatcherServlet'
2019-09-06 16:25:34,686 [http-nio-8080-exec-1] INFO  o.s.web.servlet.DispatcherServlet 524 - Initializing Servlet 'dispatcherServlet'
2019-09-06 16:25:34,707 [http-nio-8080-exec-1] INFO  o.s.web.servlet.DispatcherServlet 546 - Completed initialization in 20 ms
2019-09-06 16:25:34,881 [http-nio-8080-exec-1] INFO  j.c.l.cms.controller.LoginController 50 - LoginController.login:登録開始
2019-09-06 16:25:34,946 [http-nio-8080-exec-1] INFO  com.zaxxer.hikari.HikariDataSource 110 - HikariPool-1 - Starting...
2019-09-06 16:25:35,827 [http-nio-8080-exec-1] INFO  com.zaxxer.hikari.HikariDataSource 123 - HikariPool-1 - Start completed.
2019-09-06 16:25:35,920 [http-nio-8080-exec-1] INFO  j.c.l.cms.controller.LoginController 74 - loginController.login:登録開始
2019-09-06 16:25:35,921 [http-nio-8080-exec-1] INFO  j.c.l.cms.controller.LoginController 77 - 日志输出 info
2019-09-06 16:25:35,922 [http-nio-8080-exec-1] WARN  j.c.l.cms.controller.LoginController 78 - 日志输出 warn
2019-09-06 16:25:35,923 [http-nio-8080-exec-1] INFO  j.c.l.cms.controller.LoginController 81 - loginController.login:登録結束
2019-09-06 16:35:00,274 [main] INFO  jp.co.lyc.cms.ApplicationMain 50 - Starting ApplicationMain on DESKTOP-GD7FF1R with PID 18052 (C:\E\workspacer\LYC_CMS\target\classes started by admin in C:\E\workspacer\LYC_CMS)
2019-09-06 16:35:00,292 [main] INFO  jp.co.lyc.cms.ApplicationMain 647 - No active profile set, falling back to default profiles: default
2019-09-06 16:35:03,886 [main] INFO  o.s.b.w.e.tomcat.TomcatWebServer 90 - Tomcat initialized with port(s): 8080 (http)
2019-09-06 16:35:03,914 [main] INFO  o.a.coyote.http11.Http11NioProtocol 173 - Initializing ProtocolHandler ["http-nio-8080"]
2019-09-06 16:35:03,945 [main] INFO  o.a.catalina.core.StandardService 173 - Starting service [Tomcat]
2019-09-06 16:35:03,948 [main] INFO  o.a.catalina.core.StandardEngine 173 - Starting Servlet engine: [Apache Tomcat/9.0.22]
2019-09-06 16:35:04,278 [main] INFO  o.a.c.c.C.[Tomcat].[localhost].[/] 173 - Initializing Spring embedded WebApplicationContext
2019-09-06 16:35:04,279 [main] INFO  o.s.web.context.ContextLoader 284 - Root WebApplicationContext: initialization completed in 3894 ms
2019-09-06 16:35:05,375 [main] INFO  o.s.s.c.ThreadPoolTaskExecutor 171 - Initializing ExecutorService 'applicationTaskExecutor'
2019-09-06 16:35:05,571 [main] INFO  o.s.b.a.w.s.WelcomePageHandlerMapping 58 - Adding welcome page template: index
2019-09-06 16:35:06,013 [main] INFO  o.a.coyote.http11.Http11NioProtocol 173 - Starting ProtocolHandler ["http-nio-8080"]
2019-09-06 16:35:06,081 [main] INFO  o.s.b.w.e.tomcat.TomcatWebServer 202 - Tomcat started on port(s): 8080 (http) with context path ''
2019-09-06 16:35:06,089 [main] INFO  jp.co.lyc.cms.ApplicationMain 59 - Started ApplicationMain in 7.337 seconds (JVM running for 16.783)
2019-09-06 16:35:12,997 [http-nio-8080-exec-3] INFO  o.a.c.c.C.[Tomcat].[localhost].[/] 173 - Initializing Spring DispatcherServlet 'dispatcherServlet'
2019-09-06 16:35:12,999 [http-nio-8080-exec-3] INFO  o.s.web.servlet.DispatcherServlet 524 - Initializing Servlet 'dispatcherServlet'
2019-09-06 16:35:13,020 [http-nio-8080-exec-3] INFO  o.s.web.servlet.DispatcherServlet 546 - Completed initialization in 20 ms
2019-09-06 16:35:13,217 [http-nio-8080-exec-3] INFO  j.c.l.cms.controller.LoginController 50 - LoginController.login:登録開始
2019-09-06 16:35:13,308 [http-nio-8080-exec-3] INFO  com.zaxxer.hikari.HikariDataSource 110 - HikariPool-1 - Starting...
2019-09-06 16:35:14,068 [http-nio-8080-exec-3] INFO  com.zaxxer.hikari.HikariDataSource 123 - HikariPool-1 - Start completed.
2019-09-06 16:35:14,151 [http-nio-8080-exec-3] INFO  j.c.l.cms.controller.LoginController 74 - loginController.login:登録開始
2019-09-06 16:35:14,152 [http-nio-8080-exec-3] INFO  j.c.l.cms.controller.LoginController 77 - 日志输出 info
2019-09-06 16:35:14,153 [http-nio-8080-exec-3] WARN  j.c.l.cms.controller.LoginController 78 - 日志输出 warn
2019-09-06 16:35:14,154 [http-nio-8080-exec-3] INFO  j.c.l.cms.controller.LoginController 81 - loginController.login:登録結束
2019-09-06 16:36:04,841 [main] INFO  jp.co.lyc.cms.ApplicationMain 50 - Starting ApplicationMain on DESKTOP-GD7FF1R with PID 6568 (C:\E\workspacer\LYC_CMS\target\classes started by admin in C:\E\workspacer\LYC_CMS)
2019-09-06 16:36:04,849 [main] INFO  jp.co.lyc.cms.ApplicationMain 647 - No active profile set, falling back to default profiles: default
2019-09-06 16:36:08,205 [main] INFO  o.s.b.w.e.tomcat.TomcatWebServer 90 - Tomcat initialized with port(s): 8080 (http)
2019-09-06 16:36:08,231 [main] INFO  o.a.coyote.http11.Http11NioProtocol 173 - Initializing ProtocolHandler ["http-nio-8080"]
2019-09-06 16:36:08,253 [main] INFO  o.a.catalina.core.StandardService 173 - Starting service [Tomcat]
2019-09-06 16:36:08,254 [main] INFO  o.a.catalina.core.StandardEngine 173 - Starting Servlet engine: [Apache Tomcat/9.0.22]
2019-09-06 16:36:08,523 [main] INFO  o.a.c.c.C.[Tomcat].[localhost].[/] 173 - Initializing Spring embedded WebApplicationContext
2019-09-06 16:36:08,524 [main] INFO  o.s.web.context.ContextLoader 284 - Root WebApplicationContext: initialization completed in 3578 ms
2019-09-06 16:36:09,561 [main] INFO  o.s.s.c.ThreadPoolTaskExecutor 171 - Initializing ExecutorService 'applicationTaskExecutor'
2019-09-06 16:36:09,752 [main] INFO  o.s.b.a.w.s.WelcomePageHandlerMapping 58 - Adding welcome page template: index
2019-09-06 16:36:10,192 [main] INFO  o.a.coyote.http11.Http11NioProtocol 173 - Starting ProtocolHandler ["http-nio-8080"]
2019-09-06 16:36:10,246 [main] INFO  o.s.b.w.e.tomcat.TomcatWebServer 202 - Tomcat started on port(s): 8080 (http) with context path ''
2019-09-06 16:36:10,256 [main] INFO  jp.co.lyc.cms.ApplicationMain 59 - Started ApplicationMain in 6.664 seconds (JVM running for 15.99)
2019-09-06 16:36:14,164 [http-nio-8080-exec-3] INFO  o.a.c.c.C.[Tomcat].[localhost].[/] 173 - Initializing Spring DispatcherServlet 'dispatcherServlet'
2019-09-06 16:36:14,166 [http-nio-8080-exec-3] INFO  o.s.web.servlet.DispatcherServlet 524 - Initializing Servlet 'dispatcherServlet'
2019-09-06 16:36:14,182 [http-nio-8080-exec-3] INFO  o.s.web.servlet.DispatcherServlet 546 - Completed initialization in 15 ms
2019-09-06 16:36:14,358 [http-nio-8080-exec-3] INFO  j.c.l.cms.controller.LoginController 50 - LoginController.login:登録開始
2019-09-06 16:36:14,421 [http-nio-8080-exec-3] INFO  com.zaxxer.hikari.HikariDataSource 110 - HikariPool-1 - Starting...
2019-09-06 16:36:15,291 [http-nio-8080-exec-3] INFO  com.zaxxer.hikari.HikariDataSource 123 - HikariPool-1 - Start completed.
2019-09-06 16:36:15,487 [http-nio-8080-exec-3] INFO  j.c.l.cms.controller.LoginController 74 - loginController.login:登録開始
2019-09-06 16:36:15,488 [http-nio-8080-exec-3] INFO  j.c.l.cms.controller.LoginController 77 - 日志输出 info
2019-09-06 16:36:15,489 [http-nio-8080-exec-3] WARN  j.c.l.cms.controller.LoginController 78 - 日志输出 warn
2019-09-06 16:36:15,491 [http-nio-8080-exec-3] INFO  j.c.l.cms.controller.LoginController 81 - loginController.login:登録結束
2019-09-06 16:42:21,889 [main] INFO  jp.co.lyc.cms.ApplicationMain 50 - Starting ApplicationMain on DESKTOP-GD7FF1R with PID 14800 (C:\E\workspacer\LYC_CMS\target\classes started by admin in C:\E\workspacer\LYC_CMS)
2019-09-06 16:42:21,899 [main] INFO  jp.co.lyc.cms.ApplicationMain 647 - No active profile set, falling back to default profiles: default
2019-09-06 16:42:24,693 [main] INFO  o.s.b.w.e.tomcat.TomcatWebServer 90 - Tomcat initialized with port(s): 8080 (http)
2019-09-06 16:42:24,769 [main] INFO  o.a.coyote.http11.Http11NioProtocol 173 - Initializing ProtocolHandler ["http-nio-8080"]
2019-09-06 16:42:24,800 [main] INFO  o.a.catalina.core.StandardService 173 - Starting service [Tomcat]
2019-09-06 16:42:24,801 [main] INFO  o.a.catalina.core.StandardEngine 173 - Starting Servlet engine: [Apache Tomcat/9.0.22]
2019-09-06 16:42:25,138 [main] INFO  o.a.c.c.C.[Tomcat].[localhost].[/] 173 - Initializing Spring embedded WebApplicationContext
2019-09-06 16:42:25,140 [main] INFO  o.s.web.context.ContextLoader 284 - Root WebApplicationContext: initialization completed in 3140 ms
2019-09-06 16:42:26,314 [main] INFO  o.s.s.c.ThreadPoolTaskExecutor 171 - Initializing ExecutorService 'applicationTaskExecutor'
2019-09-06 16:42:26,524 [main] INFO  o.s.b.a.w.s.WelcomePageHandlerMapping 58 - Adding welcome page template: index
2019-09-06 16:42:27,047 [main] INFO  o.a.coyote.http11.Http11NioProtocol 173 - Starting ProtocolHandler ["http-nio-8080"]
2019-09-06 16:42:27,109 [main] INFO  o.s.b.w.e.tomcat.TomcatWebServer 202 - Tomcat started on port(s): 8080 (http) with context path ''
2019-09-06 16:42:27,119 [main] INFO  jp.co.lyc.cms.ApplicationMain 59 - Started ApplicationMain in 6.984 seconds (JVM running for 16.673)
2019-09-06 16:42:29,157 [http-nio-8080-exec-1] INFO  o.a.c.c.C.[Tomcat].[localhost].[/] 173 - Initializing Spring DispatcherServlet 'dispatcherServlet'
2019-09-06 16:42:29,160 [http-nio-8080-exec-1] INFO  o.s.web.servlet.DispatcherServlet 524 - Initializing Servlet 'dispatcherServlet'
2019-09-06 16:42:29,180 [http-nio-8080-exec-1] INFO  o.s.web.servlet.DispatcherServlet 546 - Completed initialization in 18 ms
2019-09-06 16:42:29,354 [http-nio-8080-exec-1] INFO  j.c.l.cms.controller.LoginController 50 - LoginController.login:登録開始
2019-09-06 16:42:29,418 [http-nio-8080-exec-1] INFO  com.zaxxer.hikari.HikariDataSource 110 - HikariPool-1 - Starting...
2019-09-06 16:42:30,109 [http-nio-8080-exec-1] INFO  com.zaxxer.hikari.HikariDataSource 123 - HikariPool-1 - Start completed.
2019-09-06 16:42:30,188 [http-nio-8080-exec-1] INFO  j.c.l.cms.controller.LoginController 74 - loginController.login:登録開始
2019-09-06 16:42:30,189 [http-nio-8080-exec-1] INFO  j.c.l.cms.controller.LoginController 77 - 日志输出 info
2019-09-06 16:42:30,190 [http-nio-8080-exec-1] WARN  j.c.l.cms.controller.LoginController 78 - 日志输出 warn
2019-09-06 16:42:30,191 [http-nio-8080-exec-1] INFO  j.c.l.cms.controller.LoginController 81 - loginController.login:登録結束
2019-09-06 16:56:13,445 [main] INFO  jp.co.lyc.cms.ApplicationMain 50 - Starting ApplicationMain on DESKTOP-GD7FF1R with PID 5488 (C:\E\workspacer\LYC_CMS\target\classes started by admin in C:\E\workspacer\LYC_CMS)
2019-09-06 16:56:13,454 [main] INFO  jp.co.lyc.cms.ApplicationMain 647 - No active profile set, falling back to default profiles: default
2019-09-06 16:56:16,814 [main] INFO  o.s.b.w.e.tomcat.TomcatWebServer 90 - Tomcat initialized with port(s): 8080 (http)
2019-09-06 16:56:16,844 [main] INFO  o.a.coyote.http11.Http11NioProtocol 173 - Initializing ProtocolHandler ["http-nio-8080"]
2019-09-06 16:56:16,867 [main] INFO  o.a.catalina.core.StandardService 173 - Starting service [Tomcat]
2019-09-06 16:56:16,868 [main] INFO  o.a.catalina.core.StandardEngine 173 - Starting Servlet engine: [Apache Tomcat/9.0.22]
2019-09-06 16:56:17,199 [main] INFO  o.a.c.c.C.[Tomcat].[localhost].[/] 173 - Initializing Spring embedded WebApplicationContext
2019-09-06 16:56:17,200 [main] INFO  o.s.web.context.ContextLoader 284 - Root WebApplicationContext: initialization completed in 3637 ms
2019-09-06 16:56:18,526 [main] INFO  o.s.s.c.ThreadPoolTaskExecutor 171 - Initializing ExecutorService 'applicationTaskExecutor'
2019-09-06 16:56:18,690 [main] INFO  o.s.b.a.w.s.WelcomePageHandlerMapping 58 - Adding welcome page template: index
2019-09-06 16:56:19,161 [main] INFO  o.a.coyote.http11.Http11NioProtocol 173 - Starting ProtocolHandler ["http-nio-8080"]
2019-09-06 16:56:19,252 [main] INFO  o.s.b.w.e.tomcat.TomcatWebServer 202 - Tomcat started on port(s): 8080 (http) with context path ''
2019-09-06 16:56:19,260 [main] INFO  jp.co.lyc.cms.ApplicationMain 59 - Started ApplicationMain in 7.146 seconds (JVM running for 20.711)
2019-09-06 16:56:25,217 [http-nio-8080-exec-1] INFO  o.a.c.c.C.[Tomcat].[localhost].[/] 173 - Initializing Spring DispatcherServlet 'dispatcherServlet'
2019-09-06 16:56:25,219 [http-nio-8080-exec-1] INFO  o.s.web.servlet.DispatcherServlet 524 - Initializing Servlet 'dispatcherServlet'
2019-09-06 16:56:25,236 [http-nio-8080-exec-1] INFO  o.s.web.servlet.DispatcherServlet 546 - Completed initialization in 16 ms
2019-09-06 16:56:25,425 [http-nio-8080-exec-1] INFO  j.c.l.cms.controller.LoginController 50 - LoginController.login:登録開始
2019-09-06 16:56:25,480 [http-nio-8080-exec-1] INFO  com.zaxxer.hikari.HikariDataSource 110 - HikariPool-1 - Starting...
2019-09-06 16:56:26,338 [http-nio-8080-exec-1] INFO  com.zaxxer.hikari.HikariDataSource 123 - HikariPool-1 - Start completed.
2019-09-06 16:56:26,438 [http-nio-8080-exec-1] INFO  j.c.l.cms.controller.LoginController 74 - loginController.login:登録開始
2019-09-06 16:56:26,439 [http-nio-8080-exec-1] INFO  j.c.l.cms.controller.LoginController 77 - 日志输出 info
2019-09-06 16:56:26,441 [http-nio-8080-exec-1] WARN  j.c.l.cms.controller.LoginController 78 - 日志输出 warn
2019-09-06 16:56:26,442 [http-nio-8080-exec-1] INFO  j.c.l.cms.controller.LoginController 81 - loginController.login:登録結束
2019-09-06 16:58:46,519 [http-nio-8080-exec-5] INFO  j.c.l.cms.controller.LoginController 50 - LoginController.login:登録開始
2019-09-06 16:58:46,524 [http-nio-8080-exec-5] INFO  j.c.l.cms.controller.LoginController 74 - loginController.login:登録開始
2019-09-06 16:58:46,528 [http-nio-8080-exec-5] INFO  j.c.l.cms.controller.LoginController 77 - 日志输出 info
2019-09-06 16:58:46,528 [http-nio-8080-exec-5] WARN  j.c.l.cms.controller.LoginController 78 - 日志输出 warn
2019-09-06 16:58:46,532 [http-nio-8080-exec-5] INFO  j.c.l.cms.controller.LoginController 81 - loginController.login:登録結束
2019-09-06 16:58:55,190 [http-nio-8080-exec-7] INFO  j.c.l.cms.controller.LoginController 50 - LoginController.login:登録開始
2019-09-06 16:58:55,196 [http-nio-8080-exec-7] INFO  j.c.l.cms.controller.LoginController 74 - loginController.login:登録開始
2019-09-06 16:58:55,197 [http-nio-8080-exec-7] INFO  j.c.l.cms.controller.LoginController 77 - 日志输出 info
2019-09-06 16:58:55,197 [http-nio-8080-exec-7] WARN  j.c.l.cms.controller.LoginController 78 - 日志输出 warn
2019-09-06 16:58:55,199 [http-nio-8080-exec-7] INFO  j.c.l.cms.controller.LoginController 81 - loginController.login:登録結束
2019-09-06 16:59:29,181 [main] INFO  jp.co.lyc.cms.ApplicationMain 50 - Starting ApplicationMain on DESKTOP-GD7FF1R with PID 15608 (C:\E\workspacer\LYC_CMS\target\classes started by admin in C:\E\workspacer\LYC_CMS)
2019-09-06 16:59:29,191 [main] INFO  jp.co.lyc.cms.ApplicationMain 647 - No active profile set, falling back to default profiles: default
2019-09-06 16:59:32,455 [main] INFO  o.s.b.w.e.tomcat.TomcatWebServer 90 - Tomcat initialized with port(s): 8080 (http)
2019-09-06 16:59:32,480 [main] INFO  o.a.coyote.http11.Http11NioProtocol 173 - Initializing ProtocolHandler ["http-nio-8080"]
2019-09-06 16:59:32,501 [main] INFO  o.a.catalina.core.StandardService 173 - Starting service [Tomcat]
2019-09-06 16:59:32,502 [main] INFO  o.a.catalina.core.StandardEngine 173 - Starting Servlet engine: [Apache Tomcat/9.0.22]
2019-09-06 16:59:32,763 [main] INFO  o.a.c.c.C.[Tomcat].[localhost].[/] 173 - Initializing Spring embedded WebApplicationContext
2019-09-06 16:59:32,764 [main] INFO  o.s.web.context.ContextLoader 284 - Root WebApplicationContext: initialization completed in 3421 ms
2019-09-06 16:59:33,870 [main] INFO  o.s.s.c.ThreadPoolTaskExecutor 171 - Initializing ExecutorService 'applicationTaskExecutor'
2019-09-06 16:59:34,049 [main] INFO  o.s.b.a.w.s.WelcomePageHandlerMapping 58 - Adding welcome page template: index
2019-09-06 16:59:34,498 [main] INFO  o.a.coyote.http11.Http11NioProtocol 173 - Starting ProtocolHandler ["http-nio-8080"]
2019-09-06 16:59:34,549 [main] INFO  o.s.b.w.e.tomcat.TomcatWebServer 202 - Tomcat started on port(s): 8080 (http) with context path ''
2019-09-06 16:59:34,555 [main] INFO  jp.co.lyc.cms.ApplicationMain 59 - Started ApplicationMain in 6.801 seconds (JVM running for 15.606)
2019-09-06 16:59:40,026 [http-nio-8080-exec-1] INFO  o.a.c.c.C.[Tomcat].[localhost].[/] 173 - Initializing Spring DispatcherServlet 'dispatcherServlet'
2019-09-06 16:59:40,028 [http-nio-8080-exec-1] INFO  o.s.web.servlet.DispatcherServlet 524 - Initializing Servlet 'dispatcherServlet'
2019-09-06 16:59:40,050 [http-nio-8080-exec-1] INFO  o.s.web.servlet.DispatcherServlet 546 - Completed initialization in 21 ms
2019-09-06 16:59:40,249 [http-nio-8080-exec-1] INFO  j.c.l.cms.controller.LoginController 50 - LoginController.login:登録開始
2019-09-06 16:59:40,312 [http-nio-8080-exec-1] INFO  com.zaxxer.hikari.HikariDataSource 110 - HikariPool-1 - Starting...
2019-09-06 16:59:41,034 [http-nio-8080-exec-1] INFO  com.zaxxer.hikari.HikariDataSource 123 - HikariPool-1 - Start completed.
2019-09-06 16:59:41,109 [http-nio-8080-exec-1] INFO  j.c.l.cms.controller.LoginController 74 - loginController.login:登録開始
2019-09-06 16:59:41,110 [http-nio-8080-exec-1] INFO  j.c.l.cms.controller.LoginController 77 - 日志输出 info
2019-09-06 16:59:41,110 [http-nio-8080-exec-1] WARN  j.c.l.cms.controller.LoginController 78 - 日志输出 warn
2019-09-06 16:59:41,111 [http-nio-8080-exec-1] INFO  j.c.l.cms.controller.LoginController 81 - loginController.login:登録結束
2019-09-06 17:10:13,771 [main] INFO  jp.co.lyc.cms.ApplicationMain 50 - Starting ApplicationMain on DESKTOP-GD7FF1R with PID 15712 (C:\E\workspacer\LYC_CMS\target\classes started by admin in C:\E\workspacer\LYC_CMS)
2019-09-06 17:10:13,781 [main] INFO  jp.co.lyc.cms.ApplicationMain 647 - No active profile set, falling back to default profiles: default
2019-09-06 17:10:16,725 [main] INFO  o.s.b.w.e.tomcat.TomcatWebServer 90 - Tomcat initialized with port(s): 8080 (http)
2019-09-06 17:10:16,752 [main] INFO  o.a.coyote.http11.Http11NioProtocol 173 - Initializing ProtocolHandler ["http-nio-8080"]
2019-09-06 17:10:16,797 [main] INFO  o.a.catalina.core.StandardService 173 - Starting service [Tomcat]
2019-09-06 17:10:16,798 [main] INFO  o.a.catalina.core.StandardEngine 173 - Starting Servlet engine: [Apache Tomcat/9.0.22]
2019-09-06 17:10:17,145 [main] INFO  o.a.c.c.C.[Tomcat].[localhost].[/] 173 - Initializing Spring embedded WebApplicationContext
2019-09-06 17:10:17,146 [main] INFO  o.s.web.context.ContextLoader 284 - Root WebApplicationContext: initialization completed in 3208 ms
2019-09-06 17:10:18,364 [main] INFO  o.s.s.c.ThreadPoolTaskExecutor 171 - Initializing ExecutorService 'applicationTaskExecutor'
2019-09-06 17:10:18,548 [main] INFO  o.s.b.a.w.s.WelcomePageHandlerMapping 58 - Adding welcome page template: index
2019-09-06 17:10:19,410 [main] INFO  o.a.coyote.http11.Http11NioProtocol 173 - Starting ProtocolHandler ["http-nio-8080"]
2019-09-06 17:10:19,463 [main] INFO  o.s.b.w.e.tomcat.TomcatWebServer 202 - Tomcat started on port(s): 8080 (http) with context path ''
2019-09-06 17:10:19,476 [main] INFO  jp.co.lyc.cms.ApplicationMain 59 - Started ApplicationMain in 7.231 seconds (JVM running for 16.213)
2019-09-06 17:10:20,754 [http-nio-8080-exec-1] INFO  o.a.c.c.C.[Tomcat].[localhost].[/] 173 - Initializing Spring DispatcherServlet 'dispatcherServlet'
2019-09-06 17:10:20,756 [http-nio-8080-exec-1] INFO  o.s.web.servlet.DispatcherServlet 524 - Initializing Servlet 'dispatcherServlet'
2019-09-06 17:10:20,772 [http-nio-8080-exec-1] INFO  o.s.web.servlet.DispatcherServlet 546 - Completed initialization in 15 ms
2019-09-06 17:10:20,986 [http-nio-8080-exec-1] INFO  j.c.l.cms.controller.LoginController 50 - LoginController.login:登録開始
2019-09-06 17:10:21,054 [http-nio-8080-exec-1] INFO  com.zaxxer.hikari.HikariDataSource 110 - HikariPool-1 - Starting...
2019-09-06 17:10:21,995 [http-nio-8080-exec-1] INFO  com.zaxxer.hikari.HikariDataSource 123 - HikariPool-1 - Start completed.
2019-09-06 17:10:22,080 [http-nio-8080-exec-1] INFO  j.c.l.cms.controller.LoginController 74 - loginController.login:登録開始
2019-09-06 17:10:22,080 [http-nio-8080-exec-1] INFO  j.c.l.cms.controller.LoginController 77 - 日志输出 info
2019-09-06 17:10:22,081 [http-nio-8080-exec-1] WARN  j.c.l.cms.controller.LoginController 78 - 日志输出 warn
2019-09-06 17:10:22,082 [http-nio-8080-exec-1] INFO  j.c.l.cms.controller.LoginController 81 - loginController.login:登録結束
2019-09-06 18:30:22,947 [main] INFO  jp.co.lyc.cms.ApplicationMain 50 - Starting ApplicationMain on DESKTOP-GD7FF1R with PID 1420 (C:\E\workspacer\LYC_CMS\target\classes started by admin in C:\E\workspacer\LYC_CMS)
2019-09-06 18:30:22,958 [main] INFO  jp.co.lyc.cms.ApplicationMain 647 - No active profile set, falling back to default profiles: default
2019-09-06 18:30:26,303 [main] INFO  o.s.b.w.e.tomcat.TomcatWebServer 90 - Tomcat initialized with port(s): 8080 (http)
2019-09-06 18:30:26,333 [main] INFO  o.a.coyote.http11.Http11NioProtocol 173 - Initializing ProtocolHandler ["http-nio-8080"]
2019-09-06 18:30:26,364 [main] INFO  o.a.catalina.core.StandardService 173 - Starting service [Tomcat]
2019-09-06 18:30:26,368 [main] INFO  o.a.catalina.core.StandardEngine 173 - Starting Servlet engine: [Apache Tomcat/9.0.22]
2019-09-06 18:30:26,702 [main] INFO  o.a.c.c.C.[Tomcat].[localhost].[/] 173 - Initializing Spring embedded WebApplicationContext
2019-09-06 18:30:26,703 [main] INFO  o.s.web.context.ContextLoader 284 - Root WebApplicationContext: initialization completed in 3546 ms
2019-09-06 18:30:27,967 [main] INFO  o.s.s.c.ThreadPoolTaskExecutor 171 - Initializing ExecutorService 'applicationTaskExecutor'
2019-09-06 18:30:28,194 [main] INFO  o.s.b.a.w.s.WelcomePageHandlerMapping 58 - Adding welcome page template: index
2019-09-06 18:30:29,420 [main] INFO  o.a.coyote.http11.Http11NioProtocol 173 - Starting ProtocolHandler ["http-nio-8080"]
2019-09-06 18:30:29,541 [main] INFO  o.s.b.w.e.tomcat.TomcatWebServer 202 - Tomcat started on port(s): 8080 (http) with context path ''
2019-09-06 18:30:29,549 [main] INFO  jp.co.lyc.cms.ApplicationMain 59 - Started ApplicationMain in 7.966 seconds (JVM running for 27.577)
2019-09-06 18:30:30,207 [http-nio-8080-exec-1] INFO  o.a.c.c.C.[Tomcat].[localhost].[/] 173 - Initializing Spring DispatcherServlet 'dispatcherServlet'
2019-09-06 18:30:30,209 [http-nio-8080-exec-1] INFO  o.s.web.servlet.DispatcherServlet 524 - Initializing Servlet 'dispatcherServlet'
2019-09-06 18:30:30,252 [http-nio-8080-exec-1] INFO  o.s.web.servlet.DispatcherServlet 546 - Completed initialization in 42 ms
2019-09-06 18:30:32,532 [http-nio-8080-exec-6] INFO  j.c.l.cms.controller.LoginController 50 - LoginController.login:登録開始
2019-09-06 18:30:32,611 [http-nio-8080-exec-6] INFO  com.zaxxer.hikari.HikariDataSource 110 - HikariPool-1 - Starting...
2019-09-06 18:30:33,389 [http-nio-8080-exec-6] INFO  com.zaxxer.hikari.HikariDataSource 123 - HikariPool-1 - Start completed.
2019-09-06 18:30:33,578 [http-nio-8080-exec-6] INFO  j.c.l.cms.controller.LoginController 74 - loginController.login:登録開始
2019-09-06 18:30:33,579 [http-nio-8080-exec-6] INFO  j.c.l.cms.controller.LoginController 77 - 日志输出 info
2019-09-06 18:30:33,580 [http-nio-8080-exec-6] WARN  j.c.l.cms.controller.LoginController 78 - 日志输出 warn
2019-09-06 18:30:33,582 [http-nio-8080-exec-6] INFO  j.c.l.cms.controller.LoginController 81 - loginController.login:登録結束
2019-09-06 18:33:59,909 [main] INFO  jp.co.lyc.cms.ApplicationMain 50 - Starting ApplicationMain on DESKTOP-GD7FF1R with PID 1728 (C:\E\workspacer\LYC_CMS\target\classes started by admin in C:\E\workspacer\LYC_CMS)
2019-09-06 18:33:59,916 [main] INFO  jp.co.lyc.cms.ApplicationMain 647 - No active profile set, falling back to default profiles: default
2019-09-06 18:34:03,061 [main] INFO  o.s.b.w.e.tomcat.TomcatWebServer 90 - Tomcat initialized with port(s): 8080 (http)
2019-09-06 18:34:03,089 [main] INFO  o.a.coyote.http11.Http11NioProtocol 173 - Initializing ProtocolHandler ["http-nio-8080"]
2019-09-06 18:34:03,108 [main] INFO  o.a.catalina.core.StandardService 173 - Starting service [Tomcat]
2019-09-06 18:34:03,109 [main] INFO  o.a.catalina.core.StandardEngine 173 - Starting Servlet engine: [Apache Tomcat/9.0.22]
2019-09-06 18:34:03,384 [main] INFO  o.a.c.c.C.[Tomcat].[localhost].[/] 173 - Initializing Spring embedded WebApplicationContext
2019-09-06 18:34:03,385 [main] INFO  o.s.web.context.ContextLoader 284 - Root WebApplicationContext: initialization completed in 3341 ms
2019-09-06 18:34:04,406 [main] INFO  o.s.s.c.ThreadPoolTaskExecutor 171 - Initializing ExecutorService 'applicationTaskExecutor'
2019-09-06 18:34:04,594 [main] INFO  o.s.b.a.w.s.WelcomePageHandlerMapping 58 - Adding welcome page template: index
2019-09-06 18:34:05,060 [main] INFO  o.a.coyote.http11.Http11NioProtocol 173 - Starting ProtocolHandler ["http-nio-8080"]
2019-09-06 18:34:05,122 [main] INFO  o.s.b.w.e.tomcat.TomcatWebServer 202 - Tomcat started on port(s): 8080 (http) with context path ''
2019-09-06 18:34:05,129 [main] INFO  jp.co.lyc.cms.ApplicationMain 59 - Started ApplicationMain in 6.493 seconds (JVM running for 16.08)
2019-09-06 18:34:18,116 [http-nio-8080-exec-3] INFO  o.a.c.c.C.[Tomcat].[localhost].[/] 173 - Initializing Spring DispatcherServlet 'dispatcherServlet'
2019-09-06 18:34:18,118 [http-nio-8080-exec-3] INFO  o.s.web.servlet.DispatcherServlet 524 - Initializing Servlet 'dispatcherServlet'
2019-09-06 18:34:18,139 [http-nio-8080-exec-3] INFO  o.s.web.servlet.DispatcherServlet 546 - Completed initialization in 20 ms
2019-09-06 18:34:18,423 [http-nio-8080-exec-3] INFO  j.c.l.cms.controller.LoginController 50 - LoginController.login:登録開始
2019-09-06 18:34:18,491 [http-nio-8080-exec-3] INFO  com.zaxxer.hikari.HikariDataSource 110 - HikariPool-1 - Starting...
2019-09-06 18:34:19,386 [http-nio-8080-exec-3] INFO  com.zaxxer.hikari.HikariDataSource 123 - HikariPool-1 - Start completed.
2019-09-06 18:34:19,475 [http-nio-8080-exec-3] INFO  j.c.l.cms.controller.LoginController 74 - loginController.login:登録開始
2019-09-06 18:34:19,476 [http-nio-8080-exec-3] INFO  j.c.l.cms.controller.LoginController 77 - 日志输出 info
2019-09-06 18:34:19,477 [http-nio-8080-exec-3] WARN  j.c.l.cms.controller.LoginController 78 - 日志输出 warn
2019-09-06 18:34:19,479 [http-nio-8080-exec-3] INFO  j.c.l.cms.controller.LoginController 81 - loginController.login:登録結束
2019-09-06 18:38:40,892 [main] INFO  jp.co.lyc.cms.ApplicationMain 50 - Starting ApplicationMain on DESKTOP-GD7FF1R with PID 7252 (C:\E\workspacer\LYC_CMS\target\classes started by admin in C:\E\workspacer\LYC_CMS)
2019-09-06 18:38:40,901 [main] INFO  jp.co.lyc.cms.ApplicationMain 647 - No active profile set, falling back to default profiles: default
2019-09-06 18:38:43,732 [main] INFO  o.s.b.w.e.tomcat.TomcatWebServer 90 - Tomcat initialized with port(s): 8080 (http)
2019-09-06 18:38:43,756 [main] INFO  o.a.coyote.http11.Http11NioProtocol 173 - Initializing ProtocolHandler ["http-nio-8080"]
2019-09-06 18:38:43,780 [main] INFO  o.a.catalina.core.StandardService 173 - Starting service [Tomcat]
2019-09-06 18:38:43,782 [main] INFO  o.a.catalina.core.StandardEngine 173 - Starting Servlet engine: [Apache Tomcat/9.0.22]
2019-09-06 18:38:44,039 [main] INFO  o.a.c.c.C.[Tomcat].[localhost].[/] 173 - Initializing Spring embedded WebApplicationContext
2019-09-06 18:38:44,040 [main] INFO  o.s.web.context.ContextLoader 284 - Root WebApplicationContext: initialization completed in 3034 ms
2019-09-06 18:38:45,089 [main] INFO  o.s.s.c.ThreadPoolTaskExecutor 171 - Initializing ExecutorService 'applicationTaskExecutor'
2019-09-06 18:38:45,266 [main] INFO  o.s.b.a.w.s.WelcomePageHandlerMapping 58 - Adding welcome page template: index
2019-09-06 18:38:45,708 [main] INFO  o.a.coyote.http11.Http11NioProtocol 173 - Starting ProtocolHandler ["http-nio-8080"]
2019-09-06 18:38:45,762 [main] INFO  o.s.b.w.e.tomcat.TomcatWebServer 202 - Tomcat started on port(s): 8080 (http) with context path ''
2019-09-06 18:38:45,772 [main] INFO  jp.co.lyc.cms.ApplicationMain 59 - Started ApplicationMain in 5.957 seconds (JVM running for 14.857)
2019-09-06 18:38:54,432 [http-nio-8080-exec-1] INFO  o.a.c.c.C.[Tomcat].[localhost].[/] 173 - Initializing Spring DispatcherServlet 'dispatcherServlet'
2019-09-06 18:38:54,434 [http-nio-8080-exec-1] INFO  o.s.web.servlet.DispatcherServlet 524 - Initializing Servlet 'dispatcherServlet'
2019-09-06 18:38:54,452 [http-nio-8080-exec-1] INFO  o.s.web.servlet.DispatcherServlet 546 - Completed initialization in 17 ms
2019-09-06 18:38:56,662 [http-nio-8080-exec-4] INFO  j.c.l.cms.controller.LoginController 50 - LoginController.login:登録開始
2019-09-06 18:38:56,727 [http-nio-8080-exec-4] INFO  com.zaxxer.hikari.HikariDataSource 110 - HikariPool-1 - Starting...
2019-09-06 18:38:57,592 [http-nio-8080-exec-4] INFO  com.zaxxer.hikari.HikariDataSource 123 - HikariPool-1 - Start completed.
2019-09-06 18:38:57,734 [http-nio-8080-exec-4] INFO  j.c.l.cms.controller.LoginController 74 - loginController.login:登録開始
2019-09-06 18:38:57,741 [http-nio-8080-exec-4] INFO  j.c.l.cms.controller.LoginController 77 - 日志输出 info
2019-09-06 18:38:57,744 [http-nio-8080-exec-4] WARN  j.c.l.cms.controller.LoginController 78 - 日志输出 warn
2019-09-06 18:38:57,751 [http-nio-8080-exec-4] INFO  j.c.l.cms.controller.LoginController 81 - loginController.login:登録結束
2019-09-06 18:40:54,368 [http-nio-8080-exec-1] INFO  j.c.l.cms.controller.LoginController 50 - LoginController.login:登録開始
2019-09-06 18:40:54,378 [http-nio-8080-exec-1] INFO  j.c.l.cms.controller.LoginController 74 - loginController.login:登録開始
2019-09-06 18:40:54,379 [http-nio-8080-exec-1] INFO  j.c.l.cms.controller.LoginController 77 - 日志输出 info
2019-09-06 18:40:54,380 [http-nio-8080-exec-1] WARN  j.c.l.cms.controller.LoginController 78 - 日志输出 warn
2019-09-06 18:40:54,382 [http-nio-8080-exec-1] INFO  j.c.l.cms.controller.LoginController 81 - loginController.login:登録結束
2019-09-06 18:40:58,447 [http-nio-8080-exec-10] INFO  j.c.l.cms.controller.LoginController 50 - LoginController.login:登録開始
2019-09-06 18:40:58,452 [http-nio-8080-exec-10] INFO  j.c.l.cms.controller.LoginController 74 - loginController.login:登録開始
2019-09-06 18:40:58,453 [http-nio-8080-exec-10] INFO  j.c.l.cms.controller.LoginController 77 - 日志输出 info
2019-09-06 18:40:58,454 [http-nio-8080-exec-10] WARN  j.c.l.cms.controller.LoginController 78 - 日志输出 warn
2019-09-06 18:40:58,456 [http-nio-8080-exec-10] INFO  j.c.l.cms.controller.LoginController 81 - loginController.login:登録結束
2019-09-06 18:41:01,236 [http-nio-8080-exec-2] INFO  j.c.l.cms.controller.LoginController 50 - LoginController.login:登録開始
2019-09-06 18:41:01,240 [http-nio-8080-exec-2] INFO  j.c.l.cms.controller.LoginController 74 - loginController.login:登録開始
2019-09-06 18:41:01,242 [http-nio-8080-exec-2] INFO  j.c.l.cms.controller.LoginController 77 - 日志输出 info
2019-09-06 18:41:01,243 [http-nio-8080-exec-2] WARN  j.c.l.cms.controller.LoginController 78 - 日志输出 warn
2019-09-06 18:41:01,244 [http-nio-8080-exec-2] INFO  j.c.l.cms.controller.LoginController 81 - loginController.login:登録結束
2019-09-06 18:43:51,633 [main] INFO  jp.co.lyc.cms.ApplicationMain 50 - Starting ApplicationMain on DESKTOP-GD7FF1R with PID 8316 (C:\E\workspacer\LYC_CMS\target\classes started by admin in C:\E\workspacer\LYC_CMS)
2019-09-06 18:43:51,641 [main] INFO  jp.co.lyc.cms.ApplicationMain 647 - No active profile set, falling back to default profiles: default
2019-09-06 18:43:54,616 [main] INFO  o.s.b.w.e.tomcat.TomcatWebServer 90 - Tomcat initialized with port(s): 8080 (http)
2019-09-06 18:43:54,644 [main] INFO  o.a.coyote.http11.Http11NioProtocol 173 - Initializing ProtocolHandler ["http-nio-8080"]
2019-09-06 18:43:54,689 [main] INFO  o.a.catalina.core.StandardService 173 - Starting service [Tomcat]
2019-09-06 18:43:54,690 [main] INFO  o.a.catalina.core.StandardEngine 173 - Starting Servlet engine: [Apache Tomcat/9.0.22]
2019-09-06 18:43:54,986 [main] INFO  o.a.c.c.C.[Tomcat].[localhost].[/] 173 - Initializing Spring embedded WebApplicationContext
2019-09-06 18:43:54,987 [main] INFO  o.s.web.context.ContextLoader 284 - Root WebApplicationContext: initialization completed in 3234 ms
2019-09-06 18:43:56,332 [main] INFO  o.s.s.c.ThreadPoolTaskExecutor 171 - Initializing ExecutorService 'applicationTaskExecutor'
2019-09-06 18:43:56,740 [main] INFO  o.s.b.a.w.s.WelcomePageHandlerMapping 58 - Adding welcome page template: index
2019-09-06 18:43:57,346 [main] INFO  o.a.coyote.http11.Http11NioProtocol 173 - Starting ProtocolHandler ["http-nio-8080"]
2019-09-06 18:43:57,406 [main] INFO  o.s.b.w.e.tomcat.TomcatWebServer 202 - Tomcat started on port(s): 8080 (http) with context path ''
2019-09-06 18:43:57,416 [main] INFO  jp.co.lyc.cms.ApplicationMain 59 - Started ApplicationMain in 7.208 seconds (JVM running for 17.925)
2019-09-06 18:43:58,484 [http-nio-8080-exec-1] INFO  o.a.c.c.C.[Tomcat].[localhost].[/] 173 - Initializing Spring DispatcherServlet 'dispatcherServlet'
2019-09-06 18:43:58,486 [http-nio-8080-exec-1] INFO  o.s.web.servlet.DispatcherServlet 524 - Initializing Servlet 'dispatcherServlet'
2019-09-06 18:43:58,519 [http-nio-8080-exec-1] INFO  o.s.web.servlet.DispatcherServlet 546 - Completed initialization in 28 ms
2019-09-06 18:43:58,725 [http-nio-8080-exec-1] INFO  j.c.l.cms.controller.LoginController 50 - LoginController.login:登録開始
2019-09-06 18:43:58,799 [http-nio-8080-exec-1] INFO  com.zaxxer.hikari.HikariDataSource 110 - HikariPool-1 - Starting...
2019-09-06 18:43:59,579 [http-nio-8080-exec-1] INFO  com.zaxxer.hikari.HikariDataSource 123 - HikariPool-1 - Start completed.
2019-09-06 18:43:59,670 [http-nio-8080-exec-1] INFO  j.c.l.cms.controller.LoginController 74 - loginController.login:登録開始
2019-09-06 18:43:59,670 [http-nio-8080-exec-1] INFO  j.c.l.cms.controller.LoginController 77 - 日志输出 info
2019-09-06 18:43:59,671 [http-nio-8080-exec-1] WARN  j.c.l.cms.controller.LoginController 78 - 日志输出 warn
2019-09-06 18:43:59,672 [http-nio-8080-exec-1] INFO  j.c.l.cms.controller.LoginController 81 - loginController.login:登録結束
2019-09-06 18:56:38,969 [main] INFO  jp.co.lyc.cms.ApplicationMain 50 - Starting ApplicationMain on DESKTOP-GD7FF1R with PID 380 (C:\E\workspacer\LYC_CMS\target\classes started by admin in C:\E\workspacer\LYC_CMS)
2019-09-06 18:56:38,980 [main] INFO  jp.co.lyc.cms.ApplicationMain 647 - No active profile set, falling back to default profiles: default
2019-09-06 18:56:42,272 [main] INFO  o.s.b.w.e.tomcat.TomcatWebServer 90 - Tomcat initialized with port(s): 8080 (http)
2019-09-06 18:56:42,347 [main] INFO  o.a.coyote.http11.Http11NioProtocol 173 - Initializing ProtocolHandler ["http-nio-8080"]
2019-09-06 18:56:42,385 [main] INFO  o.a.catalina.core.StandardService 173 - Starting service [Tomcat]
2019-09-06 18:56:42,390 [main] INFO  o.a.catalina.core.StandardEngine 173 - Starting Servlet engine: [Apache Tomcat/9.0.22]
2019-09-06 18:56:42,734 [main] INFO  o.a.c.c.C.[Tomcat].[localhost].[/] 173 - Initializing Spring embedded WebApplicationContext
2019-09-06 18:56:42,735 [main] INFO  o.s.web.context.ContextLoader 284 - Root WebApplicationContext: initialization completed in 3645 ms
2019-09-06 18:56:43,999 [main] INFO  o.s.s.c.ThreadPoolTaskExecutor 171 - Initializing ExecutorService 'applicationTaskExecutor'
2019-09-06 18:56:44,208 [main] INFO  o.s.b.a.w.s.WelcomePageHandlerMapping 58 - Adding welcome page template: index
2019-09-06 18:56:44,656 [main] INFO  o.a.coyote.http11.Http11NioProtocol 173 - Starting ProtocolHandler ["http-nio-8080"]
2019-09-06 18:56:44,732 [main] INFO  o.s.b.w.e.tomcat.TomcatWebServer 202 - Tomcat started on port(s): 8080 (http) with context path ''
2019-09-06 18:56:44,739 [main] INFO  jp.co.lyc.cms.ApplicationMain 59 - Started ApplicationMain in 7.181 seconds (JVM running for 21.797)
2019-09-06 18:56:48,044 [http-nio-8080-exec-1] INFO  o.a.c.c.C.[Tomcat].[localhost].[/] 173 - Initializing Spring DispatcherServlet 'dispatcherServlet'
2019-09-06 18:56:48,046 [http-nio-8080-exec-1] INFO  o.s.web.servlet.DispatcherServlet 524 - Initializing Servlet 'dispatcherServlet'
2019-09-06 18:56:48,069 [http-nio-8080-exec-1] INFO  o.s.web.servlet.DispatcherServlet 546 - Completed initialization in 21 ms
2019-09-06 18:56:49,849 [http-nio-8080-exec-8] INFO  j.c.l.cms.controller.LoginController 50 - LoginController.login:登録開始
2019-09-06 18:56:49,921 [http-nio-8080-exec-8] INFO  com.zaxxer.hikari.HikariDataSource 110 - HikariPool-1 - Starting...
2019-09-06 18:56:50,808 [http-nio-8080-exec-8] INFO  com.zaxxer.hikari.HikariDataSource 123 - HikariPool-1 - Start completed.
2019-09-06 18:56:50,893 [http-nio-8080-exec-8] INFO  j.c.l.cms.controller.LoginController 74 - loginController.login:登録開始
2019-09-06 18:56:50,894 [http-nio-8080-exec-8] INFO  j.c.l.cms.controller.LoginController 77 - 日志输出 info
2019-09-06 18:56:50,894 [http-nio-8080-exec-8] WARN  j.c.l.cms.controller.LoginController 78 - 日志输出 warn
2019-09-06 18:56:50,895 [http-nio-8080-exec-8] INFO  j.c.l.cms.controller.LoginController 81 - loginController.login:登録結束
2019-09-06 18:59:59,119 [main] INFO  jp.co.lyc.cms.ApplicationMain 50 - Starting ApplicationMain on DESKTOP-GD7FF1R with PID 352 (C:\E\workspacer\LYC_CMS\target\classes started by admin in C:\E\workspacer\LYC_CMS)
2019-09-06 18:59:59,127 [main] INFO  jp.co.lyc.cms.ApplicationMain 647 - No active profile set, falling back to default profiles: default
2019-09-06 19:00:02,057 [main] INFO  o.s.b.w.e.tomcat.TomcatWebServer 90 - Tomcat initialized with port(s): 8080 (http)
2019-09-06 19:00:02,082 [main] INFO  o.a.coyote.http11.Http11NioProtocol 173 - Initializing ProtocolHandler ["http-nio-8080"]
2019-09-06 19:00:02,105 [main] INFO  o.a.catalina.core.StandardService 173 - Starting service [Tomcat]
2019-09-06 19:00:02,106 [main] INFO  o.a.catalina.core.StandardEngine 173 - Starting Servlet engine: [Apache Tomcat/9.0.22]
2019-09-06 19:00:02,343 [main] INFO  o.a.c.c.C.[Tomcat].[localhost].[/] 173 - Initializing Spring embedded WebApplicationContext
2019-09-06 19:00:02,344 [main] INFO  o.s.web.context.ContextLoader 284 - Root WebApplicationContext: initialization completed in 3109 ms
2019-09-06 19:00:03,386 [main] INFO  o.s.s.c.ThreadPoolTaskExecutor 171 - Initializing ExecutorService 'applicationTaskExecutor'
2019-09-06 19:00:03,707 [main] INFO  o.s.b.a.w.s.WelcomePageHandlerMapping 58 - Adding welcome page template: index
2019-09-06 19:00:04,141 [main] INFO  o.a.coyote.http11.Http11NioProtocol 173 - Starting ProtocolHandler ["http-nio-8080"]
2019-09-06 19:00:04,210 [main] INFO  o.s.b.w.e.tomcat.TomcatWebServer 202 - Tomcat started on port(s): 8080 (http) with context path ''
2019-09-06 19:00:04,217 [main] INFO  jp.co.lyc.cms.ApplicationMain 59 - Started ApplicationMain in 6.183 seconds (JVM running for 15.255)
2019-09-06 19:00:14,128 [http-nio-8080-exec-1] INFO  o.a.c.c.C.[Tomcat].[localhost].[/] 173 - Initializing Spring DispatcherServlet 'dispatcherServlet'
2019-09-06 19:00:14,130 [http-nio-8080-exec-1] INFO  o.s.web.servlet.DispatcherServlet 524 - Initializing Servlet 'dispatcherServlet'
2019-09-06 19:00:14,149 [http-nio-8080-exec-1] INFO  o.s.web.servlet.DispatcherServlet 546 - Completed initialization in 19 ms
2019-09-06 19:00:14,354 [http-nio-8080-exec-1] INFO  j.c.l.cms.controller.LoginController 50 - LoginController.login:登録開始
2019-09-06 19:00:14,437 [http-nio-8080-exec-1] INFO  com.zaxxer.hikari.HikariDataSource 110 - HikariPool-1 - Starting...
2019-09-06 19:00:15,150 [http-nio-8080-exec-1] INFO  com.zaxxer.hikari.HikariDataSource 123 - HikariPool-1 - Start completed.
2019-09-06 19:00:15,239 [http-nio-8080-exec-1] INFO  j.c.l.cms.controller.LoginController 74 - loginController.login:登録開始
2019-09-06 19:00:15,240 [http-nio-8080-exec-1] INFO  j.c.l.cms.controller.LoginController 77 - 日志输出 info
2019-09-06 19:00:15,241 [http-nio-8080-exec-1] WARN  j.c.l.cms.controller.LoginController 78 - 日志输出 warn
2019-09-06 19:00:15,242 [http-nio-8080-exec-1] INFO  j.c.l.cms.controller.LoginController 81 - loginController.login:登録結束
2019-09-06 19:18:46,867 [main] INFO  jp.co.lyc.cms.ApplicationMain 50 - Starting ApplicationMain on DESKTOP-GD7FF1R with PID 1400 (C:\E\workspacer\LYC_CMS\target\classes started by admin in C:\E\workspacer\LYC_CMS)
2019-09-06 19:18:46,887 [main] INFO  jp.co.lyc.cms.ApplicationMain 647 - No active profile set, falling back to default profiles: default
2019-09-06 19:18:49,873 [main] INFO  o.s.b.w.e.tomcat.TomcatWebServer 90 - Tomcat initialized with port(s): 8080 (http)
2019-09-06 19:18:49,902 [main] INFO  o.a.coyote.http11.Http11NioProtocol 173 - Initializing ProtocolHandler ["http-nio-8080"]
2019-09-06 19:18:49,926 [main] INFO  o.a.catalina.core.StandardService 173 - Starting service [Tomcat]
2019-09-06 19:18:49,927 [main] INFO  o.a.catalina.core.StandardEngine 173 - Starting Servlet engine: [Apache Tomcat/9.0.22]
2019-09-06 19:18:51,181 [main] INFO  o.a.c.c.C.[Tomcat].[localhost].[/] 173 - Initializing Spring embedded WebApplicationContext
2019-09-06 19:18:51,182 [main] INFO  o.s.web.context.ContextLoader 284 - Root WebApplicationContext: initialization completed in 4147 ms
2019-09-06 19:18:52,290 [main] INFO  o.s.s.c.ThreadPoolTaskExecutor 171 - Initializing ExecutorService 'applicationTaskExecutor'
2019-09-06 19:18:52,478 [main] INFO  o.s.b.a.w.s.WelcomePageHandlerMapping 58 - Adding welcome page template: index
2019-09-06 19:18:52,895 [main] INFO  o.a.coyote.http11.Http11NioProtocol 173 - Starting ProtocolHandler ["http-nio-8080"]
2019-09-06 19:18:52,972 [main] INFO  o.s.b.w.e.tomcat.TomcatWebServer 202 - Tomcat started on port(s): 8080 (http) with context path ''
2019-09-06 19:18:52,979 [main] INFO  jp.co.lyc.cms.ApplicationMain 59 - Started ApplicationMain in 7.407 seconds (JVM running for 20.012)
2019-09-06 19:19:03,780 [http-nio-8080-exec-1] INFO  o.a.c.c.C.[Tomcat].[localhost].[/] 173 - Initializing Spring DispatcherServlet 'dispatcherServlet'
2019-09-06 19:19:03,781 [http-nio-8080-exec-1] INFO  o.s.web.servlet.DispatcherServlet 524 - Initializing Servlet 'dispatcherServlet'
2019-09-06 19:19:03,797 [http-nio-8080-exec-1] INFO  o.s.web.servlet.DispatcherServlet 546 - Completed initialization in 15 ms
2019-09-06 19:19:06,572 [http-nio-8080-exec-5] INFO  j.c.l.cms.controller.LoginController 50 - LoginController.login:登録開始
2019-09-06 19:19:06,656 [http-nio-8080-exec-5] INFO  com.zaxxer.hikari.HikariDataSource 110 - HikariPool-1 - Starting...
2019-09-06 19:19:07,457 [http-nio-8080-exec-5] INFO  com.zaxxer.hikari.HikariDataSource 123 - HikariPool-1 - Start completed.
2019-09-06 19:19:07,562 [http-nio-8080-exec-5] INFO  j.c.l.cms.controller.LoginController 74 - loginController.login:登録開始
2019-09-06 19:19:07,563 [http-nio-8080-exec-5] INFO  j.c.l.cms.controller.LoginController 77 - 日志输出 info
2019-09-06 19:19:07,563 [http-nio-8080-exec-5] WARN  j.c.l.cms.controller.LoginController 78 - 日志输出 warn
2019-09-06 19:19:07,567 [http-nio-8080-exec-5] INFO  j.c.l.cms.controller.LoginController 81 - loginController.login:登録結束
2019-09-06 19:28:01,734 [http-nio-8080-exec-8] INFO  j.c.l.cms.controller.LoginController 50 - LoginController.login:登録開始
2019-09-06 19:28:01,741 [http-nio-8080-exec-8] INFO  j.c.l.cms.controller.LoginController 74 - loginController.login:登録開始
2019-09-06 19:28:01,742 [http-nio-8080-exec-8] INFO  j.c.l.cms.controller.LoginController 77 - 日志输出 info
2019-09-06 19:28:01,743 [http-nio-8080-exec-8] WARN  j.c.l.cms.controller.LoginController 78 - 日志输出 warn
2019-09-06 19:28:01,745 [http-nio-8080-exec-8] INFO  j.c.l.cms.controller.LoginController 81 - loginController.login:登録結束
