2020-06-19 16:33:53,049 [main] INFO  jp.co.lyc.cms.ApplicationMain 50 - Starting ApplicationMain on LAPTOP-A94PII7T with PID 14560 (E:\LYC_CMS\target\classes started by Vin.Young in E:\LYC_CMS)
2020-06-19 16:33:53,086 [main] INFO  jp.co.lyc.cms.ApplicationMain 647 - No active profile set, falling back to default profiles: default
2020-06-19 16:33:54,043 [main] INFO  o.s.b.w.e.tomcat.TomcatWebServer 90 - Tomcat initialized with port(s): 8080 (http)
2020-06-19 16:33:54,054 [main] INFO  o.a.coyote.http11.Http11NioProtocol 173 - Initializing ProtocolHandler ["http-nio-8080"]
2020-06-19 16:33:54,060 [main] INFO  o.a.catalina.core.StandardService 173 - Starting service [Tomcat]
2020-06-19 16:33:54,061 [main] INFO  o.a.catalina.core.StandardEngine 173 - Starting Servlet engine: [Apache Tomcat/9.0.22]
2020-06-19 16:33:54,150 [main] INFO  o.a.c.c.C.[Tomcat].[localhost].[/] 173 - Initializing Spring embedded WebApplicationContext
2020-06-19 16:33:54,151 [main] INFO  o.s.web.context.ContextLoader 284 - Root WebApplicationContext: initialization completed in 1032 ms
2020-06-19 16:33:54,649 [main] INFO  o.s.s.c.ThreadPoolTaskExecutor 171 - Initializing ExecutorService 'applicationTaskExecutor'
2020-06-19 16:33:54,702 [main] INFO  o.s.b.a.w.s.WelcomePageHandlerMapping 58 - Adding welcome page template: index
2020-06-19 16:33:54,845 [main] INFO  o.a.coyote.http11.Http11NioProtocol 173 - Starting ProtocolHandler ["http-nio-8080"]
2020-06-19 16:33:54,864 [main] INFO  o.s.b.w.e.tomcat.TomcatWebServer 202 - Tomcat started on port(s): 8080 (http) with context path ''
2020-06-19 16:33:54,867 [main] INFO  jp.co.lyc.cms.ApplicationMain 59 - Started ApplicationMain in 2.239 seconds (JVM running for 3.514)
2020-06-19 16:34:04,756 [http-nio-8080-exec-1] INFO  o.a.c.c.C.[Tomcat].[localhost].[/] 173 - Initializing Spring DispatcherServlet 'dispatcherServlet'
2020-06-19 16:34:04,757 [http-nio-8080-exec-1] INFO  o.s.web.servlet.DispatcherServlet 524 - Initializing Servlet 'dispatcherServlet'
2020-06-19 16:34:04,763 [http-nio-8080-exec-1] INFO  o.s.web.servlet.DispatcherServlet 546 - Completed initialization in 6 ms
2020-06-19 16:34:08,541 [http-nio-8080-exec-6] INFO  o.a.tomcat.util.http.parser.Cookie 173 - A cookie header was received [:0.5837369904082101:=http:] that contained an invalid cookie. That cookie will be ignored.
 Note: further occurrences of this error will be logged at DEBUG level.
2020-06-19 16:34:08,584 [http-nio-8080-exec-6] INFO  j.c.l.cms.controller.LoginController 56 - LoginController.login:登録開始
2020-06-19 16:34:08,608 [http-nio-8080-exec-6] INFO  com.zaxxer.hikari.HikariDataSource 110 - HikariPool-1 - Starting...
2020-06-19 16:34:09,522 [http-nio-8080-exec-6] INFO  com.zaxxer.hikari.HikariDataSource 123 - HikariPool-1 - Start completed.
2020-06-19 16:34:09,577 [http-nio-8080-exec-6] INFO  j.c.l.cms.controller.LoginController 88 - loginController.login:登録開始
2020-06-19 16:34:09,578 [http-nio-8080-exec-6] INFO  j.c.l.cms.controller.LoginController 91 - 日志输出 info
2020-06-19 16:34:09,578 [http-nio-8080-exec-6] WARN  j.c.l.cms.controller.LoginController 92 - 日志输出 warn
2020-06-19 16:34:09,580 [http-nio-8080-exec-6] INFO  j.c.l.cms.controller.LoginController 95 - loginController.login:登録結束
2020-06-19 16:34:12,469 [http-nio-8080-exec-8] INFO  j.c.l.c.controller.SubCostController 41 - LoginController.login:诸费用画面跳转开始
2020-06-19 16:36:16,036 [http-nio-8080-exec-4] INFO  j.c.l.c.controller.SubCostController 41 - LoginController.login:诸费用画面跳转开始
2020-06-19 16:36:23,254 [http-nio-8080-exec-10] INFO  j.c.l.c.controller.SubCostController 41 - LoginController.login:诸费用画面跳转开始
2020-06-19 16:36:39,365 [http-nio-8080-exec-6] INFO  j.c.l.c.controller.SubCostController 41 - LoginController.login:诸费用画面跳转开始
2020-06-19 16:40:28,844 [http-nio-8080-exec-7] INFO  j.c.l.c.controller.SubCostController 41 - LoginController.login:诸费用画面跳转开始
2020-06-19 16:40:29,460 [http-nio-8080-exec-3] INFO  j.c.l.c.controller.SubCostController 41 - LoginController.login:诸费用画面跳转开始
2020-06-19 16:40:29,724 [http-nio-8080-exec-9] INFO  j.c.l.c.controller.SubCostController 41 - LoginController.login:诸费用画面跳转开始
2020-06-19 16:40:29,911 [http-nio-8080-exec-4] INFO  j.c.l.c.controller.SubCostController 41 - LoginController.login:诸费用画面跳转开始
2020-06-19 16:40:30,067 [http-nio-8080-exec-9] INFO  j.c.l.c.controller.SubCostController 41 - LoginController.login:诸费用画面跳转开始
2020-06-19 16:40:30,223 [http-nio-8080-exec-4] INFO  j.c.l.c.controller.SubCostController 41 - LoginController.login:诸费用画面跳转开始
2020-06-19 16:40:30,376 [http-nio-8080-exec-5] INFO  j.c.l.c.controller.SubCostController 41 - LoginController.login:诸费用画面跳转开始
2020-06-19 16:40:30,548 [http-nio-8080-exec-7] INFO  j.c.l.c.controller.SubCostController 41 - LoginController.login:诸费用画面跳转开始
2020-06-19 16:40:30,708 [http-nio-8080-exec-3] INFO  j.c.l.c.controller.SubCostController 41 - LoginController.login:诸费用画面跳转开始
2020-06-19 16:40:30,855 [http-nio-8080-exec-6] INFO  j.c.l.c.controller.SubCostController 41 - LoginController.login:诸费用画面跳转开始
2020-06-19 16:40:31,016 [http-nio-8080-exec-2] INFO  j.c.l.c.controller.SubCostController 41 - LoginController.login:诸费用画面跳转开始
2020-06-19 16:40:31,184 [http-nio-8080-exec-5] INFO  j.c.l.c.controller.SubCostController 41 - LoginController.login:诸费用画面跳转开始
2020-06-19 16:40:31,347 [http-nio-8080-exec-7] INFO  j.c.l.c.controller.SubCostController 41 - LoginController.login:诸费用画面跳转开始
2020-06-19 16:40:31,511 [http-nio-8080-exec-3] INFO  j.c.l.c.controller.SubCostController 41 - LoginController.login:诸费用画面跳转开始
2020-06-19 16:40:31,662 [http-nio-8080-exec-6] INFO  j.c.l.c.controller.SubCostController 41 - LoginController.login:诸费用画面跳转开始
2020-06-19 16:40:51,853 [http-nio-8080-exec-2] INFO  j.c.l.c.controller.SubCostController 41 - LoginController.login:诸费用画面跳转开始
2020-06-19 16:40:52,479 [http-nio-8080-exec-4] INFO  j.c.l.c.controller.SubCostController 41 - LoginController.login:诸费用画面跳转开始
2020-06-19 16:40:52,756 [http-nio-8080-exec-7] INFO  j.c.l.c.controller.SubCostController 41 - LoginController.login:诸费用画面跳转开始
2020-06-19 16:40:52,980 [http-nio-8080-exec-3] INFO  j.c.l.c.controller.SubCostController 41 - LoginController.login:诸费用画面跳转开始
2020-06-19 16:40:53,119 [http-nio-8080-exec-5] INFO  j.c.l.c.controller.SubCostController 41 - LoginController.login:诸费用画面跳转开始
2020-06-19 16:40:53,291 [http-nio-8080-exec-10] INFO  j.c.l.c.controller.SubCostController 41 - LoginController.login:诸费用画面跳转开始
2020-06-19 16:40:53,451 [http-nio-8080-exec-4] INFO  j.c.l.c.controller.SubCostController 41 - LoginController.login:诸费用画面跳转开始
2020-06-19 16:40:53,627 [http-nio-8080-exec-7] INFO  j.c.l.c.controller.SubCostController 41 - LoginController.login:诸费用画面跳转开始
2020-06-19 16:40:53,791 [http-nio-8080-exec-1] INFO  j.c.l.c.controller.SubCostController 41 - LoginController.login:诸费用画面跳转开始
2020-06-19 16:40:53,952 [http-nio-8080-exec-5] INFO  j.c.l.c.controller.SubCostController 41 - LoginController.login:诸费用画面跳转开始
2020-06-19 16:43:06,249 [http-nio-8080-exec-9] INFO  j.c.l.c.controller.SubCostController 41 - LoginController.login:诸费用画面跳转开始
2020-06-19 16:43:07,372 [http-nio-8080-exec-2] INFO  j.c.l.c.controller.SubCostController 41 - LoginController.login:诸费用画面跳转开始
2020-06-19 16:44:37,946 [main] INFO  jp.co.lyc.cms.ApplicationMain 50 - Starting ApplicationMain on LAPTOP-A94PII7T with PID 14064 (E:\LYC_CMS\target\classes started by Vin.Young in E:\LYC_CMS)
2020-06-19 16:44:37,949 [main] INFO  jp.co.lyc.cms.ApplicationMain 647 - No active profile set, falling back to default profiles: default
2020-06-19 16:44:38,689 [main] INFO  o.s.b.w.e.tomcat.TomcatWebServer 90 - Tomcat initialized with port(s): 8080 (http)
2020-06-19 16:44:38,698 [main] INFO  o.a.coyote.http11.Http11NioProtocol 173 - Initializing ProtocolHandler ["http-nio-8080"]
2020-06-19 16:44:38,703 [main] INFO  o.a.catalina.core.StandardService 173 - Starting service [Tomcat]
2020-06-19 16:44:38,703 [main] INFO  o.a.catalina.core.StandardEngine 173 - Starting Servlet engine: [Apache Tomcat/9.0.22]
2020-06-19 16:44:38,766 [main] INFO  o.a.c.c.C.[Tomcat].[localhost].[/] 173 - Initializing Spring embedded WebApplicationContext
2020-06-19 16:44:38,766 [main] INFO  o.s.web.context.ContextLoader 284 - Root WebApplicationContext: initialization completed in 791 ms
2020-06-19 16:44:39,137 [main] INFO  o.s.s.c.ThreadPoolTaskExecutor 171 - Initializing ExecutorService 'applicationTaskExecutor'
2020-06-19 16:44:39,176 [main] INFO  o.s.b.a.w.s.WelcomePageHandlerMapping 58 - Adding welcome page template: index
2020-06-19 16:44:39,286 [main] INFO  o.a.coyote.http11.Http11NioProtocol 173 - Starting ProtocolHandler ["http-nio-8080"]
2020-06-19 16:44:39,301 [main] INFO  o.s.b.w.e.tomcat.TomcatWebServer 202 - Tomcat started on port(s): 8080 (http) with context path ''
2020-06-19 16:44:39,303 [main] INFO  jp.co.lyc.cms.ApplicationMain 59 - Started ApplicationMain in 1.656 seconds (JVM running for 2.65)
2020-06-19 16:44:44,276 [http-nio-8080-exec-1] INFO  o.a.c.c.C.[Tomcat].[localhost].[/] 173 - Initializing Spring DispatcherServlet 'dispatcherServlet'
2020-06-19 16:44:44,276 [http-nio-8080-exec-1] INFO  o.s.web.servlet.DispatcherServlet 524 - Initializing Servlet 'dispatcherServlet'
2020-06-19 16:44:44,280 [http-nio-8080-exec-1] INFO  o.s.web.servlet.DispatcherServlet 546 - Completed initialization in 4 ms
2020-06-19 16:44:44,293 [http-nio-8080-exec-1] INFO  j.c.l.c.controller.SubCostController 41 - LoginController.login:诸费用画面跳转开始
2020-06-19 16:44:45,505 [http-nio-8080-exec-7] INFO  j.c.l.c.controller.SubCostController 41 - LoginController.login:诸费用画面跳转开始
2020-06-19 16:44:46,326 [http-nio-8080-exec-4] INFO  j.c.l.c.controller.SubCostController 41 - LoginController.login:诸费用画面跳转开始
2020-06-19 16:44:47,188 [http-nio-8080-exec-9] INFO  j.c.l.c.controller.SubCostController 41 - LoginController.login:诸费用画面跳转开始
2020-06-19 16:44:53,493 [RMI TCP Connection(2)-127.0.0.1] INFO  o.s.b.a.SpringApplicationAdminMXBeanRegistrar$SpringApplicationAdmin 159 - Application shutdown requested.
2020-06-19 16:44:53,495 [RMI TCP Connection(2)-127.0.0.1] INFO  o.s.s.c.ThreadPoolTaskExecutor 208 - Shutting down ExecutorService 'applicationTaskExecutor'
2020-06-19 16:44:56,380 [main] INFO  jp.co.lyc.cms.ApplicationMain 50 - Starting ApplicationMain on LAPTOP-A94PII7T with PID 13104 (E:\LYC_CMS\target\classes started by Vin.Young in E:\LYC_CMS)
2020-06-19 16:44:56,383 [main] INFO  jp.co.lyc.cms.ApplicationMain 647 - No active profile set, falling back to default profiles: default
2020-06-19 16:44:57,119 [main] INFO  o.s.b.w.e.tomcat.TomcatWebServer 90 - Tomcat initialized with port(s): 8080 (http)
2020-06-19 16:44:57,127 [main] INFO  o.a.coyote.http11.Http11NioProtocol 173 - Initializing ProtocolHandler ["http-nio-8080"]
2020-06-19 16:44:57,132 [main] INFO  o.a.catalina.core.StandardService 173 - Starting service [Tomcat]
2020-06-19 16:44:57,132 [main] INFO  o.a.catalina.core.StandardEngine 173 - Starting Servlet engine: [Apache Tomcat/9.0.22]
2020-06-19 16:44:57,197 [main] INFO  o.a.c.c.C.[Tomcat].[localhost].[/] 173 - Initializing Spring embedded WebApplicationContext
2020-06-19 16:44:57,198 [main] INFO  o.s.web.context.ContextLoader 284 - Root WebApplicationContext: initialization completed in 791 ms
2020-06-19 16:44:57,550 [main] INFO  o.s.s.c.ThreadPoolTaskExecutor 171 - Initializing ExecutorService 'applicationTaskExecutor'
2020-06-19 16:44:57,588 [main] INFO  o.s.b.a.w.s.WelcomePageHandlerMapping 58 - Adding welcome page template: index
2020-06-19 16:44:57,702 [main] INFO  o.a.coyote.http11.Http11NioProtocol 173 - Starting ProtocolHandler ["http-nio-8080"]
2020-06-19 16:44:57,719 [main] INFO  o.s.b.w.e.tomcat.TomcatWebServer 202 - Tomcat started on port(s): 8080 (http) with context path ''
2020-06-19 16:44:57,721 [main] INFO  jp.co.lyc.cms.ApplicationMain 59 - Started ApplicationMain in 1.636 seconds (JVM running for 2.623)
2020-06-19 16:45:00,108 [http-nio-8080-exec-1] INFO  o.a.c.c.C.[Tomcat].[localhost].[/] 173 - Initializing Spring DispatcherServlet 'dispatcherServlet'
2020-06-19 16:45:00,108 [http-nio-8080-exec-1] INFO  o.s.web.servlet.DispatcherServlet 524 - Initializing Servlet 'dispatcherServlet'
2020-06-19 16:45:00,112 [http-nio-8080-exec-1] INFO  o.s.web.servlet.DispatcherServlet 546 - Completed initialization in 4 ms
2020-06-19 16:45:00,125 [http-nio-8080-exec-1] INFO  j.c.l.c.controller.SubCostController 41 - LoginController.login:诸费用画面跳转开始
2020-06-19 16:45:00,518 [http-nio-8080-exec-7] INFO  j.c.l.c.controller.SubCostController 41 - LoginController.login:诸费用画面跳转开始
2020-06-19 16:45:00,872 [http-nio-8080-exec-4] INFO  j.c.l.c.controller.SubCostController 41 - LoginController.login:诸费用画面跳转开始
2020-06-19 16:45:01,077 [http-nio-8080-exec-7] INFO  j.c.l.c.controller.SubCostController 41 - LoginController.login:诸费用画面跳转开始
2020-06-19 16:45:01,231 [http-nio-8080-exec-1] INFO  j.c.l.c.controller.SubCostController 41 - LoginController.login:诸费用画面跳转开始
2020-06-19 18:04:13,949 [RMI TCP Connection(2)-127.0.0.1] INFO  o.s.b.a.SpringApplicationAdminMXBeanRegistrar$SpringApplicationAdmin 159 - Application shutdown requested.
2020-06-19 18:04:13,951 [RMI TCP Connection(2)-127.0.0.1] INFO  o.s.s.c.ThreadPoolTaskExecutor 208 - Shutting down ExecutorService 'applicationTaskExecutor'
