2020-06-14 12:16:04,179 [http-nio-8080-exec-9] INFO  j.c.l.c.controller.SubCostController 48 - GetEmployeeInfoController.getEmployeeInfo:インサート開始
2020-06-14 12:16:10,303 [http-nio-8080-exec-8] INFO  j.c.l.c.controller.SubCostController 39 - LoginController.login:查询开始
2020-06-14 12:20:11,462 [http-nio-8080-exec-1] INFO  j.c.l.c.controller.SubCostController 48 - GetEmployeeInfoController.getEmployeeInfo:インサート開始
2020-06-14 12:20:12,458 [http-nio-8080-exec-2] INFO  j.c.l.c.controller.SubCostController 39 - LoginController.login:查询开始
2020-06-14 16:55:36,227 [main] INFO  jp.co.lyc.cms.ApplicationMain 50 - Starting ApplicationMain on LAPTOP-A94PII7T with PID 15324 (E:\LYC_CMS\target\classes started by Vin.Young in E:\LYC_CMS)
2020-06-14 16:55:36,231 [main] INFO  jp.co.lyc.cms.ApplicationMain 647 - No active profile set, falling back to default profiles: default
2020-06-14 16:55:37,013 [main] INFO  o.s.b.w.e.tomcat.TomcatWebServer 90 - Tomcat initialized with port(s): 8080 (http)
2020-06-14 16:55:37,022 [main] INFO  o.a.coyote.http11.Http11NioProtocol 173 - Initializing ProtocolHandler ["http-nio-8080"]
2020-06-14 16:55:37,028 [main] INFO  o.a.catalina.core.StandardService 173 - Starting service [Tomcat]
2020-06-14 16:55:37,028 [main] INFO  o.a.catalina.core.StandardEngine 173 - Starting Servlet engine: [Apache Tomcat/9.0.22]
2020-06-14 16:55:37,095 [main] INFO  o.a.c.c.C.[Tomcat].[localhost].[/] 173 - Initializing Spring embedded WebApplicationContext
2020-06-14 16:55:37,095 [main] INFO  o.s.web.context.ContextLoader 284 - Root WebApplicationContext: initialization completed in 835 ms
2020-06-14 16:55:37,482 [main] INFO  o.s.s.c.ThreadPoolTaskExecutor 171 - Initializing ExecutorService 'applicationTaskExecutor'
2020-06-14 16:55:37,523 [main] INFO  o.s.b.a.w.s.WelcomePageHandlerMapping 58 - Adding welcome page template: index
2020-06-14 16:55:37,642 [main] INFO  o.a.coyote.http11.Http11NioProtocol 173 - Starting ProtocolHandler ["http-nio-8080"]
2020-06-14 16:55:37,661 [main] INFO  o.a.coyote.http11.Http11NioProtocol 173 - Pausing ProtocolHandler ["http-nio-8080"]
2020-06-14 16:55:37,661 [main] INFO  o.a.catalina.core.StandardService 173 - Stopping service [Tomcat]
2020-06-14 16:55:37,664 [main] INFO  o.apache.catalina.util.LifecycleBase 173 - The stop() method was called on component [StandardServer[-1]] after stop() had already been called. The second call will be ignored.
2020-06-14 16:55:37,665 [main] INFO  o.a.coyote.http11.Http11NioProtocol 173 - Stopping ProtocolHandler ["http-nio-8080"]
2020-06-14 16:55:37,665 [main] INFO  o.a.coyote.http11.Http11NioProtocol 173 - Destroying ProtocolHandler ["http-nio-8080"]
2020-06-14 16:55:37,666 [main] INFO  o.s.b.a.l.ConditionEvaluationReportLoggingListener 136 - 

Error starting ApplicationContext. To display the conditions report re-run your application with 'debug' enabled.
2020-06-14 16:55:37,671 [main] INFO  o.s.s.c.ThreadPoolTaskExecutor 208 - Shutting down ExecutorService 'applicationTaskExecutor'
2020-06-14 16:55:57,152 [RMI TCP Connection(2)-127.0.0.1] INFO  o.s.b.a.SpringApplicationAdminMXBeanRegistrar$SpringApplicationAdmin 159 - Application shutdown requested.
2020-06-14 16:55:57,157 [RMI TCP Connection(2)-127.0.0.1] INFO  o.s.s.c.ThreadPoolTaskExecutor 208 - Shutting down ExecutorService 'applicationTaskExecutor'
2020-06-14 16:55:57,158 [RMI TCP Connection(2)-127.0.0.1] INFO  com.zaxxer.hikari.HikariDataSource 350 - HikariPool-1 - Shutdown initiated...
2020-06-14 16:55:57,165 [RMI TCP Connection(2)-127.0.0.1] INFO  com.zaxxer.hikari.HikariDataSource 352 - HikariPool-1 - Shutdown completed.
2020-06-14 16:56:02,599 [main] INFO  jp.co.lyc.cms.ApplicationMain 50 - Starting ApplicationMain on LAPTOP-A94PII7T with PID 16264 (E:\LYC_CMS\target\classes started by Vin.Young in E:\LYC_CMS)
2020-06-14 16:56:02,602 [main] INFO  jp.co.lyc.cms.ApplicationMain 647 - No active profile set, falling back to default profiles: default
2020-06-14 16:56:03,387 [main] INFO  o.s.b.w.e.tomcat.TomcatWebServer 90 - Tomcat initialized with port(s): 8080 (http)
2020-06-14 16:56:03,396 [main] INFO  o.a.coyote.http11.Http11NioProtocol 173 - Initializing ProtocolHandler ["http-nio-8080"]
2020-06-14 16:56:03,402 [main] INFO  o.a.catalina.core.StandardService 173 - Starting service [Tomcat]
2020-06-14 16:56:03,402 [main] INFO  o.a.catalina.core.StandardEngine 173 - Starting Servlet engine: [Apache Tomcat/9.0.22]
2020-06-14 16:56:03,472 [main] INFO  o.a.c.c.C.[Tomcat].[localhost].[/] 173 - Initializing Spring embedded WebApplicationContext
2020-06-14 16:56:03,472 [main] INFO  o.s.web.context.ContextLoader 284 - Root WebApplicationContext: initialization completed in 843 ms
2020-06-14 16:56:03,860 [main] INFO  o.s.s.c.ThreadPoolTaskExecutor 171 - Initializing ExecutorService 'applicationTaskExecutor'
2020-06-14 16:56:03,899 [main] INFO  o.s.b.a.w.s.WelcomePageHandlerMapping 58 - Adding welcome page template: index
2020-06-14 16:56:04,020 [main] INFO  o.a.coyote.http11.Http11NioProtocol 173 - Starting ProtocolHandler ["http-nio-8080"]
2020-06-14 16:56:04,036 [main] INFO  o.s.b.w.e.tomcat.TomcatWebServer 202 - Tomcat started on port(s): 8080 (http) with context path ''
2020-06-14 16:56:04,038 [main] INFO  jp.co.lyc.cms.ApplicationMain 59 - Started ApplicationMain in 1.759 seconds (JVM running for 2.859)
2020-06-14 16:56:12,112 [http-nio-8080-exec-1] INFO  o.a.c.c.C.[Tomcat].[localhost].[/] 173 - Initializing Spring DispatcherServlet 'dispatcherServlet'
2020-06-14 16:56:12,113 [http-nio-8080-exec-1] INFO  o.s.web.servlet.DispatcherServlet 524 - Initializing Servlet 'dispatcherServlet'
2020-06-14 16:56:12,117 [http-nio-8080-exec-1] INFO  o.s.web.servlet.DispatcherServlet 546 - Completed initialization in 4 ms
2020-06-14 19:02:39,204 [http-nio-8080-exec-7] INFO  j.c.l.cms.controller.LoginController 56 - LoginController.login:登録開始
2020-06-14 19:02:39,218 [http-nio-8080-exec-7] INFO  com.zaxxer.hikari.HikariDataSource 110 - HikariPool-1 - Starting...
2020-06-14 19:02:40,160 [http-nio-8080-exec-7] INFO  com.zaxxer.hikari.HikariDataSource 123 - HikariPool-1 - Start completed.
2020-06-14 19:02:40,199 [http-nio-8080-exec-7] INFO  j.c.l.cms.controller.LoginController 88 - loginController.login:登録開始
2020-06-14 19:02:40,199 [http-nio-8080-exec-7] INFO  j.c.l.cms.controller.LoginController 91 - 日志输出 info
2020-06-14 19:02:40,200 [http-nio-8080-exec-7] WARN  j.c.l.cms.controller.LoginController 92 - 日志输出 warn
2020-06-14 19:02:40,200 [http-nio-8080-exec-7] INFO  j.c.l.cms.controller.LoginController 95 - loginController.login:登録結束
2020-06-14 19:16:40,448 [RMI TCP Connection(2)-127.0.0.1] INFO  o.s.b.a.SpringApplicationAdminMXBeanRegistrar$SpringApplicationAdmin 159 - Application shutdown requested.
2020-06-14 19:16:40,451 [RMI TCP Connection(2)-127.0.0.1] INFO  o.s.s.c.ThreadPoolTaskExecutor 208 - Shutting down ExecutorService 'applicationTaskExecutor'
2020-06-14 19:16:40,452 [RMI TCP Connection(2)-127.0.0.1] INFO  com.zaxxer.hikari.HikariDataSource 350 - HikariPool-1 - Shutdown initiated...
2020-06-14 19:16:40,462 [RMI TCP Connection(2)-127.0.0.1] INFO  com.zaxxer.hikari.HikariDataSource 352 - HikariPool-1 - Shutdown completed.
2020-06-14 19:16:43,672 [main] INFO  jp.co.lyc.cms.ApplicationMain 50 - Starting ApplicationMain on LAPTOP-A94PII7T with PID 21748 (E:\LYC_CMS\target\classes started by Vin.Young in E:\LYC_CMS)
2020-06-14 19:16:43,675 [main] INFO  jp.co.lyc.cms.ApplicationMain 647 - No active profile set, falling back to default profiles: default
2020-06-14 19:16:44,470 [main] INFO  o.s.b.w.e.tomcat.TomcatWebServer 90 - Tomcat initialized with port(s): 8080 (http)
2020-06-14 19:16:44,479 [main] INFO  o.a.coyote.http11.Http11NioProtocol 173 - Initializing ProtocolHandler ["http-nio-8080"]
2020-06-14 19:16:44,484 [main] INFO  o.a.catalina.core.StandardService 173 - Starting service [Tomcat]
2020-06-14 19:16:44,484 [main] INFO  o.a.catalina.core.StandardEngine 173 - Starting Servlet engine: [Apache Tomcat/9.0.22]
2020-06-14 19:16:44,551 [main] INFO  o.a.c.c.C.[Tomcat].[localhost].[/] 173 - Initializing Spring embedded WebApplicationContext
2020-06-14 19:16:44,551 [main] INFO  o.s.web.context.ContextLoader 284 - Root WebApplicationContext: initialization completed in 848 ms
2020-06-14 19:16:44,948 [main] INFO  o.s.s.c.ThreadPoolTaskExecutor 171 - Initializing ExecutorService 'applicationTaskExecutor'
2020-06-14 19:16:44,992 [main] INFO  o.s.b.a.w.s.WelcomePageHandlerMapping 58 - Adding welcome page template: index
2020-06-14 19:16:45,113 [main] INFO  o.a.coyote.http11.Http11NioProtocol 173 - Starting ProtocolHandler ["http-nio-8080"]
2020-06-14 19:16:45,129 [main] INFO  o.s.b.w.e.tomcat.TomcatWebServer 202 - Tomcat started on port(s): 8080 (http) with context path ''
2020-06-14 19:16:45,131 [main] INFO  jp.co.lyc.cms.ApplicationMain 59 - Started ApplicationMain in 1.786 seconds (JVM running for 2.847)
2020-06-14 19:16:50,025 [http-nio-8080-exec-1] INFO  o.a.c.c.C.[Tomcat].[localhost].[/] 173 - Initializing Spring DispatcherServlet 'dispatcherServlet'
2020-06-14 19:16:50,025 [http-nio-8080-exec-1] INFO  o.s.web.servlet.DispatcherServlet 524 - Initializing Servlet 'dispatcherServlet'
2020-06-14 19:16:50,030 [http-nio-8080-exec-1] INFO  o.s.web.servlet.DispatcherServlet 546 - Completed initialization in 5 ms
2020-06-14 19:16:50,072 [http-nio-8080-exec-1] INFO  j.c.l.cms.controller.LoginController 56 - LoginController.login:登録開始
2020-06-14 19:16:50,085 [http-nio-8080-exec-1] INFO  com.zaxxer.hikari.HikariDataSource 110 - HikariPool-1 - Starting...
2020-06-14 19:16:51,082 [http-nio-8080-exec-1] INFO  com.zaxxer.hikari.HikariDataSource 123 - HikariPool-1 - Start completed.
2020-06-14 19:16:51,119 [http-nio-8080-exec-1] INFO  j.c.l.cms.controller.LoginController 88 - loginController.login:登録開始
2020-06-14 19:16:51,119 [http-nio-8080-exec-1] INFO  j.c.l.cms.controller.LoginController 91 - 日志输出 info
2020-06-14 19:16:51,119 [http-nio-8080-exec-1] WARN  j.c.l.cms.controller.LoginController 92 - 日志输出 warn
2020-06-14 19:16:51,120 [http-nio-8080-exec-1] INFO  j.c.l.cms.controller.LoginController 95 - loginController.login:登録結束
2020-06-14 19:16:53,348 [http-nio-8080-exec-4] WARN  o.s.w.s.m.s.DefaultHandlerExceptionResolver 198 - Resolved [org.springframework.http.converter.HttpMessageNotReadableException: Required request body is missing: public java.lang.String jp.co.lyc.cms.controller.SubCostController.init(jp.co.lyc.cms.model.CostModel,org.springframework.ui.Model)]
2020-06-14 19:17:53,095 [RMI TCP Connection(2)-127.0.0.1] INFO  o.s.b.a.SpringApplicationAdminMXBeanRegistrar$SpringApplicationAdmin 159 - Application shutdown requested.
2020-06-14 19:17:53,097 [RMI TCP Connection(2)-127.0.0.1] INFO  o.s.s.c.ThreadPoolTaskExecutor 208 - Shutting down ExecutorService 'applicationTaskExecutor'
2020-06-14 19:17:53,098 [RMI TCP Connection(2)-127.0.0.1] INFO  com.zaxxer.hikari.HikariDataSource 350 - HikariPool-1 - Shutdown initiated...
2020-06-14 19:17:53,108 [RMI TCP Connection(2)-127.0.0.1] INFO  com.zaxxer.hikari.HikariDataSource 352 - HikariPool-1 - Shutdown completed.
2020-06-14 19:18:00,404 [main] INFO  jp.co.lyc.cms.ApplicationMain 50 - Starting ApplicationMain on LAPTOP-A94PII7T with PID 22320 (E:\LYC_CMS\target\classes started by Vin.Young in E:\LYC_CMS)
2020-06-14 19:18:00,407 [main] INFO  jp.co.lyc.cms.ApplicationMain 647 - No active profile set, falling back to default profiles: default
2020-06-14 19:18:01,242 [main] INFO  o.s.b.w.e.tomcat.TomcatWebServer 90 - Tomcat initialized with port(s): 8080 (http)
2020-06-14 19:18:01,250 [main] INFO  o.a.coyote.http11.Http11NioProtocol 173 - Initializing ProtocolHandler ["http-nio-8080"]
2020-06-14 19:18:01,256 [main] INFO  o.a.catalina.core.StandardService 173 - Starting service [Tomcat]
2020-06-14 19:18:01,257 [main] INFO  o.a.catalina.core.StandardEngine 173 - Starting Servlet engine: [Apache Tomcat/9.0.22]
2020-06-14 19:18:01,326 [main] INFO  o.a.c.c.C.[Tomcat].[localhost].[/] 173 - Initializing Spring embedded WebApplicationContext
2020-06-14 19:18:01,326 [main] INFO  o.s.web.context.ContextLoader 284 - Root WebApplicationContext: initialization completed in 887 ms
2020-06-14 19:18:01,722 [main] INFO  o.s.s.c.ThreadPoolTaskExecutor 171 - Initializing ExecutorService 'applicationTaskExecutor'
2020-06-14 19:18:01,763 [main] INFO  o.s.b.a.w.s.WelcomePageHandlerMapping 58 - Adding welcome page template: index
2020-06-14 19:18:01,880 [main] INFO  o.a.coyote.http11.Http11NioProtocol 173 - Starting ProtocolHandler ["http-nio-8080"]
2020-06-14 19:18:01,895 [main] INFO  o.s.b.w.e.tomcat.TomcatWebServer 202 - Tomcat started on port(s): 8080 (http) with context path ''
2020-06-14 19:18:01,898 [main] INFO  jp.co.lyc.cms.ApplicationMain 59 - Started ApplicationMain in 1.82 seconds (JVM running for 2.874)
2020-06-14 19:18:07,704 [http-nio-8080-exec-1] INFO  o.a.c.c.C.[Tomcat].[localhost].[/] 173 - Initializing Spring DispatcherServlet 'dispatcherServlet'
2020-06-14 19:18:07,704 [http-nio-8080-exec-1] INFO  o.s.web.servlet.DispatcherServlet 524 - Initializing Servlet 'dispatcherServlet'
2020-06-14 19:18:07,709 [http-nio-8080-exec-1] INFO  o.s.web.servlet.DispatcherServlet 546 - Completed initialization in 5 ms
2020-06-14 19:18:07,752 [http-nio-8080-exec-1] INFO  j.c.l.cms.controller.LoginController 56 - LoginController.login:登録開始
2020-06-14 19:18:07,765 [http-nio-8080-exec-1] INFO  com.zaxxer.hikari.HikariDataSource 110 - HikariPool-1 - Starting...
2020-06-14 19:18:08,758 [http-nio-8080-exec-1] INFO  com.zaxxer.hikari.HikariDataSource 123 - HikariPool-1 - Start completed.
2020-06-14 19:18:08,794 [http-nio-8080-exec-1] INFO  j.c.l.cms.controller.LoginController 88 - loginController.login:登録開始
2020-06-14 19:18:08,795 [http-nio-8080-exec-1] INFO  j.c.l.cms.controller.LoginController 91 - 日志输出 info
2020-06-14 19:18:08,795 [http-nio-8080-exec-1] WARN  j.c.l.cms.controller.LoginController 92 - 日志输出 warn
2020-06-14 19:18:08,795 [http-nio-8080-exec-1] INFO  j.c.l.cms.controller.LoginController 95 - loginController.login:登録結束
2020-06-14 19:18:10,997 [http-nio-8080-exec-3] WARN  o.s.w.s.m.s.DefaultHandlerExceptionResolver 198 - Resolved [org.springframework.http.converter.HttpMessageNotReadableException: Required request body is missing: public java.lang.String jp.co.lyc.cms.controller.SubCostController.init(jp.co.lyc.cms.model.CostModel,org.springframework.ui.Model)]
2020-06-14 19:18:38,950 [RMI TCP Connection(2)-127.0.0.1] INFO  o.s.b.a.SpringApplicationAdminMXBeanRegistrar$SpringApplicationAdmin 159 - Application shutdown requested.
2020-06-14 19:18:38,951 [RMI TCP Connection(2)-127.0.0.1] INFO  o.s.s.c.ThreadPoolTaskExecutor 208 - Shutting down ExecutorService 'applicationTaskExecutor'
2020-06-14 19:18:38,952 [RMI TCP Connection(2)-127.0.0.1] INFO  com.zaxxer.hikari.HikariDataSource 350 - HikariPool-1 - Shutdown initiated...
2020-06-14 19:18:38,956 [RMI TCP Connection(2)-127.0.0.1] INFO  com.zaxxer.hikari.HikariDataSource 352 - HikariPool-1 - Shutdown completed.
2020-06-14 19:18:43,591 [main] INFO  jp.co.lyc.cms.ApplicationMain 50 - Starting ApplicationMain on LAPTOP-A94PII7T with PID 21360 (E:\LYC_CMS\target\classes started by Vin.Young in E:\LYC_CMS)
2020-06-14 19:18:43,595 [main] INFO  jp.co.lyc.cms.ApplicationMain 647 - No active profile set, falling back to default profiles: default
2020-06-14 19:18:44,601 [main] INFO  o.s.b.w.e.tomcat.TomcatWebServer 90 - Tomcat initialized with port(s): 8080 (http)
2020-06-14 19:18:44,613 [main] INFO  o.a.coyote.http11.Http11NioProtocol 173 - Initializing ProtocolHandler ["http-nio-8080"]
2020-06-14 19:18:44,620 [main] INFO  o.a.catalina.core.StandardService 173 - Starting service [Tomcat]
2020-06-14 19:18:44,621 [main] INFO  o.a.catalina.core.StandardEngine 173 - Starting Servlet engine: [Apache Tomcat/9.0.22]
2020-06-14 19:18:44,706 [main] INFO  o.a.c.c.C.[Tomcat].[localhost].[/] 173 - Initializing Spring embedded WebApplicationContext
2020-06-14 19:18:44,706 [main] INFO  o.s.web.context.ContextLoader 284 - Root WebApplicationContext: initialization completed in 1073 ms
2020-06-14 19:19:16,105 [main] INFO  jp.co.lyc.cms.ApplicationMain 50 - Starting ApplicationMain on LAPTOP-A94PII7T with PID 12996 (E:\LYC_CMS\target\classes started by Vin.Young in E:\LYC_CMS)
2020-06-14 19:19:16,108 [main] INFO  jp.co.lyc.cms.ApplicationMain 647 - No active profile set, falling back to default profiles: default
2020-06-14 19:19:16,894 [main] INFO  o.s.b.w.e.tomcat.TomcatWebServer 90 - Tomcat initialized with port(s): 8080 (http)
2020-06-14 19:19:16,904 [main] INFO  o.a.coyote.http11.Http11NioProtocol 173 - Initializing ProtocolHandler ["http-nio-8080"]
2020-06-14 19:19:16,910 [main] INFO  o.a.catalina.core.StandardService 173 - Starting service [Tomcat]
2020-06-14 19:19:16,910 [main] INFO  o.a.catalina.core.StandardEngine 173 - Starting Servlet engine: [Apache Tomcat/9.0.22]
2020-06-14 19:19:16,979 [main] INFO  o.a.c.c.C.[Tomcat].[localhost].[/] 173 - Initializing Spring embedded WebApplicationContext
2020-06-14 19:19:16,980 [main] INFO  o.s.web.context.ContextLoader 284 - Root WebApplicationContext: initialization completed in 844 ms
2020-06-14 19:19:17,356 [main] INFO  o.s.s.c.ThreadPoolTaskExecutor 171 - Initializing ExecutorService 'applicationTaskExecutor'
2020-06-14 19:19:17,396 [main] INFO  o.s.b.a.w.s.WelcomePageHandlerMapping 58 - Adding welcome page template: index
2020-06-14 19:19:17,513 [main] INFO  o.a.coyote.http11.Http11NioProtocol 173 - Starting ProtocolHandler ["http-nio-8080"]
2020-06-14 19:19:17,531 [main] INFO  o.s.b.w.e.tomcat.TomcatWebServer 202 - Tomcat started on port(s): 8080 (http) with context path ''
2020-06-14 19:19:17,533 [main] INFO  jp.co.lyc.cms.ApplicationMain 59 - Started ApplicationMain in 1.744 seconds (JVM running for 2.805)
2020-06-14 19:19:22,653 [http-nio-8080-exec-2] INFO  o.a.c.c.C.[Tomcat].[localhost].[/] 173 - Initializing Spring DispatcherServlet 'dispatcherServlet'
2020-06-14 19:19:22,653 [http-nio-8080-exec-2] INFO  o.s.web.servlet.DispatcherServlet 524 - Initializing Servlet 'dispatcherServlet'
2020-06-14 19:19:22,664 [http-nio-8080-exec-2] INFO  o.s.web.servlet.DispatcherServlet 546 - Completed initialization in 11 ms
2020-06-14 19:19:22,710 [http-nio-8080-exec-2] INFO  j.c.l.cms.controller.LoginController 56 - LoginController.login:登録開始
2020-06-14 19:19:22,726 [http-nio-8080-exec-2] INFO  com.zaxxer.hikari.HikariDataSource 110 - HikariPool-1 - Starting...
2020-06-14 19:19:23,709 [http-nio-8080-exec-2] INFO  com.zaxxer.hikari.HikariDataSource 123 - HikariPool-1 - Start completed.
2020-06-14 19:19:23,745 [http-nio-8080-exec-2] INFO  j.c.l.cms.controller.LoginController 88 - loginController.login:登録開始
2020-06-14 19:19:23,745 [http-nio-8080-exec-2] INFO  j.c.l.cms.controller.LoginController 91 - 日志输出 info
2020-06-14 19:19:23,745 [http-nio-8080-exec-2] WARN  j.c.l.cms.controller.LoginController 92 - 日志输出 warn
2020-06-14 19:19:23,745 [http-nio-8080-exec-2] INFO  j.c.l.cms.controller.LoginController 95 - loginController.login:登録結束
2020-06-14 19:19:25,659 [http-nio-8080-exec-3] INFO  j.c.l.c.controller.SubCostController 31 - LoginController.login:诸费用画面跳转开始
2020-06-14 19:26:01,550 [RMI TCP Connection(2)-127.0.0.1] INFO  o.s.b.a.SpringApplicationAdminMXBeanRegistrar$SpringApplicationAdmin 159 - Application shutdown requested.
2020-06-14 19:26:01,552 [RMI TCP Connection(2)-127.0.0.1] INFO  o.s.s.c.ThreadPoolTaskExecutor 208 - Shutting down ExecutorService 'applicationTaskExecutor'
2020-06-14 19:26:01,553 [RMI TCP Connection(2)-127.0.0.1] INFO  com.zaxxer.hikari.HikariDataSource 350 - HikariPool-1 - Shutdown initiated...
2020-06-14 19:26:01,563 [RMI TCP Connection(2)-127.0.0.1] INFO  com.zaxxer.hikari.HikariDataSource 352 - HikariPool-1 - Shutdown completed.
2020-06-14 19:26:14,581 [main] INFO  jp.co.lyc.cms.ApplicationMain 50 - Starting ApplicationMain on LAPTOP-A94PII7T with PID 1084 (E:\LYC_CMS\target\classes started by Vin.Young in E:\LYC_CMS)
2020-06-14 19:26:14,584 [main] INFO  jp.co.lyc.cms.ApplicationMain 647 - No active profile set, falling back to default profiles: default
2020-06-14 19:26:15,373 [main] INFO  o.s.b.w.e.tomcat.TomcatWebServer 90 - Tomcat initialized with port(s): 8080 (http)
2020-06-14 19:26:15,382 [main] INFO  o.a.coyote.http11.Http11NioProtocol 173 - Initializing ProtocolHandler ["http-nio-8080"]
2020-06-14 19:26:15,387 [main] INFO  o.a.catalina.core.StandardService 173 - Starting service [Tomcat]
2020-06-14 19:26:15,388 [main] INFO  o.a.catalina.core.StandardEngine 173 - Starting Servlet engine: [Apache Tomcat/9.0.22]
2020-06-14 19:26:15,457 [main] INFO  o.a.c.c.C.[Tomcat].[localhost].[/] 173 - Initializing Spring embedded WebApplicationContext
2020-06-14 19:26:15,457 [main] INFO  o.s.web.context.ContextLoader 284 - Root WebApplicationContext: initialization completed in 830 ms
2020-06-14 19:26:15,835 [main] INFO  o.s.s.c.ThreadPoolTaskExecutor 171 - Initializing ExecutorService 'applicationTaskExecutor'
2020-06-14 19:26:15,876 [main] INFO  o.s.b.a.w.s.WelcomePageHandlerMapping 58 - Adding welcome page template: index
2020-06-14 19:26:15,992 [main] INFO  o.a.coyote.http11.Http11NioProtocol 173 - Starting ProtocolHandler ["http-nio-8080"]
2020-06-14 19:26:16,010 [main] INFO  o.s.b.w.e.tomcat.TomcatWebServer 202 - Tomcat started on port(s): 8080 (http) with context path ''
2020-06-14 19:26:16,013 [main] INFO  jp.co.lyc.cms.ApplicationMain 59 - Started ApplicationMain in 1.744 seconds (JVM running for 2.819)
2020-06-14 19:26:22,019 [http-nio-8080-exec-1] INFO  o.a.c.c.C.[Tomcat].[localhost].[/] 173 - Initializing Spring DispatcherServlet 'dispatcherServlet'
2020-06-14 19:26:22,020 [http-nio-8080-exec-1] INFO  o.s.web.servlet.DispatcherServlet 524 - Initializing Servlet 'dispatcherServlet'
2020-06-14 19:26:22,024 [http-nio-8080-exec-1] INFO  o.s.web.servlet.DispatcherServlet 546 - Completed initialization in 4 ms
2020-06-14 19:26:22,066 [http-nio-8080-exec-1] INFO  j.c.l.cms.controller.LoginController 56 - LoginController.login:登録開始
2020-06-14 19:26:22,077 [http-nio-8080-exec-1] INFO  com.zaxxer.hikari.HikariDataSource 110 - HikariPool-1 - Starting...
2020-06-14 19:26:23,040 [http-nio-8080-exec-1] INFO  com.zaxxer.hikari.HikariDataSource 123 - HikariPool-1 - Start completed.
2020-06-14 19:26:23,078 [http-nio-8080-exec-1] INFO  j.c.l.cms.controller.LoginController 88 - loginController.login:登録開始
2020-06-14 19:26:23,078 [http-nio-8080-exec-1] INFO  j.c.l.cms.controller.LoginController 91 - 日志输出 info
2020-06-14 19:26:23,078 [http-nio-8080-exec-1] WARN  j.c.l.cms.controller.LoginController 92 - 日志输出 warn
2020-06-14 19:26:23,079 [http-nio-8080-exec-1] INFO  j.c.l.cms.controller.LoginController 95 - loginController.login:登録結束
2020-06-14 19:26:25,680 [http-nio-8080-exec-3] INFO  j.c.l.c.controller.SubCostController 31 - LoginController.login:诸费用画面跳转开始
2020-06-14 19:26:56,268 [RMI TCP Connection(2)-127.0.0.1] INFO  o.s.b.a.SpringApplicationAdminMXBeanRegistrar$SpringApplicationAdmin 159 - Application shutdown requested.
2020-06-14 19:26:56,270 [RMI TCP Connection(2)-127.0.0.1] INFO  o.s.s.c.ThreadPoolTaskExecutor 208 - Shutting down ExecutorService 'applicationTaskExecutor'
2020-06-14 19:26:56,270 [RMI TCP Connection(2)-127.0.0.1] INFO  com.zaxxer.hikari.HikariDataSource 350 - HikariPool-1 - Shutdown initiated...
2020-06-14 19:26:56,280 [RMI TCP Connection(2)-127.0.0.1] INFO  com.zaxxer.hikari.HikariDataSource 352 - HikariPool-1 - Shutdown completed.
2020-06-14 19:26:59,172 [main] INFO  jp.co.lyc.cms.ApplicationMain 50 - Starting ApplicationMain on LAPTOP-A94PII7T with PID 2788 (E:\LYC_CMS\target\classes started by Vin.Young in E:\LYC_CMS)
2020-06-14 19:26:59,175 [main] INFO  jp.co.lyc.cms.ApplicationMain 647 - No active profile set, falling back to default profiles: default
2020-06-14 19:26:59,960 [main] INFO  o.s.b.w.e.tomcat.TomcatWebServer 90 - Tomcat initialized with port(s): 8080 (http)
2020-06-14 19:26:59,969 [main] INFO  o.a.coyote.http11.Http11NioProtocol 173 - Initializing ProtocolHandler ["http-nio-8080"]
2020-06-14 19:26:59,974 [main] INFO  o.a.catalina.core.StandardService 173 - Starting service [Tomcat]
2020-06-14 19:26:59,974 [main] INFO  o.a.catalina.core.StandardEngine 173 - Starting Servlet engine: [Apache Tomcat/9.0.22]
2020-06-14 19:27:00,045 [main] INFO  o.a.c.c.C.[Tomcat].[localhost].[/] 173 - Initializing Spring embedded WebApplicationContext
2020-06-14 19:27:00,045 [main] INFO  o.s.web.context.ContextLoader 284 - Root WebApplicationContext: initialization completed in 843 ms
2020-06-14 19:27:00,447 [main] INFO  o.s.s.c.ThreadPoolTaskExecutor 171 - Initializing ExecutorService 'applicationTaskExecutor'
2020-06-14 19:27:00,491 [main] INFO  o.s.b.a.w.s.WelcomePageHandlerMapping 58 - Adding welcome page template: index
2020-06-14 19:27:00,625 [main] INFO  o.a.coyote.http11.Http11NioProtocol 173 - Starting ProtocolHandler ["http-nio-8080"]
2020-06-14 19:27:00,646 [main] INFO  o.s.b.w.e.tomcat.TomcatWebServer 202 - Tomcat started on port(s): 8080 (http) with context path ''
2020-06-14 19:27:00,648 [main] INFO  jp.co.lyc.cms.ApplicationMain 59 - Started ApplicationMain in 1.792 seconds (JVM running for 2.821)
2020-06-14 19:27:04,745 [http-nio-8080-exec-1] INFO  o.a.c.c.C.[Tomcat].[localhost].[/] 173 - Initializing Spring DispatcherServlet 'dispatcherServlet'
2020-06-14 19:27:04,745 [http-nio-8080-exec-1] INFO  o.s.web.servlet.DispatcherServlet 524 - Initializing Servlet 'dispatcherServlet'
2020-06-14 19:27:04,750 [http-nio-8080-exec-1] INFO  o.s.web.servlet.DispatcherServlet 546 - Completed initialization in 5 ms
2020-06-14 19:27:04,793 [http-nio-8080-exec-1] INFO  j.c.l.cms.controller.LoginController 56 - LoginController.login:登録開始
2020-06-14 19:27:04,805 [http-nio-8080-exec-1] INFO  com.zaxxer.hikari.HikariDataSource 110 - HikariPool-1 - Starting...
2020-06-14 19:27:05,774 [http-nio-8080-exec-1] INFO  com.zaxxer.hikari.HikariDataSource 123 - HikariPool-1 - Start completed.
2020-06-14 19:27:05,808 [http-nio-8080-exec-1] INFO  j.c.l.cms.controller.LoginController 88 - loginController.login:登録開始
2020-06-14 19:27:05,808 [http-nio-8080-exec-1] INFO  j.c.l.cms.controller.LoginController 91 - 日志输出 info
2020-06-14 19:27:05,808 [http-nio-8080-exec-1] WARN  j.c.l.cms.controller.LoginController 92 - 日志输出 warn
2020-06-14 19:27:05,809 [http-nio-8080-exec-1] INFO  j.c.l.cms.controller.LoginController 95 - loginController.login:登録結束
2020-06-14 19:27:07,931 [http-nio-8080-exec-3] INFO  j.c.l.c.controller.SubCostController 31 - LoginController.login:诸费用画面跳转开始
2020-06-14 19:27:23,928 [RMI TCP Connection(2)-127.0.0.1] INFO  o.s.b.a.SpringApplicationAdminMXBeanRegistrar$SpringApplicationAdmin 159 - Application shutdown requested.
2020-06-14 19:27:23,930 [RMI TCP Connection(2)-127.0.0.1] INFO  o.s.s.c.ThreadPoolTaskExecutor 208 - Shutting down ExecutorService 'applicationTaskExecutor'
2020-06-14 19:27:23,931 [RMI TCP Connection(2)-127.0.0.1] INFO  com.zaxxer.hikari.HikariDataSource 350 - HikariPool-1 - Shutdown initiated...
2020-06-14 19:27:23,941 [RMI TCP Connection(2)-127.0.0.1] INFO  com.zaxxer.hikari.HikariDataSource 352 - HikariPool-1 - Shutdown completed.
2020-06-14 19:27:31,163 [main] INFO  jp.co.lyc.cms.ApplicationMain 50 - Starting ApplicationMain on LAPTOP-A94PII7T with PID 21168 (E:\LYC_CMS\target\classes started by Vin.Young in E:\LYC_CMS)
2020-06-14 19:27:31,166 [main] INFO  jp.co.lyc.cms.ApplicationMain 647 - No active profile set, falling back to default profiles: default
2020-06-14 19:27:31,946 [main] INFO  o.s.b.w.e.tomcat.TomcatWebServer 90 - Tomcat initialized with port(s): 8080 (http)
2020-06-14 19:27:31,955 [main] INFO  o.a.coyote.http11.Http11NioProtocol 173 - Initializing ProtocolHandler ["http-nio-8080"]
2020-06-14 19:27:31,960 [main] INFO  o.a.catalina.core.StandardService 173 - Starting service [Tomcat]
2020-06-14 19:27:31,960 [main] INFO  o.a.catalina.core.StandardEngine 173 - Starting Servlet engine: [Apache Tomcat/9.0.22]
2020-06-14 19:27:32,027 [main] INFO  o.a.c.c.C.[Tomcat].[localhost].[/] 173 - Initializing Spring embedded WebApplicationContext
2020-06-14 19:27:32,028 [main] INFO  o.s.web.context.ContextLoader 284 - Root WebApplicationContext: initialization completed in 833 ms
2020-06-14 19:27:32,409 [main] INFO  o.s.s.c.ThreadPoolTaskExecutor 171 - Initializing ExecutorService 'applicationTaskExecutor'
2020-06-14 19:27:32,449 [main] INFO  o.s.b.a.w.s.WelcomePageHandlerMapping 58 - Adding welcome page template: index
2020-06-14 19:27:32,569 [main] INFO  o.a.coyote.http11.Http11NioProtocol 173 - Starting ProtocolHandler ["http-nio-8080"]
2020-06-14 19:27:32,585 [main] INFO  o.s.b.w.e.tomcat.TomcatWebServer 202 - Tomcat started on port(s): 8080 (http) with context path ''
2020-06-14 19:27:32,588 [main] INFO  jp.co.lyc.cms.ApplicationMain 59 - Started ApplicationMain in 1.734 seconds (JVM running for 2.776)
2020-06-14 19:27:36,271 [http-nio-8080-exec-1] INFO  o.a.c.c.C.[Tomcat].[localhost].[/] 173 - Initializing Spring DispatcherServlet 'dispatcherServlet'
2020-06-14 19:27:36,271 [http-nio-8080-exec-1] INFO  o.s.web.servlet.DispatcherServlet 524 - Initializing Servlet 'dispatcherServlet'
2020-06-14 19:27:36,276 [http-nio-8080-exec-1] INFO  o.s.web.servlet.DispatcherServlet 546 - Completed initialization in 5 ms
2020-06-14 19:27:36,317 [http-nio-8080-exec-1] INFO  j.c.l.cms.controller.LoginController 56 - LoginController.login:登録開始
2020-06-14 19:27:36,329 [http-nio-8080-exec-1] INFO  com.zaxxer.hikari.HikariDataSource 110 - HikariPool-1 - Starting...
2020-06-14 19:27:37,282 [http-nio-8080-exec-1] INFO  com.zaxxer.hikari.HikariDataSource 123 - HikariPool-1 - Start completed.
2020-06-14 19:27:37,319 [http-nio-8080-exec-1] INFO  j.c.l.cms.controller.LoginController 88 - loginController.login:登録開始
2020-06-14 19:27:37,319 [http-nio-8080-exec-1] INFO  j.c.l.cms.controller.LoginController 91 - 日志输出 info
2020-06-14 19:27:37,319 [http-nio-8080-exec-1] WARN  j.c.l.cms.controller.LoginController 92 - 日志输出 warn
2020-06-14 19:27:37,319 [http-nio-8080-exec-1] INFO  j.c.l.cms.controller.LoginController 95 - loginController.login:登録結束
2020-06-14 19:27:40,101 [http-nio-8080-exec-2] INFO  j.c.l.c.controller.SubCostController 31 - LoginController.login:诸费用画面跳转开始
2020-06-14 19:27:52,983 [RMI TCP Connection(2)-127.0.0.1] INFO  o.s.b.a.SpringApplicationAdminMXBeanRegistrar$SpringApplicationAdmin 159 - Application shutdown requested.
2020-06-14 19:27:52,985 [RMI TCP Connection(2)-127.0.0.1] INFO  o.s.s.c.ThreadPoolTaskExecutor 208 - Shutting down ExecutorService 'applicationTaskExecutor'
2020-06-14 19:27:52,985 [RMI TCP Connection(2)-127.0.0.1] INFO  com.zaxxer.hikari.HikariDataSource 350 - HikariPool-1 - Shutdown initiated...
2020-06-14 19:27:52,997 [RMI TCP Connection(2)-127.0.0.1] INFO  com.zaxxer.hikari.HikariDataSource 352 - HikariPool-1 - Shutdown completed.
2020-06-14 19:27:56,056 [main] INFO  jp.co.lyc.cms.ApplicationMain 50 - Starting ApplicationMain on LAPTOP-A94PII7T with PID 13892 (E:\LYC_CMS\target\classes started by Vin.Young in E:\LYC_CMS)
2020-06-14 19:27:56,058 [main] INFO  jp.co.lyc.cms.ApplicationMain 647 - No active profile set, falling back to default profiles: default
2020-06-14 19:27:56,835 [main] INFO  o.s.b.w.e.tomcat.TomcatWebServer 90 - Tomcat initialized with port(s): 8080 (http)
2020-06-14 19:27:56,844 [main] INFO  o.a.coyote.http11.Http11NioProtocol 173 - Initializing ProtocolHandler ["http-nio-8080"]
2020-06-14 19:27:56,849 [main] INFO  o.a.catalina.core.StandardService 173 - Starting service [Tomcat]
2020-06-14 19:27:56,849 [main] INFO  o.a.catalina.core.StandardEngine 173 - Starting Servlet engine: [Apache Tomcat/9.0.22]
2020-06-14 19:27:56,916 [main] INFO  o.a.c.c.C.[Tomcat].[localhost].[/] 173 - Initializing Spring embedded WebApplicationContext
2020-06-14 19:27:56,916 [main] INFO  o.s.web.context.ContextLoader 284 - Root WebApplicationContext: initialization completed in 830 ms
2020-06-14 19:27:57,296 [main] INFO  o.s.s.c.ThreadPoolTaskExecutor 171 - Initializing ExecutorService 'applicationTaskExecutor'
2020-06-14 19:27:57,337 [main] INFO  o.s.b.a.w.s.WelcomePageHandlerMapping 58 - Adding welcome page template: index
2020-06-14 19:27:57,467 [main] INFO  o.a.coyote.http11.Http11NioProtocol 173 - Starting ProtocolHandler ["http-nio-8080"]
2020-06-14 19:27:57,485 [main] INFO  o.s.b.w.e.tomcat.TomcatWebServer 202 - Tomcat started on port(s): 8080 (http) with context path ''
2020-06-14 19:27:57,488 [main] INFO  jp.co.lyc.cms.ApplicationMain 59 - Started ApplicationMain in 1.744 seconds (JVM running for 2.784)
2020-06-14 19:28:00,749 [http-nio-8080-exec-1] INFO  o.a.c.c.C.[Tomcat].[localhost].[/] 173 - Initializing Spring DispatcherServlet 'dispatcherServlet'
2020-06-14 19:28:00,750 [http-nio-8080-exec-1] INFO  o.s.web.servlet.DispatcherServlet 524 - Initializing Servlet 'dispatcherServlet'
2020-06-14 19:28:00,755 [http-nio-8080-exec-1] INFO  o.s.web.servlet.DispatcherServlet 546 - Completed initialization in 5 ms
2020-06-14 19:28:00,798 [http-nio-8080-exec-1] INFO  j.c.l.cms.controller.LoginController 56 - LoginController.login:登録開始
2020-06-14 19:28:00,812 [http-nio-8080-exec-1] INFO  com.zaxxer.hikari.HikariDataSource 110 - HikariPool-1 - Starting...
2020-06-14 19:28:01,832 [http-nio-8080-exec-1] INFO  com.zaxxer.hikari.HikariDataSource 123 - HikariPool-1 - Start completed.
2020-06-14 19:28:01,869 [http-nio-8080-exec-1] INFO  j.c.l.cms.controller.LoginController 88 - loginController.login:登録開始
2020-06-14 19:28:01,869 [http-nio-8080-exec-1] INFO  j.c.l.cms.controller.LoginController 91 - 日志输出 info
2020-06-14 19:28:01,870 [http-nio-8080-exec-1] WARN  j.c.l.cms.controller.LoginController 92 - 日志输出 warn
2020-06-14 19:28:01,870 [http-nio-8080-exec-1] INFO  j.c.l.cms.controller.LoginController 95 - loginController.login:登録結束
2020-06-14 19:28:04,935 [http-nio-8080-exec-3] INFO  j.c.l.c.controller.SubCostController 31 - LoginController.login:诸费用画面跳转开始
2020-06-14 19:28:05,022 [http-nio-8080-exec-5] INFO  j.c.l.c.controller.SubCostController 39 - LoginController.login:查询开始
2020-06-14 19:28:46,819 [RMI TCP Connection(2)-127.0.0.1] INFO  o.s.b.a.SpringApplicationAdminMXBeanRegistrar$SpringApplicationAdmin 159 - Application shutdown requested.
2020-06-14 19:28:46,821 [RMI TCP Connection(2)-127.0.0.1] INFO  o.s.s.c.ThreadPoolTaskExecutor 208 - Shutting down ExecutorService 'applicationTaskExecutor'
2020-06-14 19:28:46,821 [RMI TCP Connection(2)-127.0.0.1] INFO  com.zaxxer.hikari.HikariDataSource 350 - HikariPool-1 - Shutdown initiated...
2020-06-14 19:28:46,833 [RMI TCP Connection(2)-127.0.0.1] INFO  com.zaxxer.hikari.HikariDataSource 352 - HikariPool-1 - Shutdown completed.
2020-06-14 19:28:50,945 [main] INFO  jp.co.lyc.cms.ApplicationMain 50 - Starting ApplicationMain on LAPTOP-A94PII7T with PID 22508 (E:\LYC_CMS\target\classes started by Vin.Young in E:\LYC_CMS)
2020-06-14 19:28:50,947 [main] INFO  jp.co.lyc.cms.ApplicationMain 647 - No active profile set, falling back to default profiles: default
2020-06-14 19:28:51,740 [main] INFO  o.s.b.w.e.tomcat.TomcatWebServer 90 - Tomcat initialized with port(s): 8080 (http)
2020-06-14 19:28:51,749 [main] INFO  o.a.coyote.http11.Http11NioProtocol 173 - Initializing ProtocolHandler ["http-nio-8080"]
2020-06-14 19:28:51,754 [main] INFO  o.a.catalina.core.StandardService 173 - Starting service [Tomcat]
2020-06-14 19:28:51,755 [main] INFO  o.a.catalina.core.StandardEngine 173 - Starting Servlet engine: [Apache Tomcat/9.0.22]
2020-06-14 19:28:51,821 [main] INFO  o.a.c.c.C.[Tomcat].[localhost].[/] 173 - Initializing Spring embedded WebApplicationContext
2020-06-14 19:28:51,821 [main] INFO  o.s.web.context.ContextLoader 284 - Root WebApplicationContext: initialization completed in 842 ms
2020-06-14 19:28:52,207 [main] INFO  o.s.s.c.ThreadPoolTaskExecutor 171 - Initializing ExecutorService 'applicationTaskExecutor'
2020-06-14 19:28:52,249 [main] INFO  o.s.b.a.w.s.WelcomePageHandlerMapping 58 - Adding welcome page template: index
2020-06-14 19:28:52,374 [main] INFO  o.a.coyote.http11.Http11NioProtocol 173 - Starting ProtocolHandler ["http-nio-8080"]
2020-06-14 19:28:52,392 [main] INFO  o.s.b.w.e.tomcat.TomcatWebServer 202 - Tomcat started on port(s): 8080 (http) with context path ''
2020-06-14 19:28:52,394 [main] INFO  jp.co.lyc.cms.ApplicationMain 59 - Started ApplicationMain in 1.776 seconds (JVM running for 2.828)
2020-06-14 19:28:55,426 [http-nio-8080-exec-1] INFO  o.a.c.c.C.[Tomcat].[localhost].[/] 173 - Initializing Spring DispatcherServlet 'dispatcherServlet'
2020-06-14 19:28:55,426 [http-nio-8080-exec-1] INFO  o.s.web.servlet.DispatcherServlet 524 - Initializing Servlet 'dispatcherServlet'
2020-06-14 19:28:55,432 [http-nio-8080-exec-1] INFO  o.s.web.servlet.DispatcherServlet 546 - Completed initialization in 5 ms
2020-06-14 19:28:55,473 [http-nio-8080-exec-1] INFO  j.c.l.cms.controller.LoginController 56 - LoginController.login:登録開始
2020-06-14 19:28:55,487 [http-nio-8080-exec-1] INFO  com.zaxxer.hikari.HikariDataSource 110 - HikariPool-1 - Starting...
2020-06-14 19:28:56,437 [http-nio-8080-exec-1] INFO  com.zaxxer.hikari.HikariDataSource 123 - HikariPool-1 - Start completed.
2020-06-14 19:28:56,472 [http-nio-8080-exec-1] INFO  j.c.l.cms.controller.LoginController 88 - loginController.login:登録開始
2020-06-14 19:28:56,473 [http-nio-8080-exec-1] INFO  j.c.l.cms.controller.LoginController 91 - 日志输出 info
2020-06-14 19:28:56,473 [http-nio-8080-exec-1] WARN  j.c.l.cms.controller.LoginController 92 - 日志输出 warn
2020-06-14 19:28:56,473 [http-nio-8080-exec-1] INFO  j.c.l.cms.controller.LoginController 95 - loginController.login:登録結束
2020-06-14 19:28:58,343 [http-nio-8080-exec-3] INFO  j.c.l.c.controller.SubCostController 31 - LoginController.login:诸费用画面跳转开始
2020-06-14 19:28:58,414 [http-nio-8080-exec-5] INFO  j.c.l.c.controller.SubCostController 39 - LoginController.login:查询开始
2020-06-16 16:16:38,782 [main] INFO  jp.co.lyc.cms.ApplicationMain 50 - Starting ApplicationMain on LAPTOP-A94PII7T with PID 19624 (E:\LYC_CMS\target\classes started by Vin.Young in E:\LYC_CMS)
2020-06-16 16:16:38,787 [main] INFO  jp.co.lyc.cms.ApplicationMain 647 - No active profile set, falling back to default profiles: default
2020-06-16 16:16:39,626 [main] INFO  o.s.b.w.e.tomcat.TomcatWebServer 90 - Tomcat initialized with port(s): 8080 (http)
2020-06-16 16:16:39,636 [main] INFO  o.a.coyote.http11.Http11NioProtocol 173 - Initializing ProtocolHandler ["http-nio-8080"]
2020-06-16 16:16:39,645 [main] INFO  o.a.catalina.core.StandardService 173 - Starting service [Tomcat]
2020-06-16 16:16:39,646 [main] INFO  o.a.catalina.core.StandardEngine 173 - Starting Servlet engine: [Apache Tomcat/9.0.22]
2020-06-16 16:16:39,724 [main] INFO  o.a.c.c.C.[Tomcat].[localhost].[/] 173 - Initializing Spring embedded WebApplicationContext
2020-06-16 16:16:39,725 [main] INFO  o.s.web.context.ContextLoader 284 - Root WebApplicationContext: initialization completed in 909 ms
2020-06-16 16:16:40,122 [main] INFO  o.s.s.c.ThreadPoolTaskExecutor 171 - Initializing ExecutorService 'applicationTaskExecutor'
2020-06-16 16:16:40,163 [main] INFO  o.s.b.a.w.s.WelcomePageHandlerMapping 58 - Adding welcome page template: index
2020-06-16 16:16:40,282 [main] INFO  o.a.coyote.http11.Http11NioProtocol 173 - Starting ProtocolHandler ["http-nio-8080"]
2020-06-16 16:16:40,296 [main] INFO  o.a.coyote.http11.Http11NioProtocol 173 - Pausing ProtocolHandler ["http-nio-8080"]
2020-06-16 16:16:40,297 [main] INFO  o.a.catalina.core.StandardService 173 - Stopping service [Tomcat]
2020-06-16 16:16:40,301 [main] INFO  o.apache.catalina.util.LifecycleBase 173 - The stop() method was called on component [StandardServer[-1]] after stop() had already been called. The second call will be ignored.
2020-06-16 16:16:40,301 [main] INFO  o.a.coyote.http11.Http11NioProtocol 173 - Stopping ProtocolHandler ["http-nio-8080"]
2020-06-16 16:16:40,301 [main] INFO  o.a.coyote.http11.Http11NioProtocol 173 - Destroying ProtocolHandler ["http-nio-8080"]
2020-06-16 16:16:40,303 [main] INFO  o.s.b.a.l.ConditionEvaluationReportLoggingListener 136 - 

Error starting ApplicationContext. To display the conditions report re-run your application with 'debug' enabled.
2020-06-16 16:16:40,308 [main] INFO  o.s.s.c.ThreadPoolTaskExecutor 208 - Shutting down ExecutorService 'applicationTaskExecutor'
