2020-06-29 13:43:46,194 [main] INFO  jp.co.lyc.cms.ApplicationMain 50 - Starting ApplicationMain on LAPTOP-A94PII7T with PID 18264 (E:\LYC_CMS\target\classes started by Vin.Young in E:\LYC_CMS)
2020-06-29 13:43:46,200 [main] INFO  jp.co.lyc.cms.ApplicationMain 647 - No active profile set, falling back to default profiles: default
2020-06-29 13:43:47,263 [main] INFO  o.s.b.w.e.tomcat.TomcatWebServer 90 - Tomcat initialized with port(s): 8080 (http)
2020-06-29 13:43:47,275 [main] INFO  o.a.coyote.http11.Http11NioProtocol 173 - Initializing ProtocolHandler ["http-nio-8080"]
2020-06-29 13:43:47,282 [main] INFO  o.a.catalina.core.StandardService 173 - Starting service [Tomcat]
2020-06-29 13:43:47,283 [main] INFO  o.a.catalina.core.StandardEngine 173 - Starting Servlet engine: [Apache Tomcat/9.0.22]
2020-06-29 13:43:47,366 [main] INFO  o.a.c.c.C.[Tomcat].[localhost].[/] 173 - Initializing Spring embedded WebApplicationContext
2020-06-29 13:43:47,366 [main] INFO  o.s.web.context.ContextLoader 284 - Root WebApplicationContext: initialization completed in 1129 ms
2020-06-29 13:43:47,845 [main] INFO  o.s.s.c.ThreadPoolTaskExecutor 171 - Initializing ExecutorService 'applicationTaskExecutor'
2020-06-29 13:43:47,902 [main] INFO  o.s.b.a.w.s.WelcomePageHandlerMapping 58 - Adding welcome page template: index
2020-06-29 13:43:48,060 [main] INFO  o.a.coyote.http11.Http11NioProtocol 173 - Starting ProtocolHandler ["http-nio-8080"]
2020-06-29 13:43:48,087 [main] INFO  o.s.b.w.e.tomcat.TomcatWebServer 202 - Tomcat started on port(s): 8080 (http) with context path ''
2020-06-29 13:43:48,090 [main] INFO  jp.co.lyc.cms.ApplicationMain 59 - Started ApplicationMain in 2.408 seconds (JVM running for 3.994)
2020-06-29 13:45:16,310 [http-nio-8080-exec-1] INFO  o.a.c.c.C.[Tomcat].[localhost].[/] 173 - Initializing Spring DispatcherServlet 'dispatcherServlet'
2020-06-29 13:45:16,310 [http-nio-8080-exec-1] INFO  o.s.web.servlet.DispatcherServlet 524 - Initializing Servlet 'dispatcherServlet'
2020-06-29 13:45:16,316 [http-nio-8080-exec-1] INFO  o.s.web.servlet.DispatcherServlet 546 - Completed initialization in 6 ms
2020-06-29 13:45:16,446 [http-nio-8080-exec-2] INFO  j.c.l.cms.controller.LoginController 44 - LoginController.login:登録開始
2020-06-29 13:45:16,466 [http-nio-8080-exec-2] INFO  com.zaxxer.hikari.HikariDataSource 110 - HikariPool-1 - Starting...
2020-06-29 13:45:17,420 [http-nio-8080-exec-2] INFO  com.zaxxer.hikari.HikariDataSource 123 - HikariPool-1 - Start completed.
2020-06-29 13:45:17,429 [http-nio-8080-exec-2] DEBUG j.c.l.c.m.E.getEmployeeModel 143 - ==>  Preparing: SELECT a.employeeNo, a.authorityCode, b.authorityProperty FROM employee a LEFT JOIN authority_master b ON a.authorityCode = b.authorityNo LEFT JOIN employee_detail c ON a.employeeNo = c.employeeNo WHERE a. PASSWORD = ? AND a.employeeNo = ? 
2020-06-29 13:45:17,450 [http-nio-8080-exec-2] DEBUG j.c.l.c.m.E.getEmployeeModel 143 - ==> Parameters: 1(String), LYC001(String)
2020-06-29 13:45:17,477 [http-nio-8080-exec-2] DEBUG j.c.l.c.m.E.getEmployeeModel 143 - <==      Total: 1
2020-06-29 13:45:17,485 [http-nio-8080-exec-2] INFO  j.c.l.cms.controller.LoginController 77 - loginController.login:登録開始
2020-06-29 13:45:17,485 [http-nio-8080-exec-2] INFO  j.c.l.cms.controller.LoginController 80 - 日志输出 info
2020-06-29 13:45:17,485 [http-nio-8080-exec-2] WARN  j.c.l.cms.controller.LoginController 81 - 日志输出 warn
2020-06-29 13:45:17,488 [http-nio-8080-exec-2] INFO  j.c.l.cms.controller.LoginController 84 - loginController.login:登録結束
2020-06-29 13:45:30,166 [http-nio-8080-exec-3] INFO  j.c.l.cms.controller.LoginController 44 - LoginController.login:登録開始
2020-06-29 13:45:30,168 [http-nio-8080-exec-3] DEBUG j.c.l.c.m.E.getEmployeeModel 143 - ==>  Preparing: SELECT a.employeeNo, a.authorityCode, b.authorityProperty FROM employee a LEFT JOIN authority_master b ON a.authorityCode = b.authorityNo LEFT JOIN employee_detail c ON a.employeeNo = c.employeeNo WHERE a. PASSWORD = ? AND a.employeeNo = ? 
2020-06-29 13:45:30,169 [http-nio-8080-exec-3] DEBUG j.c.l.c.m.E.getEmployeeModel 143 - ==> Parameters: 1(String), LYC001(String)
2020-06-29 13:45:30,170 [http-nio-8080-exec-3] DEBUG j.c.l.c.m.E.getEmployeeModel 143 - <==      Total: 1
2020-06-29 13:45:30,172 [http-nio-8080-exec-3] INFO  j.c.l.cms.controller.LoginController 77 - loginController.login:登録開始
2020-06-29 13:45:30,172 [http-nio-8080-exec-3] INFO  j.c.l.cms.controller.LoginController 80 - 日志输出 info
2020-06-29 13:45:30,172 [http-nio-8080-exec-3] WARN  j.c.l.cms.controller.LoginController 81 - 日志输出 warn
2020-06-29 13:45:30,173 [http-nio-8080-exec-3] INFO  j.c.l.cms.controller.LoginController 84 - loginController.login:登録結束
2020-06-29 13:45:49,616 [http-nio-8080-exec-4] INFO  j.c.l.cms.controller.LoginController 44 - LoginController.login:登録開始
2020-06-29 13:45:49,617 [http-nio-8080-exec-4] DEBUG j.c.l.c.m.E.getEmployeeModel 143 - ==>  Preparing: SELECT a.employeeNo, a.authorityCode, b.authorityProperty FROM employee a LEFT JOIN authority_master b ON a.authorityCode = b.authorityNo LEFT JOIN employee_detail c ON a.employeeNo = c.employeeNo WHERE a. PASSWORD = ? AND a.employeeNo = ? 
2020-06-29 13:45:49,617 [http-nio-8080-exec-4] DEBUG j.c.l.c.m.E.getEmployeeModel 143 - ==> Parameters: 1(String), LYC001(String)
2020-06-29 13:45:49,619 [http-nio-8080-exec-4] DEBUG j.c.l.c.m.E.getEmployeeModel 143 - <==      Total: 1
2020-06-29 13:45:49,620 [http-nio-8080-exec-4] INFO  j.c.l.cms.controller.LoginController 77 - loginController.login:登録開始
2020-06-29 13:45:49,620 [http-nio-8080-exec-4] INFO  j.c.l.cms.controller.LoginController 80 - 日志输出 info
2020-06-29 13:45:49,620 [http-nio-8080-exec-4] WARN  j.c.l.cms.controller.LoginController 81 - 日志输出 warn
2020-06-29 13:45:49,620 [http-nio-8080-exec-4] INFO  j.c.l.cms.controller.LoginController 84 - loginController.login:登録結束
2020-06-29 13:46:34,267 [main] INFO  jp.co.lyc.cms.ApplicationMain 50 - Starting ApplicationMain on LAPTOP-A94PII7T with PID 14516 (E:\LYC_CMS\target\classes started by Vin.Young in E:\LYC_CMS)
2020-06-29 13:46:34,271 [main] INFO  jp.co.lyc.cms.ApplicationMain 647 - No active profile set, falling back to default profiles: default
2020-06-29 13:46:35,251 [main] INFO  o.s.b.w.e.tomcat.TomcatWebServer 90 - Tomcat initialized with port(s): 8080 (http)
2020-06-29 13:46:35,263 [main] INFO  o.a.coyote.http11.Http11NioProtocol 173 - Initializing ProtocolHandler ["http-nio-8080"]
2020-06-29 13:46:35,269 [main] INFO  o.a.catalina.core.StandardService 173 - Starting service [Tomcat]
2020-06-29 13:46:35,269 [main] INFO  o.a.catalina.core.StandardEngine 173 - Starting Servlet engine: [Apache Tomcat/9.0.22]
2020-06-29 13:46:35,350 [main] INFO  o.a.c.c.C.[Tomcat].[localhost].[/] 173 - Initializing Spring embedded WebApplicationContext
2020-06-29 13:46:35,350 [main] INFO  o.s.web.context.ContextLoader 284 - Root WebApplicationContext: initialization completed in 1045 ms
2020-06-29 13:46:35,794 [main] INFO  o.s.s.c.ThreadPoolTaskExecutor 171 - Initializing ExecutorService 'applicationTaskExecutor'
2020-06-29 13:46:35,848 [main] INFO  o.s.b.a.w.s.WelcomePageHandlerMapping 58 - Adding welcome page template: index
2020-06-29 13:46:36,006 [main] INFO  o.a.coyote.http11.Http11NioProtocol 173 - Starting ProtocolHandler ["http-nio-8080"]
2020-06-29 13:46:36,029 [main] INFO  o.s.b.w.e.tomcat.TomcatWebServer 202 - Tomcat started on port(s): 8080 (http) with context path ''
2020-06-29 13:46:36,034 [main] INFO  jp.co.lyc.cms.ApplicationMain 59 - Started ApplicationMain in 2.237 seconds (JVM running for 3.549)
2020-06-29 13:46:42,657 [http-nio-8080-exec-1] INFO  o.a.c.c.C.[Tomcat].[localhost].[/] 173 - Initializing Spring DispatcherServlet 'dispatcherServlet'
2020-06-29 13:46:42,657 [http-nio-8080-exec-1] INFO  o.s.web.servlet.DispatcherServlet 524 - Initializing Servlet 'dispatcherServlet'
2020-06-29 13:46:42,664 [http-nio-8080-exec-1] INFO  o.s.web.servlet.DispatcherServlet 546 - Completed initialization in 7 ms
2020-06-29 13:46:42,772 [http-nio-8080-exec-1] INFO  j.c.l.cms.controller.LoginController 44 - LoginController.login:登録開始
2020-06-29 13:46:42,803 [http-nio-8080-exec-1] INFO  com.zaxxer.hikari.HikariDataSource 110 - HikariPool-1 - Starting...
2020-06-29 13:46:43,695 [http-nio-8080-exec-1] INFO  com.zaxxer.hikari.HikariDataSource 123 - HikariPool-1 - Start completed.
2020-06-29 13:46:43,702 [http-nio-8080-exec-1] DEBUG j.c.l.c.m.E.getEmployeeModel 143 - ==>  Preparing: SELECT a.employeeNo, a.authorityCode, b.authorityProperty FROM employee a LEFT JOIN authority_master b ON a.authorityCode = b.authorityNo LEFT JOIN employee_detail c ON a.employeeNo = c.employeeNo WHERE a. PASSWORD = ? AND a.employeeNo = ? 
2020-06-29 13:46:43,722 [http-nio-8080-exec-1] DEBUG j.c.l.c.m.E.getEmployeeModel 143 - ==> Parameters: 2(String), LYC001(String)
2020-06-29 13:46:43,739 [http-nio-8080-exec-1] DEBUG j.c.l.c.m.E.getEmployeeModel 143 - <==      Total: 0
2020-06-29 13:46:46,804 [http-nio-8080-exec-2] INFO  j.c.l.cms.controller.LoginController 44 - LoginController.login:登録開始
2020-06-29 13:46:46,806 [http-nio-8080-exec-2] DEBUG j.c.l.c.m.E.getEmployeeModel 143 - ==>  Preparing: SELECT a.employeeNo, a.authorityCode, b.authorityProperty FROM employee a LEFT JOIN authority_master b ON a.authorityCode = b.authorityNo LEFT JOIN employee_detail c ON a.employeeNo = c.employeeNo WHERE a. PASSWORD = ? AND a.employeeNo = ? 
2020-06-29 13:46:46,807 [http-nio-8080-exec-2] DEBUG j.c.l.c.m.E.getEmployeeModel 143 - ==> Parameters: 1(String), LYC001(String)
2020-06-29 13:46:46,814 [http-nio-8080-exec-2] DEBUG j.c.l.c.m.E.getEmployeeModel 143 - <==      Total: 1
2020-06-29 13:46:46,815 [http-nio-8080-exec-2] INFO  j.c.l.cms.controller.LoginController 77 - loginController.login:登録開始
2020-06-29 13:46:46,816 [http-nio-8080-exec-2] INFO  j.c.l.cms.controller.LoginController 80 - 日志输出 info
2020-06-29 13:46:46,816 [http-nio-8080-exec-2] WARN  j.c.l.cms.controller.LoginController 81 - 日志输出 warn
2020-06-29 13:46:46,816 [http-nio-8080-exec-2] INFO  j.c.l.cms.controller.LoginController 84 - loginController.login:登録結束
2020-06-29 14:07:00,155 [http-nio-8080-exec-4] INFO  j.c.l.cms.controller.LoginController 44 - LoginController.login:登録開始
2020-06-29 14:07:00,157 [http-nio-8080-exec-4] DEBUG j.c.l.c.m.E.getEmployeeModel 143 - ==>  Preparing: SELECT a.employeeNo, a.authorityCode, b.authorityProperty FROM employee a LEFT JOIN authority_master b ON a.authorityCode = b.authorityNo LEFT JOIN employee_detail c ON a.employeeNo = c.employeeNo WHERE a. PASSWORD = ? AND a.employeeNo = ? 
2020-06-29 14:07:00,157 [http-nio-8080-exec-4] DEBUG j.c.l.c.m.E.getEmployeeModel 143 - ==> Parameters: 1(String), LYC002(String)
2020-06-29 14:07:00,159 [http-nio-8080-exec-4] DEBUG j.c.l.c.m.E.getEmployeeModel 143 - <==      Total: 1
2020-06-29 14:07:00,160 [http-nio-8080-exec-4] INFO  j.c.l.cms.controller.LoginController 77 - loginController.login:登録開始
2020-06-29 14:07:00,160 [http-nio-8080-exec-4] INFO  j.c.l.cms.controller.LoginController 80 - 日志输出 info
2020-06-29 14:07:00,160 [http-nio-8080-exec-4] WARN  j.c.l.cms.controller.LoginController 81 - 日志输出 warn
2020-06-29 14:07:00,160 [http-nio-8080-exec-4] INFO  j.c.l.cms.controller.LoginController 84 - loginController.login:登録結束
2020-06-29 15:10:33,050 [http-nio-8080-exec-7] INFO  j.c.l.cms.controller.LoginController 44 - LoginController.login:登録開始
2020-06-29 15:10:33,052 [http-nio-8080-exec-7] DEBUG j.c.l.c.m.E.getEmployeeModel 143 - ==>  Preparing: SELECT a.employeeNo, a.authorityCode, b.authorityProperty FROM employee a LEFT JOIN authority_master b ON a.authorityCode = b.authorityNo LEFT JOIN employee_detail c ON a.employeeNo = c.employeeNo WHERE a. PASSWORD = ? AND a.employeeNo = ? 
2020-06-29 15:10:33,053 [http-nio-8080-exec-7] DEBUG j.c.l.c.m.E.getEmployeeModel 143 - ==> Parameters: 1(String), LYC001(String)
2020-06-29 15:10:33,055 [http-nio-8080-exec-7] DEBUG j.c.l.c.m.E.getEmployeeModel 143 - <==      Total: 1
2020-06-29 15:10:33,055 [http-nio-8080-exec-7] INFO  j.c.l.cms.controller.LoginController 77 - loginController.login:登録開始
2020-06-29 15:10:33,055 [http-nio-8080-exec-7] INFO  j.c.l.cms.controller.LoginController 80 - 日志输出 info
2020-06-29 15:10:33,056 [http-nio-8080-exec-7] WARN  j.c.l.cms.controller.LoginController 81 - 日志输出 warn
2020-06-29 15:10:33,056 [http-nio-8080-exec-7] INFO  j.c.l.cms.controller.LoginController 84 - loginController.login:登録結束
2020-06-29 15:10:47,708 [http-nio-8080-exec-8] INFO  j.c.l.cms.controller.LoginController 44 - LoginController.login:登録開始
2020-06-29 15:10:47,710 [http-nio-8080-exec-8] DEBUG j.c.l.c.m.E.getEmployeeModel 143 - ==>  Preparing: SELECT a.employeeNo, a.authorityCode, b.authorityProperty FROM employee a LEFT JOIN authority_master b ON a.authorityCode = b.authorityNo LEFT JOIN employee_detail c ON a.employeeNo = c.employeeNo WHERE a. PASSWORD = ? AND a.employeeNo = ? 
2020-06-29 15:10:47,710 [http-nio-8080-exec-8] DEBUG j.c.l.c.m.E.getEmployeeModel 143 - ==> Parameters: 1(String), LYC001(String)
2020-06-29 15:10:47,711 [http-nio-8080-exec-8] DEBUG j.c.l.c.m.E.getEmployeeModel 143 - <==      Total: 1
2020-06-29 15:10:47,711 [http-nio-8080-exec-8] INFO  j.c.l.cms.controller.LoginController 77 - loginController.login:登録開始
2020-06-29 15:10:47,711 [http-nio-8080-exec-8] INFO  j.c.l.cms.controller.LoginController 80 - 日志输出 info
2020-06-29 15:10:47,711 [http-nio-8080-exec-8] WARN  j.c.l.cms.controller.LoginController 81 - 日志输出 warn
2020-06-29 15:10:47,713 [http-nio-8080-exec-8] INFO  j.c.l.cms.controller.LoginController 84 - loginController.login:登録結束
2020-06-29 15:21:19,222 [http-nio-8080-exec-10] INFO  j.c.l.cms.controller.LoginController 44 - LoginController.login:登録開始
2020-06-29 15:21:19,223 [http-nio-8080-exec-10] DEBUG j.c.l.c.m.E.getEmployeeModel 143 - ==>  Preparing: SELECT a.employeeNo, a.authorityCode, b.authorityProperty FROM employee a LEFT JOIN authority_master b ON a.authorityCode = b.authorityNo LEFT JOIN employee_detail c ON a.employeeNo = c.employeeNo WHERE a. PASSWORD = ? AND a.employeeNo = ? 
2020-06-29 15:21:19,224 [http-nio-8080-exec-10] DEBUG j.c.l.c.m.E.getEmployeeModel 143 - ==> Parameters: 1(String), LYC001(String)
2020-06-29 15:21:19,225 [http-nio-8080-exec-10] DEBUG j.c.l.c.m.E.getEmployeeModel 143 - <==      Total: 1
2020-06-29 15:21:19,226 [http-nio-8080-exec-10] INFO  j.c.l.cms.controller.LoginController 77 - loginController.login:登録開始
2020-06-29 15:21:19,226 [http-nio-8080-exec-10] INFO  j.c.l.cms.controller.LoginController 80 - 日志输出 info
2020-06-29 15:21:19,226 [http-nio-8080-exec-10] WARN  j.c.l.cms.controller.LoginController 81 - 日志输出 warn
2020-06-29 15:21:19,227 [http-nio-8080-exec-10] INFO  j.c.l.cms.controller.LoginController 84 - loginController.login:登録結束
2020-06-29 15:23:59,592 [http-nio-8080-exec-2] INFO  j.c.l.cms.controller.LoginController 44 - LoginController.login:登録開始
2020-06-29 15:23:59,594 [http-nio-8080-exec-2] DEBUG j.c.l.c.m.E.getEmployeeModel 143 - ==>  Preparing: SELECT a.employeeNo, a.authorityCode, b.authorityProperty FROM employee a LEFT JOIN authority_master b ON a.authorityCode = b.authorityNo LEFT JOIN employee_detail c ON a.employeeNo = c.employeeNo WHERE a. PASSWORD = ? AND a.employeeNo = ? 
2020-06-29 15:23:59,594 [http-nio-8080-exec-2] DEBUG j.c.l.c.m.E.getEmployeeModel 143 - ==> Parameters: 1(String), LYC001(String)
2020-06-29 15:23:59,596 [http-nio-8080-exec-2] DEBUG j.c.l.c.m.E.getEmployeeModel 143 - <==      Total: 1
2020-06-29 15:23:59,596 [http-nio-8080-exec-2] INFO  j.c.l.cms.controller.LoginController 77 - loginController.login:登録開始
2020-06-29 15:23:59,597 [http-nio-8080-exec-2] INFO  j.c.l.cms.controller.LoginController 80 - 日志输出 info
2020-06-29 15:23:59,597 [http-nio-8080-exec-2] WARN  j.c.l.cms.controller.LoginController 81 - 日志输出 warn
2020-06-29 15:23:59,597 [http-nio-8080-exec-2] INFO  j.c.l.cms.controller.LoginController 84 - loginController.login:登録結束
2020-06-29 15:24:19,777 [http-nio-8080-exec-3] INFO  j.c.l.cms.controller.LoginController 44 - LoginController.login:登録開始
2020-06-29 15:24:19,778 [http-nio-8080-exec-3] DEBUG j.c.l.c.m.E.getEmployeeModel 143 - ==>  Preparing: SELECT a.employeeNo, a.authorityCode, b.authorityProperty FROM employee a LEFT JOIN authority_master b ON a.authorityCode = b.authorityNo LEFT JOIN employee_detail c ON a.employeeNo = c.employeeNo WHERE a. PASSWORD = ? AND a.employeeNo = ? 
2020-06-29 15:24:19,778 [http-nio-8080-exec-3] DEBUG j.c.l.c.m.E.getEmployeeModel 143 - ==> Parameters: 1(String), LYC001(String)
2020-06-29 15:24:19,779 [http-nio-8080-exec-3] DEBUG j.c.l.c.m.E.getEmployeeModel 143 - <==      Total: 1
2020-06-29 15:24:19,780 [http-nio-8080-exec-3] INFO  j.c.l.cms.controller.LoginController 77 - loginController.login:登録開始
2020-06-29 15:24:19,780 [http-nio-8080-exec-3] INFO  j.c.l.cms.controller.LoginController 80 - 日志输出 info
2020-06-29 15:24:19,780 [http-nio-8080-exec-3] WARN  j.c.l.cms.controller.LoginController 81 - 日志输出 warn
2020-06-29 15:24:19,781 [http-nio-8080-exec-3] INFO  j.c.l.cms.controller.LoginController 84 - loginController.login:登録結束
2020-06-29 15:25:25,131 [http-nio-8080-exec-5] INFO  j.c.l.cms.controller.LoginController 44 - LoginController.login:登録開始
2020-06-29 15:25:25,132 [http-nio-8080-exec-5] DEBUG j.c.l.c.m.E.getEmployeeModel 143 - ==>  Preparing: SELECT a.employeeNo, a.authorityCode, b.authorityProperty FROM employee a LEFT JOIN authority_master b ON a.authorityCode = b.authorityNo LEFT JOIN employee_detail c ON a.employeeNo = c.employeeNo WHERE a. PASSWORD = ? AND a.employeeNo = ? 
2020-06-29 15:25:25,133 [http-nio-8080-exec-5] DEBUG j.c.l.c.m.E.getEmployeeModel 143 - ==> Parameters: 1(String), LYC001(String)
2020-06-29 15:25:25,135 [http-nio-8080-exec-5] DEBUG j.c.l.c.m.E.getEmployeeModel 143 - <==      Total: 1
2020-06-29 15:25:25,135 [http-nio-8080-exec-5] INFO  j.c.l.cms.controller.LoginController 77 - loginController.login:登録開始
2020-06-29 15:25:25,135 [http-nio-8080-exec-5] INFO  j.c.l.cms.controller.LoginController 80 - 日志输出 info
2020-06-29 15:25:25,135 [http-nio-8080-exec-5] WARN  j.c.l.cms.controller.LoginController 81 - 日志输出 warn
2020-06-29 15:25:25,136 [http-nio-8080-exec-5] INFO  j.c.l.cms.controller.LoginController 84 - loginController.login:登録結束
2020-06-29 15:28:19,711 [http-nio-8080-exec-7] INFO  j.c.l.cms.controller.LoginController 44 - LoginController.login:登録開始
2020-06-29 15:28:19,712 [http-nio-8080-exec-7] DEBUG j.c.l.c.m.E.getEmployeeModel 143 - ==>  Preparing: SELECT a.employeeNo, a.authorityCode, b.authorityProperty FROM employee a LEFT JOIN authority_master b ON a.authorityCode = b.authorityNo LEFT JOIN employee_detail c ON a.employeeNo = c.employeeNo WHERE a. PASSWORD = ? AND a.employeeNo = ? 
2020-06-29 15:28:19,713 [http-nio-8080-exec-7] DEBUG j.c.l.c.m.E.getEmployeeModel 143 - ==> Parameters: 1(String), LYC001(String)
2020-06-29 15:28:19,714 [http-nio-8080-exec-7] DEBUG j.c.l.c.m.E.getEmployeeModel 143 - <==      Total: 1
2020-06-29 15:28:19,714 [http-nio-8080-exec-7] INFO  j.c.l.cms.controller.LoginController 77 - loginController.login:登録開始
2020-06-29 15:28:19,714 [http-nio-8080-exec-7] INFO  j.c.l.cms.controller.LoginController 80 - 日志输出 info
2020-06-29 15:28:19,715 [http-nio-8080-exec-7] WARN  j.c.l.cms.controller.LoginController 81 - 日志输出 warn
2020-06-29 15:28:19,715 [http-nio-8080-exec-7] INFO  j.c.l.cms.controller.LoginController 84 - loginController.login:登録結束
2020-06-29 15:28:27,957 [http-nio-8080-exec-8] INFO  j.c.l.cms.controller.LoginController 44 - LoginController.login:登録開始
2020-06-29 15:28:27,958 [http-nio-8080-exec-8] DEBUG j.c.l.c.m.E.getEmployeeModel 143 - ==>  Preparing: SELECT a.employeeNo, a.authorityCode, b.authorityProperty FROM employee a LEFT JOIN authority_master b ON a.authorityCode = b.authorityNo LEFT JOIN employee_detail c ON a.employeeNo = c.employeeNo WHERE a. PASSWORD = ? AND a.employeeNo = ? 
2020-06-29 15:28:27,958 [http-nio-8080-exec-8] DEBUG j.c.l.c.m.E.getEmployeeModel 143 - ==> Parameters: 1(String), LYC001(String)
2020-06-29 15:28:27,959 [http-nio-8080-exec-8] DEBUG j.c.l.c.m.E.getEmployeeModel 143 - <==      Total: 1
2020-06-29 15:28:27,959 [http-nio-8080-exec-8] INFO  j.c.l.cms.controller.LoginController 77 - loginController.login:登録開始
2020-06-29 15:28:27,959 [http-nio-8080-exec-8] INFO  j.c.l.cms.controller.LoginController 80 - 日志输出 info
2020-06-29 15:28:27,960 [http-nio-8080-exec-8] WARN  j.c.l.cms.controller.LoginController 81 - 日志输出 warn
2020-06-29 15:28:27,960 [http-nio-8080-exec-8] INFO  j.c.l.cms.controller.LoginController 84 - loginController.login:登録結束
2020-06-29 15:28:43,177 [http-nio-8080-exec-9] INFO  j.c.l.cms.controller.LoginController 44 - LoginController.login:登録開始
2020-06-29 15:28:43,177 [http-nio-8080-exec-9] DEBUG j.c.l.c.m.E.getEmployeeModel 143 - ==>  Preparing: SELECT a.employeeNo, a.authorityCode, b.authorityProperty FROM employee a LEFT JOIN authority_master b ON a.authorityCode = b.authorityNo LEFT JOIN employee_detail c ON a.employeeNo = c.employeeNo WHERE a. PASSWORD = ? AND a.employeeNo = ? 
2020-06-29 15:28:43,178 [http-nio-8080-exec-9] DEBUG j.c.l.c.m.E.getEmployeeModel 143 - ==> Parameters: 1(String), LYC001(String)
2020-06-29 15:28:43,179 [http-nio-8080-exec-9] DEBUG j.c.l.c.m.E.getEmployeeModel 143 - <==      Total: 1
2020-06-29 15:28:43,179 [http-nio-8080-exec-9] INFO  j.c.l.cms.controller.LoginController 77 - loginController.login:登録開始
2020-06-29 15:28:43,179 [http-nio-8080-exec-9] INFO  j.c.l.cms.controller.LoginController 80 - 日志输出 info
2020-06-29 15:28:43,180 [http-nio-8080-exec-9] WARN  j.c.l.cms.controller.LoginController 81 - 日志输出 warn
2020-06-29 15:28:43,180 [http-nio-8080-exec-9] INFO  j.c.l.cms.controller.LoginController 84 - loginController.login:登録結束
2020-06-29 15:31:30,363 [http-nio-8080-exec-1] INFO  j.c.l.cms.controller.LoginController 44 - LoginController.login:登録開始
2020-06-29 15:31:30,364 [http-nio-8080-exec-1] DEBUG j.c.l.c.m.E.getEmployeeModel 143 - ==>  Preparing: SELECT a.employeeNo, a.authorityCode, b.authorityProperty FROM employee a LEFT JOIN authority_master b ON a.authorityCode = b.authorityNo LEFT JOIN employee_detail c ON a.employeeNo = c.employeeNo WHERE a. PASSWORD = ? AND a.employeeNo = ? 
2020-06-29 15:31:30,365 [http-nio-8080-exec-1] DEBUG j.c.l.c.m.E.getEmployeeModel 143 - ==> Parameters: (String), (String)
2020-06-29 15:31:30,366 [http-nio-8080-exec-1] DEBUG j.c.l.c.m.E.getEmployeeModel 143 - <==      Total: 0
2020-06-29 15:31:36,714 [http-nio-8080-exec-2] INFO  j.c.l.cms.controller.LoginController 44 - LoginController.login:登録開始
2020-06-29 15:31:36,715 [http-nio-8080-exec-2] DEBUG j.c.l.c.m.E.getEmployeeModel 143 - ==>  Preparing: SELECT a.employeeNo, a.authorityCode, b.authorityProperty FROM employee a LEFT JOIN authority_master b ON a.authorityCode = b.authorityNo LEFT JOIN employee_detail c ON a.employeeNo = c.employeeNo WHERE a. PASSWORD = ? AND a.employeeNo = ? 
2020-06-29 15:31:36,716 [http-nio-8080-exec-2] DEBUG j.c.l.c.m.E.getEmployeeModel 143 - ==> Parameters: 1(String), LYC001(String)
2020-06-29 15:31:36,717 [http-nio-8080-exec-2] DEBUG j.c.l.c.m.E.getEmployeeModel 143 - <==      Total: 1
2020-06-29 15:31:36,718 [http-nio-8080-exec-2] INFO  j.c.l.cms.controller.LoginController 77 - loginController.login:登録開始
2020-06-29 15:31:36,718 [http-nio-8080-exec-2] INFO  j.c.l.cms.controller.LoginController 80 - 日志输出 info
2020-06-29 15:31:36,718 [http-nio-8080-exec-2] WARN  j.c.l.cms.controller.LoginController 81 - 日志输出 warn
2020-06-29 15:31:36,718 [http-nio-8080-exec-2] INFO  j.c.l.cms.controller.LoginController 84 - loginController.login:登録結束
2020-06-29 15:31:41,542 [http-nio-8080-exec-3] INFO  j.c.l.cms.controller.LoginController 44 - LoginController.login:登録開始
2020-06-29 15:31:41,543 [http-nio-8080-exec-3] DEBUG j.c.l.c.m.E.getEmployeeModel 143 - ==>  Preparing: SELECT a.employeeNo, a.authorityCode, b.authorityProperty FROM employee a LEFT JOIN authority_master b ON a.authorityCode = b.authorityNo LEFT JOIN employee_detail c ON a.employeeNo = c.employeeNo WHERE a. PASSWORD = ? AND a.employeeNo = ? 
2020-06-29 15:31:41,543 [http-nio-8080-exec-3] DEBUG j.c.l.c.m.E.getEmployeeModel 143 - ==> Parameters: 1(String), LYC001(String)
2020-06-29 15:31:41,544 [http-nio-8080-exec-3] DEBUG j.c.l.c.m.E.getEmployeeModel 143 - <==      Total: 1
2020-06-29 15:31:41,545 [http-nio-8080-exec-3] INFO  j.c.l.cms.controller.LoginController 77 - loginController.login:登録開始
2020-06-29 15:31:41,545 [http-nio-8080-exec-3] INFO  j.c.l.cms.controller.LoginController 80 - 日志输出 info
2020-06-29 15:31:41,546 [http-nio-8080-exec-3] WARN  j.c.l.cms.controller.LoginController 81 - 日志输出 warn
2020-06-29 15:31:41,546 [http-nio-8080-exec-3] INFO  j.c.l.cms.controller.LoginController 84 - loginController.login:登録結束
2020-06-29 15:36:38,643 [http-nio-8080-exec-5] INFO  j.c.l.cms.controller.LoginController 44 - LoginController.login:登録開始
2020-06-29 15:36:38,644 [http-nio-8080-exec-5] DEBUG j.c.l.c.m.E.getEmployeeModel 143 - ==>  Preparing: SELECT a.employeeNo, a.authorityCode, b.authorityProperty FROM employee a LEFT JOIN authority_master b ON a.authorityCode = b.authorityNo LEFT JOIN employee_detail c ON a.employeeNo = c.employeeNo WHERE a. PASSWORD = ? AND a.employeeNo = ? 
2020-06-29 15:36:38,646 [http-nio-8080-exec-5] DEBUG j.c.l.c.m.E.getEmployeeModel 143 - ==> Parameters: 1(String), LYC001(String)
2020-06-29 15:36:38,648 [http-nio-8080-exec-5] DEBUG j.c.l.c.m.E.getEmployeeModel 143 - <==      Total: 1
2020-06-29 15:36:38,651 [http-nio-8080-exec-5] INFO  j.c.l.cms.controller.LoginController 77 - loginController.login:登録開始
2020-06-29 15:36:38,651 [http-nio-8080-exec-5] INFO  j.c.l.cms.controller.LoginController 80 - 日志输出 info
2020-06-29 15:36:38,652 [http-nio-8080-exec-5] WARN  j.c.l.cms.controller.LoginController 81 - 日志输出 warn
2020-06-29 15:36:38,652 [http-nio-8080-exec-5] INFO  j.c.l.cms.controller.LoginController 84 - loginController.login:登録結束
2020-06-29 15:37:20,656 [http-nio-8080-exec-7] INFO  j.c.l.cms.controller.LoginController 44 - LoginController.login:登録開始
2020-06-29 15:37:20,657 [http-nio-8080-exec-7] DEBUG j.c.l.c.m.E.getEmployeeModel 143 - ==>  Preparing: SELECT a.employeeNo, a.authorityCode, b.authorityProperty FROM employee a LEFT JOIN authority_master b ON a.authorityCode = b.authorityNo LEFT JOIN employee_detail c ON a.employeeNo = c.employeeNo WHERE a. PASSWORD = ? AND a.employeeNo = ? 
2020-06-29 15:37:20,657 [http-nio-8080-exec-7] DEBUG j.c.l.c.m.E.getEmployeeModel 143 - ==> Parameters: 1(String), LYC001(String)
2020-06-29 15:37:20,658 [http-nio-8080-exec-7] DEBUG j.c.l.c.m.E.getEmployeeModel 143 - <==      Total: 1
2020-06-29 15:37:20,659 [http-nio-8080-exec-7] INFO  j.c.l.cms.controller.LoginController 77 - loginController.login:登録開始
2020-06-29 15:37:20,659 [http-nio-8080-exec-7] INFO  j.c.l.cms.controller.LoginController 80 - 日志输出 info
2020-06-29 15:37:20,659 [http-nio-8080-exec-7] WARN  j.c.l.cms.controller.LoginController 81 - 日志输出 warn
2020-06-29 15:37:20,659 [http-nio-8080-exec-7] INFO  j.c.l.cms.controller.LoginController 84 - loginController.login:登録結束
2020-06-29 15:39:27,333 [http-nio-8080-exec-9] INFO  j.c.l.cms.controller.LoginController 44 - LoginController.login:登録開始
2020-06-29 15:39:27,334 [http-nio-8080-exec-9] DEBUG j.c.l.c.m.E.getEmployeeModel 143 - ==>  Preparing: SELECT a.employeeNo, a.authorityCode, b.authorityProperty FROM employee a LEFT JOIN authority_master b ON a.authorityCode = b.authorityNo LEFT JOIN employee_detail c ON a.employeeNo = c.employeeNo WHERE a. PASSWORD = ? AND a.employeeNo = ? 
2020-06-29 15:39:27,335 [http-nio-8080-exec-9] DEBUG j.c.l.c.m.E.getEmployeeModel 143 - ==> Parameters: 1(String), LYC001(String)
2020-06-29 15:39:27,336 [http-nio-8080-exec-9] DEBUG j.c.l.c.m.E.getEmployeeModel 143 - <==      Total: 1
2020-06-29 15:39:27,337 [http-nio-8080-exec-9] INFO  j.c.l.cms.controller.LoginController 77 - loginController.login:登録開始
2020-06-29 15:39:27,337 [http-nio-8080-exec-9] INFO  j.c.l.cms.controller.LoginController 80 - 日志输出 info
2020-06-29 15:39:27,337 [http-nio-8080-exec-9] WARN  j.c.l.cms.controller.LoginController 81 - 日志输出 warn
2020-06-29 15:39:27,337 [http-nio-8080-exec-9] INFO  j.c.l.cms.controller.LoginController 84 - loginController.login:登録結束
2020-06-29 15:39:41,704 [http-nio-8080-exec-10] INFO  j.c.l.cms.controller.LoginController 44 - LoginController.login:登録開始
2020-06-29 15:39:41,705 [http-nio-8080-exec-10] DEBUG j.c.l.c.m.E.getEmployeeModel 143 - ==>  Preparing: SELECT a.employeeNo, a.authorityCode, b.authorityProperty FROM employee a LEFT JOIN authority_master b ON a.authorityCode = b.authorityNo LEFT JOIN employee_detail c ON a.employeeNo = c.employeeNo WHERE a. PASSWORD = ? AND a.employeeNo = ? 
2020-06-29 15:39:41,705 [http-nio-8080-exec-10] DEBUG j.c.l.c.m.E.getEmployeeModel 143 - ==> Parameters: 1(String), LYC001(String)
2020-06-29 15:39:41,707 [http-nio-8080-exec-10] DEBUG j.c.l.c.m.E.getEmployeeModel 143 - <==      Total: 1
2020-06-29 15:39:41,707 [http-nio-8080-exec-10] INFO  j.c.l.cms.controller.LoginController 77 - loginController.login:登録開始
2020-06-29 15:39:41,707 [http-nio-8080-exec-10] INFO  j.c.l.cms.controller.LoginController 80 - 日志输出 info
2020-06-29 15:39:41,708 [http-nio-8080-exec-10] WARN  j.c.l.cms.controller.LoginController 81 - 日志输出 warn
2020-06-29 15:39:41,708 [http-nio-8080-exec-10] INFO  j.c.l.cms.controller.LoginController 84 - loginController.login:登録結束
2020-06-29 15:39:54,289 [http-nio-8080-exec-1] INFO  j.c.l.cms.controller.LoginController 44 - LoginController.login:登録開始
2020-06-29 15:39:54,289 [http-nio-8080-exec-1] DEBUG j.c.l.c.m.E.getEmployeeModel 143 - ==>  Preparing: SELECT a.employeeNo, a.authorityCode, b.authorityProperty FROM employee a LEFT JOIN authority_master b ON a.authorityCode = b.authorityNo LEFT JOIN employee_detail c ON a.employeeNo = c.employeeNo WHERE a. PASSWORD = ? AND a.employeeNo = ? 
2020-06-29 15:39:54,290 [http-nio-8080-exec-1] DEBUG j.c.l.c.m.E.getEmployeeModel 143 - ==> Parameters: 1(String), LYC001(String)
2020-06-29 15:39:54,291 [http-nio-8080-exec-1] DEBUG j.c.l.c.m.E.getEmployeeModel 143 - <==      Total: 1
2020-06-29 15:39:54,292 [http-nio-8080-exec-1] INFO  j.c.l.cms.controller.LoginController 77 - loginController.login:登録開始
2020-06-29 15:39:54,292 [http-nio-8080-exec-1] INFO  j.c.l.cms.controller.LoginController 80 - 日志输出 info
2020-06-29 15:39:54,293 [http-nio-8080-exec-1] WARN  j.c.l.cms.controller.LoginController 81 - 日志输出 warn
2020-06-29 15:39:54,293 [http-nio-8080-exec-1] INFO  j.c.l.cms.controller.LoginController 84 - loginController.login:登録結束
2020-06-29 15:40:07,256 [http-nio-8080-exec-2] INFO  j.c.l.cms.controller.LoginController 44 - LoginController.login:登録開始
2020-06-29 15:40:07,257 [http-nio-8080-exec-2] DEBUG j.c.l.c.m.E.getEmployeeModel 143 - ==>  Preparing: SELECT a.employeeNo, a.authorityCode, b.authorityProperty FROM employee a LEFT JOIN authority_master b ON a.authorityCode = b.authorityNo LEFT JOIN employee_detail c ON a.employeeNo = c.employeeNo WHERE a. PASSWORD = ? AND a.employeeNo = ? 
2020-06-29 15:40:07,257 [http-nio-8080-exec-2] DEBUG j.c.l.c.m.E.getEmployeeModel 143 - ==> Parameters: 1(String), LYC001(String)
2020-06-29 15:40:07,258 [http-nio-8080-exec-2] DEBUG j.c.l.c.m.E.getEmployeeModel 143 - <==      Total: 1
2020-06-29 15:40:07,259 [http-nio-8080-exec-2] INFO  j.c.l.cms.controller.LoginController 77 - loginController.login:登録開始
2020-06-29 15:40:07,259 [http-nio-8080-exec-2] INFO  j.c.l.cms.controller.LoginController 80 - 日志输出 info
2020-06-29 15:40:07,260 [http-nio-8080-exec-2] WARN  j.c.l.cms.controller.LoginController 81 - 日志输出 warn
2020-06-29 15:40:07,260 [http-nio-8080-exec-2] INFO  j.c.l.cms.controller.LoginController 84 - loginController.login:登録結束
2020-06-29 15:41:34,321 [http-nio-8080-exec-4] INFO  j.c.l.cms.controller.LoginController 44 - LoginController.login:登録開始
2020-06-29 15:41:34,322 [http-nio-8080-exec-4] DEBUG j.c.l.c.m.E.getEmployeeModel 143 - ==>  Preparing: SELECT a.employeeNo, a.authorityCode, b.authorityProperty FROM employee a LEFT JOIN authority_master b ON a.authorityCode = b.authorityNo LEFT JOIN employee_detail c ON a.employeeNo = c.employeeNo WHERE a. PASSWORD = ? AND a.employeeNo = ? 
2020-06-29 15:41:34,323 [http-nio-8080-exec-4] DEBUG j.c.l.c.m.E.getEmployeeModel 143 - ==> Parameters: 1(String), LYC001(String)
2020-06-29 15:41:34,324 [http-nio-8080-exec-4] DEBUG j.c.l.c.m.E.getEmployeeModel 143 - <==      Total: 1
2020-06-29 15:41:34,325 [http-nio-8080-exec-4] INFO  j.c.l.cms.controller.LoginController 77 - loginController.login:登録開始
2020-06-29 15:41:34,325 [http-nio-8080-exec-4] INFO  j.c.l.cms.controller.LoginController 80 - 日志输出 info
2020-06-29 15:41:34,325 [http-nio-8080-exec-4] WARN  j.c.l.cms.controller.LoginController 81 - 日志输出 warn
2020-06-29 15:41:34,325 [http-nio-8080-exec-4] INFO  j.c.l.cms.controller.LoginController 84 - loginController.login:登録結束
2020-06-29 15:46:11,931 [main] INFO  jp.co.lyc.cms.ApplicationMain 50 - Starting ApplicationMain on LAPTOP-A94PII7T with PID 2816 (E:\LYC_CMS\target\classes started by Vin.Young in E:\LYC_CMS)
2020-06-29 15:46:11,961 [main] INFO  jp.co.lyc.cms.ApplicationMain 647 - No active profile set, falling back to default profiles: default
2020-06-29 15:46:12,911 [main] INFO  o.s.b.w.e.tomcat.TomcatWebServer 90 - Tomcat initialized with port(s): 8080 (http)
2020-06-29 15:46:12,923 [main] INFO  o.a.coyote.http11.Http11NioProtocol 173 - Initializing ProtocolHandler ["http-nio-8080"]
2020-06-29 15:46:12,928 [main] INFO  o.a.catalina.core.StandardService 173 - Starting service [Tomcat]
2020-06-29 15:46:12,928 [main] INFO  o.a.catalina.core.StandardEngine 173 - Starting Servlet engine: [Apache Tomcat/9.0.22]
2020-06-29 15:46:13,017 [main] INFO  o.a.c.c.C.[Tomcat].[localhost].[/] 173 - Initializing Spring embedded WebApplicationContext
2020-06-29 15:46:13,017 [main] INFO  o.s.web.context.ContextLoader 284 - Root WebApplicationContext: initialization completed in 1022 ms
2020-06-29 15:46:13,501 [main] INFO  o.s.s.c.ThreadPoolTaskExecutor 171 - Initializing ExecutorService 'applicationTaskExecutor'
2020-06-29 15:46:13,552 [main] INFO  o.s.b.a.w.s.WelcomePageHandlerMapping 58 - Adding welcome page template: index
2020-06-29 15:46:13,697 [main] INFO  o.a.coyote.http11.Http11NioProtocol 173 - Starting ProtocolHandler ["http-nio-8080"]
2020-06-29 15:46:13,719 [main] INFO  o.s.b.w.e.tomcat.TomcatWebServer 202 - Tomcat started on port(s): 8080 (http) with context path ''
2020-06-29 15:46:13,723 [main] INFO  jp.co.lyc.cms.ApplicationMain 59 - Started ApplicationMain in 2.219 seconds (JVM running for 3.495)
2020-06-29 15:46:25,059 [http-nio-8080-exec-1] INFO  o.a.c.c.C.[Tomcat].[localhost].[/] 173 - Initializing Spring DispatcherServlet 'dispatcherServlet'
2020-06-29 15:46:25,059 [http-nio-8080-exec-1] INFO  o.s.web.servlet.DispatcherServlet 524 - Initializing Servlet 'dispatcherServlet'
2020-06-29 15:46:25,065 [http-nio-8080-exec-1] INFO  o.s.web.servlet.DispatcherServlet 546 - Completed initialization in 6 ms
2020-06-29 15:46:25,162 [http-nio-8080-exec-1] INFO  j.c.l.cms.controller.LoginController 44 - LoginController.login:登録開始
2020-06-29 15:46:25,178 [http-nio-8080-exec-1] INFO  com.zaxxer.hikari.HikariDataSource 110 - HikariPool-1 - Starting...
2020-06-29 15:46:27,983 [http-nio-8080-exec-1] INFO  j.c.l.cms.controller.LoginController 77 - loginController.login:登録開始
2020-06-29 15:46:27,984 [http-nio-8080-exec-1] INFO  j.c.l.cms.controller.LoginController 80 - 日志输出 info
2020-06-29 15:46:27,984 [http-nio-8080-exec-1] WARN  j.c.l.cms.controller.LoginController 81 - 日志输出 warn
2020-06-29 15:46:27,984 [http-nio-8080-exec-1] INFO  j.c.l.cms.controller.LoginController 84 - loginController.login:登録結束
2020-06-29 15:47:23,882 [main] INFO  jp.co.lyc.cms.ApplicationMain 50 - Starting ApplicationMain on LAPTOP-A94PII7T with PID 20144 (E:\LYC_CMS\target\classes started by Vin.Young in E:\LYC_CMS)
2020-06-29 15:47:23,886 [main] INFO  jp.co.lyc.cms.ApplicationMain 647 - No active profile set, falling back to default profiles: default
2020-06-29 15:47:24,832 [main] INFO  o.s.b.w.e.tomcat.TomcatWebServer 90 - Tomcat initialized with port(s): 8080 (http)
2020-06-29 15:47:24,844 [main] INFO  o.a.coyote.http11.Http11NioProtocol 173 - Initializing ProtocolHandler ["http-nio-8080"]
2020-06-29 15:47:24,850 [main] INFO  o.a.catalina.core.StandardService 173 - Starting service [Tomcat]
2020-06-29 15:47:24,850 [main] INFO  o.a.catalina.core.StandardEngine 173 - Starting Servlet engine: [Apache Tomcat/9.0.22]
2020-06-29 15:47:24,932 [main] INFO  o.a.c.c.C.[Tomcat].[localhost].[/] 173 - Initializing Spring embedded WebApplicationContext
2020-06-29 15:47:24,932 [main] INFO  o.s.web.context.ContextLoader 284 - Root WebApplicationContext: initialization completed in 1013 ms
2020-06-29 15:47:25,369 [main] INFO  o.s.s.c.ThreadPoolTaskExecutor 171 - Initializing ExecutorService 'applicationTaskExecutor'
2020-06-29 15:47:25,422 [main] INFO  o.s.b.a.w.s.WelcomePageHandlerMapping 58 - Adding welcome page template: index
2020-06-29 15:47:25,567 [main] INFO  o.a.coyote.http11.Http11NioProtocol 173 - Starting ProtocolHandler ["http-nio-8080"]
2020-06-29 15:47:25,588 [main] INFO  o.s.b.w.e.tomcat.TomcatWebServer 202 - Tomcat started on port(s): 8080 (http) with context path ''
2020-06-29 15:47:25,592 [main] INFO  jp.co.lyc.cms.ApplicationMain 59 - Started ApplicationMain in 2.174 seconds (JVM running for 3.398)
2020-06-29 15:47:31,943 [http-nio-8080-exec-1] INFO  o.a.c.c.C.[Tomcat].[localhost].[/] 173 - Initializing Spring DispatcherServlet 'dispatcherServlet'
2020-06-29 15:47:31,944 [http-nio-8080-exec-1] INFO  o.s.web.servlet.DispatcherServlet 524 - Initializing Servlet 'dispatcherServlet'
2020-06-29 15:47:31,950 [http-nio-8080-exec-1] INFO  o.s.web.servlet.DispatcherServlet 546 - Completed initialization in 6 ms
2020-06-29 15:47:32,054 [http-nio-8080-exec-1] INFO  j.c.l.cms.controller.LoginController 44 - LoginController.login:登録開始
2020-06-29 15:47:32,073 [http-nio-8080-exec-1] INFO  com.zaxxer.hikari.HikariDataSource 110 - HikariPool-1 - Starting...
2020-06-29 15:47:35,402 [http-nio-8080-exec-1] INFO  com.zaxxer.hikari.HikariDataSource 123 - HikariPool-1 - Start completed.
2020-06-29 15:47:35,409 [http-nio-8080-exec-1] DEBUG j.c.l.c.m.E.getEmployeeModel 143 - ==>  Preparing: SELECT a.employeeNo, a.authorityCode, b.authorityProperty FROM employee a LEFT JOIN authority_master b ON a.authorityCode = b.authorityNo LEFT JOIN employee_detail c ON a.employeeNo = c.employeeNo WHERE a. PASSWORD = ? AND a.employeeNo = ? 
2020-06-29 15:47:35,428 [http-nio-8080-exec-1] DEBUG j.c.l.c.m.E.getEmployeeModel 143 - ==> Parameters: 1(String), LYC001(String)
2020-06-29 15:47:35,649 [http-nio-8080-exec-1] INFO  j.c.l.cms.controller.LoginController 77 - loginController.login:登録開始
2020-06-29 15:47:35,649 [http-nio-8080-exec-1] INFO  j.c.l.cms.controller.LoginController 80 - 日志输出 info
2020-06-29 15:47:35,649 [http-nio-8080-exec-1] WARN  j.c.l.cms.controller.LoginController 81 - 日志输出 warn
2020-06-29 15:47:35,650 [http-nio-8080-exec-1] INFO  j.c.l.cms.controller.LoginController 84 - loginController.login:登録結束
2020-06-29 15:48:27,941 [main] INFO  jp.co.lyc.cms.ApplicationMain 50 - Starting ApplicationMain on LAPTOP-A94PII7T with PID 10336 (E:\LYC_CMS\target\classes started by Vin.Young in E:\LYC_CMS)
2020-06-29 15:48:27,945 [main] INFO  jp.co.lyc.cms.ApplicationMain 647 - No active profile set, falling back to default profiles: default
2020-06-29 15:48:28,894 [main] INFO  o.s.b.w.e.tomcat.TomcatWebServer 90 - Tomcat initialized with port(s): 8080 (http)
2020-06-29 15:48:28,906 [main] INFO  o.a.coyote.http11.Http11NioProtocol 173 - Initializing ProtocolHandler ["http-nio-8080"]
2020-06-29 15:48:28,911 [main] INFO  o.a.catalina.core.StandardService 173 - Starting service [Tomcat]
2020-06-29 15:48:28,912 [main] INFO  o.a.catalina.core.StandardEngine 173 - Starting Servlet engine: [Apache Tomcat/9.0.22]
2020-06-29 15:48:28,990 [main] INFO  o.a.c.c.C.[Tomcat].[localhost].[/] 173 - Initializing Spring embedded WebApplicationContext
2020-06-29 15:48:28,990 [main] INFO  o.s.web.context.ContextLoader 284 - Root WebApplicationContext: initialization completed in 1014 ms
2020-06-29 15:48:29,424 [main] INFO  o.s.s.c.ThreadPoolTaskExecutor 171 - Initializing ExecutorService 'applicationTaskExecutor'
2020-06-29 15:48:29,478 [main] INFO  o.s.b.a.w.s.WelcomePageHandlerMapping 58 - Adding welcome page template: index
2020-06-29 15:48:29,625 [main] INFO  o.a.coyote.http11.Http11NioProtocol 173 - Starting ProtocolHandler ["http-nio-8080"]
2020-06-29 15:48:29,645 [main] INFO  o.s.b.w.e.tomcat.TomcatWebServer 202 - Tomcat started on port(s): 8080 (http) with context path ''
2020-06-29 15:48:29,648 [main] INFO  jp.co.lyc.cms.ApplicationMain 59 - Started ApplicationMain in 2.158 seconds (JVM running for 3.405)
2020-06-29 15:48:35,250 [http-nio-8080-exec-1] INFO  o.a.c.c.C.[Tomcat].[localhost].[/] 173 - Initializing Spring DispatcherServlet 'dispatcherServlet'
2020-06-29 15:48:35,250 [http-nio-8080-exec-1] INFO  o.s.web.servlet.DispatcherServlet 524 - Initializing Servlet 'dispatcherServlet'
2020-06-29 15:48:35,256 [http-nio-8080-exec-1] INFO  o.s.web.servlet.DispatcherServlet 546 - Completed initialization in 6 ms
2020-06-29 15:48:35,357 [http-nio-8080-exec-1] INFO  j.c.l.cms.controller.LoginController 44 - LoginController.login:登録開始
2020-06-29 15:48:35,376 [http-nio-8080-exec-1] INFO  com.zaxxer.hikari.HikariDataSource 110 - HikariPool-1 - Starting...
2020-06-29 15:48:38,817 [http-nio-8080-exec-1] INFO  com.zaxxer.hikari.HikariDataSource 123 - HikariPool-1 - Start completed.
2020-06-29 15:48:38,831 [http-nio-8080-exec-1] DEBUG j.c.l.c.m.E.getEmployeeModel 143 - ==>  Preparing: SELECT a.employeeNo, a.authorityCode, b.authorityProperty FROM employee a LEFT JOIN authority_master b ON a.authorityCode = b.authorityNo LEFT JOIN employee_detail c ON a.employeeNo = c.employeeNo WHERE a. PASSWORD = ? AND a.employeeNo = ? 
2020-06-29 15:48:38,856 [http-nio-8080-exec-1] DEBUG j.c.l.c.m.E.getEmployeeModel 143 - ==> Parameters: 1(String), LYC001(String)
2020-06-29 15:48:39,036 [http-nio-8080-exec-1] DEBUG j.c.l.c.m.E.getEmployeeModel 143 - <==      Total: 0
2020-06-29 15:49:32,149 [http-nio-8080-exec-2] INFO  j.c.l.cms.controller.LoginController 44 - LoginController.login:登録開始
2020-06-29 15:49:32,315 [http-nio-8080-exec-2] DEBUG j.c.l.c.m.E.getEmployeeModel 143 - ==>  Preparing: SELECT a.employeeNo, a.authorityCode, b.authorityProperty FROM employee a LEFT JOIN authority_master b ON a.authorityCode = b.authorityNo LEFT JOIN employee_detail c ON a.employeeNo = c.employeeNo WHERE a. PASSWORD = ? AND a.employeeNo = ? 
2020-06-29 15:49:32,315 [http-nio-8080-exec-2] DEBUG j.c.l.c.m.E.getEmployeeModel 143 - ==> Parameters: 1(String), LYC001(String)
2020-06-29 15:49:32,486 [http-nio-8080-exec-2] DEBUG j.c.l.c.m.E.getEmployeeModel 143 - <==      Total: 1
2020-06-29 15:49:32,486 [http-nio-8080-exec-2] INFO  j.c.l.cms.controller.LoginController 77 - loginController.login:登録開始
2020-06-29 15:49:32,487 [http-nio-8080-exec-2] INFO  j.c.l.cms.controller.LoginController 80 - 日志输出 info
2020-06-29 15:49:32,487 [http-nio-8080-exec-2] WARN  j.c.l.cms.controller.LoginController 81 - 日志输出 warn
2020-06-29 15:49:32,487 [http-nio-8080-exec-2] INFO  j.c.l.cms.controller.LoginController 84 - loginController.login:登録結束
2020-06-29 16:05:00,841 [http-nio-8080-exec-7] INFO  o.a.tomcat.util.http.parser.Cookie 173 - A cookie header was received [:0.24584005378837048:=http:] that contained an invalid cookie. That cookie will be ignored.
 Note: further occurrences of this error will be logged at DEBUG level.
2020-06-29 16:05:00,849 [http-nio-8080-exec-7] WARN  o.s.w.s.m.s.DefaultHandlerExceptionResolver 198 - Resolved [org.springframework.web.HttpMediaTypeNotSupportedException: Content type 'application/x-www-form-urlencoded;charset=UTF-8' not supported]
2020-06-29 17:41:10,159 [http-nio-8080-exec-1] INFO  j.c.l.cms.controller.LoginController 44 - LoginController.login:登録開始
2020-06-29 17:41:10,325 [http-nio-8080-exec-1] DEBUG j.c.l.c.m.E.getEmployeeModel 143 - ==>  Preparing: SELECT a.employeeNo, a.authorityCode, b.authorityProperty FROM employee a LEFT JOIN authority_master b ON a.authorityCode = b.authorityNo LEFT JOIN employee_detail c ON a.employeeNo = c.employeeNo WHERE a. PASSWORD = ? AND a.employeeNo = ? 
2020-06-29 17:41:10,325 [http-nio-8080-exec-1] DEBUG j.c.l.c.m.E.getEmployeeModel 143 - ==> Parameters: 1(String), LYC001(String)
2020-06-29 17:41:10,489 [http-nio-8080-exec-1] DEBUG j.c.l.c.m.E.getEmployeeModel 143 - <==      Total: 1
2020-06-29 17:41:10,490 [http-nio-8080-exec-1] INFO  j.c.l.cms.controller.LoginController 77 - loginController.login:登録開始
2020-06-29 17:41:10,490 [http-nio-8080-exec-1] INFO  j.c.l.cms.controller.LoginController 80 - 日志输出 info
2020-06-29 17:41:10,490 [http-nio-8080-exec-1] WARN  j.c.l.cms.controller.LoginController 81 - 日志输出 warn
2020-06-29 17:41:10,490 [http-nio-8080-exec-1] INFO  j.c.l.cms.controller.LoginController 84 - loginController.login:登録結束
2020-06-29 17:43:25,209 [http-nio-8080-exec-4] INFO  j.c.l.cms.controller.LoginController 44 - LoginController.login:登録開始
2020-06-29 17:43:25,371 [http-nio-8080-exec-4] DEBUG j.c.l.c.m.E.getEmployeeModel 143 - ==>  Preparing: SELECT a.employeeNo, a.authorityCode, b.authorityProperty FROM employee a LEFT JOIN authority_master b ON a.authorityCode = b.authorityNo LEFT JOIN employee_detail c ON a.employeeNo = c.employeeNo WHERE a. PASSWORD = ? AND a.employeeNo = ? 
2020-06-29 17:43:25,372 [http-nio-8080-exec-4] DEBUG j.c.l.c.m.E.getEmployeeModel 143 - ==> Parameters: 1(String), LYC001(String)
2020-06-29 17:43:25,534 [http-nio-8080-exec-4] DEBUG j.c.l.c.m.E.getEmployeeModel 143 - <==      Total: 1
2020-06-29 17:43:25,535 [http-nio-8080-exec-4] INFO  j.c.l.cms.controller.LoginController 77 - loginController.login:登録開始
2020-06-29 17:43:25,535 [http-nio-8080-exec-4] INFO  j.c.l.cms.controller.LoginController 80 - 日志输出 info
2020-06-29 17:43:25,535 [http-nio-8080-exec-4] WARN  j.c.l.cms.controller.LoginController 81 - 日志输出 warn
2020-06-29 17:43:25,535 [http-nio-8080-exec-4] INFO  j.c.l.cms.controller.LoginController 84 - loginController.login:登録結束
2020-06-29 18:00:28,923 [main] INFO  jp.co.lyc.cms.ApplicationMain 50 - Starting ApplicationMain on LAPTOP-A94PII7T with PID 20336 (E:\LYC_CMS\target\classes started by Vin.Young in E:\LYC_CMS)
2020-06-29 18:00:28,927 [main] INFO  jp.co.lyc.cms.ApplicationMain 647 - No active profile set, falling back to default profiles: default
2020-06-29 18:00:29,917 [main] INFO  o.s.b.w.e.tomcat.TomcatWebServer 90 - Tomcat initialized with port(s): 8080 (http)
2020-06-29 18:00:29,928 [main] INFO  o.a.coyote.http11.Http11NioProtocol 173 - Initializing ProtocolHandler ["http-nio-8080"]
2020-06-29 18:00:29,934 [main] INFO  o.a.catalina.core.StandardService 173 - Starting service [Tomcat]
2020-06-29 18:00:29,934 [main] INFO  o.a.catalina.core.StandardEngine 173 - Starting Servlet engine: [Apache Tomcat/9.0.22]
2020-06-29 18:00:30,017 [main] INFO  o.a.c.c.C.[Tomcat].[localhost].[/] 173 - Initializing Spring embedded WebApplicationContext
2020-06-29 18:00:30,017 [main] INFO  o.s.web.context.ContextLoader 284 - Root WebApplicationContext: initialization completed in 1057 ms
2020-06-29 18:00:30,474 [main] INFO  o.s.s.c.ThreadPoolTaskExecutor 171 - Initializing ExecutorService 'applicationTaskExecutor'
2020-06-29 18:00:30,541 [main] INFO  o.s.b.a.w.s.WelcomePageHandlerMapping 58 - Adding welcome page template: index
2020-06-29 18:00:30,738 [main] INFO  o.a.coyote.http11.Http11NioProtocol 173 - Starting ProtocolHandler ["http-nio-8080"]
2020-06-29 18:00:30,762 [main] INFO  o.s.b.w.e.tomcat.TomcatWebServer 202 - Tomcat started on port(s): 8080 (http) with context path ''
2020-06-29 18:00:30,766 [main] INFO  jp.co.lyc.cms.ApplicationMain 59 - Started ApplicationMain in 2.372 seconds (JVM running for 3.609)
2020-06-29 18:00:38,040 [http-nio-8080-exec-1] INFO  o.a.c.c.C.[Tomcat].[localhost].[/] 173 - Initializing Spring DispatcherServlet 'dispatcherServlet'
2020-06-29 18:00:38,040 [http-nio-8080-exec-1] INFO  o.s.web.servlet.DispatcherServlet 524 - Initializing Servlet 'dispatcherServlet'
2020-06-29 18:00:38,046 [http-nio-8080-exec-1] INFO  o.s.web.servlet.DispatcherServlet 546 - Completed initialization in 6 ms
2020-06-29 18:00:40,220 [http-nio-8080-exec-2] INFO  j.c.l.c.c.GetEmployeeInfoController 38 - GetEmployeeInfoController.getEmployeeInfo:検索開始
2020-06-29 18:00:40,281 [http-nio-8080-exec-2] INFO  com.zaxxer.hikari.HikariDataSource 110 - HikariPool-1 - Starting...
2020-06-29 18:00:43,619 [http-nio-8080-exec-2] INFO  com.zaxxer.hikari.HikariDataSource 123 - HikariPool-1 - Start completed.
2020-06-29 18:00:43,626 [http-nio-8080-exec-2] DEBUG j.c.l.c.m.G.getEmployeeInfo 143 - ==>  Preparing: SELECT (@rowNo := @rowNo + 1) AS rowNo, a.employeeNo, a.employeeFristName, a.employeeLastName, c.joinCompanyOfYear, c.joinCompanyOfMonth, c.salary, e.nearestStation, d.Customer, c.phoneNo, a.authorityCode, b.authorityProperty, c.genderCode, c.age, c.BirthplaceOfcontroy FROM employee a LEFT JOIN authority_master b ON a.authorityCode = b.authorityNo LEFT JOIN employee_detail c ON a.employeeNo = c.employeeNo LEFT JOIN onsite_info d ON a.employeeNo = d.employeeNo LEFT JOIN address_information e ON a.employeeNo = e.employeeNo,(SELECT @rowNo := 0) AS rowNo WHERE 1=1 ORDER BY a.employeeNo DESC 
2020-06-29 18:00:43,646 [http-nio-8080-exec-2] DEBUG j.c.l.c.m.G.getEmployeeInfo 143 - ==> Parameters: 
2020-06-29 18:00:43,830 [http-nio-8080-exec-2] DEBUG j.c.l.c.m.G.getEmployeeInfo 143 - <==      Total: 1
2020-06-29 18:00:43,833 [http-nio-8080-exec-2] INFO  j.c.l.c.c.GetEmployeeInfoController 157 - GetEmployeeInfoController.getEmployeeInfo:検索結束
2020-06-29 18:01:11,220 [http-nio-8080-exec-3] INFO  j.c.l.c.c.GetEmployeeInfoController 38 - GetEmployeeInfoController.getEmployeeInfo:検索開始
2020-06-29 18:01:11,384 [http-nio-8080-exec-3] DEBUG j.c.l.c.m.G.getEmployeeInfo 143 - ==>  Preparing: SELECT (@rowNo := @rowNo + 1) AS rowNo, a.employeeNo, a.employeeFristName, a.employeeLastName, c.joinCompanyOfYear, c.joinCompanyOfMonth, c.salary, e.nearestStation, d.Customer, c.phoneNo, a.authorityCode, b.authorityProperty, c.genderCode, c.age, c.BirthplaceOfcontroy FROM employee a LEFT JOIN authority_master b ON a.authorityCode = b.authorityNo LEFT JOIN employee_detail c ON a.employeeNo = c.employeeNo LEFT JOIN onsite_info d ON a.employeeNo = d.employeeNo LEFT JOIN address_information e ON a.employeeNo = e.employeeNo,(SELECT @rowNo := 0) AS rowNo WHERE 1=1 ORDER BY a.employeeNo DESC 
2020-06-29 18:01:11,384 [http-nio-8080-exec-3] DEBUG j.c.l.c.m.G.getEmployeeInfo 143 - ==> Parameters: 
2020-06-29 18:01:11,550 [http-nio-8080-exec-3] DEBUG j.c.l.c.m.G.getEmployeeInfo 143 - <==      Total: 1
2020-06-29 18:01:11,550 [http-nio-8080-exec-3] INFO  j.c.l.c.c.GetEmployeeInfoController 157 - GetEmployeeInfoController.getEmployeeInfo:検索結束
2020-06-29 18:04:53,984 [main] INFO  jp.co.lyc.cms.ApplicationMain 50 - Starting ApplicationMain on LAPTOP-A94PII7T with PID 17200 (E:\LYC_CMS\target\classes started by Vin.Young in E:\LYC_CMS)
2020-06-29 18:04:53,988 [main] INFO  jp.co.lyc.cms.ApplicationMain 647 - No active profile set, falling back to default profiles: default
2020-06-29 18:04:54,964 [main] INFO  o.s.b.w.e.tomcat.TomcatWebServer 90 - Tomcat initialized with port(s): 8080 (http)
2020-06-29 18:04:54,978 [main] INFO  o.a.coyote.http11.Http11NioProtocol 173 - Initializing ProtocolHandler ["http-nio-8080"]
2020-06-29 18:04:54,984 [main] INFO  o.a.catalina.core.StandardService 173 - Starting service [Tomcat]
2020-06-29 18:04:54,984 [main] INFO  o.a.catalina.core.StandardEngine 173 - Starting Servlet engine: [Apache Tomcat/9.0.22]
2020-06-29 18:04:55,068 [main] INFO  o.a.c.c.C.[Tomcat].[localhost].[/] 173 - Initializing Spring embedded WebApplicationContext
2020-06-29 18:04:55,069 [main] INFO  o.s.web.context.ContextLoader 284 - Root WebApplicationContext: initialization completed in 1047 ms
2020-06-29 18:05:25,407 [main] INFO  o.s.s.c.ThreadPoolTaskExecutor 171 - Initializing ExecutorService 'applicationTaskExecutor'
2020-06-29 18:05:30,627 [main] INFO  o.s.b.a.w.s.WelcomePageHandlerMapping 58 - Adding welcome page template: index
2020-06-29 18:05:39,841 [main] INFO  jp.co.lyc.cms.ApplicationMain 50 - Starting ApplicationMain on LAPTOP-A94PII7T with PID 9284 (E:\LYC_CMS\target\classes started by Vin.Young in E:\LYC_CMS)
2020-06-29 18:05:39,845 [main] INFO  jp.co.lyc.cms.ApplicationMain 647 - No active profile set, falling back to default profiles: default
2020-06-29 18:05:40,810 [main] INFO  o.s.b.w.e.tomcat.TomcatWebServer 90 - Tomcat initialized with port(s): 8080 (http)
2020-06-29 18:05:40,821 [main] INFO  o.a.coyote.http11.Http11NioProtocol 173 - Initializing ProtocolHandler ["http-nio-8080"]
2020-06-29 18:05:40,827 [main] INFO  o.a.catalina.core.StandardService 173 - Starting service [Tomcat]
2020-06-29 18:05:40,827 [main] INFO  o.a.catalina.core.StandardEngine 173 - Starting Servlet engine: [Apache Tomcat/9.0.22]
2020-06-29 18:05:40,909 [main] INFO  o.a.c.c.C.[Tomcat].[localhost].[/] 173 - Initializing Spring embedded WebApplicationContext
2020-06-29 18:05:40,909 [main] INFO  o.s.web.context.ContextLoader 284 - Root WebApplicationContext: initialization completed in 1030 ms
2020-06-29 18:06:10,716 [main] INFO  o.s.s.c.ThreadPoolTaskExecutor 171 - Initializing ExecutorService 'applicationTaskExecutor'
2020-06-29 18:06:15,839 [main] INFO  o.s.b.a.w.s.WelcomePageHandlerMapping 58 - Adding welcome page template: index
2020-06-29 18:06:32,189 [main] INFO  o.a.coyote.http11.Http11NioProtocol 173 - Starting ProtocolHandler ["http-nio-8080"]
2020-06-29 18:06:32,750 [main] INFO  o.s.b.w.e.tomcat.TomcatWebServer 202 - Tomcat started on port(s): 8080 (http) with context path ''
2020-06-29 18:06:32,843 [main] INFO  jp.co.lyc.cms.ApplicationMain 59 - Started ApplicationMain in 53.466 seconds (JVM running for 54.781)
2020-06-29 18:06:41,238 [http-nio-8080-exec-1] INFO  o.a.c.c.C.[Tomcat].[localhost].[/] 173 - Initializing Spring DispatcherServlet 'dispatcherServlet'
2020-06-29 18:06:41,243 [http-nio-8080-exec-1] INFO  o.s.web.servlet.DispatcherServlet 524 - Initializing Servlet 'dispatcherServlet'
2020-06-29 18:06:41,734 [http-nio-8080-exec-1] INFO  o.s.web.servlet.DispatcherServlet 546 - Completed initialization in 486 ms
2020-06-29 18:06:47,200 [http-nio-8080-exec-1] INFO  j.c.l.c.c.GetEmployeeInfoController 38 - GetEmployeeInfoController.getEmployeeInfo:検索開始
2020-06-29 18:06:49,649 [http-nio-8080-exec-1] INFO  com.zaxxer.hikari.HikariDataSource 110 - HikariPool-1 - Starting...
2020-06-29 18:07:20,021 [http-nio-8080-exec-1] INFO  com.zaxxer.hikari.HikariDataSource 123 - HikariPool-1 - Start completed.
2020-06-29 18:07:21,403 [http-nio-8080-exec-1] DEBUG j.c.l.c.m.G.getEmployeeInfo 143 - ==>  Preparing: SELECT (@rowNo := @rowNo + 1) AS rowNo, a.employeeNo, a.employeeFristName, a.employeeLastName, c.joinCompanyOfYear, c.joinCompanyOfMonth, c.salary, e.nearestStation, d.Customer, c.phoneNo, a.authorityCode, b.authorityProperty, c.genderCode, c.age, c.BirthplaceOfcontroy FROM employee a LEFT JOIN authority_master b ON a.authorityCode = b.authorityNo LEFT JOIN employee_detail c ON a.employeeNo = c.employeeNo LEFT JOIN onsite_info d ON a.employeeNo = d.employeeNo LEFT JOIN address_information e ON a.employeeNo = e.employeeNo,(SELECT @rowNo := 0) AS rowNo WHERE 1=1 ORDER BY a.employeeNo DESC 
2020-06-29 18:07:40,418 [main] INFO  jp.co.lyc.cms.ApplicationMain 50 - Starting ApplicationMain on LAPTOP-A94PII7T with PID 17784 (E:\LYC_CMS\target\classes started by Vin.Young in E:\LYC_CMS)
2020-06-29 18:07:40,421 [main] INFO  jp.co.lyc.cms.ApplicationMain 647 - No active profile set, falling back to default profiles: default
2020-06-29 18:07:41,441 [main] INFO  o.s.b.w.e.tomcat.TomcatWebServer 90 - Tomcat initialized with port(s): 8080 (http)
2020-06-29 18:07:41,454 [main] INFO  o.a.coyote.http11.Http11NioProtocol 173 - Initializing ProtocolHandler ["http-nio-8080"]
2020-06-29 18:07:41,460 [main] INFO  o.a.catalina.core.StandardService 173 - Starting service [Tomcat]
2020-06-29 18:07:41,460 [main] INFO  o.a.catalina.core.StandardEngine 173 - Starting Servlet engine: [Apache Tomcat/9.0.22]
2020-06-29 18:07:41,546 [main] INFO  o.a.c.c.C.[Tomcat].[localhost].[/] 173 - Initializing Spring embedded WebApplicationContext
2020-06-29 18:07:41,546 [main] INFO  o.s.web.context.ContextLoader 284 - Root WebApplicationContext: initialization completed in 1091 ms
2020-06-29 18:08:10,726 [main] INFO  o.s.s.c.ThreadPoolTaskExecutor 171 - Initializing ExecutorService 'applicationTaskExecutor'
2020-06-29 18:08:15,814 [main] INFO  o.s.b.a.w.s.WelcomePageHandlerMapping 58 - Adding welcome page template: index
2020-06-29 18:08:32,037 [main] INFO  o.a.coyote.http11.Http11NioProtocol 173 - Starting ProtocolHandler ["http-nio-8080"]
2020-06-29 18:08:32,605 [main] INFO  o.s.b.w.e.tomcat.TomcatWebServer 202 - Tomcat started on port(s): 8080 (http) with context path ''
2020-06-29 18:08:32,696 [main] INFO  jp.co.lyc.cms.ApplicationMain 59 - Started ApplicationMain in 52.756 seconds (JVM running for 54.046)
2020-06-29 18:08:44,610 [http-nio-8080-exec-1] INFO  o.a.c.c.C.[Tomcat].[localhost].[/] 173 - Initializing Spring DispatcherServlet 'dispatcherServlet'
2020-06-29 18:08:44,615 [http-nio-8080-exec-1] INFO  o.s.web.servlet.DispatcherServlet 524 - Initializing Servlet 'dispatcherServlet'
2020-06-29 18:08:45,103 [http-nio-8080-exec-1] INFO  o.s.web.servlet.DispatcherServlet 546 - Completed initialization in 483 ms
2020-06-29 18:08:50,238 [http-nio-8080-exec-1] INFO  j.c.l.c.c.GetEmployeeInfoController 38 - GetEmployeeInfoController.getEmployeeInfo:検索開始
2020-06-29 18:08:52,574 [http-nio-8080-exec-1] INFO  com.zaxxer.hikari.HikariDataSource 110 - HikariPool-1 - Starting...
2020-06-29 18:09:17,584 [http-nio-8080-exec-1] INFO  j.c.l.c.c.GetEmployeeInfoController 157 - GetEmployeeInfoController.getEmployeeInfo:検索結束
2020-06-29 18:11:12,426 [main] INFO  jp.co.lyc.cms.ApplicationMain 50 - Starting ApplicationMain on LAPTOP-A94PII7T with PID 13220 (E:\LYC_CMS\target\classes started by Vin.Young in E:\LYC_CMS)
2020-06-29 18:11:12,431 [main] INFO  jp.co.lyc.cms.ApplicationMain 647 - No active profile set, falling back to default profiles: default
2020-06-29 18:11:13,415 [main] INFO  o.s.b.w.e.tomcat.TomcatWebServer 90 - Tomcat initialized with port(s): 8080 (http)
2020-06-29 18:11:13,427 [main] INFO  o.a.coyote.http11.Http11NioProtocol 173 - Initializing ProtocolHandler ["http-nio-8080"]
2020-06-29 18:11:13,433 [main] INFO  o.a.catalina.core.StandardService 173 - Starting service [Tomcat]
2020-06-29 18:11:13,433 [main] INFO  o.a.catalina.core.StandardEngine 173 - Starting Servlet engine: [Apache Tomcat/9.0.22]
2020-06-29 18:11:13,517 [main] INFO  o.a.c.c.C.[Tomcat].[localhost].[/] 173 - Initializing Spring embedded WebApplicationContext
2020-06-29 18:11:13,518 [main] INFO  o.s.web.context.ContextLoader 284 - Root WebApplicationContext: initialization completed in 1051 ms
2020-06-29 18:11:52,096 [main] INFO  jp.co.lyc.cms.ApplicationMain 50 - Starting ApplicationMain on LAPTOP-A94PII7T with PID 6876 (E:\LYC_CMS\target\classes started by Vin.Young in E:\LYC_CMS)
2020-06-29 18:11:52,098 [main] INFO  jp.co.lyc.cms.ApplicationMain 647 - No active profile set, falling back to default profiles: default
2020-06-29 18:11:53,070 [main] INFO  o.s.b.w.e.tomcat.TomcatWebServer 90 - Tomcat initialized with port(s): 8080 (http)
2020-06-29 18:11:53,081 [main] INFO  o.a.coyote.http11.Http11NioProtocol 173 - Initializing ProtocolHandler ["http-nio-8080"]
2020-06-29 18:11:53,087 [main] INFO  o.a.catalina.core.StandardService 173 - Starting service [Tomcat]
2020-06-29 18:11:53,087 [main] INFO  o.a.catalina.core.StandardEngine 173 - Starting Servlet engine: [Apache Tomcat/9.0.22]
2020-06-29 18:11:53,169 [main] INFO  o.a.c.c.C.[Tomcat].[localhost].[/] 173 - Initializing Spring embedded WebApplicationContext
2020-06-29 18:11:53,170 [main] INFO  o.s.web.context.ContextLoader 284 - Root WebApplicationContext: initialization completed in 1038 ms
2020-06-29 18:12:21,333 [main] INFO  o.s.s.c.ThreadPoolTaskExecutor 171 - Initializing ExecutorService 'applicationTaskExecutor'
2020-06-29 18:12:26,145 [main] INFO  o.s.b.a.w.s.WelcomePageHandlerMapping 58 - Adding welcome page template: index
2020-06-29 18:12:41,269 [main] INFO  o.a.coyote.http11.Http11NioProtocol 173 - Starting ProtocolHandler ["http-nio-8080"]
2020-06-29 18:12:41,799 [main] INFO  o.s.b.w.e.tomcat.TomcatWebServer 202 - Tomcat started on port(s): 8080 (http) with context path ''
2020-06-29 18:12:41,888 [main] INFO  jp.co.lyc.cms.ApplicationMain 59 - Started ApplicationMain in 50.268 seconds (JVM running for 51.705)
2020-06-29 18:12:56,889 [http-nio-8080-exec-1] INFO  o.a.c.c.C.[Tomcat].[localhost].[/] 173 - Initializing Spring DispatcherServlet 'dispatcherServlet'
2020-06-29 18:12:56,895 [http-nio-8080-exec-1] INFO  o.s.web.servlet.DispatcherServlet 524 - Initializing Servlet 'dispatcherServlet'
2020-06-29 18:12:57,404 [http-nio-8080-exec-1] INFO  o.s.web.servlet.DispatcherServlet 546 - Completed initialization in 505 ms
2020-06-29 18:13:02,603 [http-nio-8080-exec-1] INFO  j.c.l.c.c.GetEmployeeInfoController 38 - GetEmployeeInfoController.getEmployeeInfo:検索開始
2020-06-29 18:13:04,929 [http-nio-8080-exec-1] INFO  com.zaxxer.hikari.HikariDataSource 110 - HikariPool-1 - Starting...
2020-06-29 18:13:29,195 [http-nio-8080-exec-1] INFO  j.c.l.c.c.GetEmployeeInfoController 157 - GetEmployeeInfoController.getEmployeeInfo:検索結束
2020-06-29 18:14:48,271 [http-nio-8080-exec-3] WARN  o.s.w.s.m.s.DefaultHandlerExceptionResolver 198 - Resolved [org.springframework.web.HttpRequestMethodNotSupportedException: Request method 'GET' not supported]
2020-06-29 18:15:16,928 [http-nio-8080-exec-9] INFO  o.a.tomcat.util.http.parser.Cookie 173 - A cookie header was received [:0.659677645976253:=http:] that contained an invalid cookie. That cookie will be ignored.
 Note: further occurrences of this error will be logged at DEBUG level.
2020-06-29 18:15:23,155 [http-nio-8080-exec-1] WARN  o.s.w.s.m.s.DefaultHandlerExceptionResolver 198 - Resolved [org.springframework.web.HttpMediaTypeNotSupportedException: Content type 'application/x-www-form-urlencoded;charset=UTF-8' not supported]
2020-06-29 18:16:06,258 [http-nio-8080-exec-3] INFO  j.c.l.cms.controller.LoginController 44 - LoginController.login:登録開始
2020-06-29 18:16:07,709 [http-nio-8080-exec-3] INFO  com.zaxxer.hikari.HikariDataSource 110 - HikariPool-1 - Starting...
2020-06-29 18:16:14,792 [http-nio-8080-exec-3] INFO  com.zaxxer.hikari.HikariDataSource 123 - HikariPool-1 - Start completed.
2020-06-29 18:16:16,912 [http-nio-8080-exec-3] DEBUG j.c.l.c.m.E.getEmployeeModel 143 - ==>  Preparing: SELECT a.employeeNo, a.authorityCode, b.authorityProperty FROM employee a LEFT JOIN authority_master b ON a.authorityCode = b.authorityNo LEFT JOIN employee_detail c ON a.employeeNo = c.employeeNo WHERE a. PASSWORD = ? AND a.employeeNo = ? 
2020-06-29 18:16:27,019 [http-nio-8080-exec-3] DEBUG j.c.l.c.m.E.getEmployeeModel 143 - ==> Parameters: 1(String), LYC001(String)
2020-06-29 18:16:35,103 [http-nio-8080-exec-3] DEBUG j.c.l.c.m.E.getEmployeeModel 143 - <==      Total: 1
2020-06-29 18:16:41,343 [http-nio-8080-exec-3] INFO  j.c.l.cms.controller.LoginController 77 - loginController.login:登録開始
2020-06-29 18:16:41,355 [http-nio-8080-exec-3] INFO  j.c.l.cms.controller.LoginController 80 - 日志输出 info
2020-06-29 18:16:41,366 [http-nio-8080-exec-3] WARN  j.c.l.cms.controller.LoginController 81 - 日志输出 warn
2020-06-29 18:16:41,396 [http-nio-8080-exec-3] INFO  j.c.l.cms.controller.LoginController 84 - loginController.login:登録結束
2020-06-29 18:16:52,485 [http-nio-8080-exec-4] INFO  j.c.l.c.c.GetEmployeeInfoController 38 - GetEmployeeInfoController.getEmployeeInfo:検索開始
2020-06-29 18:16:52,591 [http-nio-8080-exec-4] DEBUG j.c.l.c.m.G.getEmployeeInfo 143 - ==>  Preparing: SELECT (@rowNo := @rowNo + 1) AS rowNo, a.employeeNo, a.employeeFristName, a.employeeLastName, c.joinCompanyOfYear, c.joinCompanyOfMonth, c.salary, e.nearestStation, d.Customer, c.phoneNo, a.authorityCode, b.authorityProperty, c.genderCode, c.age, c.BirthplaceOfcontroy FROM employee a LEFT JOIN authority_master b ON a.authorityCode = b.authorityNo LEFT JOIN employee_detail c ON a.employeeNo = c.employeeNo LEFT JOIN onsite_info d ON a.employeeNo = d.employeeNo LEFT JOIN address_information e ON a.employeeNo = e.employeeNo,(SELECT @rowNo := 0) AS rowNo WHERE 1=1 ORDER BY a.employeeNo DESC 
2020-06-29 18:16:52,602 [http-nio-8080-exec-4] DEBUG j.c.l.c.m.G.getEmployeeInfo 143 - ==> Parameters: 
2020-06-29 18:16:52,972 [http-nio-8080-exec-4] DEBUG j.c.l.c.m.G.getEmployeeInfo 143 - <==      Total: 4
2020-06-29 18:16:52,981 [http-nio-8080-exec-4] INFO  j.c.l.c.c.GetEmployeeInfoController 157 - GetEmployeeInfoController.getEmployeeInfo:検索結束
2020-06-29 18:18:30,897 [http-nio-8080-exec-7] INFO  j.c.l.c.c.GetEmployeeInfoController 38 - GetEmployeeInfoController.getEmployeeInfo:検索開始
2020-06-29 18:18:31,004 [http-nio-8080-exec-7] DEBUG j.c.l.c.m.G.getEmployeeInfo 143 - ==>  Preparing: SELECT (@rowNo := @rowNo + 1) AS rowNo, a.employeeNo, a.employeeFristName, a.employeeLastName, c.joinCompanyOfYear, c.joinCompanyOfMonth, c.salary, e.nearestStation, d.Customer, c.phoneNo, a.authorityCode, b.authorityProperty, c.genderCode, c.age, c.BirthplaceOfcontroy FROM employee a LEFT JOIN authority_master b ON a.authorityCode = b.authorityNo LEFT JOIN employee_detail c ON a.employeeNo = c.employeeNo LEFT JOIN onsite_info d ON a.employeeNo = d.employeeNo LEFT JOIN address_information e ON a.employeeNo = e.employeeNo,(SELECT @rowNo := 0) AS rowNo WHERE 1=1 ORDER BY a.employeeNo DESC 
2020-06-29 18:18:31,017 [http-nio-8080-exec-7] DEBUG j.c.l.c.m.G.getEmployeeInfo 143 - ==> Parameters: 
2020-06-29 18:18:31,392 [http-nio-8080-exec-7] DEBUG j.c.l.c.m.G.getEmployeeInfo 143 - <==      Total: 4
2020-06-29 18:18:31,402 [http-nio-8080-exec-7] INFO  j.c.l.c.c.GetEmployeeInfoController 157 - GetEmployeeInfoController.getEmployeeInfo:検索結束
2020-06-29 18:21:31,093 [http-nio-8080-exec-9] INFO  j.c.l.c.c.GetEmployeeInfoController 38 - GetEmployeeInfoController.getEmployeeInfo:検索開始
2020-06-29 18:21:31,192 [http-nio-8080-exec-9] DEBUG j.c.l.c.m.G.getEmployeeInfo 143 - ==>  Preparing: SELECT (@rowNo := @rowNo + 1) AS rowNo, a.employeeNo, a.employeeFristName, a.employeeLastName, c.joinCompanyOfYear, c.joinCompanyOfMonth, c.salary, e.nearestStation, d.Customer, c.phoneNo, a.authorityCode, b.authorityProperty, c.genderCode, c.age, c.BirthplaceOfcontroy FROM employee a LEFT JOIN authority_master b ON a.authorityCode = b.authorityNo LEFT JOIN employee_detail c ON a.employeeNo = c.employeeNo LEFT JOIN onsite_info d ON a.employeeNo = d.employeeNo LEFT JOIN address_information e ON a.employeeNo = e.employeeNo,(SELECT @rowNo := 0) AS rowNo WHERE 1=1 ORDER BY a.employeeNo DESC 
2020-06-29 18:21:31,202 [http-nio-8080-exec-9] DEBUG j.c.l.c.m.G.getEmployeeInfo 143 - ==> Parameters: 
2020-06-29 18:21:31,663 [http-nio-8080-exec-9] DEBUG j.c.l.c.m.G.getEmployeeInfo 143 - <==      Total: 4
2020-06-29 18:21:31,674 [http-nio-8080-exec-9] INFO  j.c.l.c.c.GetEmployeeInfoController 157 - GetEmployeeInfoController.getEmployeeInfo:検索結束
2020-06-29 18:23:07,057 [http-nio-8080-exec-1] INFO  j.c.l.cms.controller.LoginController 44 - LoginController.login:登録開始
2020-06-29 18:23:07,145 [http-nio-8080-exec-1] DEBUG j.c.l.c.m.E.getEmployeeModel 143 - ==>  Preparing: SELECT a.employeeNo, a.authorityCode, b.authorityProperty FROM employee a LEFT JOIN authority_master b ON a.authorityCode = b.authorityNo LEFT JOIN employee_detail c ON a.employeeNo = c.employeeNo WHERE a. PASSWORD = ? AND a.employeeNo = ? 
2020-06-29 18:23:07,157 [http-nio-8080-exec-1] DEBUG j.c.l.c.m.E.getEmployeeModel 143 - ==> Parameters: 1(String), LYC001(String)
2020-06-29 18:23:07,298 [http-nio-8080-exec-1] DEBUG j.c.l.c.m.E.getEmployeeModel 143 - <==      Total: 1
2020-06-29 18:23:07,310 [http-nio-8080-exec-1] INFO  j.c.l.cms.controller.LoginController 77 - loginController.login:登録開始
2020-06-29 18:23:07,314 [http-nio-8080-exec-1] INFO  j.c.l.cms.controller.LoginController 80 - 日志输出 info
2020-06-29 18:23:07,319 [http-nio-8080-exec-1] WARN  j.c.l.cms.controller.LoginController 81 - 日志输出 warn
2020-06-29 18:23:07,331 [http-nio-8080-exec-1] INFO  j.c.l.cms.controller.LoginController 84 - loginController.login:登録結束
2020-06-29 18:23:18,616 [http-nio-8080-exec-2] INFO  j.c.l.c.c.GetEmployeeInfoController 38 - GetEmployeeInfoController.getEmployeeInfo:検索開始
2020-06-29 18:23:18,617 [http-nio-8080-exec-2] DEBUG j.c.l.c.m.G.getEmployeeInfo 143 - ==>  Preparing: SELECT (@rowNo := @rowNo + 1) AS rowNo, a.employeeNo, a.employeeFristName, a.employeeLastName, c.joinCompanyOfYear, c.joinCompanyOfMonth, c.salary, e.nearestStation, d.Customer, c.phoneNo, a.authorityCode, b.authorityProperty, c.genderCode, c.age, c.BirthplaceOfcontroy FROM employee a LEFT JOIN authority_master b ON a.authorityCode = b.authorityNo LEFT JOIN employee_detail c ON a.employeeNo = c.employeeNo LEFT JOIN onsite_info d ON a.employeeNo = d.employeeNo LEFT JOIN address_information e ON a.employeeNo = e.employeeNo,(SELECT @rowNo := 0) AS rowNo WHERE 1=1 ORDER BY a.employeeNo DESC 
2020-06-29 18:23:18,617 [http-nio-8080-exec-2] DEBUG j.c.l.c.m.G.getEmployeeInfo 143 - ==> Parameters: 
2020-06-29 18:23:18,622 [http-nio-8080-exec-2] DEBUG j.c.l.c.m.G.getEmployeeInfo 143 - <==      Total: 4
2020-06-29 18:23:18,622 [http-nio-8080-exec-2] INFO  j.c.l.c.c.GetEmployeeInfoController 157 - GetEmployeeInfoController.getEmployeeInfo:検索結束
2020-06-29 18:32:55,314 [http-nio-8080-exec-4] INFO  j.c.l.c.c.GetEmployeeInfoController 38 - GetEmployeeInfoController.getEmployeeInfo:検索開始
2020-06-29 18:32:55,316 [http-nio-8080-exec-4] DEBUG j.c.l.c.m.G.getEmployeeInfo 143 - ==>  Preparing: SELECT (@rowNo := @rowNo + 1) AS rowNo, a.employeeNo, a.employeeFristName, a.employeeLastName, c.joinCompanyOfYear, c.joinCompanyOfMonth, c.salary, e.nearestStation, d.Customer, c.phoneNo, a.authorityCode, b.authorityProperty, c.genderCode, c.age, c.BirthplaceOfcontroy FROM employee a LEFT JOIN authority_master b ON a.authorityCode = b.authorityNo LEFT JOIN employee_detail c ON a.employeeNo = c.employeeNo LEFT JOIN onsite_info d ON a.employeeNo = d.employeeNo LEFT JOIN address_information e ON a.employeeNo = e.employeeNo,(SELECT @rowNo := 0) AS rowNo WHERE 1=1 ORDER BY a.employeeNo DESC 
2020-06-29 18:32:55,317 [http-nio-8080-exec-4] DEBUG j.c.l.c.m.G.getEmployeeInfo 143 - ==> Parameters: 
2020-06-29 18:32:55,321 [http-nio-8080-exec-4] DEBUG j.c.l.c.m.G.getEmployeeInfo 143 - <==      Total: 4
2020-06-29 18:32:55,322 [http-nio-8080-exec-4] INFO  j.c.l.c.c.GetEmployeeInfoController 157 - GetEmployeeInfoController.getEmployeeInfo:検索結束
2020-06-29 18:33:45,421 [http-nio-8080-exec-5] INFO  j.c.l.c.c.GetEmployeeInfoController 38 - GetEmployeeInfoController.getEmployeeInfo:検索開始
2020-06-29 18:33:45,422 [http-nio-8080-exec-5] DEBUG j.c.l.c.m.G.getEmployeeInfo 143 - ==>  Preparing: SELECT (@rowNo := @rowNo + 1) AS rowNo, a.employeeNo, a.employeeFristName, a.employeeLastName, c.joinCompanyOfYear, c.joinCompanyOfMonth, c.salary, e.nearestStation, d.Customer, c.phoneNo, a.authorityCode, b.authorityProperty, c.genderCode, c.age, c.BirthplaceOfcontroy FROM employee a LEFT JOIN authority_master b ON a.authorityCode = b.authorityNo LEFT JOIN employee_detail c ON a.employeeNo = c.employeeNo LEFT JOIN onsite_info d ON a.employeeNo = d.employeeNo LEFT JOIN address_information e ON a.employeeNo = e.employeeNo,(SELECT @rowNo := 0) AS rowNo WHERE 1=1 ORDER BY a.employeeNo DESC 
2020-06-29 18:33:45,423 [http-nio-8080-exec-5] DEBUG j.c.l.c.m.G.getEmployeeInfo 143 - ==> Parameters: 
2020-06-29 18:33:45,425 [http-nio-8080-exec-5] DEBUG j.c.l.c.m.G.getEmployeeInfo 143 - <==      Total: 4
2020-06-29 18:33:45,425 [http-nio-8080-exec-5] INFO  j.c.l.c.c.GetEmployeeInfoController 157 - GetEmployeeInfoController.getEmployeeInfo:検索結束
2020-06-29 18:33:51,547 [http-nio-8080-exec-7] INFO  j.c.l.c.c.GetEmployeeInfoController 38 - GetEmployeeInfoController.getEmployeeInfo:検索開始
2020-06-29 18:33:51,548 [http-nio-8080-exec-7] DEBUG j.c.l.c.m.G.getEmployeeInfo 143 - ==>  Preparing: SELECT (@rowNo := @rowNo + 1) AS rowNo, a.employeeNo, a.employeeFristName, a.employeeLastName, c.joinCompanyOfYear, c.joinCompanyOfMonth, c.salary, e.nearestStation, d.Customer, c.phoneNo, a.authorityCode, b.authorityProperty, c.genderCode, c.age, c.BirthplaceOfcontroy FROM employee a LEFT JOIN authority_master b ON a.authorityCode = b.authorityNo LEFT JOIN employee_detail c ON a.employeeNo = c.employeeNo LEFT JOIN onsite_info d ON a.employeeNo = d.employeeNo LEFT JOIN address_information e ON a.employeeNo = e.employeeNo,(SELECT @rowNo := 0) AS rowNo WHERE 1=1 ORDER BY a.employeeNo DESC 
2020-06-29 18:33:51,549 [http-nio-8080-exec-7] DEBUG j.c.l.c.m.G.getEmployeeInfo 143 - ==> Parameters: 
2020-06-29 18:33:51,551 [http-nio-8080-exec-7] DEBUG j.c.l.c.m.G.getEmployeeInfo 143 - <==      Total: 4
2020-06-29 18:33:51,551 [http-nio-8080-exec-7] INFO  j.c.l.c.c.GetEmployeeInfoController 157 - GetEmployeeInfoController.getEmployeeInfo:検索結束
2020-06-29 18:33:56,620 [http-nio-8080-exec-8] INFO  j.c.l.c.c.GetEmployeeInfoController 38 - GetEmployeeInfoController.getEmployeeInfo:検索開始
2020-06-29 18:33:56,621 [http-nio-8080-exec-8] DEBUG j.c.l.c.m.G.getEmployeeInfo 143 - ==>  Preparing: SELECT (@rowNo := @rowNo + 1) AS rowNo, a.employeeNo, a.employeeFristName, a.employeeLastName, c.joinCompanyOfYear, c.joinCompanyOfMonth, c.salary, e.nearestStation, d.Customer, c.phoneNo, a.authorityCode, b.authorityProperty, c.genderCode, c.age, c.BirthplaceOfcontroy FROM employee a LEFT JOIN authority_master b ON a.authorityCode = b.authorityNo LEFT JOIN employee_detail c ON a.employeeNo = c.employeeNo LEFT JOIN onsite_info d ON a.employeeNo = d.employeeNo LEFT JOIN address_information e ON a.employeeNo = e.employeeNo,(SELECT @rowNo := 0) AS rowNo WHERE 1=1 ORDER BY a.employeeNo DESC 
2020-06-29 18:33:56,622 [http-nio-8080-exec-8] DEBUG j.c.l.c.m.G.getEmployeeInfo 143 - ==> Parameters: 
2020-06-29 18:33:56,625 [http-nio-8080-exec-8] DEBUG j.c.l.c.m.G.getEmployeeInfo 143 - <==      Total: 4
2020-06-29 18:33:56,625 [http-nio-8080-exec-8] INFO  j.c.l.c.c.GetEmployeeInfoController 157 - GetEmployeeInfoController.getEmployeeInfo:検索結束
2020-06-29 18:34:17,908 [http-nio-8080-exec-9] INFO  j.c.l.c.c.GetEmployeeInfoController 38 - GetEmployeeInfoController.getEmployeeInfo:検索開始
2020-06-29 18:34:17,908 [http-nio-8080-exec-9] DEBUG j.c.l.c.m.G.getEmployeeInfo 143 - ==>  Preparing: SELECT (@rowNo := @rowNo + 1) AS rowNo, a.employeeNo, a.employeeFristName, a.employeeLastName, c.joinCompanyOfYear, c.joinCompanyOfMonth, c.salary, e.nearestStation, d.Customer, c.phoneNo, a.authorityCode, b.authorityProperty, c.genderCode, c.age, c.BirthplaceOfcontroy FROM employee a LEFT JOIN authority_master b ON a.authorityCode = b.authorityNo LEFT JOIN employee_detail c ON a.employeeNo = c.employeeNo LEFT JOIN onsite_info d ON a.employeeNo = d.employeeNo LEFT JOIN address_information e ON a.employeeNo = e.employeeNo,(SELECT @rowNo := 0) AS rowNo WHERE 1=1 ORDER BY a.employeeNo DESC 
2020-06-29 18:34:17,909 [http-nio-8080-exec-9] DEBUG j.c.l.c.m.G.getEmployeeInfo 143 - ==> Parameters: 
2020-06-29 18:34:17,911 [http-nio-8080-exec-9] DEBUG j.c.l.c.m.G.getEmployeeInfo 143 - <==      Total: 4
2020-06-29 18:34:17,911 [http-nio-8080-exec-9] INFO  j.c.l.c.c.GetEmployeeInfoController 157 - GetEmployeeInfoController.getEmployeeInfo:検索結束
2020-06-29 18:34:18,695 [http-nio-8080-exec-10] INFO  j.c.l.c.c.GetEmployeeInfoController 38 - GetEmployeeInfoController.getEmployeeInfo:検索開始
2020-06-29 18:34:18,696 [http-nio-8080-exec-10] DEBUG j.c.l.c.m.G.getEmployeeInfo 143 - ==>  Preparing: SELECT (@rowNo := @rowNo + 1) AS rowNo, a.employeeNo, a.employeeFristName, a.employeeLastName, c.joinCompanyOfYear, c.joinCompanyOfMonth, c.salary, e.nearestStation, d.Customer, c.phoneNo, a.authorityCode, b.authorityProperty, c.genderCode, c.age, c.BirthplaceOfcontroy FROM employee a LEFT JOIN authority_master b ON a.authorityCode = b.authorityNo LEFT JOIN employee_detail c ON a.employeeNo = c.employeeNo LEFT JOIN onsite_info d ON a.employeeNo = d.employeeNo LEFT JOIN address_information e ON a.employeeNo = e.employeeNo,(SELECT @rowNo := 0) AS rowNo WHERE 1=1 ORDER BY a.employeeNo DESC 
2020-06-29 18:34:18,697 [http-nio-8080-exec-10] DEBUG j.c.l.c.m.G.getEmployeeInfo 143 - ==> Parameters: 
2020-06-29 18:34:18,699 [http-nio-8080-exec-10] DEBUG j.c.l.c.m.G.getEmployeeInfo 143 - <==      Total: 4
2020-06-29 18:34:18,699 [http-nio-8080-exec-10] INFO  j.c.l.c.c.GetEmployeeInfoController 157 - GetEmployeeInfoController.getEmployeeInfo:検索結束
2020-06-29 18:34:21,671 [http-nio-8080-exec-1] INFO  j.c.l.c.c.GetEmployeeInfoController 38 - GetEmployeeInfoController.getEmployeeInfo:検索開始
2020-06-29 18:34:21,672 [http-nio-8080-exec-1] DEBUG j.c.l.c.m.G.getEmployeeInfo 143 - ==>  Preparing: SELECT (@rowNo := @rowNo + 1) AS rowNo, a.employeeNo, a.employeeFristName, a.employeeLastName, c.joinCompanyOfYear, c.joinCompanyOfMonth, c.salary, e.nearestStation, d.Customer, c.phoneNo, a.authorityCode, b.authorityProperty, c.genderCode, c.age, c.BirthplaceOfcontroy FROM employee a LEFT JOIN authority_master b ON a.authorityCode = b.authorityNo LEFT JOIN employee_detail c ON a.employeeNo = c.employeeNo LEFT JOIN onsite_info d ON a.employeeNo = d.employeeNo LEFT JOIN address_information e ON a.employeeNo = e.employeeNo,(SELECT @rowNo := 0) AS rowNo WHERE 1=1 ORDER BY a.employeeNo DESC 
2020-06-29 18:34:21,673 [http-nio-8080-exec-1] DEBUG j.c.l.c.m.G.getEmployeeInfo 143 - ==> Parameters: 
2020-06-29 18:34:21,675 [http-nio-8080-exec-1] DEBUG j.c.l.c.m.G.getEmployeeInfo 143 - <==      Total: 4
2020-06-29 18:34:21,676 [http-nio-8080-exec-1] INFO  j.c.l.c.c.GetEmployeeInfoController 157 - GetEmployeeInfoController.getEmployeeInfo:検索結束
2020-06-29 18:34:28,539 [http-nio-8080-exec-2] INFO  j.c.l.c.c.GetEmployeeInfoController 38 - GetEmployeeInfoController.getEmployeeInfo:検索開始
2020-06-29 18:34:28,540 [http-nio-8080-exec-2] DEBUG j.c.l.c.m.G.getEmployeeInfo 143 - ==>  Preparing: SELECT (@rowNo := @rowNo + 1) AS rowNo, a.employeeNo, a.employeeFristName, a.employeeLastName, c.joinCompanyOfYear, c.joinCompanyOfMonth, c.salary, e.nearestStation, d.Customer, c.phoneNo, a.authorityCode, b.authorityProperty, c.genderCode, c.age, c.BirthplaceOfcontroy FROM employee a LEFT JOIN authority_master b ON a.authorityCode = b.authorityNo LEFT JOIN employee_detail c ON a.employeeNo = c.employeeNo LEFT JOIN onsite_info d ON a.employeeNo = d.employeeNo LEFT JOIN address_information e ON a.employeeNo = e.employeeNo,(SELECT @rowNo := 0) AS rowNo WHERE 1=1 ORDER BY a.employeeNo DESC 
2020-06-29 18:34:28,541 [http-nio-8080-exec-2] DEBUG j.c.l.c.m.G.getEmployeeInfo 143 - ==> Parameters: 
2020-06-29 18:34:28,542 [http-nio-8080-exec-2] DEBUG j.c.l.c.m.G.getEmployeeInfo 143 - <==      Total: 4
2020-06-29 18:34:28,543 [http-nio-8080-exec-2] INFO  j.c.l.c.c.GetEmployeeInfoController 157 - GetEmployeeInfoController.getEmployeeInfo:検索結束
