2020-06-23 13:30:43,292 [main] INFO  jp.co.lyc.cms.ApplicationMain 50 - Starting ApplicationMain on LAPTOP-A94PII7T with PID 9504 (E:\LYC_CMS\target\classes started by Vin.Young in E:\LYC_CMS)
2020-06-23 13:30:43,297 [main] INFO  jp.co.lyc.cms.ApplicationMain 647 - No active profile set, falling back to default profiles: default
2020-06-23 13:30:44,406 [main] INFO  o.s.b.w.e.tomcat.TomcatWebServer 90 - Tomcat initialized with port(s): 8080 (http)
2020-06-23 13:30:44,419 [main] INFO  o.a.coyote.http11.Http11NioProtocol 173 - Initializing ProtocolHandler ["http-nio-8080"]
2020-06-23 13:30:44,426 [main] INFO  o.a.catalina.core.StandardService 173 - Starting service [Tomcat]
2020-06-23 13:30:44,426 [main] INFO  o.a.catalina.core.StandardEngine 173 - Starting Servlet engine: [Apache Tomcat/9.0.22]
2020-06-23 13:30:44,510 [main] INFO  o.a.c.c.C.[Tomcat].[localhost].[/] 173 - Initializing Spring embedded WebApplicationContext
2020-06-23 13:30:44,510 [main] INFO  o.s.web.context.ContextLoader 284 - Root WebApplicationContext: initialization completed in 1141 ms
2020-06-23 13:30:45,009 [main] INFO  o.s.s.c.ThreadPoolTaskExecutor 171 - Initializing ExecutorService 'applicationTaskExecutor'
2020-06-23 13:30:45,064 [main] INFO  o.s.b.a.w.s.WelcomePageHandlerMapping 58 - Adding welcome page template: index
2020-06-23 13:30:45,224 [main] INFO  o.a.coyote.http11.Http11NioProtocol 173 - Starting ProtocolHandler ["http-nio-8080"]
2020-06-23 13:30:45,249 [main] INFO  o.s.b.w.e.tomcat.TomcatWebServer 202 - Tomcat started on port(s): 8080 (http) with context path ''
2020-06-23 13:30:45,252 [main] INFO  jp.co.lyc.cms.ApplicationMain 59 - Started ApplicationMain in 2.435 seconds (JVM running for 4.026)
2020-06-23 13:30:55,563 [http-nio-8080-exec-1] INFO  o.a.c.c.C.[Tomcat].[localhost].[/] 173 - Initializing Spring DispatcherServlet 'dispatcherServlet'
2020-06-23 13:30:55,564 [http-nio-8080-exec-1] INFO  o.s.web.servlet.DispatcherServlet 524 - Initializing Servlet 'dispatcherServlet'
2020-06-23 13:30:55,571 [http-nio-8080-exec-1] INFO  o.s.web.servlet.DispatcherServlet 546 - Completed initialization in 7 ms
2020-06-23 13:30:55,638 [http-nio-8080-exec-1] INFO  j.c.l.cms.controller.LoginController 57 - LoginController.login:登録開始
2020-06-23 13:30:55,658 [http-nio-8080-exec-1] INFO  com.zaxxer.hikari.HikariDataSource 110 - HikariPool-1 - Starting...
2020-06-23 13:30:56,684 [http-nio-8080-exec-1] INFO  com.zaxxer.hikari.HikariDataSource 123 - HikariPool-1 - Start completed.
2020-06-23 13:30:56,760 [http-nio-8080-exec-1] INFO  j.c.l.cms.controller.LoginController 89 - loginController.login:登録開始
2020-06-23 13:30:56,760 [http-nio-8080-exec-1] INFO  j.c.l.cms.controller.LoginController 92 - 日志输出 info
2020-06-23 13:30:56,760 [http-nio-8080-exec-1] WARN  j.c.l.cms.controller.LoginController 93 - 日志输出 warn
2020-06-23 13:30:56,762 [http-nio-8080-exec-1] INFO  j.c.l.cms.controller.LoginController 96 - loginController.login:登録結束
2020-06-23 13:31:37,353 [http-nio-8080-exec-5] INFO  j.c.l.cms.controller.LoginController 57 - LoginController.login:登録開始
2020-06-23 13:31:37,357 [http-nio-8080-exec-5] INFO  j.c.l.cms.controller.LoginController 89 - loginController.login:登録開始
2020-06-23 13:31:37,358 [http-nio-8080-exec-5] INFO  j.c.l.cms.controller.LoginController 92 - 日志输出 info
2020-06-23 13:31:37,358 [http-nio-8080-exec-5] WARN  j.c.l.cms.controller.LoginController 93 - 日志输出 warn
2020-06-23 13:31:37,359 [http-nio-8080-exec-5] INFO  j.c.l.cms.controller.LoginController 96 - loginController.login:登録結束
2020-06-23 13:37:04,328 [http-nio-8080-exec-1] INFO  j.c.l.cms.controller.LoginController 57 - LoginController.login:登録開始
2020-06-23 13:38:09,511 [main] INFO  jp.co.lyc.cms.ApplicationMain 50 - Starting ApplicationMain on LAPTOP-A94PII7T with PID 18344 (E:\LYC_CMS\target\classes started by Vin.Young in E:\LYC_CMS)
2020-06-23 13:38:09,513 [main] INFO  jp.co.lyc.cms.ApplicationMain 647 - No active profile set, falling back to default profiles: default
2020-06-23 13:38:10,291 [main] INFO  o.s.b.w.e.tomcat.TomcatWebServer 90 - Tomcat initialized with port(s): 8080 (http)
2020-06-23 13:38:10,300 [main] INFO  o.a.coyote.http11.Http11NioProtocol 173 - Initializing ProtocolHandler ["http-nio-8080"]
2020-06-23 13:38:10,306 [main] INFO  o.a.catalina.core.StandardService 173 - Starting service [Tomcat]
2020-06-23 13:38:10,306 [main] INFO  o.a.catalina.core.StandardEngine 173 - Starting Servlet engine: [Apache Tomcat/9.0.22]
2020-06-23 13:38:10,376 [main] INFO  o.a.c.c.C.[Tomcat].[localhost].[/] 173 - Initializing Spring embedded WebApplicationContext
2020-06-23 13:38:10,377 [main] INFO  o.s.web.context.ContextLoader 284 - Root WebApplicationContext: initialization completed in 837 ms
2020-06-23 13:38:10,762 [main] INFO  o.s.s.c.ThreadPoolTaskExecutor 171 - Initializing ExecutorService 'applicationTaskExecutor'
2020-06-23 13:38:10,805 [main] INFO  o.s.b.a.w.s.WelcomePageHandlerMapping 58 - Adding welcome page template: index
2020-06-23 13:38:10,920 [main] INFO  o.a.coyote.http11.Http11NioProtocol 173 - Starting ProtocolHandler ["http-nio-8080"]
2020-06-23 13:38:10,936 [main] INFO  o.s.b.w.e.tomcat.TomcatWebServer 202 - Tomcat started on port(s): 8080 (http) with context path ''
2020-06-23 13:38:10,938 [main] INFO  jp.co.lyc.cms.ApplicationMain 59 - Started ApplicationMain in 1.742 seconds (JVM running for 2.776)
2020-06-23 13:38:19,096 [http-nio-8080-exec-1] INFO  o.a.tomcat.util.http.parser.Cookie 173 - A cookie header was received [:0.17906926485119778:=http:] that contained an invalid cookie. That cookie will be ignored.
 Note: further occurrences of this error will be logged at DEBUG level.
2020-06-23 13:38:19,101 [http-nio-8080-exec-1] INFO  o.a.c.c.C.[Tomcat].[localhost].[/] 173 - Initializing Spring DispatcherServlet 'dispatcherServlet'
2020-06-23 13:38:19,101 [http-nio-8080-exec-1] INFO  o.s.web.servlet.DispatcherServlet 524 - Initializing Servlet 'dispatcherServlet'
2020-06-23 13:38:19,108 [http-nio-8080-exec-1] INFO  o.s.web.servlet.DispatcherServlet 546 - Completed initialization in 7 ms
2020-06-23 13:38:19,154 [http-nio-8080-exec-1] INFO  j.c.l.cms.controller.LoginController 57 - LoginController.login:登録開始
2020-06-23 13:38:19,167 [http-nio-8080-exec-1] INFO  com.zaxxer.hikari.HikariDataSource 110 - HikariPool-1 - Starting...
2020-06-23 13:38:20,090 [http-nio-8080-exec-1] INFO  com.zaxxer.hikari.HikariDataSource 123 - HikariPool-1 - Start completed.
2020-06-23 13:39:08,055 [RMI TCP Connection(2)-127.0.0.1] INFO  o.s.b.a.SpringApplicationAdminMXBeanRegistrar$SpringApplicationAdmin 159 - Application shutdown requested.
2020-06-23 13:39:08,057 [RMI TCP Connection(2)-127.0.0.1] INFO  o.s.s.c.ThreadPoolTaskExecutor 208 - Shutting down ExecutorService 'applicationTaskExecutor'
2020-06-23 13:39:08,058 [RMI TCP Connection(2)-127.0.0.1] INFO  com.zaxxer.hikari.HikariDataSource 350 - HikariPool-1 - Shutdown initiated...
2020-06-23 13:39:08,068 [RMI TCP Connection(2)-127.0.0.1] INFO  com.zaxxer.hikari.HikariDataSource 352 - HikariPool-1 - Shutdown completed.
2020-06-23 13:39:11,555 [main] INFO  jp.co.lyc.cms.ApplicationMain 50 - Starting ApplicationMain on LAPTOP-A94PII7T with PID 7332 (E:\LYC_CMS\target\classes started by Vin.Young in E:\LYC_CMS)
2020-06-23 13:39:11,557 [main] INFO  jp.co.lyc.cms.ApplicationMain 647 - No active profile set, falling back to default profiles: default
2020-06-23 13:39:12,328 [main] INFO  o.s.b.w.e.tomcat.TomcatWebServer 90 - Tomcat initialized with port(s): 8080 (http)
2020-06-23 13:39:12,337 [main] INFO  o.a.coyote.http11.Http11NioProtocol 173 - Initializing ProtocolHandler ["http-nio-8080"]
2020-06-23 13:39:12,342 [main] INFO  o.a.catalina.core.StandardService 173 - Starting service [Tomcat]
2020-06-23 13:39:12,342 [main] INFO  o.a.catalina.core.StandardEngine 173 - Starting Servlet engine: [Apache Tomcat/9.0.22]
2020-06-23 13:39:12,410 [main] INFO  o.a.c.c.C.[Tomcat].[localhost].[/] 173 - Initializing Spring embedded WebApplicationContext
2020-06-23 13:39:12,410 [main] INFO  o.s.web.context.ContextLoader 284 - Root WebApplicationContext: initialization completed in 826 ms
2020-06-23 13:39:12,796 [main] INFO  o.s.s.c.ThreadPoolTaskExecutor 171 - Initializing ExecutorService 'applicationTaskExecutor'
2020-06-23 13:39:12,836 [main] INFO  o.s.b.a.w.s.WelcomePageHandlerMapping 58 - Adding welcome page template: index
2020-06-23 13:39:12,952 [main] INFO  o.a.coyote.http11.Http11NioProtocol 173 - Starting ProtocolHandler ["http-nio-8080"]
2020-06-23 13:39:12,967 [main] INFO  o.s.b.w.e.tomcat.TomcatWebServer 202 - Tomcat started on port(s): 8080 (http) with context path ''
2020-06-23 13:39:12,969 [main] INFO  jp.co.lyc.cms.ApplicationMain 59 - Started ApplicationMain in 1.728 seconds (JVM running for 2.738)
2020-06-23 13:39:19,566 [http-nio-8080-exec-1] INFO  o.a.c.c.C.[Tomcat].[localhost].[/] 173 - Initializing Spring DispatcherServlet 'dispatcherServlet'
2020-06-23 13:39:19,567 [http-nio-8080-exec-1] INFO  o.s.web.servlet.DispatcherServlet 524 - Initializing Servlet 'dispatcherServlet'
2020-06-23 13:39:19,572 [http-nio-8080-exec-1] INFO  o.s.web.servlet.DispatcherServlet 546 - Completed initialization in 5 ms
2020-06-23 13:39:19,617 [http-nio-8080-exec-1] INFO  j.c.l.cms.controller.LoginController 57 - LoginController.login:登録開始
2020-06-23 13:39:19,631 [http-nio-8080-exec-1] INFO  com.zaxxer.hikari.HikariDataSource 110 - HikariPool-1 - Starting...
2020-06-23 13:39:20,566 [http-nio-8080-exec-1] INFO  com.zaxxer.hikari.HikariDataSource 123 - HikariPool-1 - Start completed.
2020-06-23 13:39:38,514 [RMI TCP Connection(2)-127.0.0.1] INFO  o.s.b.a.SpringApplicationAdminMXBeanRegistrar$SpringApplicationAdmin 159 - Application shutdown requested.
2020-06-23 13:39:38,516 [RMI TCP Connection(2)-127.0.0.1] INFO  o.s.s.c.ThreadPoolTaskExecutor 208 - Shutting down ExecutorService 'applicationTaskExecutor'
2020-06-23 13:39:38,516 [RMI TCP Connection(2)-127.0.0.1] INFO  com.zaxxer.hikari.HikariDataSource 350 - HikariPool-1 - Shutdown initiated...
2020-06-23 13:39:38,536 [RMI TCP Connection(2)-127.0.0.1] INFO  com.zaxxer.hikari.HikariDataSource 352 - HikariPool-1 - Shutdown completed.
2020-06-23 13:39:41,350 [main] INFO  jp.co.lyc.cms.ApplicationMain 50 - Starting ApplicationMain on LAPTOP-A94PII7T with PID 9280 (E:\LYC_CMS\target\classes started by Vin.Young in E:\LYC_CMS)
2020-06-23 13:39:41,352 [main] INFO  jp.co.lyc.cms.ApplicationMain 647 - No active profile set, falling back to default profiles: default
2020-06-23 13:39:42,136 [main] INFO  o.s.b.w.e.tomcat.TomcatWebServer 90 - Tomcat initialized with port(s): 8080 (http)
2020-06-23 13:39:42,145 [main] INFO  o.a.coyote.http11.Http11NioProtocol 173 - Initializing ProtocolHandler ["http-nio-8080"]
2020-06-23 13:39:42,151 [main] INFO  o.a.catalina.core.StandardService 173 - Starting service [Tomcat]
2020-06-23 13:39:42,151 [main] INFO  o.a.catalina.core.StandardEngine 173 - Starting Servlet engine: [Apache Tomcat/9.0.22]
2020-06-23 13:39:42,218 [main] INFO  o.a.c.c.C.[Tomcat].[localhost].[/] 173 - Initializing Spring embedded WebApplicationContext
2020-06-23 13:39:42,218 [main] INFO  o.s.web.context.ContextLoader 284 - Root WebApplicationContext: initialization completed in 841 ms
2020-06-23 13:39:42,606 [main] INFO  o.s.s.c.ThreadPoolTaskExecutor 171 - Initializing ExecutorService 'applicationTaskExecutor'
2020-06-23 13:39:42,646 [main] INFO  o.s.b.a.w.s.WelcomePageHandlerMapping 58 - Adding welcome page template: index
2020-06-23 13:39:42,762 [main] INFO  o.a.coyote.http11.Http11NioProtocol 173 - Starting ProtocolHandler ["http-nio-8080"]
2020-06-23 13:39:42,778 [main] INFO  o.s.b.w.e.tomcat.TomcatWebServer 202 - Tomcat started on port(s): 8080 (http) with context path ''
2020-06-23 13:39:42,781 [main] INFO  jp.co.lyc.cms.ApplicationMain 59 - Started ApplicationMain in 1.744 seconds (JVM running for 2.779)
2020-06-23 13:39:48,214 [http-nio-8080-exec-1] INFO  o.a.c.c.C.[Tomcat].[localhost].[/] 173 - Initializing Spring DispatcherServlet 'dispatcherServlet'
2020-06-23 13:39:48,214 [http-nio-8080-exec-1] INFO  o.s.web.servlet.DispatcherServlet 524 - Initializing Servlet 'dispatcherServlet'
2020-06-23 13:39:48,220 [http-nio-8080-exec-1] INFO  o.s.web.servlet.DispatcherServlet 546 - Completed initialization in 5 ms
2020-06-23 13:39:48,263 [http-nio-8080-exec-1] INFO  j.c.l.cms.controller.LoginController 57 - LoginController.login:登録開始
2020-06-23 13:39:48,275 [http-nio-8080-exec-1] INFO  com.zaxxer.hikari.HikariDataSource 110 - HikariPool-1 - Starting...
2020-06-23 13:39:49,197 [http-nio-8080-exec-1] INFO  com.zaxxer.hikari.HikariDataSource 123 - HikariPool-1 - Start completed.
2020-06-23 13:40:43,723 [RMI TCP Connection(2)-127.0.0.1] INFO  o.s.b.a.SpringApplicationAdminMXBeanRegistrar$SpringApplicationAdmin 159 - Application shutdown requested.
2020-06-23 13:40:43,725 [RMI TCP Connection(2)-127.0.0.1] INFO  o.s.s.c.ThreadPoolTaskExecutor 208 - Shutting down ExecutorService 'applicationTaskExecutor'
2020-06-23 13:40:43,726 [RMI TCP Connection(2)-127.0.0.1] INFO  com.zaxxer.hikari.HikariDataSource 350 - HikariPool-1 - Shutdown initiated...
2020-06-23 13:40:43,737 [RMI TCP Connection(2)-127.0.0.1] INFO  com.zaxxer.hikari.HikariDataSource 352 - HikariPool-1 - Shutdown completed.
2020-06-23 13:40:48,943 [main] INFO  jp.co.lyc.cms.ApplicationMain 50 - Starting ApplicationMain on LAPTOP-A94PII7T with PID 20236 (E:\LYC_CMS\target\classes started by Vin.Young in E:\LYC_CMS)
2020-06-23 13:40:48,945 [main] INFO  jp.co.lyc.cms.ApplicationMain 647 - No active profile set, falling back to default profiles: default
2020-06-23 13:40:49,728 [main] INFO  o.s.b.w.e.tomcat.TomcatWebServer 90 - Tomcat initialized with port(s): 8080 (http)
2020-06-23 13:40:49,737 [main] INFO  o.a.coyote.http11.Http11NioProtocol 173 - Initializing ProtocolHandler ["http-nio-8080"]
2020-06-23 13:40:49,742 [main] INFO  o.a.catalina.core.StandardService 173 - Starting service [Tomcat]
2020-06-23 13:40:49,742 [main] INFO  o.a.catalina.core.StandardEngine 173 - Starting Servlet engine: [Apache Tomcat/9.0.22]
2020-06-23 13:40:49,818 [main] INFO  o.a.c.c.C.[Tomcat].[localhost].[/] 173 - Initializing Spring embedded WebApplicationContext
2020-06-23 13:40:49,818 [main] INFO  o.s.web.context.ContextLoader 284 - Root WebApplicationContext: initialization completed in 843 ms
2020-06-23 13:40:50,203 [main] INFO  o.s.s.c.ThreadPoolTaskExecutor 171 - Initializing ExecutorService 'applicationTaskExecutor'
2020-06-23 13:40:50,245 [main] INFO  o.s.b.a.w.s.WelcomePageHandlerMapping 58 - Adding welcome page template: index
2020-06-23 13:40:50,364 [main] INFO  o.a.coyote.http11.Http11NioProtocol 173 - Starting ProtocolHandler ["http-nio-8080"]
2020-06-23 13:40:50,380 [main] INFO  o.s.b.w.e.tomcat.TomcatWebServer 202 - Tomcat started on port(s): 8080 (http) with context path ''
2020-06-23 13:40:50,382 [main] INFO  jp.co.lyc.cms.ApplicationMain 59 - Started ApplicationMain in 1.753 seconds (JVM running for 2.782)
2020-06-23 14:07:23,021 [http-nio-8080-exec-2] INFO  o.a.c.c.C.[Tomcat].[localhost].[/] 173 - Initializing Spring DispatcherServlet 'dispatcherServlet'
2020-06-23 14:07:23,021 [http-nio-8080-exec-2] INFO  o.s.web.servlet.DispatcherServlet 524 - Initializing Servlet 'dispatcherServlet'
2020-06-23 14:07:23,027 [http-nio-8080-exec-2] INFO  o.s.web.servlet.DispatcherServlet 546 - Completed initialization in 6 ms
2020-06-23 14:07:23,074 [http-nio-8080-exec-2] INFO  j.c.l.cms.controller.LoginController 57 - LoginController.login:登録開始
2020-06-23 14:07:23,086 [http-nio-8080-exec-2] INFO  com.zaxxer.hikari.HikariDataSource 110 - HikariPool-1 - Starting...
2020-06-23 14:07:23,967 [http-nio-8080-exec-2] INFO  com.zaxxer.hikari.HikariDataSource 123 - HikariPool-1 - Start completed.
2020-06-23 14:07:24,010 [http-nio-8080-exec-2] INFO  j.c.l.cms.controller.LoginController 89 - loginController.login:登録開始
2020-06-23 14:07:24,010 [http-nio-8080-exec-2] INFO  j.c.l.cms.controller.LoginController 92 - 日志输出 info
2020-06-23 14:07:24,010 [http-nio-8080-exec-2] WARN  j.c.l.cms.controller.LoginController 93 - 日志输出 warn
2020-06-23 14:07:24,011 [http-nio-8080-exec-2] INFO  j.c.l.cms.controller.LoginController 96 - loginController.login:登録結束
2020-06-23 15:25:36,846 [http-nio-8080-exec-4] INFO  j.c.l.cms.controller.LoginController 57 - LoginController.login:登録開始
2020-06-23 15:25:36,852 [http-nio-8080-exec-4] INFO  j.c.l.cms.controller.LoginController 89 - loginController.login:登録開始
2020-06-23 15:25:36,852 [http-nio-8080-exec-4] INFO  j.c.l.cms.controller.LoginController 92 - 日志输出 info
2020-06-23 15:25:36,853 [http-nio-8080-exec-4] WARN  j.c.l.cms.controller.LoginController 93 - 日志输出 warn
2020-06-23 15:25:36,854 [http-nio-8080-exec-4] INFO  j.c.l.cms.controller.LoginController 96 - loginController.login:登録結束
2020-06-23 15:33:35,452 [RMI TCP Connection(2)-127.0.0.1] INFO  o.s.b.a.SpringApplicationAdminMXBeanRegistrar$SpringApplicationAdmin 159 - Application shutdown requested.
2020-06-23 15:33:35,454 [RMI TCP Connection(2)-127.0.0.1] INFO  o.s.s.c.ThreadPoolTaskExecutor 208 - Shutting down ExecutorService 'applicationTaskExecutor'
2020-06-23 15:33:35,454 [RMI TCP Connection(2)-127.0.0.1] INFO  com.zaxxer.hikari.HikariDataSource 350 - HikariPool-1 - Shutdown initiated...
2020-06-23 15:33:35,466 [RMI TCP Connection(2)-127.0.0.1] INFO  com.zaxxer.hikari.HikariDataSource 352 - HikariPool-1 - Shutdown completed.
2020-06-23 15:33:45,298 [main] INFO  jp.co.lyc.cms.ApplicationMain 50 - Starting ApplicationMain on LAPTOP-A94PII7T with PID 2656 (E:\LYC_CMS\target\classes started by Vin.Young in E:\LYC_CMS)
2020-06-23 15:33:45,300 [main] INFO  jp.co.lyc.cms.ApplicationMain 647 - No active profile set, falling back to default profiles: default
2020-06-23 15:33:46,078 [main] INFO  o.s.b.w.e.tomcat.TomcatWebServer 90 - Tomcat initialized with port(s): 8080 (http)
2020-06-23 15:33:46,087 [main] INFO  o.a.coyote.http11.Http11NioProtocol 173 - Initializing ProtocolHandler ["http-nio-8080"]
2020-06-23 15:33:46,092 [main] INFO  o.a.catalina.core.StandardService 173 - Starting service [Tomcat]
2020-06-23 15:33:46,092 [main] INFO  o.a.catalina.core.StandardEngine 173 - Starting Servlet engine: [Apache Tomcat/9.0.22]
2020-06-23 15:33:46,156 [main] INFO  o.a.c.c.C.[Tomcat].[localhost].[/] 173 - Initializing Spring embedded WebApplicationContext
2020-06-23 15:33:46,156 [main] INFO  o.s.web.context.ContextLoader 284 - Root WebApplicationContext: initialization completed in 823 ms
2020-06-23 15:33:46,532 [main] INFO  o.s.s.c.ThreadPoolTaskExecutor 171 - Initializing ExecutorService 'applicationTaskExecutor'
2020-06-23 15:33:46,575 [main] INFO  o.s.b.a.w.s.WelcomePageHandlerMapping 58 - Adding welcome page template: index
2020-06-23 15:33:46,693 [main] INFO  o.a.coyote.http11.Http11NioProtocol 173 - Starting ProtocolHandler ["http-nio-8080"]
2020-06-23 15:33:46,708 [main] INFO  o.s.b.w.e.tomcat.TomcatWebServer 202 - Tomcat started on port(s): 8080 (http) with context path ''
2020-06-23 15:33:46,710 [main] INFO  jp.co.lyc.cms.ApplicationMain 59 - Started ApplicationMain in 1.744 seconds (JVM running for 2.792)
2020-06-23 15:33:51,875 [http-nio-8080-exec-1] INFO  o.a.c.c.C.[Tomcat].[localhost].[/] 173 - Initializing Spring DispatcherServlet 'dispatcherServlet'
2020-06-23 15:33:51,875 [http-nio-8080-exec-1] INFO  o.s.web.servlet.DispatcherServlet 524 - Initializing Servlet 'dispatcherServlet'
2020-06-23 15:33:51,880 [http-nio-8080-exec-1] INFO  o.s.web.servlet.DispatcherServlet 546 - Completed initialization in 5 ms
2020-06-23 15:34:40,894 [RMI TCP Connection(2)-127.0.0.1] INFO  o.s.b.a.SpringApplicationAdminMXBeanRegistrar$SpringApplicationAdmin 159 - Application shutdown requested.
2020-06-23 15:34:40,896 [RMI TCP Connection(2)-127.0.0.1] INFO  o.s.s.c.ThreadPoolTaskExecutor 208 - Shutting down ExecutorService 'applicationTaskExecutor'
2020-06-23 15:34:44,541 [main] INFO  jp.co.lyc.cms.ApplicationMain 50 - Starting ApplicationMain on LAPTOP-A94PII7T with PID 9884 (E:\LYC_CMS\target\classes started by Vin.Young in E:\LYC_CMS)
2020-06-23 15:34:44,545 [main] INFO  jp.co.lyc.cms.ApplicationMain 647 - No active profile set, falling back to default profiles: default
2020-06-23 15:34:45,592 [main] INFO  o.s.b.w.e.tomcat.TomcatWebServer 90 - Tomcat initialized with port(s): 8080 (http)
2020-06-23 15:34:45,604 [main] INFO  o.a.coyote.http11.Http11NioProtocol 173 - Initializing ProtocolHandler ["http-nio-8080"]
2020-06-23 15:34:45,609 [main] INFO  o.a.catalina.core.StandardService 173 - Starting service [Tomcat]
2020-06-23 15:34:45,610 [main] INFO  o.a.catalina.core.StandardEngine 173 - Starting Servlet engine: [Apache Tomcat/9.0.22]
2020-06-23 15:34:45,692 [main] INFO  o.a.c.c.C.[Tomcat].[localhost].[/] 173 - Initializing Spring embedded WebApplicationContext
2020-06-23 15:34:45,692 [main] INFO  o.s.web.context.ContextLoader 284 - Root WebApplicationContext: initialization completed in 1113 ms
2020-06-23 15:34:46,185 [main] INFO  o.s.s.c.ThreadPoolTaskExecutor 171 - Initializing ExecutorService 'applicationTaskExecutor'
2020-06-23 15:34:46,255 [main] INFO  o.s.b.a.w.s.WelcomePageHandlerMapping 58 - Adding welcome page template: index
2020-06-23 15:34:46,431 [main] INFO  o.a.coyote.http11.Http11NioProtocol 173 - Starting ProtocolHandler ["http-nio-8080"]
2020-06-23 15:34:46,452 [main] INFO  o.s.b.w.e.tomcat.TomcatWebServer 202 - Tomcat started on port(s): 8080 (http) with context path ''
2020-06-23 15:34:46,455 [main] INFO  jp.co.lyc.cms.ApplicationMain 59 - Started ApplicationMain in 2.374 seconds (JVM running for 3.643)
2020-06-23 15:34:54,038 [http-nio-8080-exec-1] INFO  o.a.c.c.C.[Tomcat].[localhost].[/] 173 - Initializing Spring DispatcherServlet 'dispatcherServlet'
2020-06-23 15:34:54,038 [http-nio-8080-exec-1] INFO  o.s.web.servlet.DispatcherServlet 524 - Initializing Servlet 'dispatcherServlet'
2020-06-23 15:34:54,044 [http-nio-8080-exec-1] INFO  o.s.web.servlet.DispatcherServlet 546 - Completed initialization in 6 ms
2020-06-23 15:38:09,444 [main] INFO  jp.co.lyc.cms.ApplicationMain 50 - Starting ApplicationMain on LAPTOP-A94PII7T with PID 11584 (E:\LYC_CMS\target\classes started by Vin.Young in E:\LYC_CMS)
2020-06-23 15:38:09,450 [main] INFO  jp.co.lyc.cms.ApplicationMain 647 - No active profile set, falling back to default profiles: default
2020-06-23 15:38:10,739 [main] INFO  o.s.b.w.e.tomcat.TomcatWebServer 90 - Tomcat initialized with port(s): 8080 (http)
2020-06-23 15:38:10,753 [main] INFO  o.a.coyote.http11.Http11NioProtocol 173 - Initializing ProtocolHandler ["http-nio-8080"]
2020-06-23 15:38:10,760 [main] INFO  o.a.catalina.core.StandardService 173 - Starting service [Tomcat]
2020-06-23 15:38:10,760 [main] INFO  o.a.catalina.core.StandardEngine 173 - Starting Servlet engine: [Apache Tomcat/9.0.22]
2020-06-23 15:38:10,855 [main] INFO  o.a.c.c.C.[Tomcat].[localhost].[/] 173 - Initializing Spring embedded WebApplicationContext
2020-06-23 15:38:10,856 [main] INFO  o.s.web.context.ContextLoader 284 - Root WebApplicationContext: initialization completed in 1368 ms
2020-06-23 15:38:11,504 [main] INFO  o.s.s.c.ThreadPoolTaskExecutor 171 - Initializing ExecutorService 'applicationTaskExecutor'
2020-06-23 15:38:11,571 [main] INFO  o.s.b.a.w.s.WelcomePageHandlerMapping 58 - Adding welcome page template: index
2020-06-23 15:38:11,732 [main] INFO  o.a.coyote.http11.Http11NioProtocol 173 - Starting ProtocolHandler ["http-nio-8080"]
2020-06-23 15:38:11,754 [main] INFO  o.s.b.w.e.tomcat.TomcatWebServer 202 - Tomcat started on port(s): 8080 (http) with context path ''
2020-06-23 15:38:11,757 [main] INFO  jp.co.lyc.cms.ApplicationMain 59 - Started ApplicationMain in 2.86 seconds (JVM running for 4.461)
2020-06-23 15:38:17,547 [http-nio-8080-exec-1] INFO  o.a.c.c.C.[Tomcat].[localhost].[/] 173 - Initializing Spring DispatcherServlet 'dispatcherServlet'
2020-06-23 15:38:17,547 [http-nio-8080-exec-1] INFO  o.s.web.servlet.DispatcherServlet 524 - Initializing Servlet 'dispatcherServlet'
2020-06-23 15:38:17,552 [http-nio-8080-exec-1] INFO  o.s.web.servlet.DispatcherServlet 546 - Completed initialization in 5 ms
2020-06-23 15:39:10,748 [http-nio-8080-exec-2] WARN  o.s.w.s.m.s.DefaultHandlerExceptionResolver 198 - Resolved [org.springframework.web.HttpRequestMethodNotSupportedException: Request method 'GET' not supported]
2020-06-23 15:40:04,477 [main] INFO  jp.co.lyc.cms.ApplicationMain 50 - Starting ApplicationMain on LAPTOP-A94PII7T with PID 596 (E:\LYC_CMS\target\classes started by Vin.Young in E:\LYC_CMS)
2020-06-23 15:40:04,485 [main] INFO  jp.co.lyc.cms.ApplicationMain 647 - No active profile set, falling back to default profiles: default
2020-06-23 15:40:05,463 [main] INFO  o.s.b.w.e.tomcat.TomcatWebServer 90 - Tomcat initialized with port(s): 8080 (http)
2020-06-23 15:40:05,476 [main] INFO  o.a.coyote.http11.Http11NioProtocol 173 - Initializing ProtocolHandler ["http-nio-8080"]
2020-06-23 15:40:05,483 [main] INFO  o.a.catalina.core.StandardService 173 - Starting service [Tomcat]
2020-06-23 15:40:05,483 [main] INFO  o.a.catalina.core.StandardEngine 173 - Starting Servlet engine: [Apache Tomcat/9.0.22]
2020-06-23 15:40:05,568 [main] INFO  o.a.c.c.C.[Tomcat].[localhost].[/] 173 - Initializing Spring embedded WebApplicationContext
2020-06-23 15:40:05,568 [main] INFO  o.s.web.context.ContextLoader 284 - Root WebApplicationContext: initialization completed in 1047 ms
2020-06-23 15:40:06,038 [main] INFO  o.s.s.c.ThreadPoolTaskExecutor 171 - Initializing ExecutorService 'applicationTaskExecutor'
2020-06-23 15:40:06,101 [main] INFO  o.s.b.a.w.s.WelcomePageHandlerMapping 58 - Adding welcome page template: index
2020-06-23 15:40:06,256 [main] INFO  o.a.coyote.http11.Http11NioProtocol 173 - Starting ProtocolHandler ["http-nio-8080"]
2020-06-23 15:40:06,278 [main] INFO  o.s.b.w.e.tomcat.TomcatWebServer 202 - Tomcat started on port(s): 8080 (http) with context path ''
2020-06-23 15:40:06,282 [main] INFO  jp.co.lyc.cms.ApplicationMain 59 - Started ApplicationMain in 2.269 seconds (JVM running for 3.538)
2020-06-23 15:40:08,984 [http-nio-8080-exec-1] INFO  o.a.c.c.C.[Tomcat].[localhost].[/] 173 - Initializing Spring DispatcherServlet 'dispatcherServlet'
2020-06-23 15:40:08,984 [http-nio-8080-exec-1] INFO  o.s.web.servlet.DispatcherServlet 524 - Initializing Servlet 'dispatcherServlet'
2020-06-23 15:40:08,989 [http-nio-8080-exec-1] INFO  o.s.web.servlet.DispatcherServlet 546 - Completed initialization in 5 ms
2020-06-23 15:40:09,022 [http-nio-8080-exec-1] WARN  o.s.w.s.m.s.DefaultHandlerExceptionResolver 198 - Resolved [org.springframework.http.converter.HttpMessageNotReadableException: Required request body is missing: public boolean jp.co.lyc.cms.controller.SubCostController.toroku(jp.co.lyc.cms.model.CostModel,org.springframework.ui.Model)]
2020-06-23 15:40:11,871 [http-nio-8080-exec-3] WARN  o.s.w.s.m.s.DefaultHandlerExceptionResolver 198 - Resolved [org.springframework.http.converter.HttpMessageNotReadableException: Required request body is missing: public boolean jp.co.lyc.cms.controller.SubCostController.toroku(jp.co.lyc.cms.model.CostModel,org.springframework.ui.Model)]
2020-06-23 15:40:12,032 [http-nio-8080-exec-5] WARN  o.s.w.s.m.s.DefaultHandlerExceptionResolver 198 - Resolved [org.springframework.http.converter.HttpMessageNotReadableException: Required request body is missing: public boolean jp.co.lyc.cms.controller.SubCostController.toroku(jp.co.lyc.cms.model.CostModel,org.springframework.ui.Model)]
2020-06-23 15:40:12,190 [http-nio-8080-exec-7] WARN  o.s.w.s.m.s.DefaultHandlerExceptionResolver 198 - Resolved [org.springframework.http.converter.HttpMessageNotReadableException: Required request body is missing: public boolean jp.co.lyc.cms.controller.SubCostController.toroku(jp.co.lyc.cms.model.CostModel,org.springframework.ui.Model)]
2020-06-23 15:40:12,352 [http-nio-8080-exec-9] WARN  o.s.w.s.m.s.DefaultHandlerExceptionResolver 198 - Resolved [org.springframework.http.converter.HttpMessageNotReadableException: Required request body is missing: public boolean jp.co.lyc.cms.controller.SubCostController.toroku(jp.co.lyc.cms.model.CostModel,org.springframework.ui.Model)]
2020-06-23 15:40:12,511 [http-nio-8080-exec-1] WARN  o.s.w.s.m.s.DefaultHandlerExceptionResolver 198 - Resolved [org.springframework.http.converter.HttpMessageNotReadableException: Required request body is missing: public boolean jp.co.lyc.cms.controller.SubCostController.toroku(jp.co.lyc.cms.model.CostModel,org.springframework.ui.Model)]
2020-06-23 15:40:45,128 [http-nio-8080-exec-4] WARN  o.s.w.s.m.s.DefaultHandlerExceptionResolver 198 - Resolved [org.springframework.http.converter.HttpMessageNotReadableException: Required request body is missing: public boolean jp.co.lyc.cms.controller.SubCostController.toroku(jp.co.lyc.cms.model.CostModel,org.springframework.ui.Model)]
2020-06-23 15:41:19,383 [main] INFO  jp.co.lyc.cms.ApplicationMain 50 - Starting ApplicationMain on LAPTOP-A94PII7T with PID 12580 (E:\LYC_CMS\target\classes started by Vin.Young in E:\LYC_CMS)
2020-06-23 15:41:19,388 [main] INFO  jp.co.lyc.cms.ApplicationMain 647 - No active profile set, falling back to default profiles: default
2020-06-23 15:41:20,376 [main] INFO  o.s.b.w.e.tomcat.TomcatWebServer 90 - Tomcat initialized with port(s): 8080 (http)
2020-06-23 15:41:20,388 [main] INFO  o.a.coyote.http11.Http11NioProtocol 173 - Initializing ProtocolHandler ["http-nio-8080"]
2020-06-23 15:41:20,395 [main] INFO  o.a.catalina.core.StandardService 173 - Starting service [Tomcat]
2020-06-23 15:41:20,395 [main] INFO  o.a.catalina.core.StandardEngine 173 - Starting Servlet engine: [Apache Tomcat/9.0.22]
2020-06-23 15:41:20,479 [main] INFO  o.a.c.c.C.[Tomcat].[localhost].[/] 173 - Initializing Spring embedded WebApplicationContext
2020-06-23 15:41:20,479 [main] INFO  o.s.web.context.ContextLoader 284 - Root WebApplicationContext: initialization completed in 1057 ms
2020-06-23 15:41:35,008 [main] INFO  o.s.s.c.ThreadPoolTaskExecutor 171 - Initializing ExecutorService 'applicationTaskExecutor'
2020-06-23 15:41:39,696 [main] INFO  jp.co.lyc.cms.ApplicationMain 50 - Starting ApplicationMain on LAPTOP-A94PII7T with PID 15836 (E:\LYC_CMS\target\classes started by Vin.Young in E:\LYC_CMS)
2020-06-23 15:41:39,700 [main] INFO  jp.co.lyc.cms.ApplicationMain 647 - No active profile set, falling back to default profiles: default
2020-06-23 15:41:40,693 [main] INFO  o.s.b.w.e.tomcat.TomcatWebServer 90 - Tomcat initialized with port(s): 8080 (http)
2020-06-23 15:41:40,705 [main] INFO  o.a.coyote.http11.Http11NioProtocol 173 - Initializing ProtocolHandler ["http-nio-8080"]
2020-06-23 15:41:40,710 [main] INFO  o.a.catalina.core.StandardService 173 - Starting service [Tomcat]
2020-06-23 15:41:40,711 [main] INFO  o.a.catalina.core.StandardEngine 173 - Starting Servlet engine: [Apache Tomcat/9.0.22]
2020-06-23 15:41:40,801 [main] INFO  o.a.c.c.C.[Tomcat].[localhost].[/] 173 - Initializing Spring embedded WebApplicationContext
2020-06-23 15:41:40,802 [main] INFO  o.s.web.context.ContextLoader 284 - Root WebApplicationContext: initialization completed in 1065 ms
2020-06-23 15:41:56,374 [main] INFO  o.s.s.c.ThreadPoolTaskExecutor 171 - Initializing ExecutorService 'applicationTaskExecutor'
2020-06-23 15:42:02,113 [main] INFO  o.s.b.a.w.s.WelcomePageHandlerMapping 58 - Adding welcome page template: index
2020-06-23 15:42:24,342 [main] INFO  jp.co.lyc.cms.ApplicationMain 50 - Starting ApplicationMain on LAPTOP-A94PII7T with PID 15072 (E:\LYC_CMS\target\classes started by Vin.Young in E:\LYC_CMS)
2020-06-23 15:42:24,347 [main] INFO  jp.co.lyc.cms.ApplicationMain 647 - No active profile set, falling back to default profiles: default
2020-06-23 15:42:25,307 [main] INFO  o.s.b.w.e.tomcat.TomcatWebServer 90 - Tomcat initialized with port(s): 8080 (http)
2020-06-23 15:42:25,318 [main] INFO  o.a.coyote.http11.Http11NioProtocol 173 - Initializing ProtocolHandler ["http-nio-8080"]
2020-06-23 15:42:25,324 [main] INFO  o.a.catalina.core.StandardService 173 - Starting service [Tomcat]
2020-06-23 15:42:25,324 [main] INFO  o.a.catalina.core.StandardEngine 173 - Starting Servlet engine: [Apache Tomcat/9.0.22]
2020-06-23 15:42:25,405 [main] INFO  o.a.c.c.C.[Tomcat].[localhost].[/] 173 - Initializing Spring embedded WebApplicationContext
2020-06-23 15:42:25,405 [main] INFO  o.s.web.context.ContextLoader 284 - Root WebApplicationContext: initialization completed in 1025 ms
2020-06-23 15:42:39,678 [main] INFO  o.s.s.c.ThreadPoolTaskExecutor 171 - Initializing ExecutorService 'applicationTaskExecutor'
2020-06-23 15:42:45,217 [main] INFO  o.s.b.a.w.s.WelcomePageHandlerMapping 58 - Adding welcome page template: index
2020-06-23 15:43:02,438 [main] INFO  o.a.coyote.http11.Http11NioProtocol 173 - Starting ProtocolHandler ["http-nio-8080"]
2020-06-23 15:43:03,066 [main] INFO  o.s.b.w.e.tomcat.TomcatWebServer 202 - Tomcat started on port(s): 8080 (http) with context path ''
2020-06-23 15:43:03,192 [main] INFO  jp.co.lyc.cms.ApplicationMain 59 - Started ApplicationMain in 39.305 seconds (JVM running for 40.558)
2020-06-23 15:44:54,607 [http-nio-8080-exec-1] INFO  o.a.c.c.C.[Tomcat].[localhost].[/] 173 - Initializing Spring DispatcherServlet 'dispatcherServlet'
2020-06-23 15:44:54,612 [http-nio-8080-exec-1] INFO  o.s.web.servlet.DispatcherServlet 524 - Initializing Servlet 'dispatcherServlet'
2020-06-23 15:44:55,169 [http-nio-8080-exec-1] INFO  o.s.web.servlet.DispatcherServlet 546 - Completed initialization in 553 ms
2020-06-23 15:55:00,607 [RMI TCP Connection(2)-127.0.0.1] INFO  o.s.b.a.SpringApplicationAdminMXBeanRegistrar$SpringApplicationAdmin 159 - Application shutdown requested.
2020-06-23 15:55:00,720 [RMI TCP Connection(2)-127.0.0.1] INFO  o.s.s.c.ThreadPoolTaskExecutor 208 - Shutting down ExecutorService 'applicationTaskExecutor'
2020-06-23 15:55:18,031 [main] INFO  jp.co.lyc.cms.ApplicationMain 50 - Starting ApplicationMain on LAPTOP-A94PII7T with PID 16224 (E:\LYC_CMS\target\classes started by Vin.Young in E:\LYC_CMS)
2020-06-23 15:55:18,035 [main] INFO  jp.co.lyc.cms.ApplicationMain 647 - No active profile set, falling back to default profiles: default
2020-06-23 15:55:19,030 [main] INFO  o.s.b.w.e.tomcat.TomcatWebServer 90 - Tomcat initialized with port(s): 8080 (http)
2020-06-23 15:55:19,042 [main] INFO  o.a.coyote.http11.Http11NioProtocol 173 - Initializing ProtocolHandler ["http-nio-8080"]
2020-06-23 15:55:19,048 [main] INFO  o.a.catalina.core.StandardService 173 - Starting service [Tomcat]
2020-06-23 15:55:19,048 [main] INFO  o.a.catalina.core.StandardEngine 173 - Starting Servlet engine: [Apache Tomcat/9.0.22]
2020-06-23 15:55:19,135 [main] INFO  o.a.c.c.C.[Tomcat].[localhost].[/] 173 - Initializing Spring embedded WebApplicationContext
2020-06-23 15:55:19,135 [main] INFO  o.s.web.context.ContextLoader 284 - Root WebApplicationContext: initialization completed in 1040 ms
2020-06-23 15:55:33,696 [main] INFO  o.s.s.c.ThreadPoolTaskExecutor 171 - Initializing ExecutorService 'applicationTaskExecutor'
2020-06-23 15:55:39,378 [main] INFO  o.s.b.a.w.s.WelcomePageHandlerMapping 58 - Adding welcome page template: index
2020-06-23 15:55:56,234 [main] INFO  o.a.coyote.http11.Http11NioProtocol 173 - Starting ProtocolHandler ["http-nio-8080"]
2020-06-23 15:55:56,864 [main] INFO  o.s.b.w.e.tomcat.TomcatWebServer 202 - Tomcat started on port(s): 8080 (http) with context path ''
2020-06-23 15:55:56,967 [main] INFO  jp.co.lyc.cms.ApplicationMain 59 - Started ApplicationMain in 39.373 seconds (JVM running for 40.639)
2020-06-23 16:01:09,190 [http-nio-8080-exec-1] INFO  o.a.c.c.C.[Tomcat].[localhost].[/] 173 - Initializing Spring DispatcherServlet 'dispatcherServlet'
2020-06-23 16:01:09,196 [http-nio-8080-exec-1] INFO  o.s.web.servlet.DispatcherServlet 524 - Initializing Servlet 'dispatcherServlet'
2020-06-23 16:01:09,736 [http-nio-8080-exec-1] INFO  o.s.web.servlet.DispatcherServlet 546 - Completed initialization in 536 ms
2020-06-23 16:03:22,665 [main] INFO  jp.co.lyc.cms.ApplicationMain 50 - Starting ApplicationMain on LAPTOP-A94PII7T with PID 18476 (E:\LYC_CMS\target\classes started by Vin.Young in E:\LYC_CMS)
2020-06-23 16:03:22,668 [main] INFO  jp.co.lyc.cms.ApplicationMain 647 - No active profile set, falling back to default profiles: default
2020-06-23 16:03:23,638 [main] INFO  o.s.b.w.e.tomcat.TomcatWebServer 90 - Tomcat initialized with port(s): 8080 (http)
2020-06-23 16:03:23,649 [main] INFO  o.a.coyote.http11.Http11NioProtocol 173 - Initializing ProtocolHandler ["http-nio-8080"]
2020-06-23 16:03:23,655 [main] INFO  o.a.catalina.core.StandardService 173 - Starting service [Tomcat]
2020-06-23 16:03:23,655 [main] INFO  o.a.catalina.core.StandardEngine 173 - Starting Servlet engine: [Apache Tomcat/9.0.22]
2020-06-23 16:03:23,744 [main] INFO  o.a.c.c.C.[Tomcat].[localhost].[/] 173 - Initializing Spring embedded WebApplicationContext
2020-06-23 16:03:23,744 [main] INFO  o.s.web.context.ContextLoader 284 - Root WebApplicationContext: initialization completed in 1040 ms
2020-06-23 16:03:24,194 [main] INFO  o.s.s.c.ThreadPoolTaskExecutor 171 - Initializing ExecutorService 'applicationTaskExecutor'
2020-06-23 16:03:24,248 [main] INFO  o.s.b.a.w.s.WelcomePageHandlerMapping 58 - Adding welcome page template: index
2020-06-23 16:03:24,394 [main] INFO  o.a.coyote.http11.Http11NioProtocol 173 - Starting ProtocolHandler ["http-nio-8080"]
2020-06-23 16:03:24,415 [main] INFO  o.s.b.w.e.tomcat.TomcatWebServer 202 - Tomcat started on port(s): 8080 (http) with context path ''
2020-06-23 16:03:24,419 [main] INFO  jp.co.lyc.cms.ApplicationMain 59 - Started ApplicationMain in 2.214 seconds (JVM running for 3.48)
2020-06-23 16:03:41,831 [http-nio-8080-exec-1] INFO  o.a.c.c.C.[Tomcat].[localhost].[/] 173 - Initializing Spring DispatcherServlet 'dispatcherServlet'
2020-06-23 16:03:41,831 [http-nio-8080-exec-1] INFO  o.s.web.servlet.DispatcherServlet 524 - Initializing Servlet 'dispatcherServlet'
2020-06-23 16:03:41,837 [http-nio-8080-exec-1] INFO  o.s.web.servlet.DispatcherServlet 546 - Completed initialization in 6 ms
2020-06-23 16:04:12,450 [main] INFO  jp.co.lyc.cms.ApplicationMain 50 - Starting ApplicationMain on LAPTOP-A94PII7T with PID 7116 (E:\LYC_CMS\target\classes started by Vin.Young in E:\LYC_CMS)
2020-06-23 16:04:12,454 [main] INFO  jp.co.lyc.cms.ApplicationMain 647 - No active profile set, falling back to default profiles: default
2020-06-23 16:04:13,417 [main] INFO  o.s.b.w.e.tomcat.TomcatWebServer 90 - Tomcat initialized with port(s): 8080 (http)
2020-06-23 16:04:13,429 [main] INFO  o.a.coyote.http11.Http11NioProtocol 173 - Initializing ProtocolHandler ["http-nio-8080"]
2020-06-23 16:04:13,435 [main] INFO  o.a.catalina.core.StandardService 173 - Starting service [Tomcat]
2020-06-23 16:04:13,435 [main] INFO  o.a.catalina.core.StandardEngine 173 - Starting Servlet engine: [Apache Tomcat/9.0.22]
2020-06-23 16:04:13,524 [main] INFO  o.a.c.c.C.[Tomcat].[localhost].[/] 173 - Initializing Spring embedded WebApplicationContext
2020-06-23 16:04:13,525 [main] INFO  o.s.web.context.ContextLoader 284 - Root WebApplicationContext: initialization completed in 1036 ms
2020-06-23 16:04:13,985 [main] INFO  o.s.s.c.ThreadPoolTaskExecutor 171 - Initializing ExecutorService 'applicationTaskExecutor'
2020-06-23 16:04:14,041 [main] INFO  o.s.b.a.w.s.WelcomePageHandlerMapping 58 - Adding welcome page template: index
2020-06-23 16:04:14,191 [main] INFO  o.a.coyote.http11.Http11NioProtocol 173 - Starting ProtocolHandler ["http-nio-8080"]
2020-06-23 16:04:14,212 [main] INFO  o.s.b.w.e.tomcat.TomcatWebServer 202 - Tomcat started on port(s): 8080 (http) with context path ''
2020-06-23 16:04:14,216 [main] INFO  jp.co.lyc.cms.ApplicationMain 59 - Started ApplicationMain in 2.229 seconds (JVM running for 3.483)
2020-06-23 16:04:19,616 [http-nio-8080-exec-1] INFO  o.a.c.c.C.[Tomcat].[localhost].[/] 173 - Initializing Spring DispatcherServlet 'dispatcherServlet'
2020-06-23 16:04:19,616 [http-nio-8080-exec-1] INFO  o.s.web.servlet.DispatcherServlet 524 - Initializing Servlet 'dispatcherServlet'
2020-06-23 16:04:19,622 [http-nio-8080-exec-1] INFO  o.s.web.servlet.DispatcherServlet 546 - Completed initialization in 5 ms
2020-06-23 16:15:13,825 [main] INFO  jp.co.lyc.cms.ApplicationMain 50 - Starting ApplicationMain on LAPTOP-A94PII7T with PID 17612 (E:\LYC_CMS\target\classes started by Vin.Young in E:\LYC_CMS)
2020-06-23 16:15:13,859 [main] INFO  jp.co.lyc.cms.ApplicationMain 647 - No active profile set, falling back to default profiles: default
2020-06-23 16:15:14,815 [main] INFO  o.s.b.w.e.tomcat.TomcatWebServer 90 - Tomcat initialized with port(s): 8080 (http)
2020-06-23 16:15:14,827 [main] INFO  o.a.coyote.http11.Http11NioProtocol 173 - Initializing ProtocolHandler ["http-nio-8080"]
2020-06-23 16:15:14,833 [main] INFO  o.a.catalina.core.StandardService 173 - Starting service [Tomcat]
2020-06-23 16:15:14,833 [main] INFO  o.a.catalina.core.StandardEngine 173 - Starting Servlet engine: [Apache Tomcat/9.0.22]
2020-06-23 16:15:14,912 [main] INFO  o.a.c.c.C.[Tomcat].[localhost].[/] 173 - Initializing Spring embedded WebApplicationContext
2020-06-23 16:15:14,912 [main] INFO  o.s.web.context.ContextLoader 284 - Root WebApplicationContext: initialization completed in 1017 ms
2020-06-23 16:15:15,369 [main] INFO  o.s.s.c.ThreadPoolTaskExecutor 171 - Initializing ExecutorService 'applicationTaskExecutor'
2020-06-23 16:15:15,427 [main] INFO  o.s.b.a.w.s.WelcomePageHandlerMapping 58 - Adding welcome page template: index
2020-06-23 16:15:15,574 [main] INFO  o.a.coyote.http11.Http11NioProtocol 173 - Starting ProtocolHandler ["http-nio-8080"]
2020-06-23 16:15:15,597 [main] INFO  o.s.b.w.e.tomcat.TomcatWebServer 202 - Tomcat started on port(s): 8080 (http) with context path ''
2020-06-23 16:15:15,601 [main] INFO  jp.co.lyc.cms.ApplicationMain 59 - Started ApplicationMain in 2.199 seconds (JVM running for 3.452)
2020-06-23 16:15:21,501 [http-nio-8080-exec-1] INFO  o.a.c.c.C.[Tomcat].[localhost].[/] 173 - Initializing Spring DispatcherServlet 'dispatcherServlet'
2020-06-23 16:15:21,501 [http-nio-8080-exec-1] INFO  o.s.web.servlet.DispatcherServlet 524 - Initializing Servlet 'dispatcherServlet'
2020-06-23 16:15:21,507 [http-nio-8080-exec-1] INFO  o.s.web.servlet.DispatcherServlet 546 - Completed initialization in 6 ms
2020-06-23 16:17:50,163 [http-nio-8080-exec-4] WARN  o.s.w.s.m.s.DefaultHandlerExceptionResolver 198 - Resolved [org.springframework.web.HttpRequestMethodNotSupportedException: Request method 'GET' not supported]
2020-06-23 16:17:53,933 [http-nio-8080-exec-7] WARN  o.s.w.s.m.s.DefaultHandlerExceptionResolver 198 - Resolved [org.springframework.web.HttpRequestMethodNotSupportedException: Request method 'GET' not supported]
2020-06-23 16:17:54,662 [http-nio-8080-exec-9] WARN  o.s.w.s.m.s.DefaultHandlerExceptionResolver 198 - Resolved [org.springframework.web.HttpRequestMethodNotSupportedException: Request method 'GET' not supported]
2020-06-23 16:17:54,846 [http-nio-8080-exec-1] WARN  o.s.w.s.m.s.DefaultHandlerExceptionResolver 198 - Resolved [org.springframework.web.HttpRequestMethodNotSupportedException: Request method 'GET' not supported]
2020-06-23 16:17:54,979 [http-nio-8080-exec-3] WARN  o.s.w.s.m.s.DefaultHandlerExceptionResolver 198 - Resolved [org.springframework.web.HttpRequestMethodNotSupportedException: Request method 'GET' not supported]
2020-06-23 17:15:53,129 [main] INFO  jp.co.lyc.cms.ApplicationMain 50 - Starting ApplicationMain on LAPTOP-A94PII7T with PID 12200 (E:\LYC_CMS\target\classes started by Vin.Young in E:\LYC_CMS)
2020-06-23 17:15:53,132 [main] INFO  jp.co.lyc.cms.ApplicationMain 647 - No active profile set, falling back to default profiles: default
2020-06-23 17:15:54,084 [main] INFO  o.s.b.w.e.tomcat.TomcatWebServer 90 - Tomcat initialized with port(s): 8080 (http)
2020-06-23 17:15:54,096 [main] INFO  o.a.coyote.http11.Http11NioProtocol 173 - Initializing ProtocolHandler ["http-nio-8080"]
2020-06-23 17:15:54,101 [main] INFO  o.a.catalina.core.StandardService 173 - Starting service [Tomcat]
2020-06-23 17:15:54,101 [main] INFO  o.a.catalina.core.StandardEngine 173 - Starting Servlet engine: [Apache Tomcat/9.0.22]
2020-06-23 17:15:54,182 [main] INFO  o.a.c.c.C.[Tomcat].[localhost].[/] 173 - Initializing Spring embedded WebApplicationContext
2020-06-23 17:15:54,182 [main] INFO  o.s.web.context.ContextLoader 284 - Root WebApplicationContext: initialization completed in 1016 ms
2020-06-23 17:15:54,631 [main] INFO  o.s.s.c.ThreadPoolTaskExecutor 171 - Initializing ExecutorService 'applicationTaskExecutor'
2020-06-23 17:15:54,685 [main] INFO  o.s.b.a.w.s.WelcomePageHandlerMapping 58 - Adding welcome page template: index
2020-06-23 17:15:54,833 [main] INFO  o.a.coyote.http11.Http11NioProtocol 173 - Starting ProtocolHandler ["http-nio-8080"]
2020-06-23 17:15:54,856 [main] INFO  o.s.b.w.e.tomcat.TomcatWebServer 202 - Tomcat started on port(s): 8080 (http) with context path ''
2020-06-23 17:15:54,860 [main] INFO  jp.co.lyc.cms.ApplicationMain 59 - Started ApplicationMain in 2.184 seconds (JVM running for 3.442)
2020-06-23 17:16:18,207 [http-nio-8080-exec-1] INFO  o.a.c.c.C.[Tomcat].[localhost].[/] 173 - Initializing Spring DispatcherServlet 'dispatcherServlet'
2020-06-23 17:16:18,208 [http-nio-8080-exec-1] INFO  o.s.web.servlet.DispatcherServlet 524 - Initializing Servlet 'dispatcherServlet'
2020-06-23 17:16:18,213 [http-nio-8080-exec-1] INFO  o.s.web.servlet.DispatcherServlet 546 - Completed initialization in 5 ms
2020-06-23 17:17:05,588 [http-nio-8080-exec-2] INFO  j.c.l.c.controller.SubCostController 78 - GetEmployeeInfoController.getEmployeeInfo:アープデート開始
2020-06-23 17:17:07,528 [http-nio-8080-exec-2] INFO  com.zaxxer.hikari.HikariDataSource 110 - HikariPool-1 - Starting...
2020-06-23 17:17:15,714 [http-nio-8080-exec-2] INFO  com.zaxxer.hikari.HikariDataSource 123 - HikariPool-1 - Start completed.
2020-06-23 17:18:17,017 [main] INFO  jp.co.lyc.cms.ApplicationMain 50 - Starting ApplicationMain on LAPTOP-A94PII7T with PID 18704 (E:\LYC_CMS\target\classes started by Vin.Young in E:\LYC_CMS)
2020-06-23 17:18:17,021 [main] INFO  jp.co.lyc.cms.ApplicationMain 647 - No active profile set, falling back to default profiles: default
2020-06-23 17:18:17,996 [main] INFO  o.s.b.w.e.tomcat.TomcatWebServer 90 - Tomcat initialized with port(s): 8080 (http)
2020-06-23 17:18:18,007 [main] INFO  o.a.coyote.http11.Http11NioProtocol 173 - Initializing ProtocolHandler ["http-nio-8080"]
2020-06-23 17:18:18,013 [main] INFO  o.a.catalina.core.StandardService 173 - Starting service [Tomcat]
2020-06-23 17:18:18,014 [main] INFO  o.a.catalina.core.StandardEngine 173 - Starting Servlet engine: [Apache Tomcat/9.0.22]
2020-06-23 17:18:18,096 [main] INFO  o.a.c.c.C.[Tomcat].[localhost].[/] 173 - Initializing Spring embedded WebApplicationContext
2020-06-23 17:18:18,096 [main] INFO  o.s.web.context.ContextLoader 284 - Root WebApplicationContext: initialization completed in 1043 ms
2020-06-23 17:18:18,551 [main] INFO  o.s.s.c.ThreadPoolTaskExecutor 171 - Initializing ExecutorService 'applicationTaskExecutor'
2020-06-23 17:18:18,606 [main] INFO  o.s.b.a.w.s.WelcomePageHandlerMapping 58 - Adding welcome page template: index
2020-06-23 17:18:18,753 [main] INFO  o.a.coyote.http11.Http11NioProtocol 173 - Starting ProtocolHandler ["http-nio-8080"]
2020-06-23 17:18:18,774 [main] INFO  o.s.b.w.e.tomcat.TomcatWebServer 202 - Tomcat started on port(s): 8080 (http) with context path ''
2020-06-23 17:18:18,777 [main] INFO  jp.co.lyc.cms.ApplicationMain 59 - Started ApplicationMain in 2.21 seconds (JVM running for 3.473)
2020-06-23 17:18:37,806 [http-nio-8080-exec-1] INFO  o.a.c.c.C.[Tomcat].[localhost].[/] 173 - Initializing Spring DispatcherServlet 'dispatcherServlet'
2020-06-23 17:18:37,806 [http-nio-8080-exec-1] INFO  o.s.web.servlet.DispatcherServlet 524 - Initializing Servlet 'dispatcherServlet'
2020-06-23 17:18:37,812 [http-nio-8080-exec-1] INFO  o.s.web.servlet.DispatcherServlet 546 - Completed initialization in 6 ms
2020-06-23 17:18:56,509 [http-nio-8080-exec-1] INFO  j.c.l.c.controller.SubCostController 78 - GetEmployeeInfoController.getEmployeeInfo:アープデート開始
2020-06-23 17:18:59,210 [http-nio-8080-exec-1] INFO  com.zaxxer.hikari.HikariDataSource 110 - HikariPool-1 - Starting...
2020-06-23 17:19:07,148 [http-nio-8080-exec-1] INFO  com.zaxxer.hikari.HikariDataSource 123 - HikariPool-1 - Start completed.
2020-06-23 17:20:53,521 [main] INFO  jp.co.lyc.cms.ApplicationMain 50 - Starting ApplicationMain on LAPTOP-A94PII7T with PID 15024 (E:\LYC_CMS\target\classes started by Vin.Young in E:\LYC_CMS)
2020-06-23 17:20:53,526 [main] INFO  jp.co.lyc.cms.ApplicationMain 647 - No active profile set, falling back to default profiles: default
2020-06-23 17:20:54,554 [main] INFO  o.s.b.w.e.tomcat.TomcatWebServer 90 - Tomcat initialized with port(s): 8080 (http)
2020-06-23 17:20:54,565 [main] INFO  o.a.coyote.http11.Http11NioProtocol 173 - Initializing ProtocolHandler ["http-nio-8080"]
2020-06-23 17:20:54,572 [main] INFO  o.a.catalina.core.StandardService 173 - Starting service [Tomcat]
2020-06-23 17:20:54,572 [main] INFO  o.a.catalina.core.StandardEngine 173 - Starting Servlet engine: [Apache Tomcat/9.0.22]
2020-06-23 17:20:54,660 [main] INFO  o.a.c.c.C.[Tomcat].[localhost].[/] 173 - Initializing Spring embedded WebApplicationContext
2020-06-23 17:20:54,660 [main] INFO  o.s.web.context.ContextLoader 284 - Root WebApplicationContext: initialization completed in 1094 ms
2020-06-23 17:20:55,171 [main] INFO  o.s.s.c.ThreadPoolTaskExecutor 171 - Initializing ExecutorService 'applicationTaskExecutor'
2020-06-23 17:20:55,242 [main] INFO  o.s.b.a.w.s.WelcomePageHandlerMapping 58 - Adding welcome page template: index
2020-06-23 17:20:55,408 [main] INFO  o.a.coyote.http11.Http11NioProtocol 173 - Starting ProtocolHandler ["http-nio-8080"]
2020-06-23 17:20:55,430 [main] INFO  o.s.b.w.e.tomcat.TomcatWebServer 202 - Tomcat started on port(s): 8080 (http) with context path ''
2020-06-23 17:20:55,433 [main] INFO  jp.co.lyc.cms.ApplicationMain 59 - Started ApplicationMain in 2.374 seconds (JVM running for 3.65)
2020-06-23 17:21:52,687 [http-nio-8080-exec-1] INFO  o.a.c.c.C.[Tomcat].[localhost].[/] 173 - Initializing Spring DispatcherServlet 'dispatcherServlet'
2020-06-23 17:21:52,687 [http-nio-8080-exec-1] INFO  o.s.web.servlet.DispatcherServlet 524 - Initializing Servlet 'dispatcherServlet'
2020-06-23 17:21:52,692 [http-nio-8080-exec-1] INFO  o.s.web.servlet.DispatcherServlet 546 - Completed initialization in 5 ms
2020-06-23 17:22:03,745 [http-nio-8080-exec-1] INFO  j.c.l.c.controller.SubCostController 78 - GetEmployeeInfoController.getEmployeeInfo:アープデート開始
2020-06-23 17:22:06,002 [http-nio-8080-exec-1] INFO  com.zaxxer.hikari.HikariDataSource 110 - HikariPool-1 - Starting...
2020-06-23 17:22:13,951 [http-nio-8080-exec-1] INFO  com.zaxxer.hikari.HikariDataSource 123 - HikariPool-1 - Start completed.
2020-06-23 17:23:00,351 [http-nio-8080-exec-2] INFO  j.c.l.c.controller.SubCostController 78 - GetEmployeeInfoController.getEmployeeInfo:アープデート開始
2020-06-23 17:28:42,040 [http-nio-8080-exec-3] INFO  j.c.l.c.controller.SubCostController 78 - GetEmployeeInfoController.getEmployeeInfo:アープデート開始
2020-06-23 17:39:12,292 [main] INFO  jp.co.lyc.cms.ApplicationMain 50 - Starting ApplicationMain on LAPTOP-A94PII7T with PID 15400 (E:\LYC_CMS\target\classes started by Vin.Young in E:\LYC_CMS)
2020-06-23 17:39:12,296 [main] INFO  jp.co.lyc.cms.ApplicationMain 647 - No active profile set, falling back to default profiles: default
2020-06-23 17:39:13,277 [main] INFO  o.s.b.w.e.tomcat.TomcatWebServer 90 - Tomcat initialized with port(s): 8080 (http)
2020-06-23 17:39:13,288 [main] INFO  o.a.coyote.http11.Http11NioProtocol 173 - Initializing ProtocolHandler ["http-nio-8080"]
2020-06-23 17:39:13,294 [main] INFO  o.a.catalina.core.StandardService 173 - Starting service [Tomcat]
2020-06-23 17:39:13,294 [main] INFO  o.a.catalina.core.StandardEngine 173 - Starting Servlet engine: [Apache Tomcat/9.0.22]
2020-06-23 17:39:13,379 [main] INFO  o.a.c.c.C.[Tomcat].[localhost].[/] 173 - Initializing Spring embedded WebApplicationContext
2020-06-23 17:39:13,380 [main] INFO  o.s.web.context.ContextLoader 284 - Root WebApplicationContext: initialization completed in 1026 ms
2020-06-23 17:39:13,899 [main] INFO  o.s.s.c.ThreadPoolTaskExecutor 171 - Initializing ExecutorService 'applicationTaskExecutor'
2020-06-23 17:39:13,957 [main] INFO  o.s.b.a.w.s.WelcomePageHandlerMapping 58 - Adding welcome page template: index
2020-06-23 17:39:14,109 [main] INFO  o.a.coyote.http11.Http11NioProtocol 173 - Starting ProtocolHandler ["http-nio-8080"]
2020-06-23 17:39:14,130 [main] INFO  o.s.b.w.e.tomcat.TomcatWebServer 202 - Tomcat started on port(s): 8080 (http) with context path ''
2020-06-23 17:39:14,133 [main] INFO  jp.co.lyc.cms.ApplicationMain 59 - Started ApplicationMain in 2.281 seconds (JVM running for 3.514)
2020-06-23 17:39:28,714 [http-nio-8080-exec-1] INFO  o.a.c.c.C.[Tomcat].[localhost].[/] 173 - Initializing Spring DispatcherServlet 'dispatcherServlet'
2020-06-23 17:39:28,714 [http-nio-8080-exec-1] INFO  o.s.web.servlet.DispatcherServlet 524 - Initializing Servlet 'dispatcherServlet'
2020-06-23 17:39:28,720 [http-nio-8080-exec-1] INFO  o.s.web.servlet.DispatcherServlet 546 - Completed initialization in 6 ms
2020-06-23 17:39:33,326 [http-nio-8080-exec-1] INFO  j.c.l.c.controller.SubCostController 78 - GetEmployeeInfoController.getEmployeeInfo:アープデート開始
2020-06-23 17:39:33,345 [http-nio-8080-exec-1] INFO  com.zaxxer.hikari.HikariDataSource 110 - HikariPool-1 - Starting...
2020-06-23 17:39:34,209 [http-nio-8080-exec-1] INFO  com.zaxxer.hikari.HikariDataSource 123 - HikariPool-1 - Start completed.
2020-06-23 17:42:36,163 [http-nio-8080-exec-2] INFO  j.c.l.c.controller.SubCostController 78 - GetEmployeeInfoController.getEmployeeInfo:アープデート開始
2020-06-23 17:44:46,778 [main] INFO  jp.co.lyc.cms.ApplicationMain 50 - Starting ApplicationMain on LAPTOP-A94PII7T with PID 13912 (E:\LYC_CMS\target\classes started by Vin.Young in E:\LYC_CMS)
2020-06-23 17:44:46,782 [main] INFO  jp.co.lyc.cms.ApplicationMain 647 - No active profile set, falling back to default profiles: default
2020-06-23 17:44:47,784 [main] INFO  o.s.b.w.e.tomcat.TomcatWebServer 90 - Tomcat initialized with port(s): 8080 (http)
2020-06-23 17:44:47,797 [main] INFO  o.a.coyote.http11.Http11NioProtocol 173 - Initializing ProtocolHandler ["http-nio-8080"]
2020-06-23 17:44:47,802 [main] INFO  o.a.catalina.core.StandardService 173 - Starting service [Tomcat]
2020-06-23 17:44:47,802 [main] INFO  o.a.catalina.core.StandardEngine 173 - Starting Servlet engine: [Apache Tomcat/9.0.22]
2020-06-23 17:44:47,887 [main] INFO  o.a.c.c.C.[Tomcat].[localhost].[/] 173 - Initializing Spring embedded WebApplicationContext
2020-06-23 17:44:47,887 [main] INFO  o.s.web.context.ContextLoader 284 - Root WebApplicationContext: initialization completed in 1043 ms
2020-06-23 17:44:48,404 [main] INFO  o.s.s.c.ThreadPoolTaskExecutor 171 - Initializing ExecutorService 'applicationTaskExecutor'
2020-06-23 17:44:48,463 [main] INFO  o.s.b.a.w.s.WelcomePageHandlerMapping 58 - Adding welcome page template: index
2020-06-23 17:44:48,617 [main] INFO  o.a.coyote.http11.Http11NioProtocol 173 - Starting ProtocolHandler ["http-nio-8080"]
2020-06-23 17:44:48,640 [main] INFO  o.s.b.w.e.tomcat.TomcatWebServer 202 - Tomcat started on port(s): 8080 (http) with context path ''
2020-06-23 17:44:48,643 [main] INFO  jp.co.lyc.cms.ApplicationMain 59 - Started ApplicationMain in 2.315 seconds (JVM running for 3.575)
2020-06-23 17:44:53,494 [http-nio-8080-exec-1] INFO  o.a.c.c.C.[Tomcat].[localhost].[/] 173 - Initializing Spring DispatcherServlet 'dispatcherServlet'
2020-06-23 17:44:53,494 [http-nio-8080-exec-1] INFO  o.s.web.servlet.DispatcherServlet 524 - Initializing Servlet 'dispatcherServlet'
2020-06-23 17:44:53,501 [http-nio-8080-exec-1] INFO  o.s.web.servlet.DispatcherServlet 546 - Completed initialization in 7 ms
2020-06-23 17:44:55,508 [http-nio-8080-exec-1] INFO  j.c.l.c.controller.SubCostController 78 - GetEmployeeInfoController.getEmployeeInfo:アープデート開始
2020-06-23 17:44:55,525 [http-nio-8080-exec-1] INFO  com.zaxxer.hikari.HikariDataSource 110 - HikariPool-1 - Starting...
2020-06-23 17:44:56,441 [http-nio-8080-exec-1] INFO  com.zaxxer.hikari.HikariDataSource 123 - HikariPool-1 - Start completed.
2020-06-23 17:46:00,622 [http-nio-8080-exec-2] INFO  j.c.l.c.controller.SubCostController 78 - GetEmployeeInfoController.getEmployeeInfo:アープデート開始
2020-06-23 17:46:33,391 [http-nio-8080-exec-4] INFO  j.c.l.c.controller.SubCostController 78 - GetEmployeeInfoController.getEmployeeInfo:アープデート開始
2020-06-23 17:48:09,513 [main] INFO  jp.co.lyc.cms.ApplicationMain 50 - Starting ApplicationMain on LAPTOP-A94PII7T with PID 6848 (E:\LYC_CMS\target\classes started by Vin.Young in E:\LYC_CMS)
2020-06-23 17:48:09,517 [main] INFO  jp.co.lyc.cms.ApplicationMain 647 - No active profile set, falling back to default profiles: default
2020-06-23 17:48:10,510 [main] INFO  o.s.b.w.e.tomcat.TomcatWebServer 90 - Tomcat initialized with port(s): 8080 (http)
2020-06-23 17:48:10,521 [main] INFO  o.a.coyote.http11.Http11NioProtocol 173 - Initializing ProtocolHandler ["http-nio-8080"]
2020-06-23 17:48:10,526 [main] INFO  o.a.catalina.core.StandardService 173 - Starting service [Tomcat]
2020-06-23 17:48:10,526 [main] INFO  o.a.catalina.core.StandardEngine 173 - Starting Servlet engine: [Apache Tomcat/9.0.22]
2020-06-23 17:48:10,607 [main] INFO  o.a.c.c.C.[Tomcat].[localhost].[/] 173 - Initializing Spring embedded WebApplicationContext
2020-06-23 17:48:10,607 [main] INFO  o.s.web.context.ContextLoader 284 - Root WebApplicationContext: initialization completed in 1058 ms
2020-06-23 17:48:11,069 [main] INFO  o.s.s.c.ThreadPoolTaskExecutor 171 - Initializing ExecutorService 'applicationTaskExecutor'
2020-06-23 17:48:11,131 [main] INFO  o.s.b.a.w.s.WelcomePageHandlerMapping 58 - Adding welcome page template: index
2020-06-23 17:48:11,283 [main] INFO  o.a.coyote.http11.Http11NioProtocol 173 - Starting ProtocolHandler ["http-nio-8080"]
2020-06-23 17:48:11,305 [main] INFO  o.s.b.w.e.tomcat.TomcatWebServer 202 - Tomcat started on port(s): 8080 (http) with context path ''
2020-06-23 17:48:11,308 [main] INFO  jp.co.lyc.cms.ApplicationMain 59 - Started ApplicationMain in 2.256 seconds (JVM running for 3.511)
2020-06-23 17:48:20,640 [http-nio-8080-exec-1] INFO  o.a.c.c.C.[Tomcat].[localhost].[/] 173 - Initializing Spring DispatcherServlet 'dispatcherServlet'
2020-06-23 17:48:20,641 [http-nio-8080-exec-1] INFO  o.s.web.servlet.DispatcherServlet 524 - Initializing Servlet 'dispatcherServlet'
2020-06-23 17:48:20,648 [http-nio-8080-exec-1] INFO  o.s.web.servlet.DispatcherServlet 546 - Completed initialization in 7 ms
2020-06-23 17:48:22,591 [http-nio-8080-exec-1] INFO  j.c.l.c.controller.SubCostController 78 - GetEmployeeInfoController.getEmployeeInfo:アープデート開始
2020-06-23 17:48:22,610 [http-nio-8080-exec-1] INFO  com.zaxxer.hikari.HikariDataSource 110 - HikariPool-1 - Starting...
2020-06-23 17:48:23,506 [http-nio-8080-exec-1] INFO  com.zaxxer.hikari.HikariDataSource 123 - HikariPool-1 - Start completed.
2020-06-23 17:50:55,026 [main] INFO  jp.co.lyc.cms.ApplicationMain 50 - Starting ApplicationMain on LAPTOP-A94PII7T with PID 5248 (E:\LYC_CMS\target\classes started by Vin.Young in E:\LYC_CMS)
2020-06-23 17:50:55,031 [main] INFO  jp.co.lyc.cms.ApplicationMain 647 - No active profile set, falling back to default profiles: default
2020-06-23 17:50:56,066 [main] INFO  o.s.b.w.e.tomcat.TomcatWebServer 90 - Tomcat initialized with port(s): 8080 (http)
2020-06-23 17:50:56,076 [main] INFO  o.a.coyote.http11.Http11NioProtocol 173 - Initializing ProtocolHandler ["http-nio-8080"]
2020-06-23 17:50:56,082 [main] INFO  o.a.catalina.core.StandardService 173 - Starting service [Tomcat]
2020-06-23 17:50:56,082 [main] INFO  o.a.catalina.core.StandardEngine 173 - Starting Servlet engine: [Apache Tomcat/9.0.22]
2020-06-23 17:50:56,169 [main] INFO  o.a.c.c.C.[Tomcat].[localhost].[/] 173 - Initializing Spring embedded WebApplicationContext
2020-06-23 17:50:56,169 [main] INFO  o.s.web.context.ContextLoader 284 - Root WebApplicationContext: initialization completed in 1102 ms
2020-06-23 17:50:56,616 [main] INFO  o.s.s.c.ThreadPoolTaskExecutor 171 - Initializing ExecutorService 'applicationTaskExecutor'
2020-06-23 17:50:56,670 [main] INFO  o.s.b.a.w.s.WelcomePageHandlerMapping 58 - Adding welcome page template: index
2020-06-23 17:50:56,825 [main] INFO  o.a.coyote.http11.Http11NioProtocol 173 - Starting ProtocolHandler ["http-nio-8080"]
2020-06-23 17:50:56,845 [main] INFO  o.s.b.w.e.tomcat.TomcatWebServer 202 - Tomcat started on port(s): 8080 (http) with context path ''
2020-06-23 17:50:56,849 [main] INFO  jp.co.lyc.cms.ApplicationMain 59 - Started ApplicationMain in 2.285 seconds (JVM running for 3.569)
2020-06-23 17:51:03,222 [http-nio-8080-exec-1] INFO  o.a.c.c.C.[Tomcat].[localhost].[/] 173 - Initializing Spring DispatcherServlet 'dispatcherServlet'
2020-06-23 17:51:03,222 [http-nio-8080-exec-1] INFO  o.s.web.servlet.DispatcherServlet 524 - Initializing Servlet 'dispatcherServlet'
2020-06-23 17:51:03,228 [http-nio-8080-exec-1] INFO  o.s.web.servlet.DispatcherServlet 546 - Completed initialization in 6 ms
2020-06-23 17:51:04,743 [http-nio-8080-exec-1] INFO  j.c.l.c.controller.SubCostController 78 - GetEmployeeInfoController.getEmployeeInfo:アープデート開始
2020-06-23 17:51:04,766 [http-nio-8080-exec-1] INFO  com.zaxxer.hikari.HikariDataSource 110 - HikariPool-1 - Starting...
2020-06-23 17:51:05,665 [http-nio-8080-exec-1] INFO  com.zaxxer.hikari.HikariDataSource 123 - HikariPool-1 - Start completed.
2020-06-23 17:51:05,672 [http-nio-8080-exec-1] DEBUG j.c.l.c.m.GetCostMapper.selectCost 143 - ==>  Preparing: SELECT * FROM expenses_information WHERE employeeNo=? 
2020-06-23 17:51:05,692 [http-nio-8080-exec-1] DEBUG j.c.l.c.m.GetCostMapper.selectCost 143 - ==> Parameters: LYC001(String)
2020-06-23 17:51:05,714 [http-nio-8080-exec-1] DEBUG j.c.l.c.m.GetCostMapper.selectCost 143 - <==      Total: 1
2020-06-23 17:51:07,981 [http-nio-8080-exec-1] DEBUG j.c.l.c.m.GetCostMapper.updateCost 143 - ==>  Preparing: UPDATE expenses_information SET BonusFee = ?, InsuranceFee = ?, TransportationExpenses = ?, remark = ?, salary = ?, WaitingCost = ?, NextBonusMonth = ?, NextRaiseMonth = ?, updateTime = NOW(), createTime = NOW() WHERE employeeNo = ? 
2020-06-23 17:51:07,982 [http-nio-8080-exec-1] DEBUG j.c.l.c.m.GetCostMapper.updateCost 143 - ==> Parameters: 1111111(String), 11111(String), 12(String), 111(String), 1111111(String), 12(String), (String), (String), null
2020-06-23 17:51:07,983 [http-nio-8080-exec-1] DEBUG j.c.l.c.m.GetCostMapper.updateCost 143 - <==    Updates: 0
2020-06-23 17:54:23,622 [main] INFO  jp.co.lyc.cms.ApplicationMain 50 - Starting ApplicationMain on LAPTOP-A94PII7T with PID 10140 (E:\LYC_CMS\target\classes started by Vin.Young in E:\LYC_CMS)
2020-06-23 17:54:23,625 [main] INFO  jp.co.lyc.cms.ApplicationMain 647 - No active profile set, falling back to default profiles: default
2020-06-23 17:54:24,587 [main] INFO  o.s.b.w.e.tomcat.TomcatWebServer 90 - Tomcat initialized with port(s): 8080 (http)
2020-06-23 17:54:24,598 [main] INFO  o.a.coyote.http11.Http11NioProtocol 173 - Initializing ProtocolHandler ["http-nio-8080"]
2020-06-23 17:54:24,604 [main] INFO  o.a.catalina.core.StandardService 173 - Starting service [Tomcat]
2020-06-23 17:54:24,604 [main] INFO  o.a.catalina.core.StandardEngine 173 - Starting Servlet engine: [Apache Tomcat/9.0.22]
2020-06-23 17:54:24,685 [main] INFO  o.a.c.c.C.[Tomcat].[localhost].[/] 173 - Initializing Spring embedded WebApplicationContext
2020-06-23 17:54:24,686 [main] INFO  o.s.web.context.ContextLoader 284 - Root WebApplicationContext: initialization completed in 1028 ms
2020-06-23 17:54:25,168 [main] INFO  o.s.s.c.ThreadPoolTaskExecutor 171 - Initializing ExecutorService 'applicationTaskExecutor'
2020-06-23 17:54:25,225 [main] INFO  o.s.b.a.w.s.WelcomePageHandlerMapping 58 - Adding welcome page template: index
2020-06-23 17:54:25,375 [main] INFO  o.a.coyote.http11.Http11NioProtocol 173 - Starting ProtocolHandler ["http-nio-8080"]
2020-06-23 17:54:25,397 [main] INFO  o.s.b.w.e.tomcat.TomcatWebServer 202 - Tomcat started on port(s): 8080 (http) with context path ''
2020-06-23 17:54:25,401 [main] INFO  jp.co.lyc.cms.ApplicationMain 59 - Started ApplicationMain in 2.249 seconds (JVM running for 3.504)
2020-06-23 17:54:31,555 [http-nio-8080-exec-1] INFO  o.a.c.c.C.[Tomcat].[localhost].[/] 173 - Initializing Spring DispatcherServlet 'dispatcherServlet'
2020-06-23 17:54:31,555 [http-nio-8080-exec-1] INFO  o.s.web.servlet.DispatcherServlet 524 - Initializing Servlet 'dispatcherServlet'
2020-06-23 17:54:31,561 [http-nio-8080-exec-1] INFO  o.s.web.servlet.DispatcherServlet 546 - Completed initialization in 5 ms
2020-06-23 17:54:33,155 [http-nio-8080-exec-1] INFO  j.c.l.c.controller.SubCostController 78 - GetEmployeeInfoController.getEmployeeInfo:アープデート開始
2020-06-23 17:54:33,175 [http-nio-8080-exec-1] INFO  com.zaxxer.hikari.HikariDataSource 110 - HikariPool-1 - Starting...
2020-06-23 17:54:34,102 [http-nio-8080-exec-1] INFO  com.zaxxer.hikari.HikariDataSource 123 - HikariPool-1 - Start completed.
2020-06-23 17:54:34,109 [http-nio-8080-exec-1] DEBUG j.c.l.c.m.GetCostMapper.selectCost 143 - ==>  Preparing: SELECT * FROM expenses_information WHERE employeeNo=? 
2020-06-23 17:54:34,129 [http-nio-8080-exec-1] DEBUG j.c.l.c.m.GetCostMapper.selectCost 143 - ==> Parameters: LYC001(String)
2020-06-23 17:54:34,151 [http-nio-8080-exec-1] DEBUG j.c.l.c.m.GetCostMapper.selectCost 143 - <==      Total: 1
2020-06-23 17:54:36,708 [http-nio-8080-exec-1] DEBUG j.c.l.c.m.GetCostMapper.updateCost 143 - ==>  Preparing: UPDATE expenses_information SET BonusFee = ?, InsuranceFee = ?, TransportationExpenses = ?, remark = ?, salary = ?, WaitingCost = ?, NextBonusMonth = ?, NextRaiseMonth = ?, updateTime = NOW(), createTime = NOW() WHERE employeeNo = ? 
2020-06-23 17:54:36,709 [http-nio-8080-exec-1] DEBUG j.c.l.c.m.GetCostMapper.updateCost 143 - ==> Parameters: 1111111(String), 11111(String), 12(String), 111(String), 1111111(String), 12(String), (String), (String), LYC001(String)
2020-06-23 17:55:51,218 [main] INFO  jp.co.lyc.cms.ApplicationMain 50 - Starting ApplicationMain on LAPTOP-A94PII7T with PID 5408 (E:\LYC_CMS\target\classes started by Vin.Young in E:\LYC_CMS)
2020-06-23 17:55:51,221 [main] INFO  jp.co.lyc.cms.ApplicationMain 647 - No active profile set, falling back to default profiles: default
2020-06-23 17:55:52,247 [main] INFO  o.s.b.w.e.tomcat.TomcatWebServer 90 - Tomcat initialized with port(s): 8080 (http)
2020-06-23 17:55:52,259 [main] INFO  o.a.coyote.http11.Http11NioProtocol 173 - Initializing ProtocolHandler ["http-nio-8080"]
2020-06-23 17:55:52,265 [main] INFO  o.a.catalina.core.StandardService 173 - Starting service [Tomcat]
2020-06-23 17:55:52,265 [main] INFO  o.a.catalina.core.StandardEngine 173 - Starting Servlet engine: [Apache Tomcat/9.0.22]
2020-06-23 17:55:52,352 [main] INFO  o.a.c.c.C.[Tomcat].[localhost].[/] 173 - Initializing Spring embedded WebApplicationContext
2020-06-23 17:55:52,352 [main] INFO  o.s.web.context.ContextLoader 284 - Root WebApplicationContext: initialization completed in 1095 ms
2020-06-23 17:55:52,814 [main] INFO  o.s.s.c.ThreadPoolTaskExecutor 171 - Initializing ExecutorService 'applicationTaskExecutor'
2020-06-23 17:55:52,880 [main] INFO  o.s.b.a.w.s.WelcomePageHandlerMapping 58 - Adding welcome page template: index
2020-06-23 17:55:53,071 [main] INFO  o.a.coyote.http11.Http11NioProtocol 173 - Starting ProtocolHandler ["http-nio-8080"]
2020-06-23 17:55:53,102 [main] INFO  o.s.b.w.e.tomcat.TomcatWebServer 202 - Tomcat started on port(s): 8080 (http) with context path ''
2020-06-23 17:55:53,107 [main] INFO  jp.co.lyc.cms.ApplicationMain 59 - Started ApplicationMain in 2.424 seconds (JVM running for 3.713)
2020-06-23 17:56:02,419 [http-nio-8080-exec-1] INFO  o.a.c.c.C.[Tomcat].[localhost].[/] 173 - Initializing Spring DispatcherServlet 'dispatcherServlet'
2020-06-23 17:56:02,419 [http-nio-8080-exec-1] INFO  o.s.web.servlet.DispatcherServlet 524 - Initializing Servlet 'dispatcherServlet'
2020-06-23 17:56:02,425 [http-nio-8080-exec-1] INFO  o.s.web.servlet.DispatcherServlet 546 - Completed initialization in 6 ms
2020-06-23 17:56:05,875 [http-nio-8080-exec-1] INFO  j.c.l.c.controller.SubCostController 78 - GetEmployeeInfoController.getEmployeeInfo:アープデート開始
2020-06-23 17:56:05,894 [http-nio-8080-exec-1] INFO  com.zaxxer.hikari.HikariDataSource 110 - HikariPool-1 - Starting...
2020-06-23 17:56:06,754 [http-nio-8080-exec-1] INFO  com.zaxxer.hikari.HikariDataSource 123 - HikariPool-1 - Start completed.
2020-06-23 17:56:06,762 [http-nio-8080-exec-1] DEBUG j.c.l.c.m.GetCostMapper.selectCost 143 - ==>  Preparing: SELECT * FROM expenses_information WHERE employeeNo=? 
2020-06-23 17:56:06,784 [http-nio-8080-exec-1] DEBUG j.c.l.c.m.GetCostMapper.selectCost 143 - ==> Parameters: LYC001(String)
2020-06-23 17:56:06,806 [http-nio-8080-exec-1] DEBUG j.c.l.c.m.GetCostMapper.selectCost 143 - <==      Total: 1
2020-06-23 17:56:09,611 [http-nio-8080-exec-1] DEBUG j.c.l.c.m.GetCostMapper.updateCost 143 - ==>  Preparing: UPDATE expenses_information SET BonusFee = ?, InsuranceFee = ?, TransportationExpenses = ?, remark = ?, salary = ?, WaitingCost = ?, NextBonusMonth = ?, NextRaiseMonth = ?, WHERE employeeNo = ? 
2020-06-23 17:56:09,612 [http-nio-8080-exec-1] DEBUG j.c.l.c.m.GetCostMapper.updateCost 143 - ==> Parameters: 1111111(String), 11111(String), 12(String), 111(String), 1111111(String), 12(String), 06(String), 06(String), LYC001(String)
2020-06-23 17:57:58,891 [main] INFO  jp.co.lyc.cms.ApplicationMain 50 - Starting ApplicationMain on LAPTOP-A94PII7T with PID 10196 (E:\LYC_CMS\target\classes started by Vin.Young in E:\LYC_CMS)
2020-06-23 17:57:58,895 [main] INFO  jp.co.lyc.cms.ApplicationMain 647 - No active profile set, falling back to default profiles: default
2020-06-23 17:57:59,874 [main] INFO  o.s.b.w.e.tomcat.TomcatWebServer 90 - Tomcat initialized with port(s): 8080 (http)
2020-06-23 17:57:59,886 [main] INFO  o.a.coyote.http11.Http11NioProtocol 173 - Initializing ProtocolHandler ["http-nio-8080"]
2020-06-23 17:57:59,891 [main] INFO  o.a.catalina.core.StandardService 173 - Starting service [Tomcat]
2020-06-23 17:57:59,892 [main] INFO  o.a.catalina.core.StandardEngine 173 - Starting Servlet engine: [Apache Tomcat/9.0.22]
2020-06-23 17:57:59,975 [main] INFO  o.a.c.c.C.[Tomcat].[localhost].[/] 173 - Initializing Spring embedded WebApplicationContext
2020-06-23 17:57:59,975 [main] INFO  o.s.web.context.ContextLoader 284 - Root WebApplicationContext: initialization completed in 1048 ms
2020-06-23 17:58:00,459 [main] INFO  o.s.s.c.ThreadPoolTaskExecutor 171 - Initializing ExecutorService 'applicationTaskExecutor'
2020-06-23 17:58:00,515 [main] INFO  o.s.b.a.w.s.WelcomePageHandlerMapping 58 - Adding welcome page template: index
2020-06-23 17:58:00,672 [main] INFO  o.a.coyote.http11.Http11NioProtocol 173 - Starting ProtocolHandler ["http-nio-8080"]
2020-06-23 17:58:00,696 [main] INFO  o.s.b.w.e.tomcat.TomcatWebServer 202 - Tomcat started on port(s): 8080 (http) with context path ''
2020-06-23 17:58:00,699 [main] INFO  jp.co.lyc.cms.ApplicationMain 59 - Started ApplicationMain in 2.287 seconds (JVM running for 3.585)
2020-06-23 17:59:06,784 [http-nio-8080-exec-1] INFO  o.a.c.c.C.[Tomcat].[localhost].[/] 173 - Initializing Spring DispatcherServlet 'dispatcherServlet'
2020-06-23 17:59:06,785 [http-nio-8080-exec-1] INFO  o.s.web.servlet.DispatcherServlet 524 - Initializing Servlet 'dispatcherServlet'
2020-06-23 17:59:06,791 [http-nio-8080-exec-1] INFO  o.s.web.servlet.DispatcherServlet 546 - Completed initialization in 6 ms
2020-06-23 17:59:10,403 [http-nio-8080-exec-1] INFO  j.c.l.c.controller.SubCostController 78 - GetEmployeeInfoController.getEmployeeInfo:アープデート開始
2020-06-23 17:59:10,423 [http-nio-8080-exec-1] INFO  com.zaxxer.hikari.HikariDataSource 110 - HikariPool-1 - Starting...
2020-06-23 17:59:11,261 [http-nio-8080-exec-1] INFO  com.zaxxer.hikari.HikariDataSource 123 - HikariPool-1 - Start completed.
2020-06-23 17:59:11,268 [http-nio-8080-exec-1] DEBUG j.c.l.c.m.GetCostMapper.selectCost 143 - ==>  Preparing: SELECT * FROM expenses_information WHERE employeeNo=? 
2020-06-23 17:59:11,288 [http-nio-8080-exec-1] DEBUG j.c.l.c.m.GetCostMapper.selectCost 143 - ==> Parameters: LYC001(String)
2020-06-23 17:59:11,310 [http-nio-8080-exec-1] DEBUG j.c.l.c.m.GetCostMapper.selectCost 143 - <==      Total: 1
2020-06-23 17:59:13,030 [http-nio-8080-exec-1] DEBUG j.c.l.c.m.GetCostMapper.updateCost 143 - ==>  Preparing: UPDATE expenses_information SET BonusFee = ?, InsuranceFee = ?, TransportationExpenses = ?, remark = ?, salary = ?, WaitingCost = ?, NextBonusMonth = ?, NextRaiseMonth = ? WHERE employeeNo = ? 
2020-06-23 17:59:13,030 [http-nio-8080-exec-1] DEBUG j.c.l.c.m.GetCostMapper.updateCost 143 - ==> Parameters: 1111111(String), 11111(String), 12(String), 111(String), 111111(String), 12(String), 06(String), 06(String), LYC001(String)
2020-06-23 18:00:03,132 [http-nio-8080-exec-2] INFO  j.c.l.c.controller.SubCostController 78 - GetEmployeeInfoController.getEmployeeInfo:アープデート開始
2020-06-23 18:00:03,134 [http-nio-8080-exec-2] DEBUG j.c.l.c.m.GetCostMapper.selectCost 143 - ==>  Preparing: SELECT * FROM expenses_information WHERE employeeNo=? 
2020-06-23 18:00:03,135 [http-nio-8080-exec-2] DEBUG j.c.l.c.m.GetCostMapper.selectCost 143 - ==> Parameters: LYC001(String)
2020-06-23 18:00:03,137 [http-nio-8080-exec-2] DEBUG j.c.l.c.m.GetCostMapper.selectCost 143 - <==      Total: 1
2020-06-23 18:00:03,374 [http-nio-8080-exec-2] DEBUG j.c.l.c.m.GetCostMapper.updateCost 143 - ==>  Preparing: UPDATE expenses_information SET BonusFee = ?, InsuranceFee = ?, TransportationExpenses = ?, remark = ?, salary = ?, WaitingCost = ?, NextBonusMonth = ?, NextRaiseMonth = ? WHERE employeeNo = ? 
2020-06-23 18:00:03,376 [http-nio-8080-exec-2] DEBUG j.c.l.c.m.GetCostMapper.updateCost 143 - ==> Parameters: 111111(String), 11111(String), 12(String), 111(String), 111111(String), 12(String), 06(String), 06(String), LYC001(String)
2020-06-23 18:00:03,381 [http-nio-8080-exec-2] DEBUG j.c.l.c.m.GetCostMapper.updateCost 143 - <==    Updates: 1
