2019-09-19 15:16:34,660 [main] INFO  jp.co.lyc.cms.ApplicationMain 50 - Starting ApplicationMain on DESKTOP-GD7FF1R with PID 4952 (C:\E\workspacer\LYC_CMS\target\classes started by admin in C:\E\workspacer\LYC_CMS)
2019-09-19 15:16:34,679 [main] INFO  jp.co.lyc.cms.ApplicationMain 647 - No active profile set, falling back to default profiles: default
2019-09-19 15:16:37,807 [main] INFO  o.s.b.w.e.tomcat.TomcatWebServer 90 - Tomcat initialized with port(s): 8080 (http)
2019-09-19 15:16:37,843 [main] INFO  o.a.coyote.http11.Http11NioProtocol 173 - Initializing ProtocolHandler ["http-nio-8080"]
2019-09-19 15:16:37,879 [main] INFO  o.a.catalina.core.StandardService 173 - Starting service [Tomcat]
2019-09-19 15:16:37,880 [main] INFO  o.a.catalina.core.StandardEngine 173 - Starting Servlet engine: [Apache Tomcat/9.0.22]
2019-09-19 15:16:38,206 [main] INFO  o.a.c.c.C.[Tomcat].[localhost].[/] 173 - Initializing Spring embedded WebApplicationContext
2019-09-19 15:16:38,207 [main] INFO  o.s.web.context.ContextLoader 284 - Root WebApplicationContext: initialization completed in 3444 ms
2019-09-19 15:16:40,308 [main] INFO  o.s.s.c.ThreadPoolTaskExecutor 171 - Initializing ExecutorService 'applicationTaskExecutor'
2019-09-19 15:16:40,574 [main] INFO  o.s.b.a.w.s.WelcomePageHandlerMapping 58 - Adding welcome page template: index
2019-09-19 15:16:41,304 [main] INFO  o.a.coyote.http11.Http11NioProtocol 173 - Starting ProtocolHandler ["http-nio-8080"]
2019-09-19 15:16:41,487 [main] INFO  o.s.b.w.e.tomcat.TomcatWebServer 202 - Tomcat started on port(s): 8080 (http) with context path ''
2019-09-19 15:16:41,510 [main] INFO  jp.co.lyc.cms.ApplicationMain 59 - Started ApplicationMain in 8.247 seconds (JVM running for 22.636)
2019-09-19 15:17:05,103 [http-nio-8080-exec-1] INFO  o.a.c.c.C.[Tomcat].[localhost].[/] 173 - Initializing Spring DispatcherServlet 'dispatcherServlet'
2019-09-19 15:17:05,108 [http-nio-8080-exec-1] INFO  o.s.web.servlet.DispatcherServlet 524 - Initializing Servlet 'dispatcherServlet'
2019-09-19 15:17:05,135 [http-nio-8080-exec-1] INFO  o.s.web.servlet.DispatcherServlet 546 - Completed initialization in 27 ms
2019-09-19 15:17:14,916 [http-nio-8080-exec-8] INFO  j.c.l.cms.controller.LoginController 53 - LoginController.login:登録開始
2019-09-19 15:17:14,985 [http-nio-8080-exec-8] INFO  com.zaxxer.hikari.HikariDataSource 110 - HikariPool-1 - Starting...
2019-09-19 15:17:15,776 [http-nio-8080-exec-8] INFO  com.zaxxer.hikari.HikariDataSource 123 - HikariPool-1 - Start completed.
2019-09-19 15:17:15,866 [http-nio-8080-exec-8] INFO  j.c.l.cms.controller.LoginController 84 - loginController.login:登録開始
2019-09-19 15:17:15,867 [http-nio-8080-exec-8] INFO  j.c.l.cms.controller.LoginController 87 - 日志输出 info
2019-09-19 15:17:15,868 [http-nio-8080-exec-8] WARN  j.c.l.cms.controller.LoginController 88 - 日志输出 warn
2019-09-19 15:17:15,876 [http-nio-8080-exec-8] INFO  j.c.l.cms.controller.LoginController 91 - loginController.login:登録結束
2019-09-19 16:16:39,490 [main] INFO  jp.co.lyc.cms.ApplicationMain 50 - Starting ApplicationMain on DESKTOP-GD7FF1R with PID 11532 (C:\E\workspacer\LYC_CMS\target\classes started by admin in C:\E\workspacer\LYC_CMS)
2019-09-19 16:16:39,497 [main] INFO  jp.co.lyc.cms.ApplicationMain 647 - No active profile set, falling back to default profiles: default
2019-09-19 16:16:42,418 [main] INFO  o.s.b.w.e.tomcat.TomcatWebServer 90 - Tomcat initialized with port(s): 8080 (http)
2019-09-19 16:16:42,449 [main] INFO  o.a.coyote.http11.Http11NioProtocol 173 - Initializing ProtocolHandler ["http-nio-8080"]
2019-09-19 16:16:42,478 [main] INFO  o.a.catalina.core.StandardService 173 - Starting service [Tomcat]
2019-09-19 16:16:42,482 [main] INFO  o.a.catalina.core.StandardEngine 173 - Starting Servlet engine: [Apache Tomcat/9.0.22]
2019-09-19 16:16:42,836 [main] INFO  o.a.c.c.C.[Tomcat].[localhost].[/] 173 - Initializing Spring embedded WebApplicationContext
2019-09-19 16:16:42,837 [main] INFO  o.s.web.context.ContextLoader 284 - Root WebApplicationContext: initialization completed in 3247 ms
2019-09-19 16:16:44,028 [main] INFO  o.s.s.c.ThreadPoolTaskExecutor 171 - Initializing ExecutorService 'applicationTaskExecutor'
2019-09-19 16:16:44,640 [main] INFO  o.s.b.a.w.s.WelcomePageHandlerMapping 58 - Adding welcome page template: index
2019-09-19 16:16:45,100 [main] INFO  o.a.coyote.http11.Http11NioProtocol 173 - Starting ProtocolHandler ["http-nio-8080"]
2019-09-19 16:16:45,173 [main] INFO  o.s.b.w.e.tomcat.TomcatWebServer 202 - Tomcat started on port(s): 8080 (http) with context path ''
2019-09-19 16:16:45,180 [main] INFO  jp.co.lyc.cms.ApplicationMain 59 - Started ApplicationMain in 7.312 seconds (JVM running for 29.576)
2019-09-19 16:17:03,409 [http-nio-8080-exec-3] INFO  o.a.c.c.C.[Tomcat].[localhost].[/] 173 - Initializing Spring DispatcherServlet 'dispatcherServlet'
2019-09-19 16:17:03,412 [http-nio-8080-exec-3] INFO  o.s.web.servlet.DispatcherServlet 524 - Initializing Servlet 'dispatcherServlet'
2019-09-19 16:17:03,436 [http-nio-8080-exec-3] INFO  o.s.web.servlet.DispatcherServlet 546 - Completed initialization in 23 ms
2019-09-19 16:17:03,726 [http-nio-8080-exec-3] INFO  j.c.l.cms.controller.LoginController 53 - LoginController.login:登録開始
2019-09-19 16:17:03,792 [http-nio-8080-exec-3] INFO  com.zaxxer.hikari.HikariDataSource 110 - HikariPool-1 - Starting...
2019-09-19 16:17:04,198 [http-nio-8080-exec-3] INFO  com.zaxxer.hikari.HikariDataSource 123 - HikariPool-1 - Start completed.
2019-09-19 16:17:04,344 [http-nio-8080-exec-3] INFO  j.c.l.cms.controller.LoginController 84 - loginController.login:登録開始
2019-09-19 16:17:04,347 [http-nio-8080-exec-3] INFO  j.c.l.cms.controller.LoginController 87 - 日志输出 info
2019-09-19 16:17:04,348 [http-nio-8080-exec-3] WARN  j.c.l.cms.controller.LoginController 88 - 日志输出 warn
2019-09-19 16:17:04,350 [http-nio-8080-exec-3] INFO  j.c.l.cms.controller.LoginController 91 - loginController.login:登録結束
2019-09-19 17:30:28,739 [main] INFO  jp.co.lyc.cms.ApplicationMain 50 - Starting ApplicationMain on DESKTOP-GD7FF1R with PID 11224 (C:\E\workspacer\LYC_CMS\target\classes started by admin in C:\E\workspacer\LYC_CMS)
2019-09-19 17:30:28,751 [main] INFO  jp.co.lyc.cms.ApplicationMain 647 - No active profile set, falling back to default profiles: default
2019-09-19 17:30:31,814 [main] INFO  o.s.b.w.e.tomcat.TomcatWebServer 90 - Tomcat initialized with port(s): 8080 (http)
2019-09-19 17:30:31,844 [main] INFO  o.a.coyote.http11.Http11NioProtocol 173 - Initializing ProtocolHandler ["http-nio-8080"]
2019-09-19 17:30:31,870 [main] INFO  o.a.catalina.core.StandardService 173 - Starting service [Tomcat]
2019-09-19 17:30:31,871 [main] INFO  o.a.catalina.core.StandardEngine 173 - Starting Servlet engine: [Apache Tomcat/9.0.22]
2019-09-19 17:30:32,131 [main] INFO  o.a.c.c.C.[Tomcat].[localhost].[/] 173 - Initializing Spring embedded WebApplicationContext
2019-09-19 17:30:32,131 [main] INFO  o.s.web.context.ContextLoader 284 - Root WebApplicationContext: initialization completed in 3276 ms
2019-09-19 17:30:33,366 [main] INFO  o.s.s.c.ThreadPoolTaskExecutor 171 - Initializing ExecutorService 'applicationTaskExecutor'
2019-09-19 17:30:33,549 [main] INFO  o.s.b.a.w.s.WelcomePageHandlerMapping 58 - Adding welcome page template: index
2019-09-19 17:30:34,000 [main] INFO  o.a.coyote.http11.Http11NioProtocol 173 - Starting ProtocolHandler ["http-nio-8080"]
2019-09-19 17:30:34,077 [main] INFO  o.s.b.w.e.tomcat.TomcatWebServer 202 - Tomcat started on port(s): 8080 (http) with context path ''
2019-09-19 17:30:34,083 [main] INFO  jp.co.lyc.cms.ApplicationMain 59 - Started ApplicationMain in 6.573 seconds (JVM running for 24.386)
2019-09-19 17:30:50,946 [http-nio-8080-exec-3] INFO  o.a.c.c.C.[Tomcat].[localhost].[/] 173 - Initializing Spring DispatcherServlet 'dispatcherServlet'
2019-09-19 17:30:50,950 [http-nio-8080-exec-3] INFO  o.s.web.servlet.DispatcherServlet 524 - Initializing Servlet 'dispatcherServlet'
2019-09-19 17:30:50,972 [http-nio-8080-exec-3] INFO  o.s.web.servlet.DispatcherServlet 546 - Completed initialization in 21 ms
2019-09-19 17:30:51,141 [http-nio-8080-exec-3] INFO  j.c.l.cms.controller.LoginController 56 - LoginController.login:登録開始
2019-09-19 17:30:51,194 [http-nio-8080-exec-3] INFO  com.zaxxer.hikari.HikariDataSource 110 - HikariPool-1 - Starting...
2019-09-19 17:30:51,928 [http-nio-8080-exec-3] INFO  com.zaxxer.hikari.HikariDataSource 123 - HikariPool-1 - Start completed.
2019-09-19 17:30:52,057 [http-nio-8080-exec-3] INFO  j.c.l.cms.controller.LoginController 84 - loginController.login:登録開始
2019-09-19 17:30:52,058 [http-nio-8080-exec-3] INFO  j.c.l.cms.controller.LoginController 87 - 日志输出 info
2019-09-19 17:30:52,059 [http-nio-8080-exec-3] WARN  j.c.l.cms.controller.LoginController 88 - 日志输出 warn
2019-09-19 17:30:52,064 [http-nio-8080-exec-3] INFO  j.c.l.cms.controller.LoginController 91 - loginController.login:登録結束
2019-09-19 18:47:01,108 [http-nio-8080-exec-6] WARN  o.s.w.s.m.s.DefaultHandlerExceptionResolver 198 - Resolved [org.springframework.web.HttpRequestMethodNotSupportedException: Request method 'GET' not supported]
2019-09-19 18:47:15,108 [http-nio-8080-exec-8] INFO  j.c.l.cms.controller.LoginController 56 - LoginController.login:登録開始
2019-09-19 18:47:15,185 [http-nio-8080-exec-8] INFO  j.c.l.cms.controller.LoginController 84 - loginController.login:登録開始
2019-09-19 18:47:15,186 [http-nio-8080-exec-8] INFO  j.c.l.cms.controller.LoginController 87 - 日志输出 info
2019-09-19 18:47:15,187 [http-nio-8080-exec-8] WARN  j.c.l.cms.controller.LoginController 88 - 日志输出 warn
2019-09-19 18:47:15,189 [http-nio-8080-exec-8] INFO  j.c.l.cms.controller.LoginController 91 - loginController.login:登録結束
2019-09-19 18:54:12,993 [main] INFO  jp.co.lyc.cms.ApplicationMain 50 - Starting ApplicationMain on DESKTOP-GD7FF1R with PID 8940 (C:\E\workspacer\LYC_CMS\target\classes started by admin in C:\E\workspacer\LYC_CMS)
2019-09-19 18:54:13,006 [main] INFO  jp.co.lyc.cms.ApplicationMain 647 - No active profile set, falling back to default profiles: default
2019-09-19 18:54:19,063 [main] INFO  o.s.b.w.e.tomcat.TomcatWebServer 90 - Tomcat initialized with port(s): 8080 (http)
2019-09-19 18:54:19,127 [main] INFO  o.a.coyote.http11.Http11NioProtocol 173 - Initializing ProtocolHandler ["http-nio-8080"]
2019-09-19 18:54:19,187 [main] INFO  o.a.catalina.core.StandardService 173 - Starting service [Tomcat]
2019-09-19 18:54:19,189 [main] INFO  o.a.catalina.core.StandardEngine 173 - Starting Servlet engine: [Apache Tomcat/9.0.22]
2019-09-19 18:54:20,735 [main] INFO  o.a.c.c.C.[Tomcat].[localhost].[/] 173 - Initializing Spring embedded WebApplicationContext
2019-09-19 18:54:20,736 [main] INFO  o.s.web.context.ContextLoader 284 - Root WebApplicationContext: initialization completed in 7389 ms
2019-09-19 18:54:22,628 [main] INFO  o.s.s.c.ThreadPoolTaskExecutor 171 - Initializing ExecutorService 'applicationTaskExecutor'
2019-09-19 18:54:22,945 [main] INFO  o.s.b.a.w.s.WelcomePageHandlerMapping 58 - Adding welcome page template: index
2019-09-19 18:54:23,811 [main] INFO  o.a.coyote.http11.Http11NioProtocol 173 - Starting ProtocolHandler ["http-nio-8080"]
2019-09-19 18:54:24,028 [main] INFO  o.s.b.w.e.tomcat.TomcatWebServer 202 - Tomcat started on port(s): 8080 (http) with context path ''
2019-09-19 18:54:24,107 [main] INFO  jp.co.lyc.cms.ApplicationMain 59 - Started ApplicationMain in 13.765 seconds (JVM running for 32.956)
2019-09-19 18:55:02,985 [http-nio-8080-exec-3] INFO  o.a.c.c.C.[Tomcat].[localhost].[/] 173 - Initializing Spring DispatcherServlet 'dispatcherServlet'
2019-09-19 18:55:02,988 [http-nio-8080-exec-3] INFO  o.s.web.servlet.DispatcherServlet 524 - Initializing Servlet 'dispatcherServlet'
2019-09-19 18:55:03,035 [http-nio-8080-exec-3] INFO  o.s.web.servlet.DispatcherServlet 546 - Completed initialization in 46 ms
2019-09-19 18:55:32,643 [http-nio-8080-exec-6] INFO  j.c.l.cms.controller.LoginController 56 - LoginController.login:登録開始
2019-09-19 18:55:38,634 [http-nio-8080-exec-6] INFO  com.zaxxer.hikari.HikariDataSource 110 - HikariPool-1 - Starting...
2019-09-19 18:55:48,787 [http-nio-8080-exec-6] INFO  com.zaxxer.hikari.HikariDataSource 123 - HikariPool-1 - Start completed.
2019-09-19 18:55:52,542 [http-nio-8080-exec-6] INFO  j.c.l.cms.controller.LoginController 84 - loginController.login:登録開始
2019-09-19 18:55:52,545 [http-nio-8080-exec-6] INFO  j.c.l.cms.controller.LoginController 87 - 日志输出 info
2019-09-19 18:55:52,547 [http-nio-8080-exec-6] WARN  j.c.l.cms.controller.LoginController 88 - 日志输出 warn
2019-09-19 18:55:52,552 [http-nio-8080-exec-6] INFO  j.c.l.cms.controller.LoginController 91 - loginController.login:登録結束
2019-09-19 18:56:32,496 [http-nio-8080-exec-10] INFO  j.c.l.cms.controller.LoginController 56 - LoginController.login:登録開始
2019-09-19 18:56:33,289 [http-nio-8080-exec-10] INFO  j.c.l.cms.controller.LoginController 84 - loginController.login:登録開始
2019-09-19 18:56:33,293 [http-nio-8080-exec-10] INFO  j.c.l.cms.controller.LoginController 87 - 日志输出 info
2019-09-19 18:56:33,295 [http-nio-8080-exec-10] WARN  j.c.l.cms.controller.LoginController 88 - 日志输出 warn
2019-09-19 18:56:33,308 [http-nio-8080-exec-10] INFO  j.c.l.cms.controller.LoginController 91 - loginController.login:登録結束
