2020-06-24 14:36:52,437 [main] INFO  jp.co.lyc.cms.ApplicationMain 50 - Starting ApplicationMain on LAPTOP-A94PII7T with PID 13388 (E:\LYC_CMS\target\classes started by Vin.Young in E:\LYC_CMS)
2020-06-24 14:36:52,441 [main] INFO  jp.co.lyc.cms.ApplicationMain 647 - No active profile set, falling back to default profiles: default
2020-06-24 14:36:53,488 [main] INFO  o.s.b.w.e.tomcat.TomcatWebServer 90 - Tomcat initialized with port(s): 8080 (http)
2020-06-24 14:36:53,503 [main] INFO  o.a.coyote.http11.Http11NioProtocol 173 - Initializing ProtocolHandler ["http-nio-8080"]
2020-06-24 14:36:53,508 [main] INFO  o.a.catalina.core.StandardService 173 - Starting service [Tomcat]
2020-06-24 14:36:53,509 [main] INFO  o.a.catalina.core.StandardEngine 173 - Starting Servlet engine: [Apache Tomcat/9.0.22]
2020-06-24 14:36:53,597 [main] INFO  o.a.c.c.C.[Tomcat].[localhost].[/] 173 - Initializing Spring embedded WebApplicationContext
2020-06-24 14:36:53,598 [main] INFO  o.s.web.context.ContextLoader 284 - Root WebApplicationContext: initialization completed in 1121 ms
2020-06-24 14:36:54,099 [main] INFO  o.s.s.c.ThreadPoolTaskExecutor 171 - Initializing ExecutorService 'applicationTaskExecutor'
2020-06-24 14:36:54,180 [main] INFO  o.s.b.a.w.s.WelcomePageHandlerMapping 58 - Adding welcome page template: index
2020-06-24 14:36:54,391 [main] INFO  o.a.coyote.http11.Http11NioProtocol 173 - Starting ProtocolHandler ["http-nio-8080"]
2020-06-24 14:36:54,416 [main] INFO  o.s.b.w.e.tomcat.TomcatWebServer 202 - Tomcat started on port(s): 8080 (http) with context path ''
2020-06-24 14:36:54,420 [main] INFO  jp.co.lyc.cms.ApplicationMain 59 - Started ApplicationMain in 2.495 seconds (JVM running for 4.104)
2020-06-24 14:37:06,898 [http-nio-8080-exec-1] INFO  o.a.c.c.C.[Tomcat].[localhost].[/] 173 - Initializing Spring DispatcherServlet 'dispatcherServlet'
2020-06-24 14:37:06,899 [http-nio-8080-exec-1] INFO  o.s.web.servlet.DispatcherServlet 524 - Initializing Servlet 'dispatcherServlet'
2020-06-24 14:37:06,905 [http-nio-8080-exec-1] INFO  o.s.web.servlet.DispatcherServlet 546 - Completed initialization in 6 ms
2020-06-24 14:37:06,971 [http-nio-8080-exec-1] INFO  j.c.l.cms.controller.LoginController 57 - LoginController.login:登録開始
2020-06-24 14:37:06,991 [http-nio-8080-exec-1] INFO  com.zaxxer.hikari.HikariDataSource 110 - HikariPool-1 - Starting...
2020-06-24 14:37:07,956 [http-nio-8080-exec-1] INFO  com.zaxxer.hikari.HikariDataSource 123 - HikariPool-1 - Start completed.
2020-06-24 14:37:07,964 [http-nio-8080-exec-1] DEBUG j.c.l.c.m.E.getEmployeeModel 143 - ==>  Preparing: SELECT a.employeeNo, a.authorityCode, b.authorityProperty FROM employee a LEFT JOIN authority_master b ON a.authorityCode = b.authorityNo LEFT JOIN employee_detail c ON a.employeeNo = c.employeeNo WHERE a. PASSWORD = ? AND a.employeeNo = ? 
2020-06-24 14:37:07,991 [http-nio-8080-exec-1] DEBUG j.c.l.c.m.E.getEmployeeModel 143 - ==> Parameters: 1(String), LYC001(String)
2020-06-24 14:37:08,019 [http-nio-8080-exec-1] DEBUG j.c.l.c.m.E.getEmployeeModel 143 - <==      Total: 1
2020-06-24 14:37:08,027 [http-nio-8080-exec-1] INFO  j.c.l.cms.controller.LoginController 89 - loginController.login:登録開始
2020-06-24 14:37:08,028 [http-nio-8080-exec-1] INFO  j.c.l.cms.controller.LoginController 92 - 日志输出 info
2020-06-24 14:37:08,028 [http-nio-8080-exec-1] WARN  j.c.l.cms.controller.LoginController 93 - 日志输出 warn
2020-06-24 14:37:08,030 [http-nio-8080-exec-1] INFO  j.c.l.cms.controller.LoginController 96 - loginController.login:登録結束
2020-06-24 14:39:04,481 [http-nio-8080-exec-10] INFO  j.c.l.c.controller.SubCostController 78 - GetEmployeeInfoController.getEmployeeInfo:アープデート開始
2020-06-24 14:39:06,958 [http-nio-8080-exec-10] DEBUG j.c.l.c.m.GetCostMapper.selectCost 143 - ==>  Preparing: SELECT * FROM expenses_information WHERE employeeNo=? 
2020-06-24 14:39:06,964 [http-nio-8080-exec-10] DEBUG j.c.l.c.m.GetCostMapper.selectCost 143 - ==> Parameters: LYC001(String)
2020-06-24 14:39:07,136 [http-nio-8080-exec-10] DEBUG j.c.l.c.m.GetCostMapper.selectCost 143 - <==      Total: 1
2020-06-24 14:40:03,658 [http-nio-8080-exec-10] DEBUG j.c.l.c.m.GetCostMapper.updateCost 143 - ==>  Preparing: UPDATE expenses_information SET BonusFee = ?, InsuranceFee = ?, TransportationExpenses = ?, remark = ?, salary = ?, WaitingCost = ?, NextBonusMonth = ?, NextRaiseMonth = ? WHERE employeeNo = ? 
2020-06-24 14:40:03,659 [http-nio-8080-exec-10] DEBUG j.c.l.c.m.GetCostMapper.updateCost 143 - ==> Parameters: 440000(String), 1500(String), 10000(String), remark(String), 200000(String), 130000(String), 07(String), 07(String), LYC001(String)
2020-06-24 14:40:03,664 [http-nio-8080-exec-10] DEBUG j.c.l.c.m.GetCostMapper.updateCost 143 - <==    Updates: 1
2020-06-24 14:43:19,248 [main] INFO  jp.co.lyc.cms.ApplicationMain 50 - Starting ApplicationMain on LAPTOP-A94PII7T with PID 16780 (E:\LYC_CMS\target\classes started by Vin.Young in E:\LYC_CMS)
2020-06-24 14:43:19,252 [main] INFO  jp.co.lyc.cms.ApplicationMain 647 - No active profile set, falling back to default profiles: default
2020-06-24 14:43:20,281 [main] INFO  o.s.b.w.e.tomcat.TomcatWebServer 90 - Tomcat initialized with port(s): 8080 (http)
2020-06-24 14:43:20,293 [main] INFO  o.a.coyote.http11.Http11NioProtocol 173 - Initializing ProtocolHandler ["http-nio-8080"]
2020-06-24 14:43:20,299 [main] INFO  o.a.catalina.core.StandardService 173 - Starting service [Tomcat]
2020-06-24 14:43:20,300 [main] INFO  o.a.catalina.core.StandardEngine 173 - Starting Servlet engine: [Apache Tomcat/9.0.22]
2020-06-24 14:43:20,384 [main] INFO  o.a.c.c.C.[Tomcat].[localhost].[/] 173 - Initializing Spring embedded WebApplicationContext
2020-06-24 14:43:20,384 [main] INFO  o.s.web.context.ContextLoader 284 - Root WebApplicationContext: initialization completed in 1098 ms
2020-06-24 14:43:20,860 [main] INFO  o.s.s.c.ThreadPoolTaskExecutor 171 - Initializing ExecutorService 'applicationTaskExecutor'
2020-06-24 14:43:20,919 [main] INFO  o.s.b.a.w.s.WelcomePageHandlerMapping 58 - Adding welcome page template: index
2020-06-24 14:43:21,071 [main] INFO  o.a.coyote.http11.Http11NioProtocol 173 - Starting ProtocolHandler ["http-nio-8080"]
2020-06-24 14:43:21,091 [main] INFO  o.s.b.w.e.tomcat.TomcatWebServer 202 - Tomcat started on port(s): 8080 (http) with context path ''
2020-06-24 14:43:21,095 [main] INFO  jp.co.lyc.cms.ApplicationMain 59 - Started ApplicationMain in 2.33 seconds (JVM running for 3.65)
2020-06-24 14:44:07,797 [http-nio-8080-exec-1] INFO  o.a.c.c.C.[Tomcat].[localhost].[/] 173 - Initializing Spring DispatcherServlet 'dispatcherServlet'
2020-06-24 14:44:07,797 [http-nio-8080-exec-1] INFO  o.s.web.servlet.DispatcherServlet 524 - Initializing Servlet 'dispatcherServlet'
2020-06-24 14:44:07,803 [http-nio-8080-exec-1] INFO  o.s.web.servlet.DispatcherServlet 546 - Completed initialization in 5 ms
2020-06-24 14:44:11,550 [http-nio-8080-exec-1] INFO  j.c.l.c.controller.SubCostController 78 - GetEmployeeInfoController.getEmployeeInfo:アープデート開始
2020-06-24 14:44:11,579 [http-nio-8080-exec-1] INFO  com.zaxxer.hikari.HikariDataSource 110 - HikariPool-1 - Starting...
2020-06-24 14:44:12,499 [http-nio-8080-exec-1] INFO  com.zaxxer.hikari.HikariDataSource 123 - HikariPool-1 - Start completed.
2020-06-24 14:44:12,506 [http-nio-8080-exec-1] DEBUG j.c.l.c.m.GetCostMapper.selectCost 143 - ==>  Preparing: SELECT * FROM expenses_information WHERE employeeNo=? 
2020-06-24 14:44:12,528 [http-nio-8080-exec-1] DEBUG j.c.l.c.m.GetCostMapper.selectCost 143 - ==> Parameters: LYC001(String)
2020-06-24 14:44:12,551 [http-nio-8080-exec-1] DEBUG j.c.l.c.m.GetCostMapper.selectCost 143 - <==      Total: 1
2020-06-24 14:44:13,326 [http-nio-8080-exec-1] DEBUG j.c.l.c.m.GetCostMapper.updateCost 143 - ==>  Preparing: UPDATE expenses_information SET BonusFee = ?, InsuranceFee = ?, TransportationExpenses = ?, remark = ?, salary = ?, WaitingCost = ?, NextBonusMonth = ?, NextRaiseMonth = ?, updateTime = NOW() WHERE employeeNo = ? 
2020-06-24 14:44:13,327 [http-nio-8080-exec-1] DEBUG j.c.l.c.m.GetCostMapper.updateCost 143 - ==> Parameters: 5500000(String), 2000(String), 11200(String), remarks(String), 220000(String), 140000(String), 08(String), 08(String), LYC001(String)
2020-06-24 14:45:41,610 [main] INFO  jp.co.lyc.cms.ApplicationMain 50 - Starting ApplicationMain on LAPTOP-A94PII7T with PID 18616 (E:\LYC_CMS\target\classes started by Vin.Young in E:\LYC_CMS)
2020-06-24 14:45:41,613 [main] INFO  jp.co.lyc.cms.ApplicationMain 647 - No active profile set, falling back to default profiles: default
2020-06-24 14:45:42,622 [main] INFO  o.s.b.w.e.tomcat.TomcatWebServer 90 - Tomcat initialized with port(s): 8080 (http)
2020-06-24 14:45:42,633 [main] INFO  o.a.coyote.http11.Http11NioProtocol 173 - Initializing ProtocolHandler ["http-nio-8080"]
2020-06-24 14:45:42,639 [main] INFO  o.a.catalina.core.StandardService 173 - Starting service [Tomcat]
2020-06-24 14:45:42,639 [main] INFO  o.a.catalina.core.StandardEngine 173 - Starting Servlet engine: [Apache Tomcat/9.0.22]
2020-06-24 14:45:42,723 [main] INFO  o.a.c.c.C.[Tomcat].[localhost].[/] 173 - Initializing Spring embedded WebApplicationContext
2020-06-24 14:45:42,724 [main] INFO  o.s.web.context.ContextLoader 284 - Root WebApplicationContext: initialization completed in 1074 ms
2020-06-24 14:45:43,198 [main] INFO  o.s.s.c.ThreadPoolTaskExecutor 171 - Initializing ExecutorService 'applicationTaskExecutor'
2020-06-24 14:45:43,254 [main] INFO  o.s.b.a.w.s.WelcomePageHandlerMapping 58 - Adding welcome page template: index
2020-06-24 14:45:43,406 [main] INFO  o.a.coyote.http11.Http11NioProtocol 173 - Starting ProtocolHandler ["http-nio-8080"]
2020-06-24 14:45:43,428 [main] INFO  o.s.b.w.e.tomcat.TomcatWebServer 202 - Tomcat started on port(s): 8080 (http) with context path ''
2020-06-24 14:45:43,431 [main] INFO  jp.co.lyc.cms.ApplicationMain 59 - Started ApplicationMain in 2.299 seconds (JVM running for 3.602)
2020-06-24 14:45:46,827 [http-nio-8080-exec-2] INFO  o.a.c.c.C.[Tomcat].[localhost].[/] 173 - Initializing Spring DispatcherServlet 'dispatcherServlet'
2020-06-24 14:45:46,827 [http-nio-8080-exec-2] INFO  o.s.web.servlet.DispatcherServlet 524 - Initializing Servlet 'dispatcherServlet'
2020-06-24 14:45:46,834 [http-nio-8080-exec-2] INFO  o.s.web.servlet.DispatcherServlet 546 - Completed initialization in 7 ms
2020-06-24 14:45:49,355 [http-nio-8080-exec-2] INFO  j.c.l.c.controller.SubCostController 78 - GetEmployeeInfoController.getEmployeeInfo:アープデート開始
2020-06-24 14:45:49,375 [http-nio-8080-exec-2] INFO  com.zaxxer.hikari.HikariDataSource 110 - HikariPool-1 - Starting...
2020-06-24 14:45:50,334 [http-nio-8080-exec-2] INFO  com.zaxxer.hikari.HikariDataSource 123 - HikariPool-1 - Start completed.
2020-06-24 14:45:50,342 [http-nio-8080-exec-2] DEBUG j.c.l.c.m.GetCostMapper.selectCost 143 - ==>  Preparing: SELECT * FROM expenses_information WHERE employeeNo=? 
2020-06-24 14:45:50,363 [http-nio-8080-exec-2] DEBUG j.c.l.c.m.GetCostMapper.selectCost 143 - ==> Parameters: LYC001(String)
2020-06-24 14:45:50,388 [http-nio-8080-exec-2] DEBUG j.c.l.c.m.GetCostMapper.selectCost 143 - <==      Total: 1
2020-06-24 14:45:51,083 [http-nio-8080-exec-2] DEBUG j.c.l.c.m.GetCostMapper.updateCost 143 - ==>  Preparing: UPDATE expenses_information SET ( BonusFee = ?, InsuranceFee = ?, TransportationExpenses = ?, remark = ?, salary = ?, WaitingCost = ?, NextBonusMonth = ?, NextRaiseMonth = ?, updateTime = NOW()) WHERE employeeNo = ? 
2020-06-24 14:45:51,084 [http-nio-8080-exec-2] DEBUG j.c.l.c.m.GetCostMapper.updateCost 143 - ==> Parameters: 5500000(String), 2000(String), 11200(String), remarks(String), 220000(String), 140000(String), 08(String), 08(String), LYC001(String)
2020-06-24 14:48:20,601 [http-nio-8080-exec-1] INFO  j.c.l.c.controller.SubCostController 78 - GetEmployeeInfoController.getEmployeeInfo:アープデート開始
2020-06-24 14:48:20,603 [http-nio-8080-exec-1] DEBUG j.c.l.c.m.GetCostMapper.selectCost 143 - ==>  Preparing: SELECT * FROM expenses_information WHERE employeeNo=? 
2020-06-24 14:48:20,604 [http-nio-8080-exec-1] DEBUG j.c.l.c.m.GetCostMapper.selectCost 143 - ==> Parameters: LYC001(String)
2020-06-24 14:48:20,607 [http-nio-8080-exec-1] DEBUG j.c.l.c.m.GetCostMapper.selectCost 143 - <==      Total: 1
2020-06-24 14:48:21,477 [http-nio-8080-exec-1] DEBUG j.c.l.c.m.GetCostMapper.updateCost 143 - ==>  Preparing: UPDATE expenses_information SET ( BonusFee = ?, InsuranceFee = ?, TransportationExpenses = ?, remark = ?, salary = ?, WaitingCost = ?, NextBonusMonth = ?, NextRaiseMonth = ?, updateTime = NOW()) WHERE employeeNo = ? 
2020-06-24 14:48:21,479 [http-nio-8080-exec-1] DEBUG j.c.l.c.m.GetCostMapper.updateCost 143 - ==> Parameters: 550000(String), 2000(String), 11200(String), remarks(String), 220000(String), 140000(String), 08(String), 08(String), LYC001(String)
2020-06-24 14:48:43,533 [main] INFO  jp.co.lyc.cms.ApplicationMain 50 - Starting ApplicationMain on LAPTOP-A94PII7T with PID 19200 (E:\LYC_CMS\target\classes started by Vin.Young in E:\LYC_CMS)
2020-06-24 14:48:43,537 [main] INFO  jp.co.lyc.cms.ApplicationMain 647 - No active profile set, falling back to default profiles: default
2020-06-24 14:48:44,593 [main] INFO  o.s.b.w.e.tomcat.TomcatWebServer 90 - Tomcat initialized with port(s): 8080 (http)
2020-06-24 14:48:44,606 [main] INFO  o.a.coyote.http11.Http11NioProtocol 173 - Initializing ProtocolHandler ["http-nio-8080"]
2020-06-24 14:48:44,612 [main] INFO  o.a.catalina.core.StandardService 173 - Starting service [Tomcat]
2020-06-24 14:48:44,612 [main] INFO  o.a.catalina.core.StandardEngine 173 - Starting Servlet engine: [Apache Tomcat/9.0.22]
2020-06-24 14:48:44,705 [main] INFO  o.a.c.c.C.[Tomcat].[localhost].[/] 173 - Initializing Spring embedded WebApplicationContext
2020-06-24 14:48:44,705 [main] INFO  o.s.web.context.ContextLoader 284 - Root WebApplicationContext: initialization completed in 1133 ms
2020-06-24 14:48:45,197 [main] INFO  o.s.s.c.ThreadPoolTaskExecutor 171 - Initializing ExecutorService 'applicationTaskExecutor'
2020-06-24 14:48:45,256 [main] INFO  o.s.b.a.w.s.WelcomePageHandlerMapping 58 - Adding welcome page template: index
2020-06-24 14:48:45,432 [main] INFO  o.a.coyote.http11.Http11NioProtocol 173 - Starting ProtocolHandler ["http-nio-8080"]
2020-06-24 14:48:45,456 [main] INFO  o.s.b.w.e.tomcat.TomcatWebServer 202 - Tomcat started on port(s): 8080 (http) with context path ''
2020-06-24 14:48:45,459 [main] INFO  jp.co.lyc.cms.ApplicationMain 59 - Started ApplicationMain in 2.415 seconds (JVM running for 3.723)
2020-06-24 14:49:11,370 [http-nio-8080-exec-1] INFO  o.a.c.c.C.[Tomcat].[localhost].[/] 173 - Initializing Spring DispatcherServlet 'dispatcherServlet'
2020-06-24 14:49:11,371 [http-nio-8080-exec-1] INFO  o.s.web.servlet.DispatcherServlet 524 - Initializing Servlet 'dispatcherServlet'
2020-06-24 14:49:11,378 [http-nio-8080-exec-1] INFO  o.s.web.servlet.DispatcherServlet 546 - Completed initialization in 7 ms
2020-06-24 14:49:13,763 [http-nio-8080-exec-1] INFO  j.c.l.c.controller.SubCostController 78 - GetEmployeeInfoController.getEmployeeInfo:アープデート開始
2020-06-24 14:49:13,783 [http-nio-8080-exec-1] INFO  com.zaxxer.hikari.HikariDataSource 110 - HikariPool-1 - Starting...
2020-06-24 14:49:14,689 [http-nio-8080-exec-1] INFO  com.zaxxer.hikari.HikariDataSource 123 - HikariPool-1 - Start completed.
2020-06-24 14:49:14,698 [http-nio-8080-exec-1] DEBUG j.c.l.c.m.GetCostMapper.selectCost 143 - ==>  Preparing: SELECT * FROM expenses_information WHERE employeeNo=? 
2020-06-24 14:49:14,728 [http-nio-8080-exec-1] DEBUG j.c.l.c.m.GetCostMapper.selectCost 143 - ==> Parameters: LYC001(String)
2020-06-24 14:49:14,753 [http-nio-8080-exec-1] DEBUG j.c.l.c.m.GetCostMapper.selectCost 143 - <==      Total: 1
2020-06-24 14:49:15,293 [http-nio-8080-exec-1] DEBUG j.c.l.c.m.GetCostMapper.updateCost 143 - ==>  Preparing: UPDATE expenses_information SET BonusFee = ?, InsuranceFee = ?, TransportationExpenses = ?, remark = ?, salary = ?, WaitingCost = ?, NextBonusMonth = ?, NextRaiseMonth = ?, updateTime = NOW() WHERE employeeNo = ? 
2020-06-24 14:49:15,294 [http-nio-8080-exec-1] DEBUG j.c.l.c.m.GetCostMapper.updateCost 143 - ==> Parameters: 550000(String), 2000(String), 11200(String), remarks(String), 220000(String), 140000(String), 08(String), 08(String), LYC001(String)
2020-06-24 14:49:15,300 [http-nio-8080-exec-1] DEBUG j.c.l.c.m.GetCostMapper.updateCost 143 - <==    Updates: 1
2020-06-24 14:51:40,100 [http-nio-8080-exec-3] INFO  j.c.l.c.controller.SubCostController 78 - GetEmployeeInfoController.getEmployeeInfo:アープデート開始
2020-06-24 14:51:40,103 [http-nio-8080-exec-3] DEBUG j.c.l.c.m.GetCostMapper.selectCost 143 - ==>  Preparing: SELECT * FROM expenses_information WHERE employeeNo=? 
2020-06-24 14:51:40,103 [http-nio-8080-exec-3] DEBUG j.c.l.c.m.GetCostMapper.selectCost 143 - ==> Parameters: LYC001(String)
2020-06-24 14:51:40,105 [http-nio-8080-exec-3] DEBUG j.c.l.c.m.GetCostMapper.selectCost 143 - <==      Total: 1
2020-06-24 14:51:40,106 [http-nio-8080-exec-3] DEBUG j.c.l.c.m.GetCostMapper.updateCost 143 - ==>  Preparing: UPDATE expenses_information SET updateTime = NOW() WHERE employeeNo = ? 
2020-06-24 14:51:40,106 [http-nio-8080-exec-3] DEBUG j.c.l.c.m.GetCostMapper.updateCost 143 - ==> Parameters: LYC001(String)
2020-06-24 14:51:40,111 [http-nio-8080-exec-3] DEBUG j.c.l.c.m.GetCostMapper.updateCost 143 - <==    Updates: 1
2020-06-24 16:22:08,278 [http-nio-8080-exec-6] DEBUG j.c.l.c.m.GetCostMapper.selectCost 143 - ==>  Preparing: SELECT * FROM expenses_information WHERE employeeNo=? 
2020-06-24 16:22:08,278 [http-nio-8080-exec-6] DEBUG j.c.l.c.m.GetCostMapper.selectCost 143 - ==> Parameters: LYC001(String)
2020-06-24 16:22:08,280 [http-nio-8080-exec-6] DEBUG j.c.l.c.m.GetCostMapper.selectCost 143 - <==      Total: 1
2020-06-24 16:22:08,280 [http-nio-8080-exec-6] INFO  j.c.l.c.controller.SubCostController 80 - GetEmployeeInfoController.getEmployeeInfo:アープデート開始
2020-06-24 16:22:08,281 [http-nio-8080-exec-6] DEBUG j.c.l.c.m.GetCostMapper.selectCost 143 - ==>  Preparing: SELECT * FROM expenses_information WHERE employeeNo=? 
2020-06-24 16:22:08,281 [http-nio-8080-exec-6] DEBUG j.c.l.c.m.GetCostMapper.selectCost 143 - ==> Parameters: LYC001(String)
2020-06-24 16:22:08,282 [http-nio-8080-exec-6] DEBUG j.c.l.c.m.GetCostMapper.selectCost 143 - <==      Total: 1
2020-06-24 16:32:21,185 [http-nio-8080-exec-7] DEBUG j.c.l.c.m.GetCostMapper.selectCost 143 - ==>  Preparing: SELECT * FROM expenses_information WHERE employeeNo=? 
2020-06-24 16:32:21,186 [http-nio-8080-exec-7] DEBUG j.c.l.c.m.GetCostMapper.selectCost 143 - ==> Parameters: LYC001(String)
2020-06-24 16:32:21,188 [http-nio-8080-exec-7] DEBUG j.c.l.c.m.GetCostMapper.selectCost 143 - <==      Total: 1
2020-06-24 16:33:25,403 [http-nio-8080-exec-9] DEBUG j.c.l.c.m.GetCostMapper.selectCost 143 - ==>  Preparing: SELECT * FROM expenses_information WHERE employeeNo=? 
2020-06-24 16:33:25,404 [http-nio-8080-exec-9] DEBUG j.c.l.c.m.GetCostMapper.selectCost 143 - ==> Parameters: LYC001(String)
2020-06-24 16:33:25,405 [http-nio-8080-exec-9] DEBUG j.c.l.c.m.GetCostMapper.selectCost 143 - <==      Total: 1
2020-06-24 16:42:30,787 [main] INFO  jp.co.lyc.cms.ApplicationMain 50 - Starting ApplicationMain on LAPTOP-A94PII7T with PID 12452 (E:\LYC_CMS\target\classes started by Vin.Young in E:\LYC_CMS)
2020-06-24 16:42:30,791 [main] INFO  jp.co.lyc.cms.ApplicationMain 647 - No active profile set, falling back to default profiles: default
2020-06-24 16:42:31,748 [main] INFO  o.s.b.w.e.tomcat.TomcatWebServer 90 - Tomcat initialized with port(s): 8080 (http)
2020-06-24 16:42:31,760 [main] INFO  o.a.coyote.http11.Http11NioProtocol 173 - Initializing ProtocolHandler ["http-nio-8080"]
2020-06-24 16:42:31,765 [main] INFO  o.a.catalina.core.StandardService 173 - Starting service [Tomcat]
2020-06-24 16:42:31,766 [main] INFO  o.a.catalina.core.StandardEngine 173 - Starting Servlet engine: [Apache Tomcat/9.0.22]
2020-06-24 16:42:31,846 [main] INFO  o.a.c.c.C.[Tomcat].[localhost].[/] 173 - Initializing Spring embedded WebApplicationContext
2020-06-24 16:42:31,846 [main] INFO  o.s.web.context.ContextLoader 284 - Root WebApplicationContext: initialization completed in 1023 ms
2020-06-24 16:42:32,298 [main] INFO  o.s.s.c.ThreadPoolTaskExecutor 171 - Initializing ExecutorService 'applicationTaskExecutor'
2020-06-24 16:42:32,353 [main] INFO  o.s.b.a.w.s.WelcomePageHandlerMapping 58 - Adding welcome page template: index
2020-06-24 16:42:32,503 [main] INFO  o.a.coyote.http11.Http11NioProtocol 173 - Starting ProtocolHandler ["http-nio-8080"]
2020-06-24 16:42:32,527 [main] INFO  o.s.b.w.e.tomcat.TomcatWebServer 202 - Tomcat started on port(s): 8080 (http) with context path ''
2020-06-24 16:42:32,531 [main] INFO  jp.co.lyc.cms.ApplicationMain 59 - Started ApplicationMain in 2.196 seconds (JVM running for 3.462)
2020-06-24 16:43:44,243 [http-nio-8080-exec-1] INFO  o.a.c.c.C.[Tomcat].[localhost].[/] 173 - Initializing Spring DispatcherServlet 'dispatcherServlet'
2020-06-24 16:43:44,243 [http-nio-8080-exec-1] INFO  o.s.web.servlet.DispatcherServlet 524 - Initializing Servlet 'dispatcherServlet'
2020-06-24 16:43:44,249 [http-nio-8080-exec-1] INFO  o.s.web.servlet.DispatcherServlet 546 - Completed initialization in 6 ms
2020-06-24 16:43:55,719 [http-nio-8080-exec-1] INFO  com.zaxxer.hikari.HikariDataSource 110 - HikariPool-1 - Starting...
2020-06-24 16:44:03,747 [http-nio-8080-exec-1] INFO  com.zaxxer.hikari.HikariDataSource 123 - HikariPool-1 - Start completed.
2020-06-24 16:44:03,822 [http-nio-8080-exec-1] DEBUG j.c.l.c.m.GetCostMapper.selectCost 143 - ==>  Preparing: SELECT * FROM expenses_information WHERE employeeNo=? 
2020-06-24 16:44:04,186 [http-nio-8080-exec-1] DEBUG j.c.l.c.m.GetCostMapper.selectCost 143 - ==> Parameters: LYC002(String)
2020-06-24 16:44:04,419 [http-nio-8080-exec-1] DEBUG j.c.l.c.m.GetCostMapper.selectCost 143 - <==      Total: 0
2020-06-24 16:45:47,236 [main] INFO  jp.co.lyc.cms.ApplicationMain 50 - Starting ApplicationMain on LAPTOP-A94PII7T with PID 8820 (E:\LYC_CMS\target\classes started by Vin.Young in E:\LYC_CMS)
2020-06-24 16:45:47,240 [main] INFO  jp.co.lyc.cms.ApplicationMain 647 - No active profile set, falling back to default profiles: default
2020-06-24 16:45:48,203 [main] INFO  o.s.b.w.e.tomcat.TomcatWebServer 90 - Tomcat initialized with port(s): 8080 (http)
2020-06-24 16:45:48,214 [main] INFO  o.a.coyote.http11.Http11NioProtocol 173 - Initializing ProtocolHandler ["http-nio-8080"]
2020-06-24 16:45:48,220 [main] INFO  o.a.catalina.core.StandardService 173 - Starting service [Tomcat]
2020-06-24 16:45:48,220 [main] INFO  o.a.catalina.core.StandardEngine 173 - Starting Servlet engine: [Apache Tomcat/9.0.22]
2020-06-24 16:45:48,300 [main] INFO  o.a.c.c.C.[Tomcat].[localhost].[/] 173 - Initializing Spring embedded WebApplicationContext
2020-06-24 16:45:48,301 [main] INFO  o.s.web.context.ContextLoader 284 - Root WebApplicationContext: initialization completed in 1026 ms
2020-06-24 16:45:48,745 [main] INFO  o.s.s.c.ThreadPoolTaskExecutor 171 - Initializing ExecutorService 'applicationTaskExecutor'
2020-06-24 16:45:48,799 [main] INFO  o.s.b.a.w.s.WelcomePageHandlerMapping 58 - Adding welcome page template: index
2020-06-24 16:45:48,948 [main] INFO  o.a.coyote.http11.Http11NioProtocol 173 - Starting ProtocolHandler ["http-nio-8080"]
2020-06-24 16:45:48,969 [main] INFO  o.s.b.w.e.tomcat.TomcatWebServer 202 - Tomcat started on port(s): 8080 (http) with context path ''
2020-06-24 16:45:48,972 [main] INFO  jp.co.lyc.cms.ApplicationMain 59 - Started ApplicationMain in 2.197 seconds (JVM running for 3.442)
2020-06-24 16:46:08,563 [http-nio-8080-exec-2] INFO  o.a.c.c.C.[Tomcat].[localhost].[/] 173 - Initializing Spring DispatcherServlet 'dispatcherServlet'
2020-06-24 16:46:08,563 [http-nio-8080-exec-2] INFO  o.s.web.servlet.DispatcherServlet 524 - Initializing Servlet 'dispatcherServlet'
2020-06-24 16:46:08,569 [http-nio-8080-exec-2] INFO  o.s.web.servlet.DispatcherServlet 546 - Completed initialization in 6 ms
2020-06-24 16:46:16,753 [http-nio-8080-exec-2] INFO  com.zaxxer.hikari.HikariDataSource 110 - HikariPool-1 - Starting...
2020-06-24 16:46:24,631 [http-nio-8080-exec-2] INFO  com.zaxxer.hikari.HikariDataSource 123 - HikariPool-1 - Start completed.
2020-06-24 16:46:24,705 [http-nio-8080-exec-2] DEBUG j.c.l.c.m.GetCostMapper.selectCost 143 - ==>  Preparing: SELECT * FROM expenses_information WHERE employeeNo=? 
2020-06-24 16:46:25,069 [http-nio-8080-exec-2] DEBUG j.c.l.c.m.GetCostMapper.selectCost 143 - ==> Parameters: LYC002(String)
2020-06-24 16:46:25,308 [http-nio-8080-exec-2] DEBUG j.c.l.c.m.GetCostMapper.selectCost 143 - <==      Total: 0
2020-06-24 16:56:12,538 [main] INFO  jp.co.lyc.cms.ApplicationMain 50 - Starting ApplicationMain on LAPTOP-A94PII7T with PID 9880 (E:\LYC_CMS\target\classes started by Vin.Young in E:\LYC_CMS)
2020-06-24 16:56:12,542 [main] INFO  jp.co.lyc.cms.ApplicationMain 647 - No active profile set, falling back to default profiles: default
2020-06-24 16:56:13,506 [main] INFO  o.s.b.w.e.tomcat.TomcatWebServer 90 - Tomcat initialized with port(s): 8080 (http)
2020-06-24 16:56:13,517 [main] INFO  o.a.coyote.http11.Http11NioProtocol 173 - Initializing ProtocolHandler ["http-nio-8080"]
2020-06-24 16:56:13,522 [main] INFO  o.a.catalina.core.StandardService 173 - Starting service [Tomcat]
2020-06-24 16:56:13,523 [main] INFO  o.a.catalina.core.StandardEngine 173 - Starting Servlet engine: [Apache Tomcat/9.0.22]
2020-06-24 16:56:13,603 [main] INFO  o.a.c.c.C.[Tomcat].[localhost].[/] 173 - Initializing Spring embedded WebApplicationContext
2020-06-24 16:56:13,604 [main] INFO  o.s.web.context.ContextLoader 284 - Root WebApplicationContext: initialization completed in 1029 ms
2020-06-24 16:56:14,059 [main] INFO  o.s.s.c.ThreadPoolTaskExecutor 171 - Initializing ExecutorService 'applicationTaskExecutor'
2020-06-24 16:56:14,116 [main] INFO  o.s.b.a.w.s.WelcomePageHandlerMapping 58 - Adding welcome page template: index
2020-06-24 16:56:14,273 [main] INFO  o.a.coyote.http11.Http11NioProtocol 173 - Starting ProtocolHandler ["http-nio-8080"]
2020-06-24 16:56:14,296 [main] INFO  o.s.b.w.e.tomcat.TomcatWebServer 202 - Tomcat started on port(s): 8080 (http) with context path ''
2020-06-24 16:56:14,299 [main] INFO  jp.co.lyc.cms.ApplicationMain 59 - Started ApplicationMain in 2.235 seconds (JVM running for 3.454)
2020-06-24 16:56:20,399 [http-nio-8080-exec-1] INFO  o.a.c.c.C.[Tomcat].[localhost].[/] 173 - Initializing Spring DispatcherServlet 'dispatcherServlet'
2020-06-24 16:56:20,400 [http-nio-8080-exec-1] INFO  o.s.web.servlet.DispatcherServlet 524 - Initializing Servlet 'dispatcherServlet'
2020-06-24 16:56:20,404 [http-nio-8080-exec-1] INFO  o.s.web.servlet.DispatcherServlet 546 - Completed initialization in 4 ms
2020-06-24 16:56:24,288 [http-nio-8080-exec-2] INFO  com.zaxxer.hikari.HikariDataSource 110 - HikariPool-1 - Starting...
2020-06-24 16:56:25,168 [http-nio-8080-exec-2] INFO  com.zaxxer.hikari.HikariDataSource 123 - HikariPool-1 - Start completed.
2020-06-24 16:56:25,176 [http-nio-8080-exec-2] DEBUG j.c.l.c.m.GetCostMapper.selectCost 143 - ==>  Preparing: SELECT * FROM expenses_information WHERE employeeNo=? 
2020-06-24 16:56:25,199 [http-nio-8080-exec-2] DEBUG j.c.l.c.m.GetCostMapper.selectCost 143 - ==> Parameters: LYC002(String)
2020-06-24 16:56:25,218 [http-nio-8080-exec-2] DEBUG j.c.l.c.m.GetCostMapper.selectCost 143 - <==      Total: 0
2020-06-24 16:57:27,690 [main] INFO  jp.co.lyc.cms.ApplicationMain 50 - Starting ApplicationMain on LAPTOP-A94PII7T with PID 19420 (E:\LYC_CMS\target\classes started by Vin.Young in E:\LYC_CMS)
2020-06-24 16:57:27,694 [main] INFO  jp.co.lyc.cms.ApplicationMain 647 - No active profile set, falling back to default profiles: default
2020-06-24 16:57:28,657 [main] INFO  o.s.b.w.e.tomcat.TomcatWebServer 90 - Tomcat initialized with port(s): 8080 (http)
2020-06-24 16:57:28,670 [main] INFO  o.a.coyote.http11.Http11NioProtocol 173 - Initializing ProtocolHandler ["http-nio-8080"]
2020-06-24 16:57:28,676 [main] INFO  o.a.catalina.core.StandardService 173 - Starting service [Tomcat]
2020-06-24 16:57:28,677 [main] INFO  o.a.catalina.core.StandardEngine 173 - Starting Servlet engine: [Apache Tomcat/9.0.22]
2020-06-24 16:57:28,759 [main] INFO  o.a.c.c.C.[Tomcat].[localhost].[/] 173 - Initializing Spring embedded WebApplicationContext
2020-06-24 16:57:28,759 [main] INFO  o.s.web.context.ContextLoader 284 - Root WebApplicationContext: initialization completed in 1035 ms
2020-06-24 16:57:29,263 [main] INFO  o.s.s.c.ThreadPoolTaskExecutor 171 - Initializing ExecutorService 'applicationTaskExecutor'
2020-06-24 16:57:29,322 [main] INFO  o.s.b.a.w.s.WelcomePageHandlerMapping 58 - Adding welcome page template: index
2020-06-24 16:57:29,491 [main] INFO  o.a.coyote.http11.Http11NioProtocol 173 - Starting ProtocolHandler ["http-nio-8080"]
2020-06-24 16:57:29,515 [main] INFO  o.s.b.w.e.tomcat.TomcatWebServer 202 - Tomcat started on port(s): 8080 (http) with context path ''
2020-06-24 16:57:29,518 [main] INFO  jp.co.lyc.cms.ApplicationMain 59 - Started ApplicationMain in 2.296 seconds (JVM running for 3.552)
2020-06-24 16:57:36,577 [http-nio-8080-exec-1] INFO  o.a.c.c.C.[Tomcat].[localhost].[/] 173 - Initializing Spring DispatcherServlet 'dispatcherServlet'
2020-06-24 16:57:36,577 [http-nio-8080-exec-1] INFO  o.s.web.servlet.DispatcherServlet 524 - Initializing Servlet 'dispatcherServlet'
2020-06-24 16:57:36,583 [http-nio-8080-exec-1] INFO  o.s.web.servlet.DispatcherServlet 546 - Completed initialization in 6 ms
2020-06-24 16:57:38,664 [http-nio-8080-exec-1] INFO  com.zaxxer.hikari.HikariDataSource 110 - HikariPool-1 - Starting...
2020-06-24 16:57:39,606 [http-nio-8080-exec-1] INFO  com.zaxxer.hikari.HikariDataSource 123 - HikariPool-1 - Start completed.
2020-06-24 16:57:39,613 [http-nio-8080-exec-1] DEBUG j.c.l.c.m.GetCostMapper.selectCost 143 - ==>  Preparing: SELECT * FROM expenses_information WHERE employeeNo=? 
2020-06-24 16:57:39,634 [http-nio-8080-exec-1] DEBUG j.c.l.c.m.GetCostMapper.selectCost 143 - ==> Parameters: LYC002(String)
2020-06-24 16:57:39,652 [http-nio-8080-exec-1] DEBUG j.c.l.c.m.GetCostMapper.selectCost 143 - <==      Total: 0
2020-06-24 16:57:43,443 [http-nio-8080-exec-1] INFO  j.c.l.c.controller.SubCostController 129 - GetEmployeeInfoController.getEmployeeInfo:インサート開始
2020-06-24 16:57:50,980 [http-nio-8080-exec-1] DEBUG j.c.l.c.m.GetCostMapper.insertCost 143 - ==>  Preparing: INSERT INTO expenses_information ( employeeNo， BonusFee， BonusFlag， InsuranceFee， SocialInsuranceFlag， TransportationExpenses， remark， salary， WaitingCost， NextBonusMonth， NextRaiseMonth， updateTime, createTime ) VALUE(?， ?， ?， ?， ?， ?， ?， ?， ?， ?， ?， NOW(), NOW()) 
2020-06-24 16:57:51,048 [http-nio-8080-exec-1] DEBUG j.c.l.c.m.GetCostMapper.insertCost 143 - ==> Parameters: null, null, 1(String), null, 0(String), 11200(String), remarks(String), 230000(String), 140000(String), null, null
2020-06-24 17:00:30,555 [http-nio-8080-exec-3] DEBUG j.c.l.c.m.GetCostMapper.selectCost 143 - ==>  Preparing: SELECT * FROM expenses_information WHERE employeeNo=? 
2020-06-24 17:00:30,556 [http-nio-8080-exec-3] DEBUG j.c.l.c.m.GetCostMapper.selectCost 143 - ==> Parameters: LYC002(String)
2020-06-24 17:00:30,557 [http-nio-8080-exec-3] DEBUG j.c.l.c.m.GetCostMapper.selectCost 143 - <==      Total: 0
2020-06-24 17:00:36,008 [http-nio-8080-exec-3] INFO  j.c.l.c.controller.SubCostController 129 - GetEmployeeInfoController.getEmployeeInfo:インサート開始
2020-06-24 17:01:53,566 [http-nio-8080-exec-3] DEBUG j.c.l.c.m.GetCostMapper.insertCost 143 - ==>  Preparing: INSERT INTO expenses_information ( employeeNo， BonusFee， BonusFlag， InsuranceFee， SocialInsuranceFlag， TransportationExpenses， remark， salary， WaitingCost， NextBonusMonth， NextRaiseMonth， updateTime, createTime ) VALUE(?， ?， ?， ?， ?， ?， ?， ?， ?， ?， ?， NOW(), NOW()) 
2020-06-24 17:01:53,567 [http-nio-8080-exec-3] DEBUG j.c.l.c.m.GetCostMapper.insertCost 143 - ==> Parameters: null, null, 1(String), null, 0(String), 11200(String), remarks(String), 230000(String), 140000(String), null, null
2020-06-24 17:03:04,798 [main] INFO  jp.co.lyc.cms.ApplicationMain 50 - Starting ApplicationMain on LAPTOP-A94PII7T with PID 4568 (E:\LYC_CMS\target\classes started by Vin.Young in E:\LYC_CMS)
2020-06-24 17:03:04,802 [main] INFO  jp.co.lyc.cms.ApplicationMain 647 - No active profile set, falling back to default profiles: default
2020-06-24 17:03:05,836 [main] INFO  o.s.b.w.e.tomcat.TomcatWebServer 90 - Tomcat initialized with port(s): 8080 (http)
2020-06-24 17:03:05,850 [main] INFO  o.a.coyote.http11.Http11NioProtocol 173 - Initializing ProtocolHandler ["http-nio-8080"]
2020-06-24 17:03:05,856 [main] INFO  o.a.catalina.core.StandardService 173 - Starting service [Tomcat]
2020-06-24 17:03:05,857 [main] INFO  o.a.catalina.core.StandardEngine 173 - Starting Servlet engine: [Apache Tomcat/9.0.22]
2020-06-24 17:03:05,945 [main] INFO  o.a.c.c.C.[Tomcat].[localhost].[/] 173 - Initializing Spring embedded WebApplicationContext
2020-06-24 17:03:05,945 [main] INFO  o.s.web.context.ContextLoader 284 - Root WebApplicationContext: initialization completed in 1110 ms
2020-06-24 17:03:06,413 [main] INFO  o.s.s.c.ThreadPoolTaskExecutor 171 - Initializing ExecutorService 'applicationTaskExecutor'
2020-06-24 17:03:06,473 [main] INFO  o.s.b.a.w.s.WelcomePageHandlerMapping 58 - Adding welcome page template: index
2020-06-24 17:03:06,642 [main] INFO  o.a.coyote.http11.Http11NioProtocol 173 - Starting ProtocolHandler ["http-nio-8080"]
2020-06-24 17:03:06,665 [main] INFO  o.s.b.w.e.tomcat.TomcatWebServer 202 - Tomcat started on port(s): 8080 (http) with context path ''
2020-06-24 17:03:06,669 [main] INFO  jp.co.lyc.cms.ApplicationMain 59 - Started ApplicationMain in 2.362 seconds (JVM running for 3.711)
2020-06-24 17:03:35,139 [main] INFO  jp.co.lyc.cms.ApplicationMain 50 - Starting ApplicationMain on LAPTOP-A94PII7T with PID 17740 (E:\LYC_CMS\target\classes started by Vin.Young in E:\LYC_CMS)
2020-06-24 17:03:35,143 [main] INFO  jp.co.lyc.cms.ApplicationMain 647 - No active profile set, falling back to default profiles: default
2020-06-24 17:03:36,290 [main] INFO  o.s.b.w.e.tomcat.TomcatWebServer 90 - Tomcat initialized with port(s): 8080 (http)
2020-06-24 17:03:36,308 [main] INFO  o.a.coyote.http11.Http11NioProtocol 173 - Initializing ProtocolHandler ["http-nio-8080"]
2020-06-24 17:03:36,315 [main] INFO  o.a.catalina.core.StandardService 173 - Starting service [Tomcat]
2020-06-24 17:03:36,315 [main] INFO  o.a.catalina.core.StandardEngine 173 - Starting Servlet engine: [Apache Tomcat/9.0.22]
2020-06-24 17:03:36,418 [main] INFO  o.a.c.c.C.[Tomcat].[localhost].[/] 173 - Initializing Spring embedded WebApplicationContext
2020-06-24 17:03:36,418 [main] INFO  o.s.web.context.ContextLoader 284 - Root WebApplicationContext: initialization completed in 1242 ms
2020-06-24 17:03:36,881 [main] INFO  o.s.s.c.ThreadPoolTaskExecutor 171 - Initializing ExecutorService 'applicationTaskExecutor'
2020-06-24 17:03:36,936 [main] INFO  o.s.b.a.w.s.WelcomePageHandlerMapping 58 - Adding welcome page template: index
2020-06-24 17:03:37,102 [main] INFO  o.a.coyote.http11.Http11NioProtocol 173 - Starting ProtocolHandler ["http-nio-8080"]
2020-06-24 17:03:37,137 [main] INFO  o.s.b.w.e.tomcat.TomcatWebServer 202 - Tomcat started on port(s): 8080 (http) with context path ''
2020-06-24 17:03:37,143 [main] INFO  jp.co.lyc.cms.ApplicationMain 59 - Started ApplicationMain in 2.477 seconds (JVM running for 3.741)
2020-06-24 17:06:06,466 [http-nio-8080-exec-1] INFO  o.a.c.c.C.[Tomcat].[localhost].[/] 173 - Initializing Spring DispatcherServlet 'dispatcherServlet'
2020-06-24 17:06:06,466 [http-nio-8080-exec-1] INFO  o.s.web.servlet.DispatcherServlet 524 - Initializing Servlet 'dispatcherServlet'
2020-06-24 17:06:06,473 [http-nio-8080-exec-1] INFO  o.s.web.servlet.DispatcherServlet 546 - Completed initialization in 7 ms
2020-06-24 17:06:08,404 [http-nio-8080-exec-1] INFO  com.zaxxer.hikari.HikariDataSource 110 - HikariPool-1 - Starting...
2020-06-24 17:06:09,297 [http-nio-8080-exec-1] INFO  com.zaxxer.hikari.HikariDataSource 123 - HikariPool-1 - Start completed.
2020-06-24 17:06:09,304 [http-nio-8080-exec-1] DEBUG j.c.l.c.m.GetCostMapper.selectCost 143 - ==>  Preparing: SELECT * FROM expenses_information WHERE employeeNo=? 
2020-06-24 17:06:09,325 [http-nio-8080-exec-1] DEBUG j.c.l.c.m.GetCostMapper.selectCost 143 - ==> Parameters: LYC002(String)
2020-06-24 17:06:09,341 [http-nio-8080-exec-1] DEBUG j.c.l.c.m.GetCostMapper.selectCost 143 - <==      Total: 0
2020-06-24 17:06:12,650 [http-nio-8080-exec-1] INFO  j.c.l.c.controller.SubCostController 129 - GetEmployeeInfoController.getEmployeeInfo:インサート開始
2020-06-24 17:06:14,276 [http-nio-8080-exec-1] DEBUG j.c.l.c.m.GetCostMapper.insertCost 143 - ==>  Preparing: INSERT INTO expenses_information ( employeeNo， BonusFee， BonusFlag， InsuranceFee， SocialInsuranceFlag， TransportationExpenses， remark， salary， WaitingCost， NextBonusMonth， NextRaiseMonth， updateTime, createTime ) VALUE( ?， ?， ?， ?， ?， ?， ?， ?， ?， ?， ?， NOW(), NOW()) 
2020-06-24 17:06:14,278 [http-nio-8080-exec-1] DEBUG j.c.l.c.m.GetCostMapper.insertCost 143 - ==> Parameters: LYC002(String), null, 1(String), null, 1(String), 11200(String), remarks(String), 220000(String), 140000(String), 06(String), 06(String)
2020-06-24 17:06:53,522 [http-nio-8080-exec-2] DEBUG j.c.l.c.m.GetCostMapper.selectCost 143 - ==>  Preparing: SELECT * FROM expenses_information WHERE employeeNo=? 
2020-06-24 17:06:53,523 [http-nio-8080-exec-2] DEBUG j.c.l.c.m.GetCostMapper.selectCost 143 - ==> Parameters: LYC002(String)
2020-06-24 17:06:53,524 [http-nio-8080-exec-2] DEBUG j.c.l.c.m.GetCostMapper.selectCost 143 - <==      Total: 0
2020-06-24 17:06:54,591 [http-nio-8080-exec-2] INFO  j.c.l.c.controller.SubCostController 129 - GetEmployeeInfoController.getEmployeeInfo:インサート開始
2020-06-24 17:06:54,592 [http-nio-8080-exec-2] DEBUG j.c.l.c.m.GetCostMapper.insertCost 143 - ==>  Preparing: INSERT INTO expenses_information ( employeeNo， BonusFee， BonusFlag， InsuranceFee， SocialInsuranceFlag， TransportationExpenses， remark， salary， WaitingCost， NextBonusMonth， NextRaiseMonth， updateTime, createTime ) VALUE( ?， ?， ?， ?， ?， ?， ?， ?， ?， ?， ?， NOW(), NOW()) 
2020-06-24 17:06:54,594 [http-nio-8080-exec-2] DEBUG j.c.l.c.m.GetCostMapper.insertCost 143 - ==> Parameters: LYC002(String), null, 1(String), null, 1(String), 11200(String), remarks(String), 220000(String), 140000(String), 06(String), 06(String)
2020-06-24 17:14:04,927 [main] INFO  jp.co.lyc.cms.ApplicationMain 50 - Starting ApplicationMain on LAPTOP-A94PII7T with PID 6824 (E:\LYC_CMS\target\classes started by Vin.Young in E:\LYC_CMS)
2020-06-24 17:14:04,931 [main] INFO  jp.co.lyc.cms.ApplicationMain 647 - No active profile set, falling back to default profiles: default
2020-06-24 17:14:05,897 [main] INFO  o.s.b.w.e.tomcat.TomcatWebServer 90 - Tomcat initialized with port(s): 8080 (http)
2020-06-24 17:14:05,908 [main] INFO  o.a.coyote.http11.Http11NioProtocol 173 - Initializing ProtocolHandler ["http-nio-8080"]
2020-06-24 17:14:05,914 [main] INFO  o.a.catalina.core.StandardService 173 - Starting service [Tomcat]
2020-06-24 17:14:05,914 [main] INFO  o.a.catalina.core.StandardEngine 173 - Starting Servlet engine: [Apache Tomcat/9.0.22]
2020-06-24 17:14:05,998 [main] INFO  o.a.c.c.C.[Tomcat].[localhost].[/] 173 - Initializing Spring embedded WebApplicationContext
2020-06-24 17:14:05,998 [main] INFO  o.s.web.context.ContextLoader 284 - Root WebApplicationContext: initialization completed in 1036 ms
2020-06-24 17:14:06,449 [main] INFO  o.s.s.c.ThreadPoolTaskExecutor 171 - Initializing ExecutorService 'applicationTaskExecutor'
2020-06-24 17:14:06,504 [main] INFO  o.s.b.a.w.s.WelcomePageHandlerMapping 58 - Adding welcome page template: index
2020-06-24 17:14:06,652 [main] INFO  o.a.coyote.http11.Http11NioProtocol 173 - Starting ProtocolHandler ["http-nio-8080"]
2020-06-24 17:14:06,673 [main] INFO  o.s.b.w.e.tomcat.TomcatWebServer 202 - Tomcat started on port(s): 8080 (http) with context path ''
2020-06-24 17:14:06,676 [main] INFO  jp.co.lyc.cms.ApplicationMain 59 - Started ApplicationMain in 2.208 seconds (JVM running for 3.455)
2020-06-24 17:14:12,345 [http-nio-8080-exec-1] INFO  o.a.c.c.C.[Tomcat].[localhost].[/] 173 - Initializing Spring DispatcherServlet 'dispatcherServlet'
2020-06-24 17:14:12,345 [http-nio-8080-exec-1] INFO  o.s.web.servlet.DispatcherServlet 524 - Initializing Servlet 'dispatcherServlet'
2020-06-24 17:14:12,351 [http-nio-8080-exec-1] INFO  o.s.web.servlet.DispatcherServlet 546 - Completed initialization in 6 ms
2020-06-24 17:14:14,264 [http-nio-8080-exec-1] INFO  com.zaxxer.hikari.HikariDataSource 110 - HikariPool-1 - Starting...
2020-06-24 17:14:15,179 [http-nio-8080-exec-1] INFO  com.zaxxer.hikari.HikariDataSource 123 - HikariPool-1 - Start completed.
2020-06-24 17:14:15,187 [http-nio-8080-exec-1] DEBUG j.c.l.c.m.GetCostMapper.selectCost 143 - ==>  Preparing: SELECT * FROM expenses_information WHERE employeeNo=? 
2020-06-24 17:14:15,208 [http-nio-8080-exec-1] DEBUG j.c.l.c.m.GetCostMapper.selectCost 143 - ==> Parameters: LYC002(String)
2020-06-24 17:14:15,225 [http-nio-8080-exec-1] DEBUG j.c.l.c.m.GetCostMapper.selectCost 143 - <==      Total: 0
2020-06-24 17:14:16,840 [http-nio-8080-exec-1] INFO  j.c.l.c.controller.SubCostController 129 - GetEmployeeInfoController.getEmployeeInfo:インサート開始
2020-06-24 17:14:16,841 [http-nio-8080-exec-1] DEBUG j.c.l.c.m.GetCostMapper.insertCost 143 - ==>  Preparing: INSERT INTO expenses_information VALUE( ?， ?, ?， ?， ?， ?， ?， ?， ?， ?， ?， NOW(), NOW()) 
2020-06-24 17:14:16,843 [http-nio-8080-exec-1] DEBUG j.c.l.c.m.GetCostMapper.insertCost 143 - ==> Parameters: LYC002(String), 1(String), 220000(String), 140000(String), null, 1(String), null, 11200(String), 06(String), 06(String), remarks(String)
2020-06-24 17:21:52,249 [main] INFO  jp.co.lyc.cms.ApplicationMain 50 - Starting ApplicationMain on LAPTOP-A94PII7T with PID 19272 (E:\LYC_CMS\target\classes started by Vin.Young in E:\LYC_CMS)
2020-06-24 17:21:52,253 [main] INFO  jp.co.lyc.cms.ApplicationMain 647 - No active profile set, falling back to default profiles: default
2020-06-24 17:21:53,206 [main] INFO  o.s.b.w.e.tomcat.TomcatWebServer 90 - Tomcat initialized with port(s): 8080 (http)
2020-06-24 17:21:53,217 [main] INFO  o.a.coyote.http11.Http11NioProtocol 173 - Initializing ProtocolHandler ["http-nio-8080"]
2020-06-24 17:21:53,222 [main] INFO  o.a.catalina.core.StandardService 173 - Starting service [Tomcat]
2020-06-24 17:21:53,222 [main] INFO  o.a.catalina.core.StandardEngine 173 - Starting Servlet engine: [Apache Tomcat/9.0.22]
2020-06-24 17:21:53,304 [main] INFO  o.a.c.c.C.[Tomcat].[localhost].[/] 173 - Initializing Spring embedded WebApplicationContext
2020-06-24 17:21:53,304 [main] INFO  o.s.web.context.ContextLoader 284 - Root WebApplicationContext: initialization completed in 1020 ms
2020-06-24 17:21:53,749 [main] INFO  o.s.s.c.ThreadPoolTaskExecutor 171 - Initializing ExecutorService 'applicationTaskExecutor'
2020-06-24 17:21:53,803 [main] INFO  o.s.b.a.w.s.WelcomePageHandlerMapping 58 - Adding welcome page template: index
2020-06-24 17:21:53,951 [main] INFO  o.a.coyote.http11.Http11NioProtocol 173 - Starting ProtocolHandler ["http-nio-8080"]
2020-06-24 17:21:53,971 [main] INFO  o.s.b.w.e.tomcat.TomcatWebServer 202 - Tomcat started on port(s): 8080 (http) with context path ''
2020-06-24 17:21:53,974 [main] INFO  jp.co.lyc.cms.ApplicationMain 59 - Started ApplicationMain in 2.179 seconds (JVM running for 3.446)
2020-06-24 17:21:59,655 [http-nio-8080-exec-1] INFO  o.a.c.c.C.[Tomcat].[localhost].[/] 173 - Initializing Spring DispatcherServlet 'dispatcherServlet'
2020-06-24 17:21:59,656 [http-nio-8080-exec-1] INFO  o.s.web.servlet.DispatcherServlet 524 - Initializing Servlet 'dispatcherServlet'
2020-06-24 17:21:59,662 [http-nio-8080-exec-1] INFO  o.s.web.servlet.DispatcherServlet 546 - Completed initialization in 6 ms
2020-06-24 17:22:02,533 [http-nio-8080-exec-1] INFO  com.zaxxer.hikari.HikariDataSource 110 - HikariPool-1 - Starting...
2020-06-24 17:22:03,417 [http-nio-8080-exec-1] INFO  com.zaxxer.hikari.HikariDataSource 123 - HikariPool-1 - Start completed.
2020-06-24 17:22:03,424 [http-nio-8080-exec-1] DEBUG j.c.l.c.m.GetCostMapper.selectCost 143 - ==>  Preparing: SELECT * FROM expenses_information WHERE employeeNo=? 
2020-06-24 17:22:03,444 [http-nio-8080-exec-1] DEBUG j.c.l.c.m.GetCostMapper.selectCost 143 - ==> Parameters: LYC002(String)
2020-06-24 17:22:03,461 [http-nio-8080-exec-1] DEBUG j.c.l.c.m.GetCostMapper.selectCost 143 - <==      Total: 0
2020-06-24 17:22:05,172 [http-nio-8080-exec-1] INFO  j.c.l.c.controller.SubCostController 129 - GetEmployeeInfoController.getEmployeeInfo:インサート開始
2020-06-24 17:22:05,173 [http-nio-8080-exec-1] DEBUG j.c.l.c.m.GetCostMapper.insertCost 143 - ==>  Preparing: INSERT INTO expenses_information VALUE( ?, ?, ?, ?, ?, ?, ?, ?, ?, ?, ?, NOW(), NOW()) 
2020-06-24 17:22:05,175 [http-nio-8080-exec-1] DEBUG j.c.l.c.m.GetCostMapper.insertCost 143 - ==> Parameters: LYC002(String), 1(String), 220000(String), 140000(String), null, 1(String), null, 11200(String), 06(String), 06(String), remarks(String)
2020-06-24 17:22:05,180 [http-nio-8080-exec-1] DEBUG j.c.l.c.m.GetCostMapper.insertCost 143 - <==    Updates: 1
2020-06-24 18:44:03,007 [http-nio-8080-exec-4] DEBUG j.c.l.c.m.GetCostMapper.selectCost 143 - ==>  Preparing: SELECT * FROM expenses_information WHERE employeeNo=? 
2020-06-24 18:44:03,009 [http-nio-8080-exec-4] DEBUG j.c.l.c.m.GetCostMapper.selectCost 143 - ==> Parameters: LYC002(String)
2020-06-24 18:44:03,019 [http-nio-8080-exec-4] DEBUG j.c.l.c.m.GetCostMapper.selectCost 143 - <==      Total: 1
2020-06-24 18:44:04,377 [http-nio-8080-exec-4] INFO  j.c.l.c.controller.SubCostController 80 - GetEmployeeInfoController.getEmployeeInfo:アープデート開始
2020-06-24 18:44:04,378 [http-nio-8080-exec-4] DEBUG j.c.l.c.m.GetCostMapper.selectCost 143 - ==>  Preparing: SELECT * FROM expenses_information WHERE employeeNo=? 
2020-06-24 18:44:04,379 [http-nio-8080-exec-4] DEBUG j.c.l.c.m.GetCostMapper.selectCost 143 - ==> Parameters: LYC002(String)
2020-06-24 18:44:04,381 [http-nio-8080-exec-4] DEBUG j.c.l.c.m.GetCostMapper.selectCost 143 - <==      Total: 1
2020-06-24 18:44:04,403 [http-nio-8080-exec-4] DEBUG j.c.l.c.m.GetCostMapper.updateCost 143 - ==>  Preparing: UPDATE expenses_information SET BonusFee = ?, BonusFlag = ?, InsuranceFee = ?, SocialInsuranceFlag = ?, remark = ?, updateTime = NOW() WHERE employeeNo = ? 
2020-06-24 18:44:04,404 [http-nio-8080-exec-4] DEBUG j.c.l.c.m.GetCostMapper.updateCost 143 - ==> Parameters: 550000(String), 0(String), 12000(String), 0(String), remakes(String), LYC002(String)
2020-06-24 18:44:04,409 [http-nio-8080-exec-4] DEBUG j.c.l.c.m.GetCostMapper.updateCost 143 - <==    Updates: 1
