2019-11-27 20:29:39,611 [main] INFO  jp.co.lyc.cms.ApplicationMain 50 - Starting ApplicationMain on DESKTOP-GD7FF1R with PID 816 (C:\E\workspacer\LYC_CMS\target\classes started by admin in C:\E\workspacer\LYC_CMS)
2019-11-27 20:29:39,634 [main] INFO  jp.co.lyc.cms.ApplicationMain 647 - No active profile set, falling back to default profiles: default
2019-11-27 20:29:43,198 [main] INFO  o.s.b.w.e.tomcat.TomcatWebServer 90 - Tomcat initialized with port(s): 8080 (http)
2019-11-27 20:29:43,231 [main] INFO  o.a.coyote.http11.Http11NioProtocol 173 - Initializing ProtocolHandler ["http-nio-8080"]
2019-11-27 20:29:43,264 [main] INFO  o.a.catalina.core.StandardService 173 - Starting service [Tomcat]
2019-11-27 20:29:43,266 [main] INFO  o.a.catalina.core.StandardEngine 173 - Starting Servlet engine: [Apache Tomcat/9.0.22]
2019-11-27 20:29:43,832 [main] INFO  o.a.c.c.C.[Tomcat].[localhost].[/] 173 - Initializing Spring embedded WebApplicationContext
2019-11-27 20:29:43,833 [main] INFO  o.s.web.context.ContextLoader 284 - Root WebApplicationContext: initialization completed in 4014 ms
2019-11-27 20:29:45,283 [main] INFO  o.s.s.c.ThreadPoolTaskExecutor 171 - Initializing ExecutorService 'applicationTaskExecutor'
2019-11-27 20:29:45,489 [main] INFO  o.s.b.a.w.s.WelcomePageHandlerMapping 58 - Adding welcome page template: index
2019-11-27 20:29:45,999 [main] INFO  o.a.coyote.http11.Http11NioProtocol 173 - Starting ProtocolHandler ["http-nio-8080"]
2019-11-27 20:29:46,090 [main] INFO  o.s.b.w.e.tomcat.TomcatWebServer 202 - Tomcat started on port(s): 8080 (http) with context path ''
2019-11-27 20:29:46,102 [main] INFO  jp.co.lyc.cms.ApplicationMain 59 - Started ApplicationMain in 8.511 seconds (JVM running for 23.546)
2019-11-27 20:29:50,041 [http-nio-8080-exec-1] INFO  o.a.c.c.C.[Tomcat].[localhost].[/] 173 - Initializing Spring DispatcherServlet 'dispatcherServlet'
2019-11-27 20:29:50,043 [http-nio-8080-exec-1] INFO  o.s.web.servlet.DispatcherServlet 524 - Initializing Servlet 'dispatcherServlet'
2019-11-27 20:29:50,081 [http-nio-8080-exec-1] INFO  o.s.web.servlet.DispatcherServlet 546 - Completed initialization in 37 ms
2019-11-27 20:29:51,094 [http-nio-8080-exec-5] INFO  o.a.tomcat.util.http.parser.Cookie 173 - A cookie header was received [:0.4801950894596929:=http:] that contained an invalid cookie. That cookie will be ignored.
 Note: further occurrences of this error will be logged at DEBUG level.
2019-11-27 20:29:52,652 [http-nio-8080-exec-6] INFO  j.c.l.cms.controller.LoginController 56 - LoginController.login:登録開始
2019-11-27 20:29:52,756 [http-nio-8080-exec-6] INFO  com.zaxxer.hikari.HikariDataSource 110 - HikariPool-1 - Starting...
2019-11-27 20:29:53,513 [http-nio-8080-exec-6] INFO  com.zaxxer.hikari.HikariDataSource 123 - HikariPool-1 - Start completed.
2019-11-27 20:31:40,239 [main] INFO  jp.co.lyc.cms.ApplicationMain 50 - Starting ApplicationMain on DESKTOP-GD7FF1R with PID 7124 (C:\E\workspacer\LYC_CMS\target\classes started by admin in C:\E\workspacer\LYC_CMS)
2019-11-27 20:31:40,253 [main] INFO  jp.co.lyc.cms.ApplicationMain 647 - No active profile set, falling back to default profiles: default
2019-11-27 20:31:45,588 [main] INFO  o.s.b.w.e.tomcat.TomcatWebServer 90 - Tomcat initialized with port(s): 8080 (http)
2019-11-27 20:31:45,648 [main] INFO  o.a.coyote.http11.Http11NioProtocol 173 - Initializing ProtocolHandler ["http-nio-8080"]
2019-11-27 20:31:45,675 [main] INFO  o.a.catalina.core.StandardService 173 - Starting service [Tomcat]
2019-11-27 20:31:45,676 [main] INFO  o.a.catalina.core.StandardEngine 173 - Starting Servlet engine: [Apache Tomcat/9.0.22]
2019-11-27 20:31:46,290 [main] INFO  o.a.c.c.C.[Tomcat].[localhost].[/] 173 - Initializing Spring embedded WebApplicationContext
2019-11-27 20:31:46,298 [main] INFO  o.s.web.context.ContextLoader 284 - Root WebApplicationContext: initialization completed in 5674 ms
2019-11-27 20:31:48,175 [main] INFO  o.s.s.c.ThreadPoolTaskExecutor 171 - Initializing ExecutorService 'applicationTaskExecutor'
2019-11-27 20:31:48,453 [main] INFO  o.s.b.a.w.s.WelcomePageHandlerMapping 58 - Adding welcome page template: index
2019-11-27 20:31:49,083 [main] INFO  o.a.coyote.http11.Http11NioProtocol 173 - Starting ProtocolHandler ["http-nio-8080"]
2019-11-27 20:31:49,207 [main] INFO  o.s.b.w.e.tomcat.TomcatWebServer 202 - Tomcat started on port(s): 8080 (http) with context path ''
2019-11-27 20:31:49,218 [main] INFO  jp.co.lyc.cms.ApplicationMain 59 - Started ApplicationMain in 11.4 seconds (JVM running for 25.016)
2019-11-27 20:32:28,769 [http-nio-8080-exec-1] INFO  o.a.c.c.C.[Tomcat].[localhost].[/] 173 - Initializing Spring DispatcherServlet 'dispatcherServlet'
2019-11-27 20:32:28,770 [http-nio-8080-exec-1] INFO  o.s.web.servlet.DispatcherServlet 524 - Initializing Servlet 'dispatcherServlet'
2019-11-27 20:32:28,807 [http-nio-8080-exec-1] INFO  o.s.web.servlet.DispatcherServlet 546 - Completed initialization in 36 ms
2019-11-27 20:32:29,855 [http-nio-8080-exec-1] INFO  j.c.l.cms.controller.LoginController 56 - LoginController.login:登録開始
2019-11-27 20:32:29,993 [http-nio-8080-exec-1] INFO  com.zaxxer.hikari.HikariDataSource 110 - HikariPool-1 - Starting...
2019-11-27 20:32:30,632 [http-nio-8080-exec-1] INFO  com.zaxxer.hikari.HikariDataSource 123 - HikariPool-1 - Start completed.
2019-11-27 20:45:21,230 [http-nio-8080-exec-3] INFO  j.c.l.cms.controller.LoginController 56 - LoginController.login:登録開始
2019-11-27 20:47:44,540 [main] INFO  jp.co.lyc.cms.ApplicationMain 50 - Starting ApplicationMain on DESKTOP-GD7FF1R with PID 1352 (C:\E\workspacer\LYC_CMS\target\classes started by admin in C:\E\workspacer\LYC_CMS)
2019-11-27 20:47:44,548 [main] INFO  jp.co.lyc.cms.ApplicationMain 647 - No active profile set, falling back to default profiles: default
2019-11-27 20:47:47,392 [main] INFO  o.s.b.w.e.tomcat.TomcatWebServer 90 - Tomcat initialized with port(s): 8080 (http)
2019-11-27 20:47:47,424 [main] INFO  o.a.coyote.http11.Http11NioProtocol 173 - Initializing ProtocolHandler ["http-nio-8080"]
2019-11-27 20:47:47,453 [main] INFO  o.a.catalina.core.StandardService 173 - Starting service [Tomcat]
2019-11-27 20:47:47,454 [main] INFO  o.a.catalina.core.StandardEngine 173 - Starting Servlet engine: [Apache Tomcat/9.0.22]
2019-11-27 20:47:47,749 [main] INFO  o.a.c.c.C.[Tomcat].[localhost].[/] 173 - Initializing Spring embedded WebApplicationContext
2019-11-27 20:47:47,750 [main] INFO  o.s.web.context.ContextLoader 284 - Root WebApplicationContext: initialization completed in 3106 ms
2019-11-27 20:47:49,008 [main] INFO  o.s.s.c.ThreadPoolTaskExecutor 171 - Initializing ExecutorService 'applicationTaskExecutor'
2019-11-27 20:47:49,194 [main] INFO  o.s.b.a.w.s.WelcomePageHandlerMapping 58 - Adding welcome page template: index
2019-11-27 20:47:49,636 [main] INFO  o.a.coyote.http11.Http11NioProtocol 173 - Starting ProtocolHandler ["http-nio-8080"]
2019-11-27 20:47:49,701 [main] INFO  o.s.b.w.e.tomcat.TomcatWebServer 202 - Tomcat started on port(s): 8080 (http) with context path ''
2019-11-27 20:47:49,706 [main] INFO  jp.co.lyc.cms.ApplicationMain 59 - Started ApplicationMain in 6.456 seconds (JVM running for 19.523)
2019-11-27 20:49:14,352 [http-nio-8080-exec-1] INFO  o.a.c.c.C.[Tomcat].[localhost].[/] 173 - Initializing Spring DispatcherServlet 'dispatcherServlet'
2019-11-27 20:49:14,353 [http-nio-8080-exec-1] INFO  o.s.web.servlet.DispatcherServlet 524 - Initializing Servlet 'dispatcherServlet'
2019-11-27 20:49:14,369 [http-nio-8080-exec-1] INFO  o.s.web.servlet.DispatcherServlet 546 - Completed initialization in 15 ms
2019-11-27 20:49:16,373 [http-nio-8080-exec-4] INFO  o.a.tomcat.util.http.parser.Cookie 173 - A cookie header was received [:0.4801950894596929:=http:] that contained an invalid cookie. That cookie will be ignored.
 Note: further occurrences of this error will be logged at DEBUG level.
2019-11-27 20:49:16,522 [http-nio-8080-exec-4] INFO  j.c.l.cms.controller.LoginController 56 - LoginController.login:登録開始
2019-11-27 20:49:16,732 [http-nio-8080-exec-4] INFO  com.zaxxer.hikari.HikariDataSource 110 - HikariPool-1 - Starting...
2019-11-27 20:49:17,441 [http-nio-8080-exec-4] INFO  com.zaxxer.hikari.HikariDataSource 123 - HikariPool-1 - Start completed.
2019-11-27 20:49:26,051 [http-nio-8080-exec-8] INFO  j.c.l.cms.controller.LoginController 56 - LoginController.login:登録開始
2019-11-27 20:49:34,986 [http-nio-8080-exec-10] INFO  j.c.l.cms.controller.LoginController 56 - LoginController.login:登録開始
2019-11-27 20:49:35,023 [http-nio-8080-exec-10] INFO  j.c.l.cms.controller.LoginController 88 - loginController.login:登録開始
2019-11-27 20:49:35,023 [http-nio-8080-exec-10] INFO  j.c.l.cms.controller.LoginController 91 - 日志输出 info
2019-11-27 20:49:35,023 [http-nio-8080-exec-10] WARN  j.c.l.cms.controller.LoginController 92 - 日志输出 warn
2019-11-27 20:49:35,032 [http-nio-8080-exec-10] INFO  j.c.l.cms.controller.LoginController 95 - loginController.login:登録結束
2019-11-27 20:49:43,342 [http-nio-8080-exec-4] INFO  j.c.l.c.c.GetEmployeeInfoController 36 - GetEmployeeInfoController.getEmployeeInfo:検索開始
2019-11-27 20:49:43,461 [http-nio-8080-exec-4] INFO  j.c.l.c.c.GetEmployeeInfoController 155 - GetEmployeeInfoController.getEmployeeInfo:検索結束
2019-11-27 20:50:52,813 [http-nio-8080-exec-9] INFO  j.c.l.cms.controller.LoginController 56 - LoginController.login:登録開始
2019-11-27 20:50:53,987 [http-nio-8080-exec-3] INFO  j.c.l.cms.controller.LoginController 56 - LoginController.login:登録開始
2019-11-27 20:53:13,343 [http-nio-8080-exec-7] INFO  j.c.l.cms.controller.LoginController 56 - LoginController.login:登録開始
2019-11-27 21:00:18,408 [http-nio-8080-exec-4] INFO  j.c.l.cms.controller.LoginController 56 - LoginController.login:登録開始
2019-11-27 21:01:02,806 [http-nio-8080-exec-8] INFO  j.c.l.cms.controller.LoginController 56 - LoginController.login:登録開始
2019-11-27 21:04:24,683 [http-nio-8080-exec-2] INFO  j.c.l.cms.controller.LoginController 56 - LoginController.login:登録開始
2019-11-27 21:05:41,079 [http-nio-8080-exec-6] INFO  j.c.l.cms.controller.LoginController 56 - LoginController.login:登録開始
2019-11-27 21:07:45,083 [http-nio-8080-exec-1] INFO  j.c.l.cms.controller.LoginController 56 - LoginController.login:登録開始
