2020-02-11 22:09:12,793 [main] INFO  jp.co.lyc.cms.ApplicationMain 50 - Starting ApplicationMain on DESKTOP-GD7FF1R with PID 15552 (C:\E\workspacer\LYC_CMS\target\classes started by admin in C:\E\workspacer\LYC_CMS)
2020-02-11 22:09:12,805 [main] INFO  jp.co.lyc.cms.ApplicationMain 647 - No active profile set, falling back to default profiles: default
2020-02-11 22:09:15,953 [main] INFO  o.s.b.w.e.tomcat.TomcatWebServer 90 - Tomcat initialized with port(s): 8080 (http)
2020-02-11 22:09:15,984 [main] INFO  o.a.coyote.http11.Http11NioProtocol 173 - Initializing ProtocolHandler ["http-nio-8080"]
2020-02-11 22:09:16,008 [main] INFO  o.a.catalina.core.StandardService 173 - Starting service [Tomcat]
2020-02-11 22:09:16,009 [main] INFO  o.a.catalina.core.StandardEngine 173 - Starting Servlet engine: [Apache Tomcat/9.0.22]
2020-02-11 22:09:16,286 [main] INFO  o.a.c.c.C.[Tomcat].[localhost].[/] 173 - Initializing Spring embedded WebApplicationContext
2020-02-11 22:09:16,288 [main] INFO  o.s.web.context.ContextLoader 284 - Root WebApplicationContext: initialization completed in 3361 ms
2020-02-11 22:09:17,766 [main] INFO  o.s.s.c.ThreadPoolTaskExecutor 171 - Initializing ExecutorService 'applicationTaskExecutor'
2020-02-11 22:09:17,959 [main] INFO  o.s.b.a.w.s.WelcomePageHandlerMapping 58 - Adding welcome page template: index
2020-02-11 22:09:18,450 [main] INFO  o.a.coyote.http11.Http11NioProtocol 173 - Starting ProtocolHandler ["http-nio-8080"]
2020-02-11 22:09:18,537 [main] INFO  o.s.b.w.e.tomcat.TomcatWebServer 202 - Tomcat started on port(s): 8080 (http) with context path ''
2020-02-11 22:09:18,543 [main] INFO  jp.co.lyc.cms.ApplicationMain 59 - Started ApplicationMain in 7.113 seconds (JVM running for 20.993)
2020-02-11 22:10:40,624 [http-nio-8080-exec-1] INFO  o.a.c.c.C.[Tomcat].[localhost].[/] 173 - Initializing Spring DispatcherServlet 'dispatcherServlet'
2020-02-11 22:10:40,625 [http-nio-8080-exec-1] INFO  o.s.web.servlet.DispatcherServlet 524 - Initializing Servlet 'dispatcherServlet'
2020-02-11 22:10:40,648 [http-nio-8080-exec-1] INFO  o.s.web.servlet.DispatcherServlet 546 - Completed initialization in 22 ms
2020-02-11 22:10:55,728 [http-nio-8080-exec-10] INFO  o.a.tomcat.util.http.parser.Cookie 173 - A cookie header was received [:0.5786494359842549:=http:] that contained an invalid cookie. That cookie will be ignored.
 Note: further occurrences of this error will be logged at DEBUG level.
2020-02-11 22:10:57,842 [http-nio-8080-exec-9] INFO  j.c.l.cms.controller.LoginController 56 - LoginController.login:登録開始
2020-02-11 22:10:57,930 [http-nio-8080-exec-9] INFO  com.zaxxer.hikari.HikariDataSource 110 - HikariPool-1 - Starting...
2020-02-11 22:10:58,755 [http-nio-8080-exec-9] INFO  com.zaxxer.hikari.HikariDataSource 123 - HikariPool-1 - Start completed.
2020-02-11 22:11:16,472 [http-nio-8080-exec-3] INFO  j.c.l.cms.controller.LoginController 56 - LoginController.login:登録開始
2020-02-11 22:11:16,521 [http-nio-8080-exec-3] INFO  j.c.l.cms.controller.LoginController 88 - loginController.login:登録開始
2020-02-11 22:11:16,523 [http-nio-8080-exec-3] INFO  j.c.l.cms.controller.LoginController 91 - 日志输出 info
2020-02-11 22:11:16,523 [http-nio-8080-exec-3] WARN  j.c.l.cms.controller.LoginController 92 - 日志输出 warn
2020-02-11 22:11:16,532 [http-nio-8080-exec-3] INFO  j.c.l.cms.controller.LoginController 95 - loginController.login:登録結束
2020-02-11 22:12:12,281 [http-nio-8080-exec-10] INFO  j.c.l.c.c.GetEmployeeInfoController 36 - GetEmployeeInfoController.getEmployeeInfo:検索開始
2020-02-11 22:12:12,377 [http-nio-8080-exec-10] INFO  j.c.l.c.c.GetEmployeeInfoController 155 - GetEmployeeInfoController.getEmployeeInfo:検索結束
2020-02-11 22:12:32,131 [http-nio-8080-exec-9] INFO  j.c.l.c.c.GetEmployeeInfoController 36 - GetEmployeeInfoController.getEmployeeInfo:検索開始
2020-02-11 22:12:32,136 [http-nio-8080-exec-9] INFO  j.c.l.c.c.GetEmployeeInfoController 155 - GetEmployeeInfoController.getEmployeeInfo:検索結束
2020-02-11 22:14:58,098 [http-nio-8080-exec-9] INFO  j.c.l.cms.controller.LoginController 56 - LoginController.login:登録開始
2020-02-11 22:14:58,102 [http-nio-8080-exec-9] INFO  j.c.l.cms.controller.LoginController 88 - loginController.login:登録開始
2020-02-11 22:14:58,103 [http-nio-8080-exec-9] INFO  j.c.l.cms.controller.LoginController 91 - 日志输出 info
2020-02-11 22:14:58,103 [http-nio-8080-exec-9] WARN  j.c.l.cms.controller.LoginController 92 - 日志输出 warn
2020-02-11 22:14:58,106 [http-nio-8080-exec-9] INFO  j.c.l.cms.controller.LoginController 95 - loginController.login:登録結束
2020-02-11 22:15:25,543 [http-nio-8080-exec-3] INFO  j.c.l.cms.controller.LoginController 56 - LoginController.login:登録開始
2020-02-11 22:15:25,547 [http-nio-8080-exec-3] INFO  j.c.l.cms.controller.LoginController 88 - loginController.login:登録開始
2020-02-11 22:15:25,548 [http-nio-8080-exec-3] INFO  j.c.l.cms.controller.LoginController 91 - 日志输出 info
2020-02-11 22:15:25,548 [http-nio-8080-exec-3] WARN  j.c.l.cms.controller.LoginController 92 - 日志输出 warn
2020-02-11 22:15:25,549 [http-nio-8080-exec-3] INFO  j.c.l.cms.controller.LoginController 95 - loginController.login:登録結束
