2019-10-04 13:42:56,915 [main] INFO  jp.co.lyc.cms.ApplicationMain 50 - Starting ApplicationMain on DESKTOP-GD7FF1R with PID 3960 (C:\E\workspacer\LYC_CMS\target\classes started by admin in C:\E\workspacer\LYC_CMS)
2019-10-04 13:42:56,929 [main] INFO  jp.co.lyc.cms.ApplicationMain 647 - No active profile set, falling back to default profiles: default
2019-10-04 13:43:00,628 [main] INFO  o.s.b.w.e.tomcat.TomcatWebServer 90 - Tomcat initialized with port(s): 8080 (http)
2019-10-04 13:43:00,659 [main] INFO  o.a.coyote.http11.Http11NioProtocol 173 - Initializing ProtocolHandler ["http-nio-8080"]
2019-10-04 13:43:00,683 [main] INFO  o.a.catalina.core.StandardService 173 - Starting service [Tomcat]
2019-10-04 13:43:00,684 [main] INFO  o.a.catalina.core.StandardEngine 173 - Starting Servlet engine: [Apache Tomcat/9.0.22]
2019-10-04 13:43:01,046 [main] INFO  o.a.c.c.C.[Tomcat].[localhost].[/] 173 - Initializing Spring embedded WebApplicationContext
2019-10-04 13:43:01,047 [main] INFO  o.s.web.context.ContextLoader 284 - Root WebApplicationContext: initialization completed in 3965 ms
2019-10-04 13:43:02,234 [main] INFO  o.s.s.c.ThreadPoolTaskExecutor 171 - Initializing ExecutorService 'applicationTaskExecutor'
2019-10-04 13:43:02,418 [main] INFO  o.s.b.a.w.s.WelcomePageHandlerMapping 58 - Adding welcome page template: index
2019-10-04 13:43:02,878 [main] INFO  o.a.coyote.http11.Http11NioProtocol 173 - Starting ProtocolHandler ["http-nio-8080"]
2019-10-04 13:43:02,956 [main] INFO  o.s.b.w.e.tomcat.TomcatWebServer 202 - Tomcat started on port(s): 8080 (http) with context path ''
2019-10-04 13:43:02,962 [main] INFO  jp.co.lyc.cms.ApplicationMain 59 - Started ApplicationMain in 7.37 seconds (JVM running for 24.707)
2019-10-04 13:43:13,486 [http-nio-8080-exec-1] INFO  o.a.c.c.C.[Tomcat].[localhost].[/] 173 - Initializing Spring DispatcherServlet 'dispatcherServlet'
2019-10-04 13:43:13,488 [http-nio-8080-exec-1] INFO  o.s.web.servlet.DispatcherServlet 524 - Initializing Servlet 'dispatcherServlet'
2019-10-04 13:43:13,514 [http-nio-8080-exec-1] INFO  o.s.web.servlet.DispatcherServlet 546 - Completed initialization in 25 ms
2019-10-04 13:43:17,917 [http-nio-8080-exec-7] INFO  o.a.tomcat.util.http.parser.Cookie 173 - A cookie header was received [:0.06193215496302451:=http:] that contained an invalid cookie. That cookie will be ignored.
 Note: further occurrences of this error will be logged at DEBUG level.
2019-10-04 13:43:18,300 [http-nio-8080-exec-7] INFO  j.c.l.cms.controller.LoginController 59 - LoginController.login:登録開始
2019-10-04 13:43:18,364 [http-nio-8080-exec-7] INFO  com.zaxxer.hikari.HikariDataSource 110 - HikariPool-1 - Starting...
2019-10-04 13:43:19,187 [http-nio-8080-exec-7] INFO  com.zaxxer.hikari.HikariDataSource 123 - HikariPool-1 - Start completed.
2019-10-04 13:43:29,840 [http-nio-8080-exec-1] INFO  j.c.l.cms.controller.LoginController 59 - LoginController.login:登録開始
2019-10-04 13:43:29,863 [http-nio-8080-exec-1] INFO  j.c.l.cms.controller.LoginController 86 - loginController.login:登録開始
2019-10-04 13:43:29,864 [http-nio-8080-exec-1] INFO  j.c.l.cms.controller.LoginController 89 - 日志输出 info
2019-10-04 13:43:29,864 [http-nio-8080-exec-1] WARN  j.c.l.cms.controller.LoginController 90 - 日志输出 warn
2019-10-04 13:43:29,873 [http-nio-8080-exec-1] INFO  j.c.l.cms.controller.LoginController 93 - loginController.login:登録結束
2019-10-04 14:19:11,833 [http-nio-8080-exec-5] WARN  o.s.w.s.m.s.DefaultHandlerExceptionResolver 198 - Resolved [org.springframework.web.HttpRequestMethodNotSupportedException: Request method 'GET' not supported]
2019-10-04 14:19:22,236 [http-nio-8080-exec-9] INFO  j.c.l.cms.controller.LoginController 59 - LoginController.login:登録開始
2019-10-04 14:26:26,795 [main] INFO  jp.co.lyc.cms.ApplicationMain 50 - Starting ApplicationMain on DESKTOP-GD7FF1R with PID 12964 (C:\E\workspacer\LYC_CMS\target\classes started by admin in C:\E\workspacer\LYC_CMS)
2019-10-04 14:26:26,805 [main] INFO  jp.co.lyc.cms.ApplicationMain 647 - No active profile set, falling back to default profiles: default
2019-10-04 14:26:29,581 [main] INFO  o.s.b.w.e.tomcat.TomcatWebServer 90 - Tomcat initialized with port(s): 8080 (http)
2019-10-04 14:26:29,611 [main] INFO  o.a.coyote.http11.Http11NioProtocol 173 - Initializing ProtocolHandler ["http-nio-8080"]
2019-10-04 14:26:29,634 [main] INFO  o.a.catalina.core.StandardService 173 - Starting service [Tomcat]
2019-10-04 14:26:29,635 [main] INFO  o.a.catalina.core.StandardEngine 173 - Starting Servlet engine: [Apache Tomcat/9.0.22]
2019-10-04 14:26:30,934 [main] INFO  o.a.c.c.C.[Tomcat].[localhost].[/] 173 - Initializing Spring embedded WebApplicationContext
2019-10-04 14:26:30,935 [main] INFO  o.s.web.context.ContextLoader 284 - Root WebApplicationContext: initialization completed in 4022 ms
2019-10-04 14:26:32,035 [main] INFO  o.s.s.c.ThreadPoolTaskExecutor 171 - Initializing ExecutorService 'applicationTaskExecutor'
2019-10-04 14:26:32,222 [main] INFO  o.s.b.a.w.s.WelcomePageHandlerMapping 58 - Adding welcome page template: index
2019-10-04 14:26:32,696 [main] INFO  o.a.coyote.http11.Http11NioProtocol 173 - Starting ProtocolHandler ["http-nio-8080"]
2019-10-04 14:26:32,776 [main] INFO  o.s.b.w.e.tomcat.TomcatWebServer 202 - Tomcat started on port(s): 8080 (http) with context path ''
2019-10-04 14:26:32,784 [main] INFO  jp.co.lyc.cms.ApplicationMain 59 - Started ApplicationMain in 7.625 seconds (JVM running for 21.299)
2019-10-04 14:26:40,961 [http-nio-8080-exec-1] INFO  o.a.c.c.C.[Tomcat].[localhost].[/] 173 - Initializing Spring DispatcherServlet 'dispatcherServlet'
2019-10-04 14:26:40,962 [http-nio-8080-exec-1] INFO  o.s.web.servlet.DispatcherServlet 524 - Initializing Servlet 'dispatcherServlet'
2019-10-04 14:26:40,981 [http-nio-8080-exec-1] INFO  o.s.web.servlet.DispatcherServlet 546 - Completed initialization in 19 ms
2019-10-04 14:26:41,729 [http-nio-8080-exec-2] INFO  o.a.tomcat.util.http.parser.Cookie 173 - A cookie header was received [:0.7428925302381955:=http:] that contained an invalid cookie. That cookie will be ignored.
 Note: further occurrences of this error will be logged at DEBUG level.
2019-10-04 14:26:44,238 [http-nio-8080-exec-3] INFO  j.c.l.cms.controller.LoginController 59 - LoginController.login:登録開始
2019-10-04 14:26:44,283 [http-nio-8080-exec-3] INFO  com.zaxxer.hikari.HikariDataSource 110 - HikariPool-1 - Starting...
2019-10-04 14:26:45,358 [http-nio-8080-exec-3] INFO  com.zaxxer.hikari.HikariDataSource 123 - HikariPool-1 - Start completed.
2019-10-04 14:40:35,233 [main] INFO  jp.co.lyc.cms.ApplicationMain 50 - Starting ApplicationMain on DESKTOP-GD7FF1R with PID 7528 (C:\E\workspacer\LYC_CMS\target\classes started by admin in C:\E\workspacer\LYC_CMS)
2019-10-04 14:40:35,243 [main] INFO  jp.co.lyc.cms.ApplicationMain 647 - No active profile set, falling back to default profiles: default
2019-10-04 14:40:38,522 [main] INFO  o.s.b.w.e.tomcat.TomcatWebServer 90 - Tomcat initialized with port(s): 8080 (http)
2019-10-04 14:40:38,560 [main] INFO  o.a.coyote.http11.Http11NioProtocol 173 - Initializing ProtocolHandler ["http-nio-8080"]
2019-10-04 14:40:38,592 [main] INFO  o.a.catalina.core.StandardService 173 - Starting service [Tomcat]
2019-10-04 14:40:38,592 [main] INFO  o.a.catalina.core.StandardEngine 173 - Starting Servlet engine: [Apache Tomcat/9.0.22]
2019-10-04 14:40:38,904 [main] INFO  o.a.c.c.C.[Tomcat].[localhost].[/] 173 - Initializing Spring embedded WebApplicationContext
2019-10-04 14:40:38,904 [main] INFO  o.s.web.context.ContextLoader 284 - Root WebApplicationContext: initialization completed in 3480 ms
2019-10-04 14:40:40,062 [main] INFO  o.s.s.c.ThreadPoolTaskExecutor 171 - Initializing ExecutorService 'applicationTaskExecutor'
2019-10-04 14:40:40,254 [main] INFO  o.s.b.a.w.s.WelcomePageHandlerMapping 58 - Adding welcome page template: index
2019-10-04 14:40:40,692 [main] INFO  o.a.coyote.http11.Http11NioProtocol 173 - Starting ProtocolHandler ["http-nio-8080"]
2019-10-04 14:40:40,770 [main] INFO  o.s.b.w.e.tomcat.TomcatWebServer 202 - Tomcat started on port(s): 8080 (http) with context path ''
2019-10-04 14:40:40,775 [main] INFO  jp.co.lyc.cms.ApplicationMain 59 - Started ApplicationMain in 6.918 seconds (JVM running for 28.86)
2019-10-04 14:41:10,713 [http-nio-8080-exec-1] INFO  o.a.c.c.C.[Tomcat].[localhost].[/] 173 - Initializing Spring DispatcherServlet 'dispatcherServlet'
2019-10-04 14:41:10,714 [http-nio-8080-exec-1] INFO  o.s.web.servlet.DispatcherServlet 524 - Initializing Servlet 'dispatcherServlet'
2019-10-04 14:41:10,729 [http-nio-8080-exec-1] INFO  o.s.web.servlet.DispatcherServlet 546 - Completed initialization in 15 ms
2019-10-04 14:41:11,378 [http-nio-8080-exec-2] INFO  o.a.tomcat.util.http.parser.Cookie 173 - A cookie header was received [:0.7428925302381955:=http:] that contained an invalid cookie. That cookie will be ignored.
 Note: further occurrences of this error will be logged at DEBUG level.
2019-10-04 14:41:12,673 [http-nio-8080-exec-5] INFO  j.c.l.cms.controller.LoginController 56 - LoginController.login:登録開始
2019-10-04 14:41:12,738 [http-nio-8080-exec-5] INFO  com.zaxxer.hikari.HikariDataSource 110 - HikariPool-1 - Starting...
2019-10-04 14:41:13,987 [http-nio-8080-exec-5] INFO  com.zaxxer.hikari.HikariDataSource 123 - HikariPool-1 - Start completed.
2019-10-04 14:41:52,282 [main] INFO  jp.co.lyc.cms.ApplicationMain 50 - Starting ApplicationMain on DESKTOP-GD7FF1R with PID 9480 (C:\E\workspacer\LYC_CMS\target\classes started by admin in C:\E\workspacer\LYC_CMS)
2019-10-04 14:41:52,282 [main] INFO  jp.co.lyc.cms.ApplicationMain 647 - No active profile set, falling back to default profiles: default
2019-10-04 14:41:55,000 [main] INFO  o.s.b.w.e.tomcat.TomcatWebServer 90 - Tomcat initialized with port(s): 8080 (http)
2019-10-04 14:41:55,028 [main] INFO  o.a.coyote.http11.Http11NioProtocol 173 - Initializing ProtocolHandler ["http-nio-8080"]
2019-10-04 14:41:55,059 [main] INFO  o.a.catalina.core.StandardService 173 - Starting service [Tomcat]
2019-10-04 14:41:55,059 [main] INFO  o.a.catalina.core.StandardEngine 173 - Starting Servlet engine: [Apache Tomcat/9.0.22]
2019-10-04 14:41:55,340 [main] INFO  o.a.c.c.C.[Tomcat].[localhost].[/] 173 - Initializing Spring embedded WebApplicationContext
2019-10-04 14:41:55,340 [main] INFO  o.s.web.context.ContextLoader 284 - Root WebApplicationContext: initialization completed in 2965 ms
2019-10-04 14:41:56,371 [main] INFO  o.s.s.c.ThreadPoolTaskExecutor 171 - Initializing ExecutorService 'applicationTaskExecutor'
2019-10-04 14:41:56,555 [main] INFO  o.s.b.a.w.s.WelcomePageHandlerMapping 58 - Adding welcome page template: index
2019-10-04 14:41:56,993 [main] INFO  o.a.coyote.http11.Http11NioProtocol 173 - Starting ProtocolHandler ["http-nio-8080"]
2019-10-04 14:41:57,039 [main] INFO  o.s.b.w.e.tomcat.TomcatWebServer 202 - Tomcat started on port(s): 8080 (http) with context path ''
2019-10-04 14:41:57,055 [main] INFO  jp.co.lyc.cms.ApplicationMain 59 - Started ApplicationMain in 5.849 seconds (JVM running for 15.204)
2019-10-04 14:42:04,779 [http-nio-8080-exec-1] INFO  o.a.tomcat.util.http.parser.Cookie 173 - A cookie header was received [:0.7428925302381955:=http:; JSESSIONID=8F9809BA90942B584C7FB6D5A0F9F43F] that contained an invalid cookie. That cookie will be ignored.
 Note: further occurrences of this error will be logged at DEBUG level.
2019-10-04 14:42:04,794 [http-nio-8080-exec-1] INFO  o.a.c.c.C.[Tomcat].[localhost].[/] 173 - Initializing Spring DispatcherServlet 'dispatcherServlet'
2019-10-04 14:42:04,794 [http-nio-8080-exec-1] INFO  o.s.web.servlet.DispatcherServlet 524 - Initializing Servlet 'dispatcherServlet'
2019-10-04 14:42:04,812 [http-nio-8080-exec-1] INFO  o.s.web.servlet.DispatcherServlet 546 - Completed initialization in 18 ms
2019-10-04 14:42:18,269 [http-nio-8080-exec-5] INFO  j.c.l.cms.controller.LoginController 56 - LoginController.login:登録開始
2019-10-04 14:42:18,326 [http-nio-8080-exec-5] INFO  com.zaxxer.hikari.HikariDataSource 110 - HikariPool-1 - Starting...
2019-10-04 14:42:19,192 [http-nio-8080-exec-5] INFO  com.zaxxer.hikari.HikariDataSource 123 - HikariPool-1 - Start completed.
2019-10-04 15:33:07,958 [main] INFO  jp.co.lyc.cms.ApplicationMain 50 - Starting ApplicationMain on DESKTOP-GD7FF1R with PID 3668 (C:\E\workspacer\LYC_CMS\target\classes started by admin in C:\E\workspacer\LYC_CMS)
2019-10-04 15:33:07,972 [main] INFO  jp.co.lyc.cms.ApplicationMain 647 - No active profile set, falling back to default profiles: default
2019-10-04 15:33:12,371 [main] INFO  o.s.b.w.e.tomcat.TomcatWebServer 90 - Tomcat initialized with port(s): 8080 (http)
2019-10-04 15:33:12,425 [main] INFO  o.a.coyote.http11.Http11NioProtocol 173 - Initializing ProtocolHandler ["http-nio-8080"]
2019-10-04 15:33:12,452 [main] INFO  o.a.catalina.core.StandardService 173 - Starting service [Tomcat]
2019-10-04 15:33:12,453 [main] INFO  o.a.catalina.core.StandardEngine 173 - Starting Servlet engine: [Apache Tomcat/9.0.22]
2019-10-04 15:33:12,817 [main] INFO  o.a.c.c.C.[Tomcat].[localhost].[/] 173 - Initializing Spring embedded WebApplicationContext
2019-10-04 15:33:12,818 [main] INFO  o.s.web.context.ContextLoader 284 - Root WebApplicationContext: initialization completed in 4453 ms
2019-10-04 15:33:14,451 [main] INFO  o.s.s.c.ThreadPoolTaskExecutor 171 - Initializing ExecutorService 'applicationTaskExecutor'
2019-10-04 15:33:14,709 [main] INFO  o.s.b.a.w.s.WelcomePageHandlerMapping 58 - Adding welcome page template: index
2019-10-04 15:33:15,253 [main] INFO  o.a.coyote.http11.Http11NioProtocol 173 - Starting ProtocolHandler ["http-nio-8080"]
2019-10-04 15:33:15,366 [main] INFO  o.s.b.w.e.tomcat.TomcatWebServer 202 - Tomcat started on port(s): 8080 (http) with context path ''
2019-10-04 15:33:15,378 [main] INFO  jp.co.lyc.cms.ApplicationMain 59 - Started ApplicationMain in 9.257 seconds (JVM running for 26.832)
2019-10-04 15:39:28,259 [http-nio-8080-exec-1] INFO  o.a.c.c.C.[Tomcat].[localhost].[/] 173 - Initializing Spring DispatcherServlet 'dispatcherServlet'
2019-10-04 15:39:28,260 [http-nio-8080-exec-1] INFO  o.s.web.servlet.DispatcherServlet 524 - Initializing Servlet 'dispatcherServlet'
2019-10-04 15:39:28,285 [http-nio-8080-exec-1] INFO  o.s.web.servlet.DispatcherServlet 546 - Completed initialization in 24 ms
2019-10-04 15:39:34,520 [http-nio-8080-exec-4] INFO  o.a.tomcat.util.http.parser.Cookie 173 - A cookie header was received [:0.7428925302381955:=http:] that contained an invalid cookie. That cookie will be ignored.
 Note: further occurrences of this error will be logged at DEBUG level.
2019-10-04 15:39:34,697 [http-nio-8080-exec-4] INFO  j.c.l.cms.controller.LoginController 56 - LoginController.login:登録開始
2019-10-04 15:39:34,779 [http-nio-8080-exec-4] INFO  com.zaxxer.hikari.HikariDataSource 110 - HikariPool-1 - Starting...
2019-10-04 15:39:35,192 [http-nio-8080-exec-4] INFO  com.zaxxer.hikari.HikariDataSource 123 - HikariPool-1 - Start completed.
2019-10-04 15:45:03,082 [main] INFO  jp.co.lyc.cms.ApplicationMain 50 - Starting ApplicationMain on DESKTOP-GD7FF1R with PID 12324 (C:\E\workspacer\LYC_CMS\target\classes started by admin in C:\E\workspacer\LYC_CMS)
2019-10-04 15:45:03,088 [main] INFO  jp.co.lyc.cms.ApplicationMain 647 - No active profile set, falling back to default profiles: default
2019-10-04 15:45:05,781 [main] INFO  o.s.b.w.e.tomcat.TomcatWebServer 90 - Tomcat initialized with port(s): 8080 (http)
2019-10-04 15:45:05,805 [main] INFO  o.a.coyote.http11.Http11NioProtocol 173 - Initializing ProtocolHandler ["http-nio-8080"]
2019-10-04 15:45:05,826 [main] INFO  o.a.catalina.core.StandardService 173 - Starting service [Tomcat]
2019-10-04 15:45:05,827 [main] INFO  o.a.catalina.core.StandardEngine 173 - Starting Servlet engine: [Apache Tomcat/9.0.22]
2019-10-04 15:45:06,079 [main] INFO  o.a.c.c.C.[Tomcat].[localhost].[/] 173 - Initializing Spring embedded WebApplicationContext
2019-10-04 15:45:06,080 [main] INFO  o.s.web.context.ContextLoader 284 - Root WebApplicationContext: initialization completed in 2900 ms
2019-10-04 15:45:07,240 [main] INFO  o.s.s.c.ThreadPoolTaskExecutor 171 - Initializing ExecutorService 'applicationTaskExecutor'
2019-10-04 15:45:07,419 [main] INFO  o.s.b.a.w.s.WelcomePageHandlerMapping 58 - Adding welcome page template: index
2019-10-04 15:45:07,857 [main] INFO  o.a.coyote.http11.Http11NioProtocol 173 - Starting ProtocolHandler ["http-nio-8080"]
2019-10-04 15:45:07,922 [main] INFO  o.s.b.w.e.tomcat.TomcatWebServer 202 - Tomcat started on port(s): 8080 (http) with context path ''
2019-10-04 15:45:07,929 [main] INFO  jp.co.lyc.cms.ApplicationMain 59 - Started ApplicationMain in 5.981 seconds (JVM running for 19.608)
2019-10-04 15:45:21,805 [http-nio-8080-exec-1] INFO  o.a.c.c.C.[Tomcat].[localhost].[/] 173 - Initializing Spring DispatcherServlet 'dispatcherServlet'
2019-10-04 15:45:21,806 [http-nio-8080-exec-1] INFO  o.s.web.servlet.DispatcherServlet 524 - Initializing Servlet 'dispatcherServlet'
2019-10-04 15:45:21,838 [http-nio-8080-exec-1] INFO  o.s.web.servlet.DispatcherServlet 546 - Completed initialization in 32 ms
2019-10-04 15:45:39,068 [http-nio-8080-exec-9] INFO  o.a.tomcat.util.http.parser.Cookie 173 - A cookie header was received [:0.7428925302381955:=http:] that contained an invalid cookie. That cookie will be ignored.
 Note: further occurrences of this error will be logged at DEBUG level.
2019-10-04 15:45:39,229 [http-nio-8080-exec-9] INFO  j.c.l.cms.controller.LoginController 56 - LoginController.login:登録開始
2019-10-04 15:45:39,310 [http-nio-8080-exec-9] INFO  com.zaxxer.hikari.HikariDataSource 110 - HikariPool-1 - Starting...
2019-10-04 15:45:40,131 [http-nio-8080-exec-9] INFO  com.zaxxer.hikari.HikariDataSource 123 - HikariPool-1 - Start completed.
2019-10-04 15:47:07,912 [main] INFO  jp.co.lyc.cms.ApplicationMain 50 - Starting ApplicationMain on DESKTOP-GD7FF1R with PID 9044 (C:\E\workspacer\LYC_CMS\target\classes started by admin in C:\E\workspacer\LYC_CMS)
2019-10-04 15:47:07,928 [main] INFO  jp.co.lyc.cms.ApplicationMain 647 - No active profile set, falling back to default profiles: default
2019-10-04 15:47:10,747 [main] INFO  o.s.b.w.e.tomcat.TomcatWebServer 90 - Tomcat initialized with port(s): 8080 (http)
2019-10-04 15:47:10,766 [main] INFO  o.a.coyote.http11.Http11NioProtocol 173 - Initializing ProtocolHandler ["http-nio-8080"]
2019-10-04 15:47:10,798 [main] INFO  o.a.catalina.core.StandardService 173 - Starting service [Tomcat]
2019-10-04 15:47:10,798 [main] INFO  o.a.catalina.core.StandardEngine 173 - Starting Servlet engine: [Apache Tomcat/9.0.22]
2019-10-04 15:47:11,048 [main] INFO  o.a.c.c.C.[Tomcat].[localhost].[/] 173 - Initializing Spring embedded WebApplicationContext
2019-10-04 15:47:11,048 [main] INFO  o.s.web.context.ContextLoader 284 - Root WebApplicationContext: initialization completed in 3026 ms
2019-10-04 15:47:12,190 [main] INFO  o.s.s.c.ThreadPoolTaskExecutor 171 - Initializing ExecutorService 'applicationTaskExecutor'
2019-10-04 15:47:12,385 [main] INFO  o.s.b.a.w.s.WelcomePageHandlerMapping 58 - Adding welcome page template: index
2019-10-04 15:47:12,847 [main] INFO  o.a.coyote.http11.Http11NioProtocol 173 - Starting ProtocolHandler ["http-nio-8080"]
2019-10-04 15:47:12,925 [main] INFO  o.s.b.w.e.tomcat.TomcatWebServer 202 - Tomcat started on port(s): 8080 (http) with context path ''
2019-10-04 15:47:12,930 [main] INFO  jp.co.lyc.cms.ApplicationMain 59 - Started ApplicationMain in 6.096 seconds (JVM running for 19.394)
2019-10-04 15:47:26,140 [http-nio-8080-exec-1] INFO  o.a.tomcat.util.http.parser.Cookie 173 - A cookie header was received [:0.7428925302381955:=http:; JSESSIONID=D16AF6B2013E636E14DFD2654CD67E8B] that contained an invalid cookie. That cookie will be ignored.
 Note: further occurrences of this error will be logged at DEBUG level.
2019-10-04 15:47:26,160 [http-nio-8080-exec-1] INFO  o.a.c.c.C.[Tomcat].[localhost].[/] 173 - Initializing Spring DispatcherServlet 'dispatcherServlet'
2019-10-04 15:47:26,160 [http-nio-8080-exec-1] INFO  o.s.web.servlet.DispatcherServlet 524 - Initializing Servlet 'dispatcherServlet'
2019-10-04 15:47:26,181 [http-nio-8080-exec-1] INFO  o.s.web.servlet.DispatcherServlet 546 - Completed initialization in 20 ms
2019-10-04 15:49:56,634 [main] INFO  jp.co.lyc.cms.ApplicationMain 50 - Starting ApplicationMain on DESKTOP-GD7FF1R with PID 4404 (C:\E\workspacer\LYC_CMS\target\classes started by admin in C:\E\workspacer\LYC_CMS)
2019-10-04 15:49:56,649 [main] INFO  jp.co.lyc.cms.ApplicationMain 647 - No active profile set, falling back to default profiles: default
2019-10-04 15:49:59,381 [main] INFO  o.s.b.w.e.tomcat.TomcatWebServer 90 - Tomcat initialized with port(s): 8080 (http)
2019-10-04 15:49:59,406 [main] INFO  o.a.coyote.http11.Http11NioProtocol 173 - Initializing ProtocolHandler ["http-nio-8080"]
2019-10-04 15:49:59,426 [main] INFO  o.a.catalina.core.StandardService 173 - Starting service [Tomcat]
2019-10-04 15:49:59,427 [main] INFO  o.a.catalina.core.StandardEngine 173 - Starting Servlet engine: [Apache Tomcat/9.0.22]
2019-10-04 15:49:59,710 [main] INFO  o.a.c.c.C.[Tomcat].[localhost].[/] 173 - Initializing Spring embedded WebApplicationContext
2019-10-04 15:49:59,711 [main] INFO  o.s.web.context.ContextLoader 284 - Root WebApplicationContext: initialization completed in 2956 ms
2019-10-04 15:50:00,821 [main] INFO  o.s.s.c.ThreadPoolTaskExecutor 171 - Initializing ExecutorService 'applicationTaskExecutor'
2019-10-04 15:50:01,003 [main] INFO  o.s.b.a.w.s.WelcomePageHandlerMapping 58 - Adding welcome page template: index
2019-10-04 15:50:01,463 [main] INFO  o.a.coyote.http11.Http11NioProtocol 173 - Starting ProtocolHandler ["http-nio-8080"]
2019-10-04 15:50:01,517 [main] INFO  o.s.b.w.e.tomcat.TomcatWebServer 202 - Tomcat started on port(s): 8080 (http) with context path ''
2019-10-04 15:50:01,524 [main] INFO  jp.co.lyc.cms.ApplicationMain 59 - Started ApplicationMain in 6.169 seconds (JVM running for 15.912)
2019-10-04 15:50:39,470 [http-nio-8080-exec-1] INFO  o.a.c.c.C.[Tomcat].[localhost].[/] 173 - Initializing Spring DispatcherServlet 'dispatcherServlet'
2019-10-04 15:50:39,470 [http-nio-8080-exec-1] INFO  o.s.web.servlet.DispatcherServlet 524 - Initializing Servlet 'dispatcherServlet'
2019-10-04 15:50:39,492 [http-nio-8080-exec-1] INFO  o.s.web.servlet.DispatcherServlet 546 - Completed initialization in 21 ms
2019-10-04 15:50:53,414 [http-nio-8080-exec-4] INFO  o.a.tomcat.util.http.parser.Cookie 173 - A cookie header was received [:0.7428925302381955:=http:] that contained an invalid cookie. That cookie will be ignored.
 Note: further occurrences of this error will be logged at DEBUG level.
2019-10-04 15:54:11,219 [main] INFO  jp.co.lyc.cms.ApplicationMain 50 - Starting ApplicationMain on DESKTOP-GD7FF1R with PID 11984 (C:\E\workspacer\LYC_CMS\target\classes started by admin in C:\E\workspacer\LYC_CMS)
2019-10-04 15:54:11,228 [main] INFO  jp.co.lyc.cms.ApplicationMain 647 - No active profile set, falling back to default profiles: default
2019-10-04 15:54:15,319 [main] INFO  o.s.b.w.e.tomcat.TomcatWebServer 90 - Tomcat initialized with port(s): 8080 (http)
2019-10-04 15:54:15,363 [main] INFO  o.a.coyote.http11.Http11NioProtocol 173 - Initializing ProtocolHandler ["http-nio-8080"]
2019-10-04 15:54:15,408 [main] INFO  o.a.catalina.core.StandardService 173 - Starting service [Tomcat]
2019-10-04 15:54:15,409 [main] INFO  o.a.catalina.core.StandardEngine 173 - Starting Servlet engine: [Apache Tomcat/9.0.22]
2019-10-04 15:54:15,883 [main] INFO  o.a.c.c.C.[Tomcat].[localhost].[/] 173 - Initializing Spring embedded WebApplicationContext
2019-10-04 15:54:15,884 [main] INFO  o.s.web.context.ContextLoader 284 - Root WebApplicationContext: initialization completed in 4507 ms
2019-10-04 15:54:17,227 [main] INFO  o.s.s.c.ThreadPoolTaskExecutor 171 - Initializing ExecutorService 'applicationTaskExecutor'
2019-10-04 15:54:17,464 [main] INFO  o.s.b.a.w.s.WelcomePageHandlerMapping 58 - Adding welcome page template: index
2019-10-04 15:54:17,947 [main] INFO  o.a.coyote.http11.Http11NioProtocol 173 - Starting ProtocolHandler ["http-nio-8080"]
2019-10-04 15:54:17,994 [main] INFO  o.s.b.w.e.tomcat.TomcatWebServer 202 - Tomcat started on port(s): 8080 (http) with context path ''
2019-10-04 15:54:18,010 [main] INFO  jp.co.lyc.cms.ApplicationMain 59 - Started ApplicationMain in 8.543 seconds (JVM running for 18.195)
2019-10-04 15:54:19,963 [http-nio-8080-exec-1] INFO  o.a.c.c.C.[Tomcat].[localhost].[/] 173 - Initializing Spring DispatcherServlet 'dispatcherServlet'
2019-10-04 15:54:19,964 [http-nio-8080-exec-1] INFO  o.s.web.servlet.DispatcherServlet 524 - Initializing Servlet 'dispatcherServlet'
2019-10-04 15:54:19,992 [http-nio-8080-exec-1] INFO  o.s.web.servlet.DispatcherServlet 546 - Completed initialization in 28 ms
2019-10-04 15:54:26,496 [http-nio-8080-exec-8] INFO  o.a.tomcat.util.http.parser.Cookie 173 - A cookie header was received [:0.7428925302381955:=http:] that contained an invalid cookie. That cookie will be ignored.
 Note: further occurrences of this error will be logged at DEBUG level.
2019-10-04 15:54:32,633 [http-nio-8080-exec-10] INFO  j.c.l.cms.controller.LoginController 56 - LoginController.login:登録開始
2019-10-04 15:54:32,694 [http-nio-8080-exec-10] INFO  com.zaxxer.hikari.HikariDataSource 110 - HikariPool-1 - Starting...
2019-10-04 15:54:33,387 [http-nio-8080-exec-10] INFO  com.zaxxer.hikari.HikariDataSource 123 - HikariPool-1 - Start completed.
2019-10-04 15:54:33,586 [http-nio-8080-exec-10] INFO  j.c.l.cms.controller.LoginController 87 - loginController.login:登録開始
2019-10-04 15:54:33,587 [http-nio-8080-exec-10] INFO  j.c.l.cms.controller.LoginController 90 - 日志输出 info
2019-10-04 15:54:33,588 [http-nio-8080-exec-10] WARN  j.c.l.cms.controller.LoginController 91 - 日志输出 warn
2019-10-04 15:54:33,593 [http-nio-8080-exec-10] INFO  j.c.l.cms.controller.LoginController 94 - loginController.login:登録結束
2019-10-04 15:54:48,978 [http-nio-8080-exec-5] INFO  j.c.l.c.c.GetEmployeeInfoController 36 - GetEmployeeInfoController.getEmployeeInfo:検索開始
2019-10-04 15:54:49,041 [http-nio-8080-exec-5] INFO  j.c.l.c.c.GetEmployeeInfoController 155 - GetEmployeeInfoController.getEmployeeInfo:検索結束
