2020-06-22 15:07:22,472 [main] INFO  jp.co.lyc.cms.ApplicationMain 50 - Starting ApplicationMain on LAPTOP-A94PII7T with PID 3068 (E:\LYC_CMS\target\classes started by Vin.Young in E:\LYC_CMS)
2020-06-22 15:07:22,476 [main] INFO  jp.co.lyc.cms.ApplicationMain 647 - No active profile set, falling back to default profiles: default
2020-06-22 15:07:23,543 [main] INFO  o.s.b.w.e.tomcat.TomcatWebServer 90 - Tomcat initialized with port(s): 8080 (http)
2020-06-22 15:07:23,556 [main] INFO  o.a.coyote.http11.Http11NioProtocol 173 - Initializing ProtocolHandler ["http-nio-8080"]
2020-06-22 15:07:23,564 [main] INFO  o.a.catalina.core.StandardService 173 - Starting service [Tomcat]
2020-06-22 15:07:23,564 [main] INFO  o.a.catalina.core.StandardEngine 173 - Starting Servlet engine: [Apache Tomcat/9.0.22]
2020-06-22 15:07:23,655 [main] INFO  o.a.c.c.C.[Tomcat].[localhost].[/] 173 - Initializing Spring embedded WebApplicationContext
2020-06-22 15:07:23,655 [main] INFO  o.s.web.context.ContextLoader 284 - Root WebApplicationContext: initialization completed in 1142 ms
2020-06-22 15:07:24,155 [main] INFO  o.s.s.c.ThreadPoolTaskExecutor 171 - Initializing ExecutorService 'applicationTaskExecutor'
2020-06-22 15:07:24,222 [main] INFO  o.s.b.a.w.s.WelcomePageHandlerMapping 58 - Adding welcome page template: index
2020-06-22 15:07:24,388 [main] INFO  o.a.coyote.http11.Http11NioProtocol 173 - Starting ProtocolHandler ["http-nio-8080"]
2020-06-22 15:07:24,411 [main] INFO  o.s.b.w.e.tomcat.TomcatWebServer 202 - Tomcat started on port(s): 8080 (http) with context path ''
2020-06-22 15:07:24,414 [main] INFO  jp.co.lyc.cms.ApplicationMain 59 - Started ApplicationMain in 2.443 seconds (JVM running for 4.1)
2020-06-22 15:10:30,106 [http-nio-8080-exec-1] INFO  o.a.c.c.C.[Tomcat].[localhost].[/] 173 - Initializing Spring DispatcherServlet 'dispatcherServlet'
2020-06-22 15:10:30,107 [http-nio-8080-exec-1] INFO  o.s.web.servlet.DispatcherServlet 524 - Initializing Servlet 'dispatcherServlet'
2020-06-22 15:10:30,113 [http-nio-8080-exec-1] INFO  o.s.web.servlet.DispatcherServlet 546 - Completed initialization in 6 ms
2020-06-22 15:10:30,180 [http-nio-8080-exec-1] INFO  j.c.l.cms.controller.LoginController 57 - LoginController.login:登録開始
2020-06-22 15:10:30,198 [http-nio-8080-exec-1] INFO  com.zaxxer.hikari.HikariDataSource 110 - HikariPool-1 - Starting...
2020-06-22 15:10:31,140 [http-nio-8080-exec-1] INFO  com.zaxxer.hikari.HikariDataSource 123 - HikariPool-1 - Start completed.
2020-06-22 15:10:31,202 [http-nio-8080-exec-1] INFO  j.c.l.cms.controller.LoginController 89 - loginController.login:登録開始
2020-06-22 15:10:31,202 [http-nio-8080-exec-1] INFO  j.c.l.cms.controller.LoginController 92 - 日志输出 info
2020-06-22 15:10:31,202 [http-nio-8080-exec-1] WARN  j.c.l.cms.controller.LoginController 93 - 日志输出 warn
2020-06-22 15:10:31,204 [http-nio-8080-exec-1] INFO  j.c.l.cms.controller.LoginController 96 - loginController.login:登録結束
2020-06-22 15:10:41,392 [http-nio-8080-exec-6] INFO  j.c.l.c.controller.SubCostController 41 - LoginController.login:诸费用画面跳转开始
2020-06-22 15:11:49,730 [main] INFO  jp.co.lyc.cms.ApplicationMain 50 - Starting ApplicationMain on LAPTOP-A94PII7T with PID 16016 (E:\LYC_CMS\target\classes started by Vin.Young in E:\LYC_CMS)
2020-06-22 15:11:49,734 [main] INFO  jp.co.lyc.cms.ApplicationMain 647 - No active profile set, falling back to default profiles: default
2020-06-22 15:11:50,724 [main] INFO  o.s.b.w.e.tomcat.TomcatWebServer 90 - Tomcat initialized with port(s): 8080 (http)
2020-06-22 15:11:50,736 [main] INFO  o.a.coyote.http11.Http11NioProtocol 173 - Initializing ProtocolHandler ["http-nio-8080"]
2020-06-22 15:11:50,741 [main] INFO  o.a.catalina.core.StandardService 173 - Starting service [Tomcat]
2020-06-22 15:11:50,742 [main] INFO  o.a.catalina.core.StandardEngine 173 - Starting Servlet engine: [Apache Tomcat/9.0.22]
2020-06-22 15:11:50,825 [main] INFO  o.a.c.c.C.[Tomcat].[localhost].[/] 173 - Initializing Spring embedded WebApplicationContext
2020-06-22 15:11:50,825 [main] INFO  o.s.web.context.ContextLoader 284 - Root WebApplicationContext: initialization completed in 1059 ms
2020-06-22 15:11:51,267 [main] INFO  o.s.s.c.ThreadPoolTaskExecutor 171 - Initializing ExecutorService 'applicationTaskExecutor'
2020-06-22 15:11:51,322 [main] INFO  o.s.b.a.w.s.WelcomePageHandlerMapping 58 - Adding welcome page template: index
2020-06-22 15:11:51,468 [main] INFO  o.a.coyote.http11.Http11NioProtocol 173 - Starting ProtocolHandler ["http-nio-8080"]
2020-06-22 15:11:51,491 [main] INFO  o.s.b.w.e.tomcat.TomcatWebServer 202 - Tomcat started on port(s): 8080 (http) with context path ''
2020-06-22 15:11:51,494 [main] INFO  jp.co.lyc.cms.ApplicationMain 59 - Started ApplicationMain in 2.253 seconds (JVM running for 3.521)
2020-06-22 15:12:03,519 [http-nio-8080-exec-2] INFO  o.a.c.c.C.[Tomcat].[localhost].[/] 173 - Initializing Spring DispatcherServlet 'dispatcherServlet'
2020-06-22 15:12:03,520 [http-nio-8080-exec-2] INFO  o.s.web.servlet.DispatcherServlet 524 - Initializing Servlet 'dispatcherServlet'
2020-06-22 15:12:03,527 [http-nio-8080-exec-2] INFO  o.s.web.servlet.DispatcherServlet 546 - Completed initialization in 7 ms
2020-06-22 15:12:03,586 [http-nio-8080-exec-2] INFO  j.c.l.cms.controller.LoginController 57 - LoginController.login:登録開始
2020-06-22 15:12:03,602 [http-nio-8080-exec-2] INFO  com.zaxxer.hikari.HikariDataSource 110 - HikariPool-1 - Starting...
2020-06-22 15:12:04,544 [http-nio-8080-exec-2] INFO  com.zaxxer.hikari.HikariDataSource 123 - HikariPool-1 - Start completed.
2020-06-22 15:12:04,587 [http-nio-8080-exec-2] INFO  j.c.l.cms.controller.LoginController 89 - loginController.login:登録開始
2020-06-22 15:12:04,588 [http-nio-8080-exec-2] INFO  j.c.l.cms.controller.LoginController 92 - 日志输出 info
2020-06-22 15:12:04,588 [http-nio-8080-exec-2] WARN  j.c.l.cms.controller.LoginController 93 - 日志输出 warn
2020-06-22 15:12:04,588 [http-nio-8080-exec-2] INFO  j.c.l.cms.controller.LoginController 96 - loginController.login:登録結束
2020-06-22 15:12:25,413 [main] INFO  jp.co.lyc.cms.ApplicationMain 50 - Starting ApplicationMain on LAPTOP-A94PII7T with PID 14628 (E:\LYC_CMS\target\classes started by Vin.Young in E:\LYC_CMS)
2020-06-22 15:12:25,415 [main] INFO  jp.co.lyc.cms.ApplicationMain 647 - No active profile set, falling back to default profiles: default
2020-06-22 15:12:26,165 [main] INFO  o.s.b.w.e.tomcat.TomcatWebServer 90 - Tomcat initialized with port(s): 8080 (http)
2020-06-22 15:12:26,174 [main] INFO  o.a.coyote.http11.Http11NioProtocol 173 - Initializing ProtocolHandler ["http-nio-8080"]
2020-06-22 15:12:26,179 [main] INFO  o.a.catalina.core.StandardService 173 - Starting service [Tomcat]
2020-06-22 15:12:26,179 [main] INFO  o.a.catalina.core.StandardEngine 173 - Starting Servlet engine: [Apache Tomcat/9.0.22]
2020-06-22 15:12:26,246 [main] INFO  o.a.c.c.C.[Tomcat].[localhost].[/] 173 - Initializing Spring embedded WebApplicationContext
2020-06-22 15:12:26,247 [main] INFO  o.s.web.context.ContextLoader 284 - Root WebApplicationContext: initialization completed in 805 ms
2020-06-22 15:12:26,621 [main] INFO  o.s.s.c.ThreadPoolTaskExecutor 171 - Initializing ExecutorService 'applicationTaskExecutor'
2020-06-22 15:12:26,660 [main] INFO  o.s.b.a.w.s.WelcomePageHandlerMapping 58 - Adding welcome page template: index
2020-06-22 15:12:26,772 [main] INFO  o.a.coyote.http11.Http11NioProtocol 173 - Starting ProtocolHandler ["http-nio-8080"]
2020-06-22 15:12:26,789 [main] INFO  o.s.b.w.e.tomcat.TomcatWebServer 202 - Tomcat started on port(s): 8080 (http) with context path ''
2020-06-22 15:12:26,791 [main] INFO  jp.co.lyc.cms.ApplicationMain 59 - Started ApplicationMain in 1.675 seconds (JVM running for 2.681)
2020-06-22 15:12:31,583 [http-nio-8080-exec-1] INFO  o.a.c.c.C.[Tomcat].[localhost].[/] 173 - Initializing Spring DispatcherServlet 'dispatcherServlet'
2020-06-22 15:12:31,583 [http-nio-8080-exec-1] INFO  o.s.web.servlet.DispatcherServlet 524 - Initializing Servlet 'dispatcherServlet'
2020-06-22 15:12:31,589 [http-nio-8080-exec-1] INFO  o.s.web.servlet.DispatcherServlet 546 - Completed initialization in 6 ms
2020-06-22 15:12:31,631 [http-nio-8080-exec-1] INFO  j.c.l.cms.controller.LoginController 57 - LoginController.login:登録開始
2020-06-22 15:12:31,642 [http-nio-8080-exec-1] INFO  com.zaxxer.hikari.HikariDataSource 110 - HikariPool-1 - Starting...
2020-06-22 15:12:32,544 [http-nio-8080-exec-1] INFO  com.zaxxer.hikari.HikariDataSource 123 - HikariPool-1 - Start completed.
2020-06-22 15:12:32,579 [http-nio-8080-exec-1] INFO  j.c.l.cms.controller.LoginController 89 - loginController.login:登録開始
2020-06-22 15:12:32,579 [http-nio-8080-exec-1] INFO  j.c.l.cms.controller.LoginController 92 - 日志输出 info
2020-06-22 15:12:32,579 [http-nio-8080-exec-1] WARN  j.c.l.cms.controller.LoginController 93 - 日志输出 warn
2020-06-22 15:12:32,580 [http-nio-8080-exec-1] INFO  j.c.l.cms.controller.LoginController 96 - loginController.login:登録結束
2020-06-22 15:13:21,931 [http-nio-8080-exec-3] INFO  j.c.l.cms.controller.LoginController 57 - LoginController.login:登録開始
2020-06-22 15:13:21,936 [http-nio-8080-exec-3] INFO  j.c.l.cms.controller.LoginController 89 - loginController.login:登録開始
2020-06-22 15:13:21,936 [http-nio-8080-exec-3] INFO  j.c.l.cms.controller.LoginController 92 - 日志输出 info
2020-06-22 15:13:21,936 [http-nio-8080-exec-3] WARN  j.c.l.cms.controller.LoginController 93 - 日志输出 warn
2020-06-22 15:13:21,937 [http-nio-8080-exec-3] INFO  j.c.l.cms.controller.LoginController 96 - loginController.login:登録結束
2020-06-22 15:34:41,578 [http-nio-8080-exec-6] INFO  j.c.l.cms.controller.LoginController 57 - LoginController.login:登録開始
2020-06-22 15:34:41,583 [http-nio-8080-exec-6] INFO  j.c.l.cms.controller.LoginController 89 - loginController.login:登録開始
2020-06-22 15:34:41,583 [http-nio-8080-exec-6] INFO  j.c.l.cms.controller.LoginController 92 - 日志输出 info
2020-06-22 15:34:41,584 [http-nio-8080-exec-6] WARN  j.c.l.cms.controller.LoginController 93 - 日志输出 warn
2020-06-22 15:34:41,584 [http-nio-8080-exec-6] INFO  j.c.l.cms.controller.LoginController 96 - loginController.login:登録結束
2020-06-22 15:53:35,838 [http-nio-8080-exec-9] INFO  j.c.l.cms.controller.LoginController 57 - LoginController.login:登録開始
2020-06-22 15:53:35,842 [http-nio-8080-exec-9] INFO  j.c.l.cms.controller.LoginController 89 - loginController.login:登録開始
2020-06-22 15:53:35,843 [http-nio-8080-exec-9] INFO  j.c.l.cms.controller.LoginController 92 - 日志输出 info
2020-06-22 15:53:35,843 [http-nio-8080-exec-9] WARN  j.c.l.cms.controller.LoginController 93 - 日志输出 warn
2020-06-22 15:53:35,843 [http-nio-8080-exec-9] INFO  j.c.l.cms.controller.LoginController 96 - loginController.login:登録結束
2020-06-22 16:12:37,519 [http-nio-8080-exec-4] INFO  j.c.l.cms.controller.LoginController 57 - LoginController.login:登録開始
2020-06-22 16:12:37,524 [http-nio-8080-exec-4] INFO  j.c.l.cms.controller.LoginController 89 - loginController.login:登録開始
2020-06-22 16:12:37,524 [http-nio-8080-exec-4] INFO  j.c.l.cms.controller.LoginController 92 - 日志输出 info
2020-06-22 16:12:37,524 [http-nio-8080-exec-4] WARN  j.c.l.cms.controller.LoginController 93 - 日志输出 warn
2020-06-22 16:12:37,525 [http-nio-8080-exec-4] INFO  j.c.l.cms.controller.LoginController 96 - loginController.login:登録結束
2020-06-22 20:29:37,164 [RMI TCP Connection(2)-127.0.0.1] INFO  o.s.b.a.SpringApplicationAdminMXBeanRegistrar$SpringApplicationAdmin 159 - Application shutdown requested.
2020-06-22 20:29:37,166 [RMI TCP Connection(2)-127.0.0.1] INFO  o.s.s.c.ThreadPoolTaskExecutor 208 - Shutting down ExecutorService 'applicationTaskExecutor'
2020-06-22 20:29:37,167 [RMI TCP Connection(2)-127.0.0.1] INFO  com.zaxxer.hikari.HikariDataSource 350 - HikariPool-1 - Shutdown initiated...
2020-06-22 20:29:37,175 [RMI TCP Connection(2)-127.0.0.1] INFO  com.zaxxer.hikari.HikariDataSource 352 - HikariPool-1 - Shutdown completed.
