2020-06-21 16:44:31,455 [main] INFO  jp.co.lyc.cms.ApplicationMain 50 - Starting ApplicationMain on LAPTOP-A94PII7T with PID 13920 (E:\LYC_CMS\target\classes started by Vin.Young in E:\LYC_CMS)
2020-06-21 16:44:31,461 [main] INFO  jp.co.lyc.cms.ApplicationMain 647 - No active profile set, falling back to default profiles: default
2020-06-21 16:44:32,445 [main] INFO  o.s.b.w.e.tomcat.TomcatWebServer 90 - Tomcat initialized with port(s): 8080 (http)
2020-06-21 16:44:32,458 [main] INFO  o.a.coyote.http11.Http11NioProtocol 173 - Initializing ProtocolHandler ["http-nio-8080"]
2020-06-21 16:44:32,465 [main] INFO  o.a.catalina.core.StandardService 173 - Starting service [Tomcat]
2020-06-21 16:44:32,465 [main] INFO  o.a.catalina.core.StandardEngine 173 - Starting Servlet engine: [Apache Tomcat/9.0.22]
2020-06-21 16:44:32,553 [main] INFO  o.a.c.c.C.[Tomcat].[localhost].[/] 173 - Initializing Spring embedded WebApplicationContext
2020-06-21 16:44:32,553 [main] INFO  o.s.web.context.ContextLoader 284 - Root WebApplicationContext: initialization completed in 1046 ms
2020-06-21 16:44:33,031 [main] INFO  o.s.s.c.ThreadPoolTaskExecutor 171 - Initializing ExecutorService 'applicationTaskExecutor'
2020-06-21 16:44:33,089 [main] INFO  o.s.b.a.w.s.WelcomePageHandlerMapping 58 - Adding welcome page template: index
2020-06-21 16:44:33,249 [main] INFO  o.a.coyote.http11.Http11NioProtocol 173 - Starting ProtocolHandler ["http-nio-8080"]
2020-06-21 16:44:33,272 [main] INFO  o.s.b.w.e.tomcat.TomcatWebServer 202 - Tomcat started on port(s): 8080 (http) with context path ''
2020-06-21 16:44:33,275 [main] INFO  jp.co.lyc.cms.ApplicationMain 59 - Started ApplicationMain in 2.292 seconds (JVM running for 3.869)
2020-06-21 16:44:46,265 [http-nio-8080-exec-1] INFO  o.a.c.c.C.[Tomcat].[localhost].[/] 173 - Initializing Spring DispatcherServlet 'dispatcherServlet'
2020-06-21 16:44:46,265 [http-nio-8080-exec-1] INFO  o.s.web.servlet.DispatcherServlet 524 - Initializing Servlet 'dispatcherServlet'
2020-06-21 16:44:46,271 [http-nio-8080-exec-1] INFO  o.s.web.servlet.DispatcherServlet 546 - Completed initialization in 6 ms
2020-06-21 17:27:09,073 [http-nio-8080-exec-8] INFO  j.c.l.cms.controller.LoginController 57 - LoginController.login:登録開始
2020-06-21 17:27:09,090 [http-nio-8080-exec-8] INFO  com.zaxxer.hikari.HikariDataSource 110 - HikariPool-1 - Starting...
2020-06-21 17:27:09,970 [http-nio-8080-exec-8] INFO  com.zaxxer.hikari.HikariDataSource 123 - HikariPool-1 - Start completed.
2020-06-21 17:27:10,028 [http-nio-8080-exec-8] INFO  j.c.l.cms.controller.LoginController 89 - loginController.login:登録開始
2020-06-21 17:27:10,029 [http-nio-8080-exec-8] INFO  j.c.l.cms.controller.LoginController 92 - 日志输出 info
2020-06-21 17:27:10,029 [http-nio-8080-exec-8] WARN  j.c.l.cms.controller.LoginController 93 - 日志输出 warn
2020-06-21 17:27:10,032 [http-nio-8080-exec-8] INFO  j.c.l.cms.controller.LoginController 96 - loginController.login:登録結束
2020-06-21 17:28:54,100 [http-nio-8080-exec-6] INFO  o.a.tomcat.util.http.parser.Cookie 173 - A cookie header was received [:0.219394037743194:=http:] that contained an invalid cookie. That cookie will be ignored.
 Note: further occurrences of this error will be logged at DEBUG level.
2020-06-21 17:28:54,101 [http-nio-8080-exec-6] INFO  j.c.l.cms.controller.LoginController 57 - LoginController.login:登録開始
2020-06-21 17:28:54,105 [http-nio-8080-exec-6] INFO  j.c.l.cms.controller.LoginController 89 - loginController.login:登録開始
2020-06-21 17:28:54,105 [http-nio-8080-exec-6] INFO  j.c.l.cms.controller.LoginController 92 - 日志输出 info
2020-06-21 17:28:54,105 [http-nio-8080-exec-6] WARN  j.c.l.cms.controller.LoginController 93 - 日志输出 warn
2020-06-21 17:28:54,106 [http-nio-8080-exec-6] INFO  j.c.l.cms.controller.LoginController 96 - loginController.login:登録結束
2020-06-21 17:28:57,060 [http-nio-8080-exec-5] INFO  j.c.l.c.controller.SubCostController 41 - LoginController.login:诸费用画面跳转开始
