2020-04-01 19:19:29,882 [main] INFO  jp.co.lyc.cms.ApplicationMain 50 - Starting ApplicationMain on DESKTOP-GD7FF1R with PID 6744 (C:\E\workspacer\LYC_CMS\target\classes started by admin in C:\E\workspacer\LYC_CMS)
2020-04-01 19:19:29,894 [main] INFO  jp.co.lyc.cms.ApplicationMain 647 - No active profile set, falling back to default profiles: default
2020-04-01 19:19:33,507 [main] INFO  o.s.b.w.e.tomcat.TomcatWebServer 90 - Tomcat initialized with port(s): 8080 (http)
2020-04-01 19:19:33,552 [main] INFO  o.a.coyote.http11.Http11NioProtocol 173 - Initializing ProtocolHandler ["http-nio-8080"]
2020-04-01 19:19:33,580 [main] INFO  o.a.catalina.core.StandardService 173 - Starting service [Tomcat]
2020-04-01 19:19:33,581 [main] INFO  o.a.catalina.core.StandardEngine 173 - Starting Servlet engine: [Apache Tomcat/9.0.22]
2020-04-01 19:19:34,238 [main] INFO  o.a.c.c.C.[Tomcat].[localhost].[/] 173 - Initializing Spring embedded WebApplicationContext
2020-04-01 19:19:34,241 [main] INFO  o.s.web.context.ContextLoader 284 - Root WebApplicationContext: initialization completed in 4250 ms
2020-04-01 19:19:37,614 [main] INFO  o.s.s.c.ThreadPoolTaskExecutor 171 - Initializing ExecutorService 'applicationTaskExecutor'
2020-04-01 19:19:38,774 [main] INFO  o.s.b.a.w.s.WelcomePageHandlerMapping 58 - Adding welcome page template: index
2020-04-01 19:19:39,947 [main] INFO  o.a.coyote.http11.Http11NioProtocol 173 - Starting ProtocolHandler ["http-nio-8080"]
2020-04-01 19:19:40,040 [main] INFO  o.s.b.w.e.tomcat.TomcatWebServer 202 - Tomcat started on port(s): 8080 (http) with context path ''
2020-04-01 19:19:40,047 [main] INFO  jp.co.lyc.cms.ApplicationMain 59 - Started ApplicationMain in 11.45 seconds (JVM running for 26.849)
2020-04-01 19:20:41,380 [http-nio-8080-exec-1] INFO  o.a.c.c.C.[Tomcat].[localhost].[/] 173 - Initializing Spring DispatcherServlet 'dispatcherServlet'
2020-04-01 19:20:41,383 [http-nio-8080-exec-1] INFO  o.s.web.servlet.DispatcherServlet 524 - Initializing Servlet 'dispatcherServlet'
2020-04-01 19:20:41,401 [http-nio-8080-exec-1] INFO  o.s.web.servlet.DispatcherServlet 546 - Completed initialization in 17 ms
2020-04-01 19:20:44,754 [http-nio-8080-exec-5] INFO  o.a.tomcat.util.http.parser.Cookie 173 - A cookie header was received [:0.9325844283851212:=http:] that contained an invalid cookie. That cookie will be ignored.
 Note: further occurrences of this error will be logged at DEBUG level.
2020-04-01 19:20:50,338 [http-nio-8080-exec-10] INFO  j.c.l.cms.controller.LoginController 56 - LoginController.login:登録開始
2020-04-01 19:20:50,401 [http-nio-8080-exec-10] INFO  com.zaxxer.hikari.HikariDataSource 110 - HikariPool-1 - Starting...
2020-04-01 19:20:51,293 [http-nio-8080-exec-10] INFO  com.zaxxer.hikari.HikariDataSource 123 - HikariPool-1 - Start completed.
2020-04-01 19:21:08,015 [http-nio-8080-exec-4] INFO  j.c.l.cms.controller.LoginController 56 - LoginController.login:登録開始
2020-04-01 19:21:08,069 [http-nio-8080-exec-4] INFO  j.c.l.cms.controller.LoginController 88 - loginController.login:登録開始
2020-04-01 19:21:08,070 [http-nio-8080-exec-4] INFO  j.c.l.cms.controller.LoginController 91 - 日志输出 info
2020-04-01 19:21:08,070 [http-nio-8080-exec-4] WARN  j.c.l.cms.controller.LoginController 92 - 日志输出 warn
2020-04-01 19:21:08,078 [http-nio-8080-exec-4] INFO  j.c.l.cms.controller.LoginController 95 - loginController.login:登録結束
