2020-06-25 14:55:09,556 [main] INFO  jp.co.lyc.cms.ApplicationMain 50 - Starting ApplicationMain on LAPTOP-A94PII7T with PID 4972 (E:\LYC_CMS\target\classes started by Vin.Young in E:\LYC_CMS)
2020-06-25 14:55:09,565 [main] INFO  jp.co.lyc.cms.ApplicationMain 647 - No active profile set, falling back to default profiles: default
2020-06-25 14:55:10,680 [main] INFO  o.s.b.w.e.tomcat.TomcatWebServer 90 - Tomcat initialized with port(s): 8080 (http)
2020-06-25 14:55:10,692 [main] INFO  o.a.coyote.http11.Http11NioProtocol 173 - Initializing ProtocolHandler ["http-nio-8080"]
2020-06-25 14:55:10,699 [main] INFO  o.a.catalina.core.StandardService 173 - Starting service [Tomcat]
2020-06-25 14:55:10,700 [main] INFO  o.a.catalina.core.StandardEngine 173 - Starting Servlet engine: [Apache Tomcat/9.0.22]
2020-06-25 14:55:10,782 [main] INFO  o.a.c.c.C.[Tomcat].[localhost].[/] 173 - Initializing Spring embedded WebApplicationContext
2020-06-25 14:55:10,782 [main] INFO  o.s.web.context.ContextLoader 284 - Root WebApplicationContext: initialization completed in 1164 ms
2020-06-25 14:55:11,274 [main] INFO  o.s.s.c.ThreadPoolTaskExecutor 171 - Initializing ExecutorService 'applicationTaskExecutor'
2020-06-25 14:55:11,329 [main] INFO  o.s.b.a.w.s.WelcomePageHandlerMapping 58 - Adding welcome page template: index
2020-06-25 14:55:11,480 [main] INFO  o.a.coyote.http11.Http11NioProtocol 173 - Starting ProtocolHandler ["http-nio-8080"]
2020-06-25 14:55:11,505 [main] INFO  o.s.b.w.e.tomcat.TomcatWebServer 202 - Tomcat started on port(s): 8080 (http) with context path ''
2020-06-25 14:55:11,508 [main] INFO  jp.co.lyc.cms.ApplicationMain 59 - Started ApplicationMain in 2.512 seconds (JVM running for 3.994)
2020-06-25 14:55:32,827 [http-nio-8080-exec-1] INFO  o.a.c.c.C.[Tomcat].[localhost].[/] 173 - Initializing Spring DispatcherServlet 'dispatcherServlet'
2020-06-25 14:55:32,827 [http-nio-8080-exec-1] INFO  o.s.web.servlet.DispatcherServlet 524 - Initializing Servlet 'dispatcherServlet'
2020-06-25 14:55:32,835 [http-nio-8080-exec-1] INFO  o.s.web.servlet.DispatcherServlet 546 - Completed initialization in 8 ms
2020-06-25 14:55:32,904 [http-nio-8080-exec-1] INFO  j.c.l.cms.controller.LoginController 57 - LoginController.login:登録開始
2020-06-25 14:55:32,922 [http-nio-8080-exec-1] INFO  com.zaxxer.hikari.HikariDataSource 110 - HikariPool-1 - Starting...
2020-06-25 14:55:33,941 [http-nio-8080-exec-1] INFO  com.zaxxer.hikari.HikariDataSource 123 - HikariPool-1 - Start completed.
2020-06-25 14:55:33,949 [http-nio-8080-exec-1] DEBUG j.c.l.c.m.E.getEmployeeModel 143 - ==>  Preparing: SELECT a.employeeNo, a.authorityCode, b.authorityProperty FROM employee a LEFT JOIN authority_master b ON a.authorityCode = b.authorityNo LEFT JOIN employee_detail c ON a.employeeNo = c.employeeNo WHERE a. PASSWORD = ? AND a.employeeNo = ? 
2020-06-25 14:55:33,970 [http-nio-8080-exec-1] DEBUG j.c.l.c.m.E.getEmployeeModel 143 - ==> Parameters: 1(String), LYC001(String)
2020-06-25 14:55:34,026 [http-nio-8080-exec-1] DEBUG j.c.l.c.m.E.getEmployeeModel 143 - <==      Total: 1
2020-06-25 14:55:34,032 [http-nio-8080-exec-1] INFO  j.c.l.cms.controller.LoginController 89 - loginController.login:登録開始
2020-06-25 14:55:34,033 [http-nio-8080-exec-1] INFO  j.c.l.cms.controller.LoginController 92 - 日志输出 info
2020-06-25 14:55:34,033 [http-nio-8080-exec-1] WARN  j.c.l.cms.controller.LoginController 93 - 日志输出 warn
2020-06-25 14:55:34,035 [http-nio-8080-exec-1] INFO  j.c.l.cms.controller.LoginController 96 - loginController.login:登録結束
2020-06-25 14:55:56,645 [http-nio-8080-exec-6] DEBUG j.c.l.c.m.GetCostMapper.selectCost 143 - ==>  Preparing: SELECT * FROM expenses_information WHERE employeeNo=? 
2020-06-25 14:55:56,646 [http-nio-8080-exec-6] DEBUG j.c.l.c.m.GetCostMapper.selectCost 143 - ==> Parameters: LYC002(String)
2020-06-25 14:55:56,651 [http-nio-8080-exec-6] DEBUG j.c.l.c.m.GetCostMapper.selectCost 143 - <==      Total: 1
2020-06-25 14:55:58,716 [http-nio-8080-exec-6] INFO  j.c.l.c.controller.SubCostController 80 - GetEmployeeInfoController.getEmployeeInfo:アープデート開始
2020-06-25 14:55:58,717 [http-nio-8080-exec-6] DEBUG j.c.l.c.m.GetCostMapper.selectCost 143 - ==>  Preparing: SELECT * FROM expenses_information WHERE employeeNo=? 
2020-06-25 14:55:58,718 [http-nio-8080-exec-6] DEBUG j.c.l.c.m.GetCostMapper.selectCost 143 - ==> Parameters: LYC002(String)
2020-06-25 14:55:58,720 [http-nio-8080-exec-6] DEBUG j.c.l.c.m.GetCostMapper.selectCost 143 - <==      Total: 1
2020-06-25 14:55:58,734 [http-nio-8080-exec-6] DEBUG j.c.l.c.m.GetCostMapper.updateCost 143 - ==>  Preparing: UPDATE expenses_information SET updateTime = NOW() WHERE employeeNo = ? 
2020-06-25 14:55:58,735 [http-nio-8080-exec-6] DEBUG j.c.l.c.m.GetCostMapper.updateCost 143 - ==> Parameters: LYC002(String)
2020-06-25 14:55:58,753 [http-nio-8080-exec-6] DEBUG j.c.l.c.m.GetCostMapper.updateCost 143 - <==    Updates: 1
2020-06-25 16:13:34,528 [http-nio-8080-exec-2] DEBUG j.c.l.c.m.GetCostMapper.selectCost 143 - ==>  Preparing: SELECT * FROM expenses_information WHERE employeeNo=? 
2020-06-25 16:13:34,529 [http-nio-8080-exec-2] DEBUG j.c.l.c.m.GetCostMapper.selectCost 143 - ==> Parameters: null
2020-06-25 16:13:34,532 [http-nio-8080-exec-2] DEBUG j.c.l.c.m.GetCostMapper.selectCost 143 - <==      Total: 0
2020-06-25 16:16:16,834 [main] INFO  jp.co.lyc.cms.ApplicationMain 50 - Starting ApplicationMain on LAPTOP-A94PII7T with PID 4936 (E:\LYC_CMS\target\classes started by Vin.Young in E:\LYC_CMS)
2020-06-25 16:16:16,838 [main] INFO  jp.co.lyc.cms.ApplicationMain 647 - No active profile set, falling back to default profiles: default
2020-06-25 16:16:17,853 [main] INFO  o.s.b.w.e.tomcat.TomcatWebServer 90 - Tomcat initialized with port(s): 8080 (http)
2020-06-25 16:16:17,865 [main] INFO  o.a.coyote.http11.Http11NioProtocol 173 - Initializing ProtocolHandler ["http-nio-8080"]
2020-06-25 16:16:17,871 [main] INFO  o.a.catalina.core.StandardService 173 - Starting service [Tomcat]
2020-06-25 16:16:17,872 [main] INFO  o.a.catalina.core.StandardEngine 173 - Starting Servlet engine: [Apache Tomcat/9.0.22]
2020-06-25 16:16:17,957 [main] INFO  o.a.c.c.C.[Tomcat].[localhost].[/] 173 - Initializing Spring embedded WebApplicationContext
2020-06-25 16:16:17,957 [main] INFO  o.s.web.context.ContextLoader 284 - Root WebApplicationContext: initialization completed in 1083 ms
2020-06-25 16:16:18,438 [main] INFO  o.s.s.c.ThreadPoolTaskExecutor 171 - Initializing ExecutorService 'applicationTaskExecutor'
2020-06-25 16:16:18,495 [main] INFO  o.s.b.a.w.s.WelcomePageHandlerMapping 58 - Adding welcome page template: index
2020-06-25 16:16:18,656 [main] INFO  o.a.coyote.http11.Http11NioProtocol 173 - Starting ProtocolHandler ["http-nio-8080"]
2020-06-25 16:16:18,678 [main] INFO  o.s.b.w.e.tomcat.TomcatWebServer 202 - Tomcat started on port(s): 8080 (http) with context path ''
2020-06-25 16:16:18,682 [main] INFO  jp.co.lyc.cms.ApplicationMain 59 - Started ApplicationMain in 2.341 seconds (JVM running for 3.648)
2020-06-25 16:16:22,899 [http-nio-8080-exec-1] INFO  o.a.c.c.C.[Tomcat].[localhost].[/] 173 - Initializing Spring DispatcherServlet 'dispatcherServlet'
2020-06-25 16:16:22,900 [http-nio-8080-exec-1] INFO  o.s.web.servlet.DispatcherServlet 524 - Initializing Servlet 'dispatcherServlet'
2020-06-25 16:16:22,907 [http-nio-8080-exec-1] INFO  o.s.web.servlet.DispatcherServlet 546 - Completed initialization in 7 ms
2020-06-25 16:16:26,842 [http-nio-8080-exec-3] INFO  j.c.l.c.controller.SubCostController 51 - LoginController.login:查询开始
2020-06-25 16:17:14,113 [http-nio-8080-exec-2] INFO  j.c.l.c.controller.SubCostController 51 - LoginController.login:查询开始
2020-06-25 16:17:45,243 [http-nio-8080-exec-4] INFO  j.c.l.c.controller.SubCostController 51 - LoginController.login:查询开始
2020-06-25 16:17:50,085 [http-nio-8080-exec-4] INFO  com.zaxxer.hikari.HikariDataSource 110 - HikariPool-1 - Starting...
2020-06-25 16:17:58,071 [http-nio-8080-exec-4] INFO  com.zaxxer.hikari.HikariDataSource 123 - HikariPool-1 - Start completed.
2020-06-25 16:17:58,150 [http-nio-8080-exec-4] DEBUG j.c.l.c.m.GetCostMapper.selectCost 143 - ==>  Preparing: SELECT * FROM expenses_information WHERE employeeNo=? 
2020-06-25 16:17:58,522 [http-nio-8080-exec-4] DEBUG j.c.l.c.m.GetCostMapper.selectCost 143 - ==> Parameters: LYC002(String)
2020-06-25 16:17:58,819 [http-nio-8080-exec-4] DEBUG j.c.l.c.m.GetCostMapper.selectCost 143 - <==      Total: 1
2020-06-25 16:21:24,607 [http-nio-8080-exec-6] INFO  j.c.l.c.controller.SubCostController 51 - LoginController.login:查询开始
2020-06-25 16:21:24,609 [http-nio-8080-exec-6] DEBUG j.c.l.c.m.GetCostMapper.selectCost 143 - ==>  Preparing: SELECT * FROM expenses_information WHERE employeeNo=? 
2020-06-25 16:21:24,610 [http-nio-8080-exec-6] DEBUG j.c.l.c.m.GetCostMapper.selectCost 143 - ==> Parameters: LYC002(String)
2020-06-25 16:21:24,612 [http-nio-8080-exec-6] DEBUG j.c.l.c.m.GetCostMapper.selectCost 143 - <==      Total: 1
2020-06-25 16:21:55,596 [http-nio-8080-exec-7] INFO  j.c.l.c.controller.SubCostController 51 - LoginController.login:查询开始
2020-06-25 16:21:55,598 [http-nio-8080-exec-7] DEBUG j.c.l.c.m.GetCostMapper.selectCost 143 - ==>  Preparing: SELECT * FROM expenses_information WHERE employeeNo=? 
2020-06-25 16:21:55,598 [http-nio-8080-exec-7] DEBUG j.c.l.c.m.GetCostMapper.selectCost 143 - ==> Parameters: LYC002(String)
2020-06-25 16:21:55,600 [http-nio-8080-exec-7] DEBUG j.c.l.c.m.GetCostMapper.selectCost 143 - <==      Total: 1
2020-06-25 16:22:09,427 [http-nio-8080-exec-8] INFO  j.c.l.c.controller.SubCostController 51 - LoginController.login:查询开始
2020-06-25 16:22:09,428 [http-nio-8080-exec-8] DEBUG j.c.l.c.m.GetCostMapper.selectCost 143 - ==>  Preparing: SELECT * FROM expenses_information WHERE employeeNo=? 
2020-06-25 16:22:09,429 [http-nio-8080-exec-8] DEBUG j.c.l.c.m.GetCostMapper.selectCost 143 - ==> Parameters: LYC002(String)
2020-06-25 16:22:09,431 [http-nio-8080-exec-8] DEBUG j.c.l.c.m.GetCostMapper.selectCost 143 - <==      Total: 1
2020-06-25 16:22:46,795 [http-nio-8080-exec-9] INFO  j.c.l.c.controller.SubCostController 51 - LoginController.login:查询开始
2020-06-25 16:22:46,796 [http-nio-8080-exec-9] DEBUG j.c.l.c.m.GetCostMapper.selectCost 143 - ==>  Preparing: SELECT * FROM expenses_information WHERE employeeNo=? 
2020-06-25 16:22:46,797 [http-nio-8080-exec-9] DEBUG j.c.l.c.m.GetCostMapper.selectCost 143 - ==> Parameters: LYC002(String)
2020-06-25 16:22:46,799 [http-nio-8080-exec-9] DEBUG j.c.l.c.m.GetCostMapper.selectCost 143 - <==      Total: 1
2020-06-25 16:23:18,861 [http-nio-8080-exec-10] INFO  j.c.l.c.controller.SubCostController 51 - LoginController.login:查询开始
2020-06-25 16:23:18,862 [http-nio-8080-exec-10] DEBUG j.c.l.c.m.GetCostMapper.selectCost 143 - ==>  Preparing: SELECT * FROM expenses_information WHERE employeeNo=? 
2020-06-25 16:23:18,863 [http-nio-8080-exec-10] DEBUG j.c.l.c.m.GetCostMapper.selectCost 143 - ==> Parameters: LYC002(String)
2020-06-25 16:23:18,864 [http-nio-8080-exec-10] DEBUG j.c.l.c.m.GetCostMapper.selectCost 143 - <==      Total: 1
2020-06-25 16:23:54,131 [http-nio-8080-exec-1] INFO  j.c.l.c.controller.SubCostController 51 - LoginController.login:查询开始
2020-06-25 16:23:54,132 [http-nio-8080-exec-1] DEBUG j.c.l.c.m.GetCostMapper.selectCost 143 - ==>  Preparing: SELECT * FROM expenses_information WHERE employeeNo=? 
2020-06-25 16:23:54,133 [http-nio-8080-exec-1] DEBUG j.c.l.c.m.GetCostMapper.selectCost 143 - ==> Parameters: LYC002(String)
2020-06-25 16:23:54,136 [http-nio-8080-exec-1] DEBUG j.c.l.c.m.GetCostMapper.selectCost 143 - <==      Total: 1
2020-06-25 16:24:30,295 [http-nio-8080-exec-3] INFO  j.c.l.c.controller.SubCostController 51 - LoginController.login:查询开始
2020-06-25 16:24:30,296 [http-nio-8080-exec-3] DEBUG j.c.l.c.m.GetCostMapper.selectCost 143 - ==>  Preparing: SELECT * FROM expenses_information WHERE employeeNo=? 
2020-06-25 16:24:30,296 [http-nio-8080-exec-3] DEBUG j.c.l.c.m.GetCostMapper.selectCost 143 - ==> Parameters: LYC002(String)
2020-06-25 16:24:30,300 [http-nio-8080-exec-3] DEBUG j.c.l.c.m.GetCostMapper.selectCost 143 - <==      Total: 1
2020-06-25 16:24:44,610 [http-nio-8080-exec-2] INFO  j.c.l.c.controller.SubCostController 51 - LoginController.login:查询开始
2020-06-25 16:24:44,611 [http-nio-8080-exec-2] DEBUG j.c.l.c.m.GetCostMapper.selectCost 143 - ==>  Preparing: SELECT * FROM expenses_information WHERE employeeNo=? 
2020-06-25 16:24:44,612 [http-nio-8080-exec-2] DEBUG j.c.l.c.m.GetCostMapper.selectCost 143 - ==> Parameters: LYC002(String)
2020-06-25 16:24:44,614 [http-nio-8080-exec-2] DEBUG j.c.l.c.m.GetCostMapper.selectCost 143 - <==      Total: 1
2020-06-25 16:25:04,973 [http-nio-8080-exec-4] INFO  j.c.l.c.controller.SubCostController 51 - LoginController.login:查询开始
2020-06-25 16:25:04,974 [http-nio-8080-exec-4] DEBUG j.c.l.c.m.GetCostMapper.selectCost 143 - ==>  Preparing: SELECT * FROM expenses_information WHERE employeeNo=? 
2020-06-25 16:25:04,974 [http-nio-8080-exec-4] DEBUG j.c.l.c.m.GetCostMapper.selectCost 143 - ==> Parameters: LYC002(String)
2020-06-25 16:25:04,976 [http-nio-8080-exec-4] DEBUG j.c.l.c.m.GetCostMapper.selectCost 143 - <==      Total: 1
2020-06-25 16:27:08,520 [http-nio-8080-exec-6] INFO  j.c.l.c.controller.SubCostController 51 - LoginController.login:查询开始
2020-06-25 16:27:08,522 [http-nio-8080-exec-6] DEBUG j.c.l.c.m.GetCostMapper.selectCost 143 - ==>  Preparing: SELECT * FROM expenses_information WHERE employeeNo=? 
2020-06-25 16:27:08,522 [http-nio-8080-exec-6] DEBUG j.c.l.c.m.GetCostMapper.selectCost 143 - ==> Parameters: LYC002(String)
2020-06-25 16:27:08,524 [http-nio-8080-exec-6] DEBUG j.c.l.c.m.GetCostMapper.selectCost 143 - <==      Total: 1
2020-06-25 16:27:27,503 [http-nio-8080-exec-7] INFO  j.c.l.c.controller.SubCostController 51 - LoginController.login:查询开始
2020-06-25 16:27:27,504 [http-nio-8080-exec-7] DEBUG j.c.l.c.m.GetCostMapper.selectCost 143 - ==>  Preparing: SELECT * FROM expenses_information WHERE employeeNo=? 
2020-06-25 16:27:27,504 [http-nio-8080-exec-7] DEBUG j.c.l.c.m.GetCostMapper.selectCost 143 - ==> Parameters: LYC002(String)
2020-06-25 16:27:27,506 [http-nio-8080-exec-7] DEBUG j.c.l.c.m.GetCostMapper.selectCost 143 - <==      Total: 1
2020-06-25 16:29:00,260 [http-nio-8080-exec-9] INFO  j.c.l.c.controller.SubCostController 51 - LoginController.login:查询开始
2020-06-25 16:29:00,261 [http-nio-8080-exec-9] DEBUG j.c.l.c.m.GetCostMapper.selectCost 143 - ==>  Preparing: SELECT * FROM expenses_information WHERE employeeNo=? 
2020-06-25 16:29:00,261 [http-nio-8080-exec-9] DEBUG j.c.l.c.m.GetCostMapper.selectCost 143 - ==> Parameters: LYC002(String)
2020-06-25 16:29:00,263 [http-nio-8080-exec-9] DEBUG j.c.l.c.m.GetCostMapper.selectCost 143 - <==      Total: 1
2020-06-25 16:29:44,082 [http-nio-8080-exec-10] INFO  j.c.l.c.controller.SubCostController 51 - LoginController.login:查询开始
2020-06-25 16:29:44,083 [http-nio-8080-exec-10] DEBUG j.c.l.c.m.GetCostMapper.selectCost 143 - ==>  Preparing: SELECT * FROM expenses_information WHERE employeeNo=? 
2020-06-25 16:29:44,083 [http-nio-8080-exec-10] DEBUG j.c.l.c.m.GetCostMapper.selectCost 143 - ==> Parameters: LYC002(String)
2020-06-25 16:29:44,085 [http-nio-8080-exec-10] DEBUG j.c.l.c.m.GetCostMapper.selectCost 143 - <==      Total: 1
2020-06-25 16:29:47,457 [http-nio-8080-exec-1] INFO  j.c.l.c.controller.SubCostController 51 - LoginController.login:查询开始
2020-06-25 16:29:47,459 [http-nio-8080-exec-1] DEBUG j.c.l.c.m.GetCostMapper.selectCost 143 - ==>  Preparing: SELECT * FROM expenses_information WHERE employeeNo=? 
2020-06-25 16:29:47,459 [http-nio-8080-exec-1] DEBUG j.c.l.c.m.GetCostMapper.selectCost 143 - ==> Parameters: LYC002(String)
2020-06-25 16:29:47,461 [http-nio-8080-exec-1] DEBUG j.c.l.c.m.GetCostMapper.selectCost 143 - <==      Total: 1
2020-06-25 16:29:48,513 [http-nio-8080-exec-3] INFO  j.c.l.c.controller.SubCostController 51 - LoginController.login:查询开始
2020-06-25 16:29:48,514 [http-nio-8080-exec-3] DEBUG j.c.l.c.m.GetCostMapper.selectCost 143 - ==>  Preparing: SELECT * FROM expenses_information WHERE employeeNo=? 
2020-06-25 16:29:48,516 [http-nio-8080-exec-3] DEBUG j.c.l.c.m.GetCostMapper.selectCost 143 - ==> Parameters: LYC002(String)
2020-06-25 16:29:48,519 [http-nio-8080-exec-3] DEBUG j.c.l.c.m.GetCostMapper.selectCost 143 - <==      Total: 1
2020-06-25 16:29:49,243 [http-nio-8080-exec-2] INFO  j.c.l.c.controller.SubCostController 51 - LoginController.login:查询开始
2020-06-25 16:29:49,244 [http-nio-8080-exec-2] DEBUG j.c.l.c.m.GetCostMapper.selectCost 143 - ==>  Preparing: SELECT * FROM expenses_information WHERE employeeNo=? 
2020-06-25 16:29:49,245 [http-nio-8080-exec-2] DEBUG j.c.l.c.m.GetCostMapper.selectCost 143 - ==> Parameters: LYC002(String)
2020-06-25 16:29:49,246 [http-nio-8080-exec-2] DEBUG j.c.l.c.m.GetCostMapper.selectCost 143 - <==      Total: 1
2020-06-25 16:30:01,253 [http-nio-8080-exec-4] INFO  j.c.l.c.controller.SubCostController 51 - LoginController.login:查询开始
2020-06-25 16:30:01,254 [http-nio-8080-exec-4] DEBUG j.c.l.c.m.GetCostMapper.selectCost 143 - ==>  Preparing: SELECT * FROM expenses_information WHERE employeeNo=? 
2020-06-25 16:30:01,254 [http-nio-8080-exec-4] DEBUG j.c.l.c.m.GetCostMapper.selectCost 143 - ==> Parameters: LYC002(String)
2020-06-25 16:30:01,256 [http-nio-8080-exec-4] DEBUG j.c.l.c.m.GetCostMapper.selectCost 143 - <==      Total: 1
2020-06-25 16:33:21,102 [http-nio-8080-exec-6] INFO  j.c.l.c.controller.SubCostController 51 - LoginController.login:查询开始
2020-06-25 16:33:21,103 [http-nio-8080-exec-6] DEBUG j.c.l.c.m.GetCostMapper.selectCost 143 - ==>  Preparing: SELECT * FROM expenses_information WHERE employeeNo=? 
2020-06-25 16:33:21,103 [http-nio-8080-exec-6] DEBUG j.c.l.c.m.GetCostMapper.selectCost 143 - ==> Parameters: LYC002(String)
2020-06-25 16:33:21,105 [http-nio-8080-exec-6] DEBUG j.c.l.c.m.GetCostMapper.selectCost 143 - <==      Total: 1
2020-06-25 16:33:42,040 [http-nio-8080-exec-7] INFO  j.c.l.c.controller.SubCostController 51 - LoginController.login:查询开始
2020-06-25 16:33:42,041 [http-nio-8080-exec-7] DEBUG j.c.l.c.m.GetCostMapper.selectCost 143 - ==>  Preparing: SELECT * FROM expenses_information WHERE employeeNo=? 
2020-06-25 16:33:42,041 [http-nio-8080-exec-7] DEBUG j.c.l.c.m.GetCostMapper.selectCost 143 - ==> Parameters: LYC002(String)
2020-06-25 16:33:42,043 [http-nio-8080-exec-7] DEBUG j.c.l.c.m.GetCostMapper.selectCost 143 - <==      Total: 1
2020-06-25 16:39:28,094 [http-nio-8080-exec-9] INFO  j.c.l.c.controller.SubCostController 51 - LoginController.login:查询开始
2020-06-25 16:39:28,095 [http-nio-8080-exec-9] DEBUG j.c.l.c.m.GetCostMapper.selectCost 143 - ==>  Preparing: SELECT * FROM expenses_information WHERE employeeNo=? 
2020-06-25 16:39:28,096 [http-nio-8080-exec-9] DEBUG j.c.l.c.m.GetCostMapper.selectCost 143 - ==> Parameters: LYC002(String)
2020-06-25 16:39:28,098 [http-nio-8080-exec-9] DEBUG j.c.l.c.m.GetCostMapper.selectCost 143 - <==      Total: 1
2020-06-25 16:40:41,923 [http-nio-8080-exec-1] INFO  j.c.l.c.controller.SubCostController 51 - LoginController.login:查询开始
2020-06-25 16:40:41,924 [http-nio-8080-exec-1] DEBUG j.c.l.c.m.GetCostMapper.selectCost 143 - ==>  Preparing: SELECT * FROM expenses_information WHERE employeeNo=? 
2020-06-25 16:40:41,925 [http-nio-8080-exec-1] DEBUG j.c.l.c.m.GetCostMapper.selectCost 143 - ==> Parameters: LYC002(String)
2020-06-25 16:40:41,926 [http-nio-8080-exec-1] DEBUG j.c.l.c.m.GetCostMapper.selectCost 143 - <==      Total: 1
2020-06-25 16:41:36,377 [http-nio-8080-exec-3] INFO  j.c.l.c.controller.SubCostController 51 - LoginController.login:查询开始
2020-06-25 16:41:36,379 [http-nio-8080-exec-3] DEBUG j.c.l.c.m.GetCostMapper.selectCost 143 - ==>  Preparing: SELECT * FROM expenses_information WHERE employeeNo=? 
2020-06-25 16:41:36,379 [http-nio-8080-exec-3] DEBUG j.c.l.c.m.GetCostMapper.selectCost 143 - ==> Parameters: LYC001(String)
2020-06-25 16:41:36,381 [http-nio-8080-exec-3] DEBUG j.c.l.c.m.GetCostMapper.selectCost 143 - <==      Total: 1
2020-06-25 16:42:00,939 [http-nio-8080-exec-2] INFO  j.c.l.c.controller.SubCostController 51 - LoginController.login:查询开始
2020-06-25 16:42:04,631 [http-nio-8080-exec-2] DEBUG j.c.l.c.m.GetCostMapper.selectCost 143 - ==>  Preparing: SELECT * FROM expenses_information WHERE employeeNo=? 
2020-06-25 16:42:04,632 [http-nio-8080-exec-2] DEBUG j.c.l.c.m.GetCostMapper.selectCost 143 - ==> Parameters: LYC001(String)
2020-06-25 16:42:04,633 [http-nio-8080-exec-2] DEBUG j.c.l.c.m.GetCostMapper.selectCost 143 - <==      Total: 1
2020-06-25 16:47:15,255 [http-nio-8080-exec-6] INFO  j.c.l.c.controller.SubCostController 51 - LoginController.login:查询开始
2020-06-25 16:47:15,256 [http-nio-8080-exec-6] DEBUG j.c.l.c.m.GetCostMapper.selectCost 143 - ==>  Preparing: SELECT * FROM expenses_information WHERE employeeNo=? 
2020-06-25 16:47:15,256 [http-nio-8080-exec-6] DEBUG j.c.l.c.m.GetCostMapper.selectCost 143 - ==> Parameters: LYC001(String)
2020-06-25 16:47:15,257 [http-nio-8080-exec-6] DEBUG j.c.l.c.m.GetCostMapper.selectCost 143 - <==      Total: 1
2020-06-25 16:48:48,215 [http-nio-8080-exec-8] INFO  j.c.l.c.controller.SubCostController 51 - LoginController.login:查询开始
2020-06-25 16:48:48,217 [http-nio-8080-exec-8] DEBUG j.c.l.c.m.GetCostMapper.selectCost 143 - ==>  Preparing: SELECT * FROM expenses_information WHERE employeeNo=? 
2020-06-25 16:48:48,217 [http-nio-8080-exec-8] DEBUG j.c.l.c.m.GetCostMapper.selectCost 143 - ==> Parameters: LYC001(String)
2020-06-25 16:48:48,219 [http-nio-8080-exec-8] DEBUG j.c.l.c.m.GetCostMapper.selectCost 143 - <==      Total: 1
2020-06-25 16:49:15,566 [http-nio-8080-exec-9] INFO  j.c.l.c.controller.SubCostController 51 - LoginController.login:查询开始
2020-06-25 16:49:15,567 [http-nio-8080-exec-9] DEBUG j.c.l.c.m.GetCostMapper.selectCost 143 - ==>  Preparing: SELECT * FROM expenses_information WHERE employeeNo=? 
2020-06-25 16:49:15,567 [http-nio-8080-exec-9] DEBUG j.c.l.c.m.GetCostMapper.selectCost 143 - ==> Parameters: LYC001(String)
2020-06-25 16:49:15,569 [http-nio-8080-exec-9] DEBUG j.c.l.c.m.GetCostMapper.selectCost 143 - <==      Total: 1
2020-06-25 16:51:11,638 [http-nio-8080-exec-1] INFO  j.c.l.c.controller.SubCostController 51 - LoginController.login:查询开始
2020-06-25 16:51:11,640 [http-nio-8080-exec-1] DEBUG j.c.l.c.m.GetCostMapper.selectCost 143 - ==>  Preparing: SELECT * FROM expenses_information WHERE employeeNo=? 
2020-06-25 16:51:11,641 [http-nio-8080-exec-1] DEBUG j.c.l.c.m.GetCostMapper.selectCost 143 - ==> Parameters: LYC001(String)
2020-06-25 16:51:11,642 [http-nio-8080-exec-1] DEBUG j.c.l.c.m.GetCostMapper.selectCost 143 - <==      Total: 1
2020-06-25 16:55:10,463 [http-nio-8080-exec-2] INFO  j.c.l.c.controller.SubCostController 51 - LoginController.login:查询开始
2020-06-25 16:55:10,464 [http-nio-8080-exec-2] DEBUG j.c.l.c.m.GetCostMapper.selectCost 143 - ==>  Preparing: SELECT * FROM expenses_information WHERE employeeNo=? 
2020-06-25 16:55:10,464 [http-nio-8080-exec-2] DEBUG j.c.l.c.m.GetCostMapper.selectCost 143 - ==> Parameters: LYC001(String)
2020-06-25 16:55:10,466 [http-nio-8080-exec-2] DEBUG j.c.l.c.m.GetCostMapper.selectCost 143 - <==      Total: 1
2020-06-25 16:55:54,579 [http-nio-8080-exec-4] INFO  j.c.l.c.controller.SubCostController 51 - LoginController.login:查询开始
2020-06-25 16:55:54,580 [http-nio-8080-exec-4] DEBUG j.c.l.c.m.GetCostMapper.selectCost 143 - ==>  Preparing: SELECT * FROM expenses_information WHERE employeeNo=? 
2020-06-25 16:55:54,580 [http-nio-8080-exec-4] DEBUG j.c.l.c.m.GetCostMapper.selectCost 143 - ==> Parameters: LYC001(String)
2020-06-25 16:55:54,581 [http-nio-8080-exec-4] DEBUG j.c.l.c.m.GetCostMapper.selectCost 143 - <==      Total: 1
2020-06-25 17:01:26,503 [http-nio-8080-exec-6] INFO  j.c.l.c.controller.SubCostController 51 - LoginController.login:查询开始
2020-06-25 17:01:26,504 [http-nio-8080-exec-6] DEBUG j.c.l.c.m.GetCostMapper.selectCost 143 - ==>  Preparing: SELECT * FROM expenses_information WHERE employeeNo=? 
2020-06-25 17:01:26,505 [http-nio-8080-exec-6] DEBUG j.c.l.c.m.GetCostMapper.selectCost 143 - ==> Parameters: LYC001(String)
2020-06-25 17:01:26,507 [http-nio-8080-exec-6] DEBUG j.c.l.c.m.GetCostMapper.selectCost 143 - <==      Total: 1
2020-06-25 17:24:27,233 [main] INFO  jp.co.lyc.cms.ApplicationMain 50 - Starting ApplicationMain on LAPTOP-A94PII7T with PID 2512 (E:\LYC_CMS\target\classes started by Vin.Young in E:\LYC_CMS)
2020-06-25 17:24:27,237 [main] INFO  jp.co.lyc.cms.ApplicationMain 647 - No active profile set, falling back to default profiles: default
2020-06-25 17:24:28,396 [main] INFO  o.s.b.w.e.tomcat.TomcatWebServer 90 - Tomcat initialized with port(s): 8080 (http)
2020-06-25 17:24:28,408 [main] INFO  o.a.coyote.http11.Http11NioProtocol 173 - Initializing ProtocolHandler ["http-nio-8080"]
2020-06-25 17:24:28,418 [main] INFO  o.a.catalina.core.StandardService 173 - Starting service [Tomcat]
2020-06-25 17:24:28,418 [main] INFO  o.a.catalina.core.StandardEngine 173 - Starting Servlet engine: [Apache Tomcat/9.0.22]
2020-06-25 17:24:28,510 [main] INFO  o.a.c.c.C.[Tomcat].[localhost].[/] 173 - Initializing Spring embedded WebApplicationContext
2020-06-25 17:24:28,511 [main] INFO  o.s.web.context.ContextLoader 284 - Root WebApplicationContext: initialization completed in 1233 ms
2020-06-25 17:24:29,034 [main] INFO  o.s.s.c.ThreadPoolTaskExecutor 171 - Initializing ExecutorService 'applicationTaskExecutor'
2020-06-25 17:24:29,097 [main] INFO  o.s.b.a.w.s.WelcomePageHandlerMapping 58 - Adding welcome page template: index
2020-06-25 17:24:29,263 [main] INFO  o.a.coyote.http11.Http11NioProtocol 173 - Starting ProtocolHandler ["http-nio-8080"]
2020-06-25 17:24:29,288 [main] INFO  o.s.b.w.e.tomcat.TomcatWebServer 202 - Tomcat started on port(s): 8080 (http) with context path ''
2020-06-25 17:24:29,291 [main] INFO  jp.co.lyc.cms.ApplicationMain 59 - Started ApplicationMain in 2.58 seconds (JVM running for 3.983)
2020-06-25 17:25:03,316 [http-nio-8080-exec-1] INFO  o.a.c.c.C.[Tomcat].[localhost].[/] 173 - Initializing Spring DispatcherServlet 'dispatcherServlet'
2020-06-25 17:25:03,316 [http-nio-8080-exec-1] INFO  o.s.web.servlet.DispatcherServlet 524 - Initializing Servlet 'dispatcherServlet'
2020-06-25 17:25:03,322 [http-nio-8080-exec-1] INFO  o.s.web.servlet.DispatcherServlet 546 - Completed initialization in 5 ms
2020-06-25 17:25:03,387 [http-nio-8080-exec-3] INFO  j.c.l.cms.controller.LoginController 62 - LoginController.login:登録開始
2020-06-25 17:25:03,387 [http-nio-8080-exec-2] INFO  j.c.l.cms.controller.LoginController 62 - LoginController.login:登録開始
2020-06-25 17:25:03,406 [http-nio-8080-exec-3] INFO  com.zaxxer.hikari.HikariDataSource 110 - HikariPool-1 - Starting...
2020-06-25 17:25:04,322 [http-nio-8080-exec-3] INFO  com.zaxxer.hikari.HikariDataSource 123 - HikariPool-1 - Start completed.
2020-06-25 17:25:04,336 [http-nio-8080-exec-3] DEBUG j.c.l.c.m.E.getEmployeeModel 143 - ==>  Preparing: SELECT a.employeeNo, a.authorityCode, b.authorityProperty FROM employee a LEFT JOIN authority_master b ON a.authorityCode = b.authorityNo LEFT JOIN employee_detail c ON a.employeeNo = c.employeeNo WHERE a. PASSWORD = ? AND a.employeeNo = ? 
2020-06-25 17:25:04,337 [http-nio-8080-exec-2] DEBUG j.c.l.c.m.E.getEmployeeModel 143 - ==>  Preparing: SELECT a.employeeNo, a.authorityCode, b.authorityProperty FROM employee a LEFT JOIN authority_master b ON a.authorityCode = b.authorityNo LEFT JOIN employee_detail c ON a.employeeNo = c.employeeNo WHERE a. PASSWORD = ? AND a.employeeNo = ? 
2020-06-25 17:25:04,359 [http-nio-8080-exec-2] DEBUG j.c.l.c.m.E.getEmployeeModel 143 - ==> Parameters: 2(String), employeeNo=LYC001&password=2(String)
2020-06-25 17:25:04,359 [http-nio-8080-exec-3] DEBUG j.c.l.c.m.E.getEmployeeModel 143 - ==> Parameters: null, {"employeeNo":"LYC001","password":"2"}(String)
2020-06-25 17:25:04,382 [http-nio-8080-exec-3] DEBUG j.c.l.c.m.E.getEmployeeModel 143 - <==      Total: 0
2020-06-25 17:25:04,382 [http-nio-8080-exec-2] DEBUG j.c.l.c.m.E.getEmployeeModel 143 - <==      Total: 0
2020-06-25 17:25:16,645 [http-nio-8080-exec-4] INFO  j.c.l.cms.controller.LoginController 62 - LoginController.login:登録開始
2020-06-25 17:25:16,647 [http-nio-8080-exec-4] DEBUG j.c.l.c.m.E.getEmployeeModel 143 - ==>  Preparing: SELECT a.employeeNo, a.authorityCode, b.authorityProperty FROM employee a LEFT JOIN authority_master b ON a.authorityCode = b.authorityNo LEFT JOIN employee_detail c ON a.employeeNo = c.employeeNo WHERE a. PASSWORD = ? AND a.employeeNo = ? 
2020-06-25 17:25:16,648 [http-nio-8080-exec-4] DEBUG j.c.l.c.m.E.getEmployeeModel 143 - ==> Parameters: 2(String), employeeNo=LYC001&password=2(String)
2020-06-25 17:25:16,649 [http-nio-8080-exec-4] DEBUG j.c.l.c.m.E.getEmployeeModel 143 - <==      Total: 0
2020-06-25 17:25:22,200 [http-nio-8080-exec-10] INFO  j.c.l.cms.controller.LoginController 62 - LoginController.login:登録開始
2020-06-25 17:25:22,200 [http-nio-8080-exec-10] DEBUG j.c.l.c.m.E.getEmployeeModel 143 - ==>  Preparing: SELECT a.employeeNo, a.authorityCode, b.authorityProperty FROM employee a LEFT JOIN authority_master b ON a.authorityCode = b.authorityNo LEFT JOIN employee_detail c ON a.employeeNo = c.employeeNo WHERE a. PASSWORD = ? AND a.employeeNo = ? 
2020-06-25 17:25:22,201 [http-nio-8080-exec-10] DEBUG j.c.l.c.m.E.getEmployeeModel 143 - ==> Parameters: null, {"employeeNo":"LYC001","password":"1"}(String)
2020-06-25 17:25:22,204 [http-nio-8080-exec-10] DEBUG j.c.l.c.m.E.getEmployeeModel 143 - <==      Total: 0
2020-06-25 17:25:22,205 [http-nio-8080-exec-9] INFO  j.c.l.cms.controller.LoginController 62 - LoginController.login:登録開始
2020-06-25 17:25:22,206 [http-nio-8080-exec-9] DEBUG j.c.l.c.m.E.getEmployeeModel 143 - ==>  Preparing: SELECT a.employeeNo, a.authorityCode, b.authorityProperty FROM employee a LEFT JOIN authority_master b ON a.authorityCode = b.authorityNo LEFT JOIN employee_detail c ON a.employeeNo = c.employeeNo WHERE a. PASSWORD = ? AND a.employeeNo = ? 
2020-06-25 17:25:22,207 [http-nio-8080-exec-9] DEBUG j.c.l.c.m.E.getEmployeeModel 143 - ==> Parameters: 1(String), employeeNo=LYC001&password=1(String)
2020-06-25 17:25:22,208 [http-nio-8080-exec-9] DEBUG j.c.l.c.m.E.getEmployeeModel 143 - <==      Total: 0
2020-06-25 17:25:44,315 [http-nio-8080-exec-8] INFO  j.c.l.cms.controller.LoginController 62 - LoginController.login:登録開始
2020-06-25 17:25:44,316 [http-nio-8080-exec-8] DEBUG j.c.l.c.m.E.getEmployeeModel 143 - ==>  Preparing: SELECT a.employeeNo, a.authorityCode, b.authorityProperty FROM employee a LEFT JOIN authority_master b ON a.authorityCode = b.authorityNo LEFT JOIN employee_detail c ON a.employeeNo = c.employeeNo WHERE a. PASSWORD = ? AND a.employeeNo = ? 
2020-06-25 17:25:44,317 [http-nio-8080-exec-8] DEBUG j.c.l.c.m.E.getEmployeeModel 143 - ==> Parameters: null, {"employeeNo":"LYC001","password":"1"}(String)
2020-06-25 17:25:44,318 [http-nio-8080-exec-8] DEBUG j.c.l.c.m.E.getEmployeeModel 143 - <==      Total: 0
2020-06-25 17:25:46,144 [http-nio-8080-exec-1] INFO  j.c.l.cms.controller.LoginController 62 - LoginController.login:登録開始
2020-06-25 17:25:46,146 [http-nio-8080-exec-1] DEBUG j.c.l.c.m.E.getEmployeeModel 143 - ==>  Preparing: SELECT a.employeeNo, a.authorityCode, b.authorityProperty FROM employee a LEFT JOIN authority_master b ON a.authorityCode = b.authorityNo LEFT JOIN employee_detail c ON a.employeeNo = c.employeeNo WHERE a. PASSWORD = ? AND a.employeeNo = ? 
2020-06-25 17:25:46,147 [http-nio-8080-exec-1] DEBUG j.c.l.c.m.E.getEmployeeModel 143 - ==> Parameters: 1(String), employeeNo=LYC001&password=1(String)
2020-06-25 17:25:46,148 [http-nio-8080-exec-1] DEBUG j.c.l.c.m.E.getEmployeeModel 143 - <==      Total: 0
2020-06-25 17:26:31,958 [http-nio-8080-exec-3] INFO  j.c.l.cms.controller.LoginController 62 - LoginController.login:登録開始
2020-06-25 17:26:31,959 [http-nio-8080-exec-3] DEBUG j.c.l.c.m.E.getEmployeeModel 143 - ==>  Preparing: SELECT a.employeeNo, a.authorityCode, b.authorityProperty FROM employee a LEFT JOIN authority_master b ON a.authorityCode = b.authorityNo LEFT JOIN employee_detail c ON a.employeeNo = c.employeeNo WHERE a. PASSWORD = ? AND a.employeeNo = ? 
2020-06-25 17:26:31,960 [http-nio-8080-exec-3] DEBUG j.c.l.c.m.E.getEmployeeModel 143 - ==> Parameters: null, {"employeeNo":"LYC001","password":"2"}(String)
2020-06-25 17:26:31,961 [http-nio-8080-exec-3] DEBUG j.c.l.c.m.E.getEmployeeModel 143 - <==      Total: 0
2020-06-25 17:26:37,269 [http-nio-8080-exec-6] INFO  j.c.l.cms.controller.LoginController 62 - LoginController.login:登録開始
2020-06-25 17:26:37,270 [http-nio-8080-exec-6] DEBUG j.c.l.c.m.E.getEmployeeModel 143 - ==>  Preparing: SELECT a.employeeNo, a.authorityCode, b.authorityProperty FROM employee a LEFT JOIN authority_master b ON a.authorityCode = b.authorityNo LEFT JOIN employee_detail c ON a.employeeNo = c.employeeNo WHERE a. PASSWORD = ? AND a.employeeNo = ? 
2020-06-25 17:26:37,271 [http-nio-8080-exec-6] DEBUG j.c.l.c.m.E.getEmployeeModel 143 - ==> Parameters: null, {"employeeNo":"LYC001","password":"2"}(String)
2020-06-25 17:26:37,273 [http-nio-8080-exec-6] DEBUG j.c.l.c.m.E.getEmployeeModel 143 - <==      Total: 0
2020-06-25 17:27:12,916 [http-nio-8080-exec-4] INFO  j.c.l.cms.controller.LoginController 62 - LoginController.login:登録開始
2020-06-25 17:27:12,917 [http-nio-8080-exec-4] DEBUG j.c.l.c.m.E.getEmployeeModel 143 - ==>  Preparing: SELECT a.employeeNo, a.authorityCode, b.authorityProperty FROM employee a LEFT JOIN authority_master b ON a.authorityCode = b.authorityNo LEFT JOIN employee_detail c ON a.employeeNo = c.employeeNo WHERE a. PASSWORD = ? AND a.employeeNo = ? 
2020-06-25 17:27:12,918 [http-nio-8080-exec-4] DEBUG j.c.l.c.m.E.getEmployeeModel 143 - ==> Parameters: null, {"employeeNo":"LYC001","password":"1"}(String)
2020-06-25 17:27:12,920 [http-nio-8080-exec-4] DEBUG j.c.l.c.m.E.getEmployeeModel 143 - <==      Total: 0
2020-06-25 17:27:19,704 [http-nio-8080-exec-10] INFO  j.c.l.cms.controller.LoginController 62 - LoginController.login:登録開始
2020-06-25 17:27:19,705 [http-nio-8080-exec-10] DEBUG j.c.l.c.m.E.getEmployeeModel 143 - ==>  Preparing: SELECT a.employeeNo, a.authorityCode, b.authorityProperty FROM employee a LEFT JOIN authority_master b ON a.authorityCode = b.authorityNo LEFT JOIN employee_detail c ON a.employeeNo = c.employeeNo WHERE a. PASSWORD = ? AND a.employeeNo = ? 
2020-06-25 17:27:19,706 [http-nio-8080-exec-10] DEBUG j.c.l.c.m.E.getEmployeeModel 143 - ==> Parameters: null, {"employeeNo":"LYC001","password":"1"}(String)
2020-06-25 17:27:19,707 [http-nio-8080-exec-10] DEBUG j.c.l.c.m.E.getEmployeeModel 143 - <==      Total: 0
2020-06-25 17:27:23,457 [http-nio-8080-exec-9] INFO  j.c.l.cms.controller.LoginController 62 - LoginController.login:登録開始
2020-06-25 17:27:23,458 [http-nio-8080-exec-9] DEBUG j.c.l.c.m.E.getEmployeeModel 143 - ==>  Preparing: SELECT a.employeeNo, a.authorityCode, b.authorityProperty FROM employee a LEFT JOIN authority_master b ON a.authorityCode = b.authorityNo LEFT JOIN employee_detail c ON a.employeeNo = c.employeeNo WHERE a. PASSWORD = ? AND a.employeeNo = ? 
2020-06-25 17:27:23,459 [http-nio-8080-exec-9] DEBUG j.c.l.c.m.E.getEmployeeModel 143 - ==> Parameters: null, {"employeeNo":"LYC001","password":"2"}(String)
2020-06-25 17:27:23,460 [http-nio-8080-exec-9] DEBUG j.c.l.c.m.E.getEmployeeModel 143 - <==      Total: 0
2020-06-25 17:27:33,198 [http-nio-8080-exec-7] INFO  j.c.l.cms.controller.LoginController 62 - LoginController.login:登録開始
2020-06-25 17:27:33,199 [http-nio-8080-exec-7] DEBUG j.c.l.c.m.E.getEmployeeModel 143 - ==>  Preparing: SELECT a.employeeNo, a.authorityCode, b.authorityProperty FROM employee a LEFT JOIN authority_master b ON a.authorityCode = b.authorityNo LEFT JOIN employee_detail c ON a.employeeNo = c.employeeNo WHERE a. PASSWORD = ? AND a.employeeNo = ? 
2020-06-25 17:27:33,200 [http-nio-8080-exec-7] DEBUG j.c.l.c.m.E.getEmployeeModel 143 - ==> Parameters: null, {"employeeNo":"LYC001","password":"2"}(String)
2020-06-25 17:27:33,201 [http-nio-8080-exec-7] DEBUG j.c.l.c.m.E.getEmployeeModel 143 - <==      Total: 0
2020-06-25 17:27:53,244 [http-nio-8080-exec-8] INFO  j.c.l.cms.controller.LoginController 62 - LoginController.login:登録開始
2020-06-25 17:27:53,245 [http-nio-8080-exec-8] DEBUG j.c.l.c.m.E.getEmployeeModel 143 - ==>  Preparing: SELECT a.employeeNo, a.authorityCode, b.authorityProperty FROM employee a LEFT JOIN authority_master b ON a.authorityCode = b.authorityNo LEFT JOIN employee_detail c ON a.employeeNo = c.employeeNo WHERE a. PASSWORD = ? AND a.employeeNo = ? 
2020-06-25 17:27:53,245 [http-nio-8080-exec-8] DEBUG j.c.l.c.m.E.getEmployeeModel 143 - ==> Parameters: null, {"employeeNo":"LYC001","password":"2"}(String)
2020-06-25 17:27:53,246 [http-nio-8080-exec-8] DEBUG j.c.l.c.m.E.getEmployeeModel 143 - <==      Total: 0
2020-06-25 17:28:02,957 [http-nio-8080-exec-1] INFO  j.c.l.cms.controller.LoginController 62 - LoginController.login:登録開始
2020-06-25 17:28:02,958 [http-nio-8080-exec-1] DEBUG j.c.l.c.m.E.getEmployeeModel 143 - ==>  Preparing: SELECT a.employeeNo, a.authorityCode, b.authorityProperty FROM employee a LEFT JOIN authority_master b ON a.authorityCode = b.authorityNo LEFT JOIN employee_detail c ON a.employeeNo = c.employeeNo WHERE a. PASSWORD = ? AND a.employeeNo = ? 
2020-06-25 17:28:02,958 [http-nio-8080-exec-1] DEBUG j.c.l.c.m.E.getEmployeeModel 143 - ==> Parameters: null, {"employeeNo":"LYC001","password":"2"}(String)
2020-06-25 17:28:02,960 [http-nio-8080-exec-1] DEBUG j.c.l.c.m.E.getEmployeeModel 143 - <==      Total: 0
2020-06-25 17:28:46,347 [http-nio-8080-exec-2] INFO  j.c.l.cms.controller.LoginController 62 - LoginController.login:登録開始
2020-06-25 17:28:46,349 [http-nio-8080-exec-2] DEBUG j.c.l.c.m.E.getEmployeeModel 143 - ==>  Preparing: SELECT a.employeeNo, a.authorityCode, b.authorityProperty FROM employee a LEFT JOIN authority_master b ON a.authorityCode = b.authorityNo LEFT JOIN employee_detail c ON a.employeeNo = c.employeeNo WHERE a. PASSWORD = ? AND a.employeeNo = ? 
2020-06-25 17:28:46,349 [http-nio-8080-exec-2] DEBUG j.c.l.c.m.E.getEmployeeModel 143 - ==> Parameters: null, {"employeeNo":"LYC001","password":"2"}(String)
2020-06-25 17:28:46,351 [http-nio-8080-exec-2] DEBUG j.c.l.c.m.E.getEmployeeModel 143 - <==      Total: 0
2020-06-25 17:31:41,953 [http-nio-8080-exec-6] INFO  j.c.l.cms.controller.LoginController 62 - LoginController.login:登録開始
2020-06-25 17:31:41,954 [http-nio-8080-exec-6] DEBUG j.c.l.c.m.E.getEmployeeModel 143 - ==>  Preparing: SELECT a.employeeNo, a.authorityCode, b.authorityProperty FROM employee a LEFT JOIN authority_master b ON a.authorityCode = b.authorityNo LEFT JOIN employee_detail c ON a.employeeNo = c.employeeNo WHERE a. PASSWORD = ? AND a.employeeNo = ? 
2020-06-25 17:31:41,955 [http-nio-8080-exec-6] DEBUG j.c.l.c.m.E.getEmployeeModel 143 - ==> Parameters: null, {"employeeNo":"LYC001","password":"2"}(String)
2020-06-25 17:31:41,956 [http-nio-8080-exec-6] DEBUG j.c.l.c.m.E.getEmployeeModel 143 - <==      Total: 0
2020-06-25 17:32:20,745 [http-nio-8080-exec-4] INFO  j.c.l.cms.controller.LoginController 62 - LoginController.login:登録開始
2020-06-25 17:32:20,746 [http-nio-8080-exec-4] DEBUG j.c.l.c.m.E.getEmployeeModel 143 - ==>  Preparing: SELECT a.employeeNo, a.authorityCode, b.authorityProperty FROM employee a LEFT JOIN authority_master b ON a.authorityCode = b.authorityNo LEFT JOIN employee_detail c ON a.employeeNo = c.employeeNo WHERE a. PASSWORD = ? AND a.employeeNo = ? 
2020-06-25 17:32:20,747 [http-nio-8080-exec-4] DEBUG j.c.l.c.m.E.getEmployeeModel 143 - ==> Parameters: null, {"employeeNo":"LYC001","password":"2"}(String)
2020-06-25 17:32:20,748 [http-nio-8080-exec-4] DEBUG j.c.l.c.m.E.getEmployeeModel 143 - <==      Total: 0
2020-06-25 17:38:55,653 [http-nio-8080-exec-10] INFO  j.c.l.cms.controller.LoginController 62 - LoginController.login:登録開始
2020-06-25 17:38:55,654 [http-nio-8080-exec-10] DEBUG j.c.l.c.m.E.getEmployeeModel 143 - ==>  Preparing: SELECT a.employeeNo, a.authorityCode, b.authorityProperty FROM employee a LEFT JOIN authority_master b ON a.authorityCode = b.authorityNo LEFT JOIN employee_detail c ON a.employeeNo = c.employeeNo WHERE a. PASSWORD = ? AND a.employeeNo = ? 
2020-06-25 17:38:55,654 [http-nio-8080-exec-10] DEBUG j.c.l.c.m.E.getEmployeeModel 143 - ==> Parameters: null, {"employeeNo":"LYC001","password":"1"}(String)
2020-06-25 17:38:55,656 [http-nio-8080-exec-10] DEBUG j.c.l.c.m.E.getEmployeeModel 143 - <==      Total: 0
2020-06-25 17:40:31,774 [http-nio-8080-exec-7] INFO  j.c.l.cms.controller.LoginController 62 - LoginController.login:登録開始
2020-06-25 17:40:31,775 [http-nio-8080-exec-7] DEBUG j.c.l.c.m.E.getEmployeeModel 143 - ==>  Preparing: SELECT a.employeeNo, a.authorityCode, b.authorityProperty FROM employee a LEFT JOIN authority_master b ON a.authorityCode = b.authorityNo LEFT JOIN employee_detail c ON a.employeeNo = c.employeeNo WHERE a. PASSWORD = ? AND a.employeeNo = ? 
2020-06-25 17:40:31,776 [http-nio-8080-exec-7] DEBUG j.c.l.c.m.E.getEmployeeModel 143 - ==> Parameters: null, {"employeeNo":"LYC001"}(String)
2020-06-25 17:40:31,777 [http-nio-8080-exec-7] DEBUG j.c.l.c.m.E.getEmployeeModel 143 - <==      Total: 0
2020-06-25 17:43:42,618 [http-nio-8080-exec-1] INFO  j.c.l.cms.controller.LoginController 62 - LoginController.login:登録開始
2020-06-25 17:43:42,619 [http-nio-8080-exec-1] DEBUG j.c.l.c.m.E.getEmployeeModel 143 - ==>  Preparing: SELECT a.employeeNo, a.authorityCode, b.authorityProperty FROM employee a LEFT JOIN authority_master b ON a.authorityCode = b.authorityNo LEFT JOIN employee_detail c ON a.employeeNo = c.employeeNo WHERE a. PASSWORD = ? AND a.employeeNo = ? 
2020-06-25 17:43:42,620 [http-nio-8080-exec-1] DEBUG j.c.l.c.m.E.getEmployeeModel 143 - ==> Parameters: null, %5B%7B%22name%22%3A%22employeeNo%22%2C%22value%22%3A%22LYC001%22%7D%2C%7B%22name%22%3A%22password%22%2C%22value%22%3A%221%22%7D%5D=(String)
2020-06-25 17:43:42,621 [http-nio-8080-exec-1] DEBUG j.c.l.c.m.E.getEmployeeModel 143 - <==      Total: 0
2020-06-25 17:44:11,438 [http-nio-8080-exec-2] INFO  j.c.l.cms.controller.LoginController 62 - LoginController.login:登録開始
2020-06-25 17:44:11,439 [http-nio-8080-exec-2] DEBUG j.c.l.c.m.E.getEmployeeModel 143 - ==>  Preparing: SELECT a.employeeNo, a.authorityCode, b.authorityProperty FROM employee a LEFT JOIN authority_master b ON a.authorityCode = b.authorityNo LEFT JOIN employee_detail c ON a.employeeNo = c.employeeNo WHERE a. PASSWORD = ? AND a.employeeNo = ? 
2020-06-25 17:44:11,439 [http-nio-8080-exec-2] DEBUG j.c.l.c.m.E.getEmployeeModel 143 - ==> Parameters: null, %5B%7B%22name%22%3A%22employeeNo%22%2C%22value%22%3A%22LYC001%22%7D%2C%7B%22name%22%3A%22password%22%2C%22value%22%3A%221%22%7D%5D=(String)
2020-06-25 17:44:11,440 [http-nio-8080-exec-2] DEBUG j.c.l.c.m.E.getEmployeeModel 143 - <==      Total: 0
2020-06-25 17:44:51,486 [http-nio-8080-exec-3] INFO  j.c.l.cms.controller.LoginController 62 - LoginController.login:登録開始
2020-06-25 17:44:51,487 [http-nio-8080-exec-3] DEBUG j.c.l.c.m.E.getEmployeeModel 143 - ==>  Preparing: SELECT a.employeeNo, a.authorityCode, b.authorityProperty FROM employee a LEFT JOIN authority_master b ON a.authorityCode = b.authorityNo LEFT JOIN employee_detail c ON a.employeeNo = c.employeeNo WHERE a. PASSWORD = ? AND a.employeeNo = ? 
2020-06-25 17:44:51,488 [http-nio-8080-exec-3] DEBUG j.c.l.c.m.E.getEmployeeModel 143 - ==> Parameters: null, [{"name":"employeeNo","value":"LYC001"},{"name":"password","value":"1"}](String)
2020-06-25 17:44:51,489 [http-nio-8080-exec-3] DEBUG j.c.l.c.m.E.getEmployeeModel 143 - <==      Total: 0
2020-06-25 17:47:20,624 [main] INFO  jp.co.lyc.cms.ApplicationMain 50 - Starting ApplicationMain on LAPTOP-A94PII7T with PID 18488 (E:\LYC_CMS\target\classes started by Vin.Young in E:\LYC_CMS)
2020-06-25 17:47:20,628 [main] INFO  jp.co.lyc.cms.ApplicationMain 647 - No active profile set, falling back to default profiles: default
2020-06-25 17:47:21,650 [main] INFO  o.s.b.w.e.tomcat.TomcatWebServer 90 - Tomcat initialized with port(s): 8080 (http)
2020-06-25 17:47:21,662 [main] INFO  o.a.coyote.http11.Http11NioProtocol 173 - Initializing ProtocolHandler ["http-nio-8080"]
2020-06-25 17:47:21,669 [main] INFO  o.a.catalina.core.StandardService 173 - Starting service [Tomcat]
2020-06-25 17:47:21,669 [main] INFO  o.a.catalina.core.StandardEngine 173 - Starting Servlet engine: [Apache Tomcat/9.0.22]
2020-06-25 17:47:21,756 [main] INFO  o.a.c.c.C.[Tomcat].[localhost].[/] 173 - Initializing Spring embedded WebApplicationContext
2020-06-25 17:47:21,756 [main] INFO  o.s.web.context.ContextLoader 284 - Root WebApplicationContext: initialization completed in 1092 ms
2020-06-25 17:47:22,347 [main] INFO  o.s.s.c.ThreadPoolTaskExecutor 171 - Initializing ExecutorService 'applicationTaskExecutor'
2020-06-25 17:47:22,405 [main] INFO  o.s.b.a.w.s.WelcomePageHandlerMapping 58 - Adding welcome page template: index
2020-06-25 17:47:22,577 [main] INFO  o.a.coyote.http11.Http11NioProtocol 173 - Starting ProtocolHandler ["http-nio-8080"]
2020-06-25 17:47:22,601 [main] INFO  o.s.b.w.e.tomcat.TomcatWebServer 202 - Tomcat started on port(s): 8080 (http) with context path ''
2020-06-25 17:47:22,605 [main] INFO  jp.co.lyc.cms.ApplicationMain 59 - Started ApplicationMain in 2.515 seconds (JVM running for 3.899)
2020-06-25 17:47:55,708 [http-nio-8080-exec-3] INFO  o.a.c.c.C.[Tomcat].[localhost].[/] 173 - Initializing Spring DispatcherServlet 'dispatcherServlet'
2020-06-25 17:47:55,709 [http-nio-8080-exec-3] INFO  o.s.web.servlet.DispatcherServlet 524 - Initializing Servlet 'dispatcherServlet'
2020-06-25 17:47:55,716 [http-nio-8080-exec-3] INFO  o.s.web.servlet.DispatcherServlet 546 - Completed initialization in 7 ms
2020-06-25 17:47:55,769 [http-nio-8080-exec-3] WARN  o.s.w.s.m.s.DefaultHandlerExceptionResolver 198 - Resolved [org.springframework.http.converter.HttpMessageNotReadableException: Required request body is missing: public boolean jp.co.lyc.cms.controller.LoginController.login(java.lang.String,java.lang.String,org.springframework.ui.Model,jp.co.lyc.cms.model.EmployeeModel,org.springframework.web.servlet.mvc.support.RedirectAttributes)]
2020-06-25 17:49:35,961 [http-nio-8080-exec-2] WARN  o.s.w.s.m.s.DefaultHandlerExceptionResolver 198 - Resolved [org.springframework.http.converter.HttpMessageNotReadableException: Required request body is missing: public boolean jp.co.lyc.cms.controller.LoginController.login(java.lang.String,java.lang.String,org.springframework.ui.Model,jp.co.lyc.cms.model.EmployeeModel,org.springframework.web.servlet.mvc.support.RedirectAttributes)]
2020-06-25 17:50:15,467 [main] INFO  jp.co.lyc.cms.ApplicationMain 50 - Starting ApplicationMain on LAPTOP-A94PII7T with PID 6068 (E:\LYC_CMS\target\classes started by Vin.Young in E:\LYC_CMS)
2020-06-25 17:50:15,471 [main] INFO  jp.co.lyc.cms.ApplicationMain 647 - No active profile set, falling back to default profiles: default
2020-06-25 17:50:16,480 [main] INFO  o.s.b.w.e.tomcat.TomcatWebServer 90 - Tomcat initialized with port(s): 8080 (http)
2020-06-25 17:50:16,493 [main] INFO  o.a.coyote.http11.Http11NioProtocol 173 - Initializing ProtocolHandler ["http-nio-8080"]
2020-06-25 17:50:16,499 [main] INFO  o.a.catalina.core.StandardService 173 - Starting service [Tomcat]
2020-06-25 17:50:16,500 [main] INFO  o.a.catalina.core.StandardEngine 173 - Starting Servlet engine: [Apache Tomcat/9.0.22]
2020-06-25 17:50:16,586 [main] INFO  o.a.c.c.C.[Tomcat].[localhost].[/] 173 - Initializing Spring embedded WebApplicationContext
2020-06-25 17:50:16,586 [main] INFO  o.s.web.context.ContextLoader 284 - Root WebApplicationContext: initialization completed in 1083 ms
2020-06-25 17:50:17,095 [main] INFO  o.s.s.c.ThreadPoolTaskExecutor 171 - Initializing ExecutorService 'applicationTaskExecutor'
2020-06-25 17:50:17,154 [main] INFO  o.s.b.a.w.s.WelcomePageHandlerMapping 58 - Adding welcome page template: index
2020-06-25 17:50:17,309 [main] INFO  o.a.coyote.http11.Http11NioProtocol 173 - Starting ProtocolHandler ["http-nio-8080"]
2020-06-25 17:50:17,332 [main] INFO  o.s.b.w.e.tomcat.TomcatWebServer 202 - Tomcat started on port(s): 8080 (http) with context path ''
2020-06-25 17:50:17,336 [main] INFO  jp.co.lyc.cms.ApplicationMain 59 - Started ApplicationMain in 2.356 seconds (JVM running for 3.711)
2020-06-25 17:50:25,982 [http-nio-8080-exec-2] INFO  o.a.c.c.C.[Tomcat].[localhost].[/] 173 - Initializing Spring DispatcherServlet 'dispatcherServlet'
2020-06-25 17:50:25,982 [http-nio-8080-exec-2] INFO  o.s.web.servlet.DispatcherServlet 524 - Initializing Servlet 'dispatcherServlet'
2020-06-25 17:50:25,990 [http-nio-8080-exec-2] INFO  o.s.web.servlet.DispatcherServlet 546 - Completed initialization in 8 ms
2020-06-25 17:50:26,052 [http-nio-8080-exec-2] WARN  o.s.w.s.m.s.DefaultHandlerExceptionResolver 198 - Resolved [org.springframework.http.converter.HttpMessageNotReadableException: Required request body is missing: public boolean jp.co.lyc.cms.controller.LoginController.login(java.lang.String,java.lang.String,org.springframework.ui.Model,jp.co.lyc.cms.model.EmployeeModel,org.springframework.web.servlet.mvc.support.RedirectAttributes)]
