2019-11-09 14:45:40,677 [main] INFO  jp.co.lyc.cms.ApplicationMain 50 - Starting ApplicationMain on DESKTOP-GD7FF1R with PID 12932 (C:\E\workspacer\LYC_CMS\target\classes started by admin in C:\E\workspacer\LYC_CMS)
2019-11-09 14:45:40,698 [main] INFO  jp.co.lyc.cms.ApplicationMain 647 - No active profile set, falling back to default profiles: default
2019-11-09 14:45:45,202 [main] INFO  o.s.b.w.e.tomcat.TomcatWebServer 90 - Tomcat initialized with port(s): 8080 (http)
2019-11-09 14:45:45,237 [main] INFO  o.a.coyote.http11.Http11NioProtocol 173 - Initializing ProtocolHandler ["http-nio-8080"]
2019-11-09 14:45:45,256 [main] INFO  o.a.catalina.core.StandardService 173 - Starting service [Tomcat]
2019-11-09 14:45:45,257 [main] INFO  o.a.catalina.core.StandardEngine 173 - Starting Servlet engine: [Apache Tomcat/9.0.22]
2019-11-09 14:45:45,776 [main] INFO  o.a.c.c.C.[Tomcat].[localhost].[/] 173 - Initializing Spring embedded WebApplicationContext
2019-11-09 14:45:45,777 [main] INFO  o.s.web.context.ContextLoader 284 - Root WebApplicationContext: initialization completed in 4923 ms
2019-11-09 14:45:47,032 [main] INFO  o.s.s.c.ThreadPoolTaskExecutor 171 - Initializing ExecutorService 'applicationTaskExecutor'
2019-11-09 14:45:47,392 [main] INFO  o.s.b.a.w.s.WelcomePageHandlerMapping 58 - Adding welcome page template: index
2019-11-09 14:45:47,890 [main] INFO  o.a.coyote.http11.Http11NioProtocol 173 - Starting ProtocolHandler ["http-nio-8080"]
2019-11-09 14:45:47,973 [main] INFO  o.s.b.w.e.tomcat.TomcatWebServer 202 - Tomcat started on port(s): 8080 (http) with context path ''
2019-11-09 14:45:47,981 [main] INFO  jp.co.lyc.cms.ApplicationMain 59 - Started ApplicationMain in 9.263 seconds (JVM running for 25.053)
2019-11-09 14:48:08,295 [http-nio-8080-exec-1] INFO  o.a.c.c.C.[Tomcat].[localhost].[/] 173 - Initializing Spring DispatcherServlet 'dispatcherServlet'
2019-11-09 14:48:08,298 [http-nio-8080-exec-1] INFO  o.s.web.servlet.DispatcherServlet 524 - Initializing Servlet 'dispatcherServlet'
2019-11-09 14:48:08,332 [http-nio-8080-exec-1] INFO  o.s.web.servlet.DispatcherServlet 546 - Completed initialization in 34 ms
2019-11-09 14:48:11,434 [http-nio-8080-exec-5] INFO  o.a.tomcat.util.http.parser.Cookie 173 - A cookie header was received [:0.4829121881908047:=http:] that contained an invalid cookie. That cookie will be ignored.
 Note: further occurrences of this error will be logged at DEBUG level.
2019-11-09 14:49:15,246 [http-nio-8080-exec-10] INFO  j.c.l.cms.controller.LoginController 56 - LoginController.login:登録開始
2019-11-09 14:49:15,313 [http-nio-8080-exec-10] INFO  com.zaxxer.hikari.HikariDataSource 110 - HikariPool-1 - Starting...
2019-11-09 14:49:16,083 [http-nio-8080-exec-10] INFO  com.zaxxer.hikari.HikariDataSource 123 - HikariPool-1 - Start completed.
2019-11-09 14:49:21,212 [http-nio-8080-exec-1] INFO  j.c.l.cms.controller.LoginController 56 - LoginController.login:登録開始
2019-11-09 14:50:08,934 [http-nio-8080-exec-5] INFO  j.c.l.cms.controller.LoginController 56 - LoginController.login:登録開始
2019-11-09 14:50:08,979 [http-nio-8080-exec-5] INFO  j.c.l.cms.controller.LoginController 87 - loginController.login:登録開始
2019-11-09 14:50:08,980 [http-nio-8080-exec-5] INFO  j.c.l.cms.controller.LoginController 90 - 日志输出 info
2019-11-09 14:50:08,981 [http-nio-8080-exec-5] WARN  j.c.l.cms.controller.LoginController 91 - 日志输出 warn
2019-11-09 14:50:08,992 [http-nio-8080-exec-5] INFO  j.c.l.cms.controller.LoginController 94 - loginController.login:登録結束
2019-11-09 14:50:53,499 [http-nio-8080-exec-9] INFO  j.c.l.c.c.GetEmployeeInfoController 36 - GetEmployeeInfoController.getEmployeeInfo:検索開始
2019-11-09 14:50:53,577 [http-nio-8080-exec-9] INFO  j.c.l.c.c.GetEmployeeInfoController 155 - GetEmployeeInfoController.getEmployeeInfo:検索結束
2019-11-09 14:51:09,342 [http-nio-8080-exec-2] INFO  j.c.l.c.c.GetEmployeeInfoController 36 - GetEmployeeInfoController.getEmployeeInfo:検索開始
2019-11-09 14:51:09,348 [http-nio-8080-exec-2] INFO  j.c.l.c.c.GetEmployeeInfoController 155 - GetEmployeeInfoController.getEmployeeInfo:検索結束
2019-11-09 14:51:14,138 [http-nio-8080-exec-3] INFO  j.c.l.c.c.GetEmployeeInfoController 36 - GetEmployeeInfoController.getEmployeeInfo:検索開始
2019-11-09 14:51:14,144 [http-nio-8080-exec-3] INFO  j.c.l.c.c.GetEmployeeInfoController 155 - GetEmployeeInfoController.getEmployeeInfo:検索結束
2019-11-09 14:51:21,562 [http-nio-8080-exec-6] INFO  j.c.l.c.c.GetEmployeeInfoController 36 - GetEmployeeInfoController.getEmployeeInfo:検索開始
2019-11-09 14:51:21,569 [http-nio-8080-exec-6] INFO  j.c.l.c.c.GetEmployeeInfoController 155 - GetEmployeeInfoController.getEmployeeInfo:検索結束
2019-11-09 14:52:26,014 [http-nio-8080-exec-7] INFO  j.c.l.cms.controller.LoginController 56 - LoginController.login:登録開始
2019-11-09 14:52:26,019 [http-nio-8080-exec-7] INFO  j.c.l.cms.controller.LoginController 87 - loginController.login:登録開始
2019-11-09 14:52:26,021 [http-nio-8080-exec-7] INFO  j.c.l.cms.controller.LoginController 90 - 日志输出 info
2019-11-09 14:52:26,022 [http-nio-8080-exec-7] WARN  j.c.l.cms.controller.LoginController 91 - 日志输出 warn
2019-11-09 14:52:26,025 [http-nio-8080-exec-7] INFO  j.c.l.cms.controller.LoginController 94 - loginController.login:登録結束
2019-11-09 14:52:29,014 [http-nio-8080-exec-1] INFO  j.c.l.c.c.GetEmployeeInfoController 36 - GetEmployeeInfoController.getEmployeeInfo:検索開始
2019-11-09 14:52:29,023 [http-nio-8080-exec-1] INFO  j.c.l.c.c.GetEmployeeInfoController 155 - GetEmployeeInfoController.getEmployeeInfo:検索結束
2019-11-09 14:54:20,716 [main] INFO  jp.co.lyc.cms.ApplicationMain 50 - Starting ApplicationMain on DESKTOP-GD7FF1R with PID 3196 (C:\E\workspacer\LYC_CMS\target\classes started by admin in C:\E\workspacer\LYC_CMS)
2019-11-09 14:54:20,749 [main] INFO  jp.co.lyc.cms.ApplicationMain 647 - No active profile set, falling back to default profiles: default
2019-11-09 14:54:26,105 [main] INFO  o.s.b.w.e.tomcat.TomcatWebServer 90 - Tomcat initialized with port(s): 8080 (http)
2019-11-09 14:54:26,154 [main] INFO  o.a.coyote.http11.Http11NioProtocol 173 - Initializing ProtocolHandler ["http-nio-8080"]
2019-11-09 14:54:26,180 [main] INFO  o.a.catalina.core.StandardService 173 - Starting service [Tomcat]
2019-11-09 14:54:26,181 [main] INFO  o.a.catalina.core.StandardEngine 173 - Starting Servlet engine: [Apache Tomcat/9.0.22]
2019-11-09 14:54:26,531 [main] INFO  o.a.c.c.C.[Tomcat].[localhost].[/] 173 - Initializing Spring embedded WebApplicationContext
2019-11-09 14:54:26,533 [main] INFO  o.s.web.context.ContextLoader 284 - Root WebApplicationContext: initialization completed in 5211 ms
2019-11-09 14:54:28,400 [main] INFO  o.s.s.c.ThreadPoolTaskExecutor 171 - Initializing ExecutorService 'applicationTaskExecutor'
2019-11-09 14:54:28,687 [main] INFO  o.s.b.a.w.s.WelcomePageHandlerMapping 58 - Adding welcome page template: index
2019-11-09 14:54:29,482 [main] INFO  o.a.coyote.http11.Http11NioProtocol 173 - Starting ProtocolHandler ["http-nio-8080"]
2019-11-09 14:54:29,632 [main] INFO  o.s.b.w.e.tomcat.TomcatWebServer 202 - Tomcat started on port(s): 8080 (http) with context path ''
2019-11-09 14:54:29,650 [main] INFO  jp.co.lyc.cms.ApplicationMain 59 - Started ApplicationMain in 11.127 seconds (JVM running for 28.893)
2019-11-09 14:54:41,963 [http-nio-8080-exec-3] INFO  o.a.tomcat.util.http.parser.Cookie 173 - A cookie header was received [:0.4829121881908047:=http:] that contained an invalid cookie. That cookie will be ignored.
 Note: further occurrences of this error will be logged at DEBUG level.
2019-11-09 14:54:41,993 [http-nio-8080-exec-3] INFO  o.a.c.c.C.[Tomcat].[localhost].[/] 173 - Initializing Spring DispatcherServlet 'dispatcherServlet'
2019-11-09 14:54:41,994 [http-nio-8080-exec-3] INFO  o.s.web.servlet.DispatcherServlet 524 - Initializing Servlet 'dispatcherServlet'
2019-11-09 14:54:42,023 [http-nio-8080-exec-3] INFO  o.s.web.servlet.DispatcherServlet 546 - Completed initialization in 28 ms
2019-11-09 14:54:42,733 [http-nio-8080-exec-3] INFO  j.c.l.cms.controller.LoginController 56 - LoginController.login:登録開始
2019-11-09 14:54:42,805 [http-nio-8080-exec-3] INFO  com.zaxxer.hikari.HikariDataSource 110 - HikariPool-1 - Starting...
2019-11-09 14:54:43,367 [http-nio-8080-exec-3] INFO  com.zaxxer.hikari.HikariDataSource 123 - HikariPool-1 - Start completed.
2019-11-09 14:54:43,595 [http-nio-8080-exec-3] INFO  j.c.l.cms.controller.LoginController 87 - loginController.login:登録開始
2019-11-09 14:54:43,596 [http-nio-8080-exec-3] INFO  j.c.l.cms.controller.LoginController 90 - 日志输出 info
2019-11-09 14:54:43,597 [http-nio-8080-exec-3] WARN  j.c.l.cms.controller.LoginController 91 - 日志输出 warn
2019-11-09 14:54:43,598 [http-nio-8080-exec-3] INFO  j.c.l.cms.controller.LoginController 94 - loginController.login:登録結束
2019-11-09 14:54:49,125 [http-nio-8080-exec-7] INFO  j.c.l.c.c.GetEmployeeInfoController 36 - GetEmployeeInfoController.getEmployeeInfo:検索開始
2019-11-09 14:58:11,386 [http-nio-8080-exec-7] INFO  j.c.l.c.c.GetEmployeeInfoController 155 - GetEmployeeInfoController.getEmployeeInfo:検索結束
2019-11-09 14:58:19,140 [http-nio-8080-exec-8] INFO  j.c.l.c.c.GetEmployeeInfoController 36 - GetEmployeeInfoController.getEmployeeInfo:検索開始
2019-11-09 14:58:25,442 [http-nio-8080-exec-8] INFO  j.c.l.c.c.GetEmployeeInfoController 155 - GetEmployeeInfoController.getEmployeeInfo:検索結束
2019-11-09 15:00:39,499 [http-nio-8080-exec-10] INFO  j.c.l.c.c.GetEmployeeInfoController 36 - GetEmployeeInfoController.getEmployeeInfo:検索開始
2019-11-09 15:00:49,349 [http-nio-8080-exec-10] INFO  j.c.l.c.c.GetEmployeeInfoController 155 - GetEmployeeInfoController.getEmployeeInfo:検索結束
2019-11-09 15:01:11,652 [http-nio-8080-exec-1] INFO  j.c.l.c.c.GetEmployeeInfoController 36 - GetEmployeeInfoController.getEmployeeInfo:検索開始
2019-11-09 15:02:03,951 [http-nio-8080-exec-1] INFO  j.c.l.c.c.GetEmployeeInfoController 155 - GetEmployeeInfoController.getEmployeeInfo:検索結束
