2020-06-01 15:32:45,660 [main] INFO  jp.co.lyc.cms.ApplicationMain 50 - Starting ApplicationMain on LAPTOP-A94PII7T with PID 6132 (E:\LYC_CMS\target\classes started by Vin.Young in E:\LYC_CMS)
2020-06-01 15:32:45,664 [main] INFO  jp.co.lyc.cms.ApplicationMain 647 - No active profile set, falling back to default profiles: default
2020-06-01 15:32:46,437 [main] INFO  o.s.b.w.e.tomcat.TomcatWebServer 90 - Tomcat initialized with port(s): 8080 (http)
2020-06-01 15:32:46,447 [main] INFO  o.a.coyote.http11.Http11NioProtocol 173 - Initializing ProtocolHandler ["http-nio-8080"]
2020-06-01 15:32:46,453 [main] INFO  o.a.catalina.core.StandardService 173 - Starting service [Tomcat]
2020-06-01 15:32:46,453 [main] INFO  o.a.catalina.core.StandardEngine 173 - Starting Servlet engine: [Apache Tomcat/9.0.22]
2020-06-01 15:32:46,531 [main] INFO  o.a.c.c.C.[Tomcat].[localhost].[/] 173 - Initializing Spring embedded WebApplicationContext
2020-06-01 15:32:46,531 [main] INFO  o.s.web.context.ContextLoader 284 - Root WebApplicationContext: initialization completed in 837 ms
2020-06-01 15:32:46,859 [main] INFO  o.s.s.c.ThreadPoolTaskExecutor 171 - Initializing ExecutorService 'applicationTaskExecutor'
2020-06-01 15:32:46,903 [main] INFO  o.s.b.a.w.s.WelcomePageHandlerMapping 58 - Adding welcome page template: index
2020-06-01 15:32:47,035 [main] INFO  o.a.coyote.http11.Http11NioProtocol 173 - Starting ProtocolHandler ["http-nio-8080"]
2020-06-01 15:32:47,049 [main] INFO  o.s.b.w.e.tomcat.TomcatWebServer 202 - Tomcat started on port(s): 8080 (http) with context path ''
2020-06-01 15:32:47,051 [main] INFO  jp.co.lyc.cms.ApplicationMain 59 - Started ApplicationMain in 1.718 seconds (JVM running for 2.726)
2020-06-01 15:33:19,724 [http-nio-8080-exec-1] INFO  o.a.c.c.C.[Tomcat].[localhost].[/] 173 - Initializing Spring DispatcherServlet 'dispatcherServlet'
2020-06-01 15:33:19,724 [http-nio-8080-exec-1] INFO  o.s.web.servlet.DispatcherServlet 524 - Initializing Servlet 'dispatcherServlet'
2020-06-01 15:33:19,728 [http-nio-8080-exec-1] INFO  o.s.web.servlet.DispatcherServlet 546 - Completed initialization in 4 ms
2020-06-01 15:33:20,151 [http-nio-8080-exec-4] INFO  o.a.tomcat.util.http.parser.Cookie 173 - A cookie header was received [:0.5535788109316815:=http:] that contained an invalid cookie. That cookie will be ignored.
 Note: further occurrences of this error will be logged at DEBUG level.
2020-06-01 15:33:46,216 [http-nio-8080-exec-6] INFO  j.c.l.cms.controller.LoginController 56 - LoginController.login:登録開始
2020-06-01 15:33:46,228 [http-nio-8080-exec-6] INFO  com.zaxxer.hikari.HikariDataSource 110 - HikariPool-1 - Starting...
2020-06-01 15:33:48,113 [http-nio-8080-exec-6] INFO  j.c.l.cms.controller.LoginController 88 - loginController.login:登録開始
2020-06-01 15:33:48,114 [http-nio-8080-exec-6] INFO  j.c.l.cms.controller.LoginController 91 - 日志输出 info
2020-06-01 15:33:48,114 [http-nio-8080-exec-6] WARN  j.c.l.cms.controller.LoginController 92 - 日志输出 warn
2020-06-01 15:33:48,114 [http-nio-8080-exec-6] INFO  j.c.l.cms.controller.LoginController 95 - loginController.login:登録結束
2020-06-01 15:34:09,673 [http-nio-8080-exec-9] WARN  o.s.w.s.m.s.DefaultHandlerExceptionResolver 198 - Resolved [org.springframework.web.HttpRequestMethodNotSupportedException: Request method 'GET' not supported]
2020-06-01 15:37:46,275 [http-nio-8080-exec-8] INFO  j.c.l.cms.controller.LoginController 56 - LoginController.login:登録開始
2020-06-01 15:37:46,275 [http-nio-8080-exec-8] INFO  com.zaxxer.hikari.HikariDataSource 110 - HikariPool-1 - Starting...
2020-06-01 15:37:47,292 [http-nio-8080-exec-8] INFO  j.c.l.cms.controller.LoginController 88 - loginController.login:登録開始
2020-06-01 15:37:47,293 [http-nio-8080-exec-8] INFO  j.c.l.cms.controller.LoginController 91 - 日志输出 info
2020-06-01 15:37:47,293 [http-nio-8080-exec-8] WARN  j.c.l.cms.controller.LoginController 92 - 日志输出 warn
2020-06-01 15:37:47,293 [http-nio-8080-exec-8] INFO  j.c.l.cms.controller.LoginController 95 - loginController.login:登録結束
2020-06-01 15:38:14,383 [http-nio-8080-exec-1] INFO  j.c.l.c.c.GetEmployeeInfoController 36 - GetEmployeeInfoController.getEmployeeInfo:検索開始
2020-06-01 15:38:14,395 [http-nio-8080-exec-1] INFO  com.zaxxer.hikari.HikariDataSource 110 - HikariPool-1 - Starting...
2020-06-01 15:38:15,410 [http-nio-8080-exec-1] INFO  j.c.l.c.c.GetEmployeeInfoController 155 - GetEmployeeInfoController.getEmployeeInfo:検索結束
2020-06-01 15:38:32,113 [http-nio-8080-exec-3] INFO  j.c.l.c.c.GetEmployeeInfoController 36 - GetEmployeeInfoController.getEmployeeInfo:検索開始
2020-06-01 15:38:32,114 [http-nio-8080-exec-3] INFO  com.zaxxer.hikari.HikariDataSource 110 - HikariPool-1 - Starting...
2020-06-01 15:38:33,127 [http-nio-8080-exec-3] INFO  j.c.l.c.c.GetEmployeeInfoController 155 - GetEmployeeInfoController.getEmployeeInfo:検索結束
2020-06-01 15:43:50,723 [RMI TCP Connection(20)-127.0.0.1] INFO  o.s.b.a.SpringApplicationAdminMXBeanRegistrar$SpringApplicationAdmin 159 - Application shutdown requested.
2020-06-01 15:43:50,725 [RMI TCP Connection(20)-127.0.0.1] INFO  o.s.s.c.ThreadPoolTaskExecutor 208 - Shutting down ExecutorService 'applicationTaskExecutor'
2020-06-01 15:43:54,474 [main] INFO  jp.co.lyc.cms.ApplicationMain 50 - Starting ApplicationMain on LAPTOP-A94PII7T with PID 17276 (E:\LYC_CMS\target\classes started by Vin.Young in E:\LYC_CMS)
2020-06-01 15:43:54,476 [main] INFO  jp.co.lyc.cms.ApplicationMain 647 - No active profile set, falling back to default profiles: default
2020-06-01 15:43:55,245 [main] INFO  o.s.b.w.e.tomcat.TomcatWebServer 90 - Tomcat initialized with port(s): 8080 (http)
2020-06-01 15:43:55,254 [main] INFO  o.a.coyote.http11.Http11NioProtocol 173 - Initializing ProtocolHandler ["http-nio-8080"]
2020-06-01 15:43:55,260 [main] INFO  o.a.catalina.core.StandardService 173 - Starting service [Tomcat]
2020-06-01 15:43:55,260 [main] INFO  o.a.catalina.core.StandardEngine 173 - Starting Servlet engine: [Apache Tomcat/9.0.22]
2020-06-01 15:43:55,333 [main] INFO  o.a.c.c.C.[Tomcat].[localhost].[/] 173 - Initializing Spring embedded WebApplicationContext
2020-06-01 15:43:55,334 [main] INFO  o.s.web.context.ContextLoader 284 - Root WebApplicationContext: initialization completed in 831 ms
2020-06-01 15:43:55,654 [main] INFO  o.s.s.c.ThreadPoolTaskExecutor 171 - Initializing ExecutorService 'applicationTaskExecutor'
2020-06-01 15:43:55,693 [main] INFO  o.s.b.a.w.s.WelcomePageHandlerMapping 58 - Adding welcome page template: index
2020-06-01 15:43:55,807 [main] INFO  o.a.coyote.http11.Http11NioProtocol 173 - Starting ProtocolHandler ["http-nio-8080"]
2020-06-01 15:43:55,821 [main] INFO  o.s.b.w.e.tomcat.TomcatWebServer 202 - Tomcat started on port(s): 8080 (http) with context path ''
2020-06-01 15:43:55,823 [main] INFO  jp.co.lyc.cms.ApplicationMain 59 - Started ApplicationMain in 1.632 seconds (JVM running for 2.679)
2020-06-01 15:44:56,881 [http-nio-8080-exec-1] INFO  o.a.c.c.C.[Tomcat].[localhost].[/] 173 - Initializing Spring DispatcherServlet 'dispatcherServlet'
2020-06-01 15:44:56,882 [http-nio-8080-exec-1] INFO  o.s.web.servlet.DispatcherServlet 524 - Initializing Servlet 'dispatcherServlet'
2020-06-01 15:44:56,886 [http-nio-8080-exec-1] INFO  o.s.web.servlet.DispatcherServlet 546 - Completed initialization in 4 ms
2020-06-01 15:44:57,109 [http-nio-8080-exec-4] INFO  o.a.tomcat.util.http.parser.Cookie 173 - A cookie header was received [:0.5535788109316815:=http:] that contained an invalid cookie. That cookie will be ignored.
 Note: further occurrences of this error will be logged at DEBUG level.
2020-06-01 15:45:10,868 [http-nio-8080-exec-1] INFO  j.c.l.cms.controller.LoginController 56 - LoginController.login:登録開始
2020-06-01 15:45:10,878 [http-nio-8080-exec-1] INFO  com.zaxxer.hikari.HikariDataSource 110 - HikariPool-1 - Starting...
2020-06-01 15:45:11,732 [http-nio-8080-exec-1] INFO  com.zaxxer.hikari.HikariDataSource 123 - HikariPool-1 - Start completed.
2020-06-01 15:45:11,794 [http-nio-8080-exec-1] INFO  j.c.l.cms.controller.LoginController 88 - loginController.login:登録開始
2020-06-01 15:45:11,794 [http-nio-8080-exec-1] INFO  j.c.l.cms.controller.LoginController 91 - 日志输出 info
2020-06-01 15:45:11,794 [http-nio-8080-exec-1] WARN  j.c.l.cms.controller.LoginController 92 - 日志输出 warn
2020-06-01 15:45:11,795 [http-nio-8080-exec-1] INFO  j.c.l.cms.controller.LoginController 95 - loginController.login:登録結束
2020-06-01 15:50:32,713 [http-nio-8080-exec-9] INFO  j.c.l.cms.controller.LoginController 56 - LoginController.login:登録開始
2020-06-01 15:54:09,147 [http-nio-8080-exec-7] INFO  j.c.l.cms.controller.LoginController 56 - LoginController.login:登録開始
2020-06-01 15:54:38,305 [http-nio-8080-exec-1] INFO  j.c.l.cms.controller.LoginController 56 - LoginController.login:登録開始
2020-06-01 15:54:38,314 [http-nio-8080-exec-1] INFO  j.c.l.cms.controller.LoginController 88 - loginController.login:登録開始
2020-06-01 15:54:38,314 [http-nio-8080-exec-1] INFO  j.c.l.cms.controller.LoginController 91 - 日志输出 info
2020-06-01 15:54:38,314 [http-nio-8080-exec-1] WARN  j.c.l.cms.controller.LoginController 92 - 日志输出 warn
2020-06-01 15:54:38,314 [http-nio-8080-exec-1] INFO  j.c.l.cms.controller.LoginController 95 - loginController.login:登録結束
2020-06-01 15:55:25,876 [http-nio-8080-exec-6] INFO  j.c.l.cms.controller.LoginController 56 - LoginController.login:登録開始
2020-06-01 15:55:25,879 [http-nio-8080-exec-6] INFO  j.c.l.cms.controller.LoginController 88 - loginController.login:登録開始
2020-06-01 15:55:25,879 [http-nio-8080-exec-6] INFO  j.c.l.cms.controller.LoginController 91 - 日志输出 info
2020-06-01 15:55:25,880 [http-nio-8080-exec-6] WARN  j.c.l.cms.controller.LoginController 92 - 日志输出 warn
2020-06-01 15:55:25,880 [http-nio-8080-exec-6] INFO  j.c.l.cms.controller.LoginController 95 - loginController.login:登録結束
2020-06-01 16:37:56,226 [main] INFO  jp.co.lyc.cms.ApplicationMain 50 - Starting ApplicationMain on LAPTOP-A94PII7T with PID 17940 (E:\LYC_CMS\target\classes started by Vin.Young in E:\LYC_CMS)
2020-06-01 16:37:56,230 [main] INFO  jp.co.lyc.cms.ApplicationMain 647 - No active profile set, falling back to default profiles: default
2020-06-01 16:37:57,235 [main] INFO  o.s.b.w.e.tomcat.TomcatWebServer 90 - Tomcat initialized with port(s): 8080 (http)
2020-06-01 16:37:57,246 [main] INFO  o.a.coyote.http11.Http11NioProtocol 173 - Initializing ProtocolHandler ["http-nio-8080"]
2020-06-01 16:37:57,252 [main] INFO  o.a.catalina.core.StandardService 173 - Starting service [Tomcat]
2020-06-01 16:37:57,252 [main] INFO  o.a.catalina.core.StandardEngine 173 - Starting Servlet engine: [Apache Tomcat/9.0.22]
2020-06-01 16:37:57,340 [main] INFO  o.a.c.c.C.[Tomcat].[localhost].[/] 173 - Initializing Spring embedded WebApplicationContext
2020-06-01 16:37:57,341 [main] INFO  o.s.web.context.ContextLoader 284 - Root WebApplicationContext: initialization completed in 1072 ms
2020-06-01 16:37:57,749 [main] INFO  o.s.s.c.ThreadPoolTaskExecutor 171 - Initializing ExecutorService 'applicationTaskExecutor'
2020-06-01 16:37:57,803 [main] INFO  o.s.b.a.w.s.WelcomePageHandlerMapping 58 - Adding welcome page template: index
2020-06-01 16:37:57,952 [main] INFO  o.a.coyote.http11.Http11NioProtocol 173 - Starting ProtocolHandler ["http-nio-8080"]
2020-06-01 16:37:57,965 [main] INFO  o.a.coyote.http11.Http11NioProtocol 173 - Pausing ProtocolHandler ["http-nio-8080"]
2020-06-01 16:37:57,965 [main] INFO  o.a.catalina.core.StandardService 173 - Stopping service [Tomcat]
2020-06-01 16:37:57,969 [main] INFO  o.apache.catalina.util.LifecycleBase 173 - The stop() method was called on component [StandardServer[-1]] after stop() had already been called. The second call will be ignored.
2020-06-01 16:37:57,970 [main] INFO  o.a.coyote.http11.Http11NioProtocol 173 - Stopping ProtocolHandler ["http-nio-8080"]
2020-06-01 16:37:57,970 [main] INFO  o.a.coyote.http11.Http11NioProtocol 173 - Destroying ProtocolHandler ["http-nio-8080"]
2020-06-01 16:37:57,972 [main] INFO  o.s.b.a.l.ConditionEvaluationReportLoggingListener 136 - 

Error starting ApplicationContext. To display the conditions report re-run your application with 'debug' enabled.
2020-06-01 16:37:57,978 [main] INFO  o.s.s.c.ThreadPoolTaskExecutor 208 - Shutting down ExecutorService 'applicationTaskExecutor'
2020-06-01 16:38:42,702 [main] INFO  jp.co.lyc.cms.ApplicationMain 50 - Starting ApplicationMain on LAPTOP-A94PII7T with PID 10420 (E:\LYC_CMS\target\classes started by Vin.Young in E:\LYC_CMS)
2020-06-01 16:38:42,706 [main] INFO  jp.co.lyc.cms.ApplicationMain 647 - No active profile set, falling back to default profiles: default
2020-06-01 16:38:43,688 [main] INFO  o.s.b.w.e.tomcat.TomcatWebServer 90 - Tomcat initialized with port(s): 8080 (http)
2020-06-01 16:38:43,701 [main] INFO  o.a.coyote.http11.Http11NioProtocol 173 - Initializing ProtocolHandler ["http-nio-8080"]
2020-06-01 16:38:43,708 [main] INFO  o.a.catalina.core.StandardService 173 - Starting service [Tomcat]
2020-06-01 16:38:43,708 [main] INFO  o.a.catalina.core.StandardEngine 173 - Starting Servlet engine: [Apache Tomcat/9.0.22]
2020-06-01 16:38:43,804 [main] INFO  o.a.c.c.C.[Tomcat].[localhost].[/] 173 - Initializing Spring embedded WebApplicationContext
2020-06-01 16:38:43,805 [main] INFO  o.s.web.context.ContextLoader 284 - Root WebApplicationContext: initialization completed in 1066 ms
2020-06-01 16:38:44,244 [main] INFO  o.s.s.c.ThreadPoolTaskExecutor 171 - Initializing ExecutorService 'applicationTaskExecutor'
2020-06-01 16:38:44,298 [main] INFO  o.s.b.a.w.s.WelcomePageHandlerMapping 58 - Adding welcome page template: index
2020-06-01 16:38:44,450 [main] INFO  o.a.coyote.http11.Http11NioProtocol 173 - Starting ProtocolHandler ["http-nio-8080"]
2020-06-01 16:38:44,464 [main] INFO  o.a.coyote.http11.Http11NioProtocol 173 - Pausing ProtocolHandler ["http-nio-8080"]
2020-06-01 16:38:44,464 [main] INFO  o.a.catalina.core.StandardService 173 - Stopping service [Tomcat]
2020-06-01 16:38:44,468 [main] INFO  o.apache.catalina.util.LifecycleBase 173 - The stop() method was called on component [StandardServer[-1]] after stop() had already been called. The second call will be ignored.
2020-06-01 16:38:44,468 [main] INFO  o.a.coyote.http11.Http11NioProtocol 173 - Stopping ProtocolHandler ["http-nio-8080"]
2020-06-01 16:38:44,469 [main] INFO  o.a.coyote.http11.Http11NioProtocol 173 - Destroying ProtocolHandler ["http-nio-8080"]
2020-06-01 16:38:44,471 [main] INFO  o.s.b.a.l.ConditionEvaluationReportLoggingListener 136 - 

Error starting ApplicationContext. To display the conditions report re-run your application with 'debug' enabled.
2020-06-01 16:38:44,478 [main] INFO  o.s.s.c.ThreadPoolTaskExecutor 208 - Shutting down ExecutorService 'applicationTaskExecutor'
2020-06-01 16:45:42,969 [http-nio-8080-exec-10] INFO  j.c.l.cms.controller.LoginController 56 - LoginController.login:登録開始
2020-06-01 16:47:18,832 [http-nio-8080-exec-9] INFO  j.c.l.cms.controller.LoginController 56 - LoginController.login:登録開始
2020-06-01 16:49:32,664 [http-nio-8080-exec-5] INFO  j.c.l.cms.controller.LoginController 56 - LoginController.login:登録開始
2020-06-01 16:56:56,760 [RMI TCP Connection(80)-127.0.0.1] INFO  o.s.b.a.SpringApplicationAdminMXBeanRegistrar$SpringApplicationAdmin 159 - Application shutdown requested.
2020-06-01 16:56:56,762 [RMI TCP Connection(80)-127.0.0.1] INFO  o.s.s.c.ThreadPoolTaskExecutor 208 - Shutting down ExecutorService 'applicationTaskExecutor'
2020-06-01 16:56:56,763 [RMI TCP Connection(80)-127.0.0.1] INFO  com.zaxxer.hikari.HikariDataSource 350 - HikariPool-1 - Shutdown initiated...
2020-06-01 16:56:56,766 [RMI TCP Connection(80)-127.0.0.1] INFO  com.zaxxer.hikari.HikariDataSource 352 - HikariPool-1 - Shutdown completed.
2020-06-01 16:57:04,737 [main] INFO  jp.co.lyc.cms.ApplicationMain 50 - Starting ApplicationMain on LAPTOP-A94PII7T with PID 3736 (E:\LYC_CMS\target\classes started by Vin.Young in E:\LYC_CMS)
2020-06-01 16:57:04,742 [main] INFO  jp.co.lyc.cms.ApplicationMain 647 - No active profile set, falling back to default profiles: default
2020-06-01 16:57:05,710 [main] INFO  o.s.b.w.e.tomcat.TomcatWebServer 90 - Tomcat initialized with port(s): 8080 (http)
2020-06-01 16:57:05,722 [main] INFO  o.a.coyote.http11.Http11NioProtocol 173 - Initializing ProtocolHandler ["http-nio-8080"]
2020-06-01 16:57:05,728 [main] INFO  o.a.catalina.core.StandardService 173 - Starting service [Tomcat]
2020-06-01 16:57:05,729 [main] INFO  o.a.catalina.core.StandardEngine 173 - Starting Servlet engine: [Apache Tomcat/9.0.22]
2020-06-01 16:57:05,816 [main] INFO  o.a.c.c.C.[Tomcat].[localhost].[/] 173 - Initializing Spring embedded WebApplicationContext
2020-06-01 16:57:05,817 [main] INFO  o.s.web.context.ContextLoader 284 - Root WebApplicationContext: initialization completed in 1039 ms
2020-06-01 16:57:06,245 [main] INFO  o.s.s.c.ThreadPoolTaskExecutor 171 - Initializing ExecutorService 'applicationTaskExecutor'
2020-06-01 16:57:06,299 [main] INFO  o.s.b.a.w.s.WelcomePageHandlerMapping 58 - Adding welcome page template: index
2020-06-01 16:57:06,449 [main] INFO  o.a.coyote.http11.Http11NioProtocol 173 - Starting ProtocolHandler ["http-nio-8080"]
2020-06-01 16:57:06,469 [main] INFO  o.s.b.w.e.tomcat.TomcatWebServer 202 - Tomcat started on port(s): 8080 (http) with context path ''
2020-06-01 16:57:06,473 [main] INFO  jp.co.lyc.cms.ApplicationMain 59 - Started ApplicationMain in 2.171 seconds (JVM running for 3.469)
2020-06-01 16:57:16,993 [http-nio-8080-exec-1] INFO  o.a.c.c.C.[Tomcat].[localhost].[/] 173 - Initializing Spring DispatcherServlet 'dispatcherServlet'
2020-06-01 16:57:16,994 [http-nio-8080-exec-1] INFO  o.s.web.servlet.DispatcherServlet 524 - Initializing Servlet 'dispatcherServlet'
2020-06-01 16:57:17,001 [http-nio-8080-exec-1] INFO  o.s.web.servlet.DispatcherServlet 546 - Completed initialization in 6 ms
2020-06-01 16:57:17,091 [http-nio-8080-exec-5] INFO  o.a.tomcat.util.http.parser.Cookie 173 - A cookie header was received [:0.19262405016575368:=http:] that contained an invalid cookie. That cookie will be ignored.
 Note: further occurrences of this error will be logged at DEBUG level.
2020-06-01 16:58:39,612 [main] INFO  jp.co.lyc.cms.ApplicationMain 50 - Starting ApplicationMain on LAPTOP-A94PII7T with PID 17572 (E:\LYC_CMS\target\classes started by Vin.Young in E:\LYC_CMS)
2020-06-01 16:58:39,616 [main] INFO  jp.co.lyc.cms.ApplicationMain 647 - No active profile set, falling back to default profiles: default
2020-06-01 16:58:40,607 [main] INFO  o.s.b.w.e.tomcat.TomcatWebServer 90 - Tomcat initialized with port(s): 8080 (http)
2020-06-01 16:58:40,618 [main] INFO  o.a.coyote.http11.Http11NioProtocol 173 - Initializing ProtocolHandler ["http-nio-8080"]
2020-06-01 16:58:40,625 [main] INFO  o.a.catalina.core.StandardService 173 - Starting service [Tomcat]
2020-06-01 16:58:40,625 [main] INFO  o.a.catalina.core.StandardEngine 173 - Starting Servlet engine: [Apache Tomcat/9.0.22]
2020-06-01 16:58:40,719 [main] INFO  o.a.c.c.C.[Tomcat].[localhost].[/] 173 - Initializing Spring embedded WebApplicationContext
2020-06-01 16:58:40,719 [main] INFO  o.s.web.context.ContextLoader 284 - Root WebApplicationContext: initialization completed in 1072 ms
2020-06-01 16:58:41,145 [main] INFO  o.s.s.c.ThreadPoolTaskExecutor 171 - Initializing ExecutorService 'applicationTaskExecutor'
2020-06-01 16:58:41,199 [main] INFO  o.s.b.a.w.s.WelcomePageHandlerMapping 58 - Adding welcome page template: index
2020-06-01 16:58:41,353 [main] INFO  o.a.coyote.http11.Http11NioProtocol 173 - Starting ProtocolHandler ["http-nio-8080"]
2020-06-01 16:58:41,377 [main] INFO  o.s.b.w.e.tomcat.TomcatWebServer 202 - Tomcat started on port(s): 8080 (http) with context path ''
2020-06-01 16:58:41,381 [main] INFO  jp.co.lyc.cms.ApplicationMain 59 - Started ApplicationMain in 2.204 seconds (JVM running for 3.497)
2020-06-01 16:58:46,210 [http-nio-8080-exec-1] INFO  o.a.tomcat.util.http.parser.Cookie 173 - A cookie header was received [:0.19262405016575368:=http:] that contained an invalid cookie. That cookie will be ignored.
 Note: further occurrences of this error will be logged at DEBUG level.
2020-06-01 16:58:46,219 [http-nio-8080-exec-1] INFO  o.a.c.c.C.[Tomcat].[localhost].[/] 173 - Initializing Spring DispatcherServlet 'dispatcherServlet'
2020-06-01 16:58:46,219 [http-nio-8080-exec-1] INFO  o.s.web.servlet.DispatcherServlet 524 - Initializing Servlet 'dispatcherServlet'
2020-06-01 16:58:46,229 [http-nio-8080-exec-1] INFO  o.s.web.servlet.DispatcherServlet 546 - Completed initialization in 10 ms
