2019-10-02 14:20:20,238 [main] INFO  jp.co.lyc.cms.ApplicationMain 50 - Starting ApplicationMain on DESKTOP-GD7FF1R with PID 8888 (C:\E\workspacer\LYC_CMS\target\classes started by admin in C:\E\workspacer\LYC_CMS)
2019-10-02 14:20:20,261 [main] INFO  jp.co.lyc.cms.ApplicationMain 647 - No active profile set, falling back to default profiles: default
2019-10-02 14:20:23,623 [main] INFO  o.s.b.w.e.tomcat.TomcatWebServer 90 - Tomcat initialized with port(s): 8080 (http)
2019-10-02 14:20:23,647 [main] INFO  o.a.coyote.http11.Http11NioProtocol 173 - Initializing ProtocolHandler ["http-nio-8080"]
2019-10-02 14:20:23,678 [main] INFO  o.a.catalina.core.StandardService 173 - Starting service [Tomcat]
2019-10-02 14:20:23,678 [main] INFO  o.a.catalina.core.StandardEngine 173 - Starting Servlet engine: [Apache Tomcat/9.0.22]
2019-10-02 14:20:24,131 [main] INFO  o.a.c.c.C.[Tomcat].[localhost].[/] 173 - Initializing Spring embedded WebApplicationContext
2019-10-02 14:20:24,131 [main] INFO  o.s.web.context.ContextLoader 284 - Root WebApplicationContext: initialization completed in 3676 ms
2019-10-02 14:20:25,795 [main] INFO  o.s.s.c.ThreadPoolTaskExecutor 171 - Initializing ExecutorService 'applicationTaskExecutor'
2019-10-02 14:20:26,138 [main] INFO  o.s.b.a.w.s.WelcomePageHandlerMapping 58 - Adding welcome page template: index
2019-10-02 14:20:26,744 [main] INFO  o.a.coyote.http11.Http11NioProtocol 173 - Starting ProtocolHandler ["http-nio-8080"]
2019-10-02 14:20:26,826 [main] INFO  o.s.b.w.e.tomcat.TomcatWebServer 202 - Tomcat started on port(s): 8080 (http) with context path ''
2019-10-02 14:20:26,832 [main] INFO  jp.co.lyc.cms.ApplicationMain 59 - Started ApplicationMain in 8.156 seconds (JVM running for 29.466)
2019-10-02 14:20:27,138 [http-nio-8080-exec-1] INFO  o.a.c.c.C.[Tomcat].[localhost].[/] 173 - Initializing Spring DispatcherServlet 'dispatcherServlet'
2019-10-02 14:20:27,143 [http-nio-8080-exec-1] INFO  o.s.web.servlet.DispatcherServlet 524 - Initializing Servlet 'dispatcherServlet'
2019-10-02 14:20:27,165 [http-nio-8080-exec-1] INFO  o.s.web.servlet.DispatcherServlet 546 - Completed initialization in 20 ms
2019-10-02 14:20:34,083 [http-nio-8080-exec-9] INFO  j.c.l.cms.controller.LoginController 56 - LoginController.login:登録開始
2019-10-02 14:20:34,128 [http-nio-8080-exec-9] INFO  com.zaxxer.hikari.HikariDataSource 110 - HikariPool-1 - Starting...
2019-10-02 14:20:34,853 [http-nio-8080-exec-9] INFO  com.zaxxer.hikari.HikariDataSource 123 - HikariPool-1 - Start completed.
2019-10-02 14:20:35,200 [http-nio-8080-exec-9] INFO  j.c.l.cms.controller.LoginController 82 - loginController.login:登録開始
2019-10-02 14:20:35,201 [http-nio-8080-exec-9] INFO  j.c.l.cms.controller.LoginController 85 - 日志输出 info
2019-10-02 14:20:35,202 [http-nio-8080-exec-9] WARN  j.c.l.cms.controller.LoginController 86 - 日志输出 warn
2019-10-02 14:20:35,204 [http-nio-8080-exec-9] ERROR j.c.l.cms.controller.LoginController 87 - 日志输出 error
2019-10-02 14:20:35,213 [http-nio-8080-exec-9] INFO  j.c.l.cms.controller.LoginController 89 - loginController.login:登録結束
2019-10-02 14:20:48,537 [http-nio-8080-exec-5] INFO  j.c.l.c.c.GetEmployeeInfoController 36 - EmployeeDetailController.getEmployeeDetail:開始
2019-10-02 14:20:48,605 [http-nio-8080-exec-5] INFO  j.c.l.c.c.GetEmployeeInfoController 155 - EmployeeDetailController.getEmployeeDetail:結束
2019-10-02 14:22:20,385 [main] INFO  jp.co.lyc.cms.ApplicationMain 50 - Starting ApplicationMain on DESKTOP-GD7FF1R with PID 10124 (C:\E\workspacer\LYC_CMS\target\classes started by admin in C:\E\workspacer\LYC_CMS)
2019-10-02 14:22:20,401 [main] INFO  jp.co.lyc.cms.ApplicationMain 647 - No active profile set, falling back to default profiles: default
2019-10-02 14:22:23,072 [main] INFO  o.s.b.w.e.tomcat.TomcatWebServer 90 - Tomcat initialized with port(s): 8080 (http)
2019-10-02 14:22:23,093 [main] INFO  o.a.coyote.http11.Http11NioProtocol 173 - Initializing ProtocolHandler ["http-nio-8080"]
2019-10-02 14:22:23,124 [main] INFO  o.a.catalina.core.StandardService 173 - Starting service [Tomcat]
2019-10-02 14:22:23,124 [main] INFO  o.a.catalina.core.StandardEngine 173 - Starting Servlet engine: [Apache Tomcat/9.0.22]
2019-10-02 14:22:23,374 [main] INFO  o.a.c.c.C.[Tomcat].[localhost].[/] 173 - Initializing Spring embedded WebApplicationContext
2019-10-02 14:22:23,374 [main] INFO  o.s.web.context.ContextLoader 284 - Root WebApplicationContext: initialization completed in 2895 ms
2019-10-02 14:22:24,421 [main] INFO  o.s.s.c.ThreadPoolTaskExecutor 171 - Initializing ExecutorService 'applicationTaskExecutor'
2019-10-02 14:22:24,602 [main] INFO  o.s.b.a.w.s.WelcomePageHandlerMapping 58 - Adding welcome page template: index
2019-10-02 14:22:25,024 [main] INFO  o.a.coyote.http11.Http11NioProtocol 173 - Starting ProtocolHandler ["http-nio-8080"]
2019-10-02 14:22:25,070 [main] INFO  o.s.b.w.e.tomcat.TomcatWebServer 202 - Tomcat started on port(s): 8080 (http) with context path ''
2019-10-02 14:22:25,086 [main] INFO  jp.co.lyc.cms.ApplicationMain 59 - Started ApplicationMain in 5.7 seconds (JVM running for 14.751)
2019-10-02 14:23:09,063 [http-nio-8080-exec-4] INFO  o.a.c.c.C.[Tomcat].[localhost].[/] 173 - Initializing Spring DispatcherServlet 'dispatcherServlet'
2019-10-02 14:23:09,065 [http-nio-8080-exec-4] INFO  o.s.web.servlet.DispatcherServlet 524 - Initializing Servlet 'dispatcherServlet'
2019-10-02 14:23:09,087 [http-nio-8080-exec-4] INFO  o.s.web.servlet.DispatcherServlet 546 - Completed initialization in 21 ms
2019-10-02 14:23:09,280 [http-nio-8080-exec-4] INFO  j.c.l.cms.controller.LoginController 56 - LoginController.login:登録開始
2019-10-02 14:23:09,342 [http-nio-8080-exec-4] INFO  com.zaxxer.hikari.HikariDataSource 110 - HikariPool-1 - Starting...
2019-10-02 14:23:10,148 [http-nio-8080-exec-4] INFO  com.zaxxer.hikari.HikariDataSource 123 - HikariPool-1 - Start completed.
2019-10-02 14:23:10,610 [http-nio-8080-exec-4] INFO  j.c.l.cms.controller.LoginController 82 - loginController.login:登録開始
2019-10-02 14:23:10,611 [http-nio-8080-exec-4] INFO  j.c.l.cms.controller.LoginController 85 - 日志输出 info
2019-10-02 14:23:10,612 [http-nio-8080-exec-4] WARN  j.c.l.cms.controller.LoginController 86 - 日志输出 warn
2019-10-02 14:23:10,612 [http-nio-8080-exec-4] ERROR j.c.l.cms.controller.LoginController 87 - 日志输出 error
2019-10-02 14:23:10,613 [http-nio-8080-exec-4] INFO  j.c.l.cms.controller.LoginController 89 - loginController.login:登録結束
2019-10-02 14:23:18,566 [http-nio-8080-exec-6] INFO  j.c.l.c.c.GetEmployeeInfoController 36 - EmployeeDetailController.getEmployeeDetail:開始
2019-10-02 14:23:18,657 [http-nio-8080-exec-6] INFO  j.c.l.c.c.GetEmployeeInfoController 155 - EmployeeDetailController.getEmployeeDetail:結束
2019-10-02 15:24:29,149 [main] INFO  jp.co.lyc.cms.ApplicationMain 50 - Starting ApplicationMain on DESKTOP-GD7FF1R with PID 2560 (C:\E\workspacer\LYC_CMS\target\classes started by admin in C:\E\workspacer\LYC_CMS)
2019-10-02 15:24:29,164 [main] INFO  jp.co.lyc.cms.ApplicationMain 647 - No active profile set, falling back to default profiles: default
2019-10-02 15:24:32,148 [main] INFO  o.s.b.w.e.tomcat.TomcatWebServer 90 - Tomcat initialized with port(s): 8080 (http)
2019-10-02 15:24:32,172 [main] INFO  o.a.coyote.http11.Http11NioProtocol 173 - Initializing ProtocolHandler ["http-nio-8080"]
2019-10-02 15:24:32,203 [main] INFO  o.a.catalina.core.StandardService 173 - Starting service [Tomcat]
2019-10-02 15:24:32,203 [main] INFO  o.a.catalina.core.StandardEngine 173 - Starting Servlet engine: [Apache Tomcat/9.0.22]
2019-10-02 15:24:33,453 [main] INFO  o.a.c.c.C.[Tomcat].[localhost].[/] 173 - Initializing Spring embedded WebApplicationContext
2019-10-02 15:24:33,458 [main] INFO  o.s.web.context.ContextLoader 284 - Root WebApplicationContext: initialization completed in 4138 ms
2019-10-02 15:24:34,600 [main] INFO  o.s.s.c.ThreadPoolTaskExecutor 171 - Initializing ExecutorService 'applicationTaskExecutor'
2019-10-02 15:24:34,812 [main] INFO  o.s.b.a.w.s.WelcomePageHandlerMapping 58 - Adding welcome page template: index
2019-10-02 15:24:35,249 [main] INFO  o.a.coyote.http11.Http11NioProtocol 173 - Starting ProtocolHandler ["http-nio-8080"]
2019-10-02 15:24:35,327 [main] INFO  o.s.b.w.e.tomcat.TomcatWebServer 202 - Tomcat started on port(s): 8080 (http) with context path ''
2019-10-02 15:24:35,327 [main] INFO  jp.co.lyc.cms.ApplicationMain 59 - Started ApplicationMain in 7.412 seconds (JVM running for 34.083)
2019-10-02 15:24:50,286 [http-nio-8080-exec-3] INFO  o.a.c.c.C.[Tomcat].[localhost].[/] 173 - Initializing Spring DispatcherServlet 'dispatcherServlet'
2019-10-02 15:24:50,292 [http-nio-8080-exec-3] INFO  o.s.web.servlet.DispatcherServlet 524 - Initializing Servlet 'dispatcherServlet'
2019-10-02 15:24:50,325 [http-nio-8080-exec-3] INFO  o.s.web.servlet.DispatcherServlet 546 - Completed initialization in 29 ms
2019-10-02 15:24:50,572 [http-nio-8080-exec-3] INFO  j.c.l.cms.controller.LoginController 56 - LoginController.login:登録開始
2019-10-02 15:24:50,642 [http-nio-8080-exec-3] INFO  com.zaxxer.hikari.HikariDataSource 110 - HikariPool-1 - Starting...
2019-10-02 15:24:51,523 [http-nio-8080-exec-3] INFO  com.zaxxer.hikari.HikariDataSource 123 - HikariPool-1 - Start completed.
2019-10-02 15:24:51,826 [http-nio-8080-exec-3] INFO  j.c.l.cms.controller.LoginController 82 - loginController.login:登録開始
2019-10-02 15:24:51,827 [http-nio-8080-exec-3] INFO  j.c.l.cms.controller.LoginController 85 - 日志输出 info
2019-10-02 15:24:51,828 [http-nio-8080-exec-3] WARN  j.c.l.cms.controller.LoginController 86 - 日志输出 warn
2019-10-02 15:24:51,829 [http-nio-8080-exec-3] ERROR j.c.l.cms.controller.LoginController 87 - 日志输出 error
2019-10-02 15:24:51,830 [http-nio-8080-exec-3] INFO  j.c.l.cms.controller.LoginController 89 - loginController.login:登録結束
2019-10-02 15:25:01,010 [http-nio-8080-exec-6] INFO  j.c.l.c.c.GetEmployeeInfoController 36 - EmployeeDetailController.getEmployeeDetail:開始
2019-10-02 15:25:01,094 [http-nio-8080-exec-6] INFO  j.c.l.c.c.GetEmployeeInfoController 155 - EmployeeDetailController.getEmployeeDetail:結束
2019-10-02 15:27:47,937 [main] INFO  jp.co.lyc.cms.ApplicationMain 50 - Starting ApplicationMain on DESKTOP-GD7FF1R with PID 8984 (C:\E\workspacer\LYC_CMS\target\classes started by admin in C:\E\workspacer\LYC_CMS)
2019-10-02 15:27:47,962 [main] INFO  jp.co.lyc.cms.ApplicationMain 647 - No active profile set, falling back to default profiles: default
2019-10-02 15:27:51,161 [main] INFO  o.s.b.w.e.tomcat.TomcatWebServer 90 - Tomcat initialized with port(s): 8080 (http)
2019-10-02 15:27:51,192 [main] INFO  o.a.coyote.http11.Http11NioProtocol 173 - Initializing ProtocolHandler ["http-nio-8080"]
2019-10-02 15:27:51,217 [main] INFO  o.a.catalina.core.StandardService 173 - Starting service [Tomcat]
2019-10-02 15:27:51,220 [main] INFO  o.a.catalina.core.StandardEngine 173 - Starting Servlet engine: [Apache Tomcat/9.0.22]
2019-10-02 15:27:51,493 [main] INFO  o.a.c.c.C.[Tomcat].[localhost].[/] 173 - Initializing Spring embedded WebApplicationContext
2019-10-02 15:27:51,494 [main] INFO  o.s.web.context.ContextLoader 284 - Root WebApplicationContext: initialization completed in 3386 ms
2019-10-02 15:27:52,533 [main] INFO  o.s.s.c.ThreadPoolTaskExecutor 171 - Initializing ExecutorService 'applicationTaskExecutor'
2019-10-02 15:27:52,703 [main] INFO  o.s.b.a.w.s.WelcomePageHandlerMapping 58 - Adding welcome page template: index
2019-10-02 15:27:53,098 [main] INFO  o.a.coyote.http11.Http11NioProtocol 173 - Starting ProtocolHandler ["http-nio-8080"]
2019-10-02 15:27:53,151 [main] INFO  o.s.b.w.e.tomcat.TomcatWebServer 202 - Tomcat started on port(s): 8080 (http) with context path ''
2019-10-02 15:27:53,163 [main] INFO  jp.co.lyc.cms.ApplicationMain 59 - Started ApplicationMain in 6.534 seconds (JVM running for 16.371)
2019-10-02 15:27:55,813 [http-nio-8080-exec-1] INFO  o.a.c.c.C.[Tomcat].[localhost].[/] 173 - Initializing Spring DispatcherServlet 'dispatcherServlet'
2019-10-02 15:27:55,815 [http-nio-8080-exec-1] INFO  o.s.web.servlet.DispatcherServlet 524 - Initializing Servlet 'dispatcherServlet'
2019-10-02 15:27:55,832 [http-nio-8080-exec-1] INFO  o.s.web.servlet.DispatcherServlet 546 - Completed initialization in 17 ms
2019-10-02 15:28:04,099 [http-nio-8080-exec-6] INFO  j.c.l.cms.controller.LoginController 56 - LoginController.login:登録開始
2019-10-02 15:28:04,144 [http-nio-8080-exec-6] INFO  com.zaxxer.hikari.HikariDataSource 110 - HikariPool-1 - Starting...
2019-10-02 15:28:04,971 [http-nio-8080-exec-6] INFO  com.zaxxer.hikari.HikariDataSource 123 - HikariPool-1 - Start completed.
2019-10-02 15:28:05,238 [http-nio-8080-exec-6] INFO  j.c.l.cms.controller.LoginController 82 - loginController.login:登録開始
2019-10-02 15:28:05,239 [http-nio-8080-exec-6] INFO  j.c.l.cms.controller.LoginController 85 - 日志输出 info
2019-10-02 15:28:05,240 [http-nio-8080-exec-6] WARN  j.c.l.cms.controller.LoginController 86 - 日志输出 warn
2019-10-02 15:28:05,241 [http-nio-8080-exec-6] ERROR j.c.l.cms.controller.LoginController 87 - 日志输出 error
2019-10-02 15:28:05,242 [http-nio-8080-exec-6] INFO  j.c.l.cms.controller.LoginController 89 - loginController.login:登録結束
2019-10-02 15:28:14,486 [http-nio-8080-exec-3] INFO  j.c.l.c.c.GetEmployeeInfoController 36 - EmployeeDetailController.getEmployeeDetail:開始
2019-10-02 15:28:14,558 [http-nio-8080-exec-3] INFO  j.c.l.c.c.GetEmployeeInfoController 155 - EmployeeDetailController.getEmployeeDetail:結束
2019-10-02 15:30:39,564 [main] INFO  jp.co.lyc.cms.ApplicationMain 50 - Starting ApplicationMain on DESKTOP-GD7FF1R with PID 11988 (C:\E\workspacer\LYC_CMS\target\classes started by admin in C:\E\workspacer\LYC_CMS)
2019-10-02 15:30:39,588 [main] INFO  jp.co.lyc.cms.ApplicationMain 647 - No active profile set, falling back to default profiles: default
2019-10-02 15:30:43,928 [main] INFO  o.s.b.w.e.tomcat.TomcatWebServer 90 - Tomcat initialized with port(s): 8080 (http)
2019-10-02 15:30:43,985 [main] INFO  o.a.coyote.http11.Http11NioProtocol 173 - Initializing ProtocolHandler ["http-nio-8080"]
2019-10-02 15:30:44,013 [main] INFO  o.a.catalina.core.StandardService 173 - Starting service [Tomcat]
2019-10-02 15:30:44,014 [main] INFO  o.a.catalina.core.StandardEngine 173 - Starting Servlet engine: [Apache Tomcat/9.0.22]
2019-10-02 15:30:44,438 [main] INFO  o.a.c.c.C.[Tomcat].[localhost].[/] 173 - Initializing Spring embedded WebApplicationContext
2019-10-02 15:30:44,440 [main] INFO  o.s.web.context.ContextLoader 284 - Root WebApplicationContext: initialization completed in 4678 ms
2019-10-02 15:30:45,919 [main] INFO  o.s.s.c.ThreadPoolTaskExecutor 171 - Initializing ExecutorService 'applicationTaskExecutor'
2019-10-02 15:30:46,153 [main] INFO  o.s.b.a.w.s.WelcomePageHandlerMapping 58 - Adding welcome page template: index
2019-10-02 15:30:46,667 [main] INFO  o.a.coyote.http11.Http11NioProtocol 173 - Starting ProtocolHandler ["http-nio-8080"]
2019-10-02 15:30:46,721 [main] ERROR o.apache.catalina.util.LifecycleBase 175 - Failed to start component [Connector[HTTP/1.1-8080]]
org.apache.catalina.LifecycleException: Protocol handler start failed
	at org.apache.catalina.connector.Connector.startInternal(Connector.java:1008)
	at org.apache.catalina.util.LifecycleBase.start(LifecycleBase.java:183)
	at org.apache.catalina.core.StandardService.addConnector(StandardService.java:227)
	at org.springframework.boot.web.embedded.tomcat.TomcatWebServer.addPreviouslyRemovedConnectors(TomcatWebServer.java:263)
	at org.springframework.boot.web.embedded.tomcat.TomcatWebServer.start(TomcatWebServer.java:195)
	at org.springframework.boot.web.servlet.context.ServletWebServerApplicationContext.startWebServer(ServletWebServerApplicationContext.java:297)
	at org.springframework.boot.web.servlet.context.ServletWebServerApplicationContext.finishRefresh(ServletWebServerApplicationContext.java:163)
	at org.springframework.context.support.AbstractApplicationContext.refresh(AbstractApplicationContext.java:552)
	at org.springframework.boot.web.servlet.context.ServletWebServerApplicationContext.refresh(ServletWebServerApplicationContext.java:141)
	at org.springframework.boot.SpringApplication.refresh(SpringApplication.java:743)
	at org.springframework.boot.SpringApplication.refreshContext(SpringApplication.java:390)
	at org.springframework.boot.SpringApplication.run(SpringApplication.java:312)
	at org.springframework.boot.SpringApplication.run(SpringApplication.java:1214)
	at org.springframework.boot.SpringApplication.run(SpringApplication.java:1203)
	at jp.co.lyc.cms.ApplicationMain.main(ApplicationMain.java:14)
	at sun.reflect.NativeMethodAccessorImpl.invoke0(Native Method)
	at sun.reflect.NativeMethodAccessorImpl.invoke(NativeMethodAccessorImpl.java:62)
	at sun.reflect.DelegatingMethodAccessorImpl.invoke(DelegatingMethodAccessorImpl.java:43)
	at java.lang.reflect.Method.invoke(Method.java:498)
	at org.springframework.boot.maven.AbstractRunMojo$LaunchRunner.run(AbstractRunMojo.java:543)
	at java.lang.Thread.run(Thread.java:748)
Caused by: java.net.BindException: Address already in use: bind
	at sun.nio.ch.Net.bind0(Native Method)
	at sun.nio.ch.Net.bind(Net.java:433)
	at sun.nio.ch.Net.bind(Net.java:425)
	at sun.nio.ch.ServerSocketChannelImpl.bind(ServerSocketChannelImpl.java:223)
	at sun.nio.ch.ServerSocketAdaptor.bind(ServerSocketAdaptor.java:74)
	at org.apache.tomcat.util.net.NioEndpoint.initServerSocket(NioEndpoint.java:230)
	at org.apache.tomcat.util.net.NioEndpoint.bind(NioEndpoint.java:213)
	at org.apache.tomcat.util.net.AbstractEndpoint.bindWithCleanup(AbstractEndpoint.java:1124)
	at org.apache.tomcat.util.net.AbstractEndpoint.start(AbstractEndpoint.java:1210)
	at org.apache.coyote.AbstractProtocol.start(AbstractProtocol.java:585)
	at org.apache.catalina.connector.Connector.startInternal(Connector.java:1005)
	... 20 common frames omitted
2019-10-02 15:30:46,742 [main] INFO  o.a.coyote.http11.Http11NioProtocol 173 - Pausing ProtocolHandler ["http-nio-8080"]
2019-10-02 15:30:46,745 [main] INFO  o.a.catalina.core.StandardService 173 - Stopping service [Tomcat]
2019-10-02 15:30:46,760 [main] INFO  o.apache.catalina.util.LifecycleBase 173 - The stop() method was called on component [StandardServer[-1]] after stop() had already been called. The second call will be ignored.
2019-10-02 15:30:46,761 [main] INFO  o.a.coyote.http11.Http11NioProtocol 173 - Stopping ProtocolHandler ["http-nio-8080"]
2019-10-02 15:30:46,762 [main] INFO  o.a.coyote.http11.Http11NioProtocol 173 - Destroying ProtocolHandler ["http-nio-8080"]
2019-10-02 15:30:46,770 [main] INFO  o.s.b.a.l.ConditionEvaluationReportLoggingListener 136 - 

Error starting ApplicationContext. To display the conditions report re-run your application with 'debug' enabled.
2019-10-02 15:30:46,774 [main] ERROR o.s.b.d.LoggingFailureAnalysisReporter 40 - 

***************************
APPLICATION FAILED TO START
***************************

Description:

The Tomcat connector configured to listen on port 8080 failed to start. The port may already be in use or the connector may be misconfigured.

Action:

Verify the connector's configuration, identify and stop any process that's listening on port 8080, or configure this application to listen on another port.

2019-10-02 15:30:46,778 [main] INFO  o.s.s.c.ThreadPoolTaskExecutor 208 - Shutting down ExecutorService 'applicationTaskExecutor'
2019-10-02 15:31:28,560 [main] INFO  jp.co.lyc.cms.ApplicationMain 50 - Starting ApplicationMain on DESKTOP-GD7FF1R with PID 4760 (C:\E\workspacer\LYC_CMS\target\classes started by admin in C:\E\workspacer\LYC_CMS)
2019-10-02 15:31:28,576 [main] INFO  jp.co.lyc.cms.ApplicationMain 647 - No active profile set, falling back to default profiles: default
2019-10-02 15:31:33,583 [main] INFO  o.s.b.w.e.tomcat.TomcatWebServer 90 - Tomcat initialized with port(s): 8080 (http)
2019-10-02 15:31:33,633 [main] INFO  o.a.coyote.http11.Http11NioProtocol 173 - Initializing ProtocolHandler ["http-nio-8080"]
2019-10-02 15:31:33,661 [main] INFO  o.a.catalina.core.StandardService 173 - Starting service [Tomcat]
2019-10-02 15:31:33,662 [main] INFO  o.a.catalina.core.StandardEngine 173 - Starting Servlet engine: [Apache Tomcat/9.0.22]
2019-10-02 15:31:34,013 [main] INFO  o.a.c.c.C.[Tomcat].[localhost].[/] 173 - Initializing Spring embedded WebApplicationContext
2019-10-02 15:31:34,014 [main] INFO  o.s.web.context.ContextLoader 284 - Root WebApplicationContext: initialization completed in 5046 ms
2019-10-02 15:31:35,441 [main] INFO  o.s.s.c.ThreadPoolTaskExecutor 171 - Initializing ExecutorService 'applicationTaskExecutor'
2019-10-02 15:31:35,971 [main] INFO  o.s.b.a.w.s.WelcomePageHandlerMapping 58 - Adding welcome page template: index
2019-10-02 15:31:36,758 [main] INFO  o.a.coyote.http11.Http11NioProtocol 173 - Starting ProtocolHandler ["http-nio-8080"]
2019-10-02 15:31:36,859 [main] INFO  o.s.b.w.e.tomcat.TomcatWebServer 202 - Tomcat started on port(s): 8080 (http) with context path ''
2019-10-02 15:31:36,883 [main] INFO  jp.co.lyc.cms.ApplicationMain 59 - Started ApplicationMain in 10.28 seconds (JVM running for 21.931)
2019-10-02 15:31:50,879 [http-nio-8080-exec-1] INFO  o.a.c.c.C.[Tomcat].[localhost].[/] 173 - Initializing Spring DispatcherServlet 'dispatcherServlet'
2019-10-02 15:31:50,880 [http-nio-8080-exec-1] INFO  o.s.web.servlet.DispatcherServlet 524 - Initializing Servlet 'dispatcherServlet'
2019-10-02 15:31:50,905 [http-nio-8080-exec-1] INFO  o.s.web.servlet.DispatcherServlet 546 - Completed initialization in 24 ms
2019-10-02 15:31:51,572 [http-nio-8080-exec-1] INFO  j.c.l.cms.controller.LoginController 56 - LoginController.login:登録開始
2019-10-02 15:31:51,658 [http-nio-8080-exec-1] INFO  com.zaxxer.hikari.HikariDataSource 110 - HikariPool-1 - Starting...
2019-10-02 15:31:52,159 [http-nio-8080-exec-1] INFO  com.zaxxer.hikari.HikariDataSource 123 - HikariPool-1 - Start completed.
2019-10-02 15:31:52,579 [http-nio-8080-exec-1] INFO  j.c.l.cms.controller.LoginController 82 - loginController.login:登録開始
2019-10-02 15:31:52,581 [http-nio-8080-exec-1] INFO  j.c.l.cms.controller.LoginController 85 - 日志输出 info
2019-10-02 15:31:52,582 [http-nio-8080-exec-1] WARN  j.c.l.cms.controller.LoginController 86 - 日志输出 warn
2019-10-02 15:31:52,585 [http-nio-8080-exec-1] ERROR j.c.l.cms.controller.LoginController 87 - 日志输出 error
2019-10-02 15:31:52,586 [http-nio-8080-exec-1] INFO  j.c.l.cms.controller.LoginController 89 - loginController.login:登録結束
2019-10-02 15:33:00,614 [main] INFO  jp.co.lyc.cms.ApplicationMain 50 - Starting ApplicationMain on DESKTOP-GD7FF1R with PID 5456 (C:\E\workspacer\LYC_CMS\target\classes started by admin in C:\E\workspacer\LYC_CMS)
2019-10-02 15:33:00,636 [main] INFO  jp.co.lyc.cms.ApplicationMain 647 - No active profile set, falling back to default profiles: default
2019-10-02 15:33:05,192 [main] INFO  o.s.b.w.e.tomcat.TomcatWebServer 90 - Tomcat initialized with port(s): 8080 (http)
2019-10-02 15:33:05,240 [main] INFO  o.a.coyote.http11.Http11NioProtocol 173 - Initializing ProtocolHandler ["http-nio-8080"]
2019-10-02 15:33:05,268 [main] INFO  o.a.catalina.core.StandardService 173 - Starting service [Tomcat]
2019-10-02 15:33:05,270 [main] INFO  o.a.catalina.core.StandardEngine 173 - Starting Servlet engine: [Apache Tomcat/9.0.22]
2019-10-02 15:33:05,659 [main] INFO  o.a.c.c.C.[Tomcat].[localhost].[/] 173 - Initializing Spring embedded WebApplicationContext
2019-10-02 15:33:05,660 [main] INFO  o.s.web.context.ContextLoader 284 - Root WebApplicationContext: initialization completed in 4848 ms
2019-10-02 15:33:06,985 [main] INFO  o.s.s.c.ThreadPoolTaskExecutor 171 - Initializing ExecutorService 'applicationTaskExecutor'
2019-10-02 15:33:07,206 [main] INFO  o.s.b.a.w.s.WelcomePageHandlerMapping 58 - Adding welcome page template: index
2019-10-02 15:33:07,708 [main] INFO  o.a.coyote.http11.Http11NioProtocol 173 - Starting ProtocolHandler ["http-nio-8080"]
2019-10-02 15:33:07,794 [main] INFO  o.s.b.w.e.tomcat.TomcatWebServer 202 - Tomcat started on port(s): 8080 (http) with context path ''
2019-10-02 15:33:07,803 [main] INFO  jp.co.lyc.cms.ApplicationMain 59 - Started ApplicationMain in 9.029 seconds (JVM running for 20.814)
2019-10-02 15:33:21,783 [http-nio-8080-exec-3] INFO  o.a.c.c.C.[Tomcat].[localhost].[/] 173 - Initializing Spring DispatcherServlet 'dispatcherServlet'
2019-10-02 15:33:21,785 [http-nio-8080-exec-3] INFO  o.s.web.servlet.DispatcherServlet 524 - Initializing Servlet 'dispatcherServlet'
2019-10-02 15:33:21,813 [http-nio-8080-exec-3] INFO  o.s.web.servlet.DispatcherServlet 546 - Completed initialization in 28 ms
2019-10-02 15:33:22,031 [http-nio-8080-exec-3] INFO  j.c.l.cms.controller.LoginController 56 - LoginController.login:登録開始
2019-10-02 15:33:22,123 [http-nio-8080-exec-3] INFO  com.zaxxer.hikari.HikariDataSource 110 - HikariPool-1 - Starting...
2019-10-02 15:33:23,076 [http-nio-8080-exec-3] INFO  com.zaxxer.hikari.HikariDataSource 123 - HikariPool-1 - Start completed.
2019-10-02 15:33:23,486 [http-nio-8080-exec-3] INFO  j.c.l.cms.controller.LoginController 82 - loginController.login:登録開始
2019-10-02 15:33:23,489 [http-nio-8080-exec-3] INFO  j.c.l.cms.controller.LoginController 85 - 日志输出 info
2019-10-02 15:33:23,490 [http-nio-8080-exec-3] WARN  j.c.l.cms.controller.LoginController 86 - 日志输出 warn
2019-10-02 15:33:23,491 [http-nio-8080-exec-3] ERROR j.c.l.cms.controller.LoginController 87 - 日志输出 error
2019-10-02 15:33:23,492 [http-nio-8080-exec-3] INFO  j.c.l.cms.controller.LoginController 89 - loginController.login:登録結束
2019-10-02 15:33:57,063 [http-nio-8080-exec-6] INFO  j.c.l.c.c.GetEmployeeInfoController 36 - EmployeeDetailController.getEmployeeDetail:開始
2019-10-02 15:34:16,680 [http-nio-8080-exec-6] INFO  j.c.l.c.c.GetEmployeeInfoController 155 - EmployeeDetailController.getEmployeeDetail:結束
2019-10-02 15:35:04,645 [main] INFO  jp.co.lyc.cms.ApplicationMain 50 - Starting ApplicationMain on DESKTOP-GD7FF1R with PID 8024 (C:\E\workspacer\LYC_CMS\target\classes started by admin in C:\E\workspacer\LYC_CMS)
2019-10-02 15:35:04,659 [main] INFO  jp.co.lyc.cms.ApplicationMain 647 - No active profile set, falling back to default profiles: default
2019-10-02 15:35:10,301 [main] INFO  o.s.b.w.e.tomcat.TomcatWebServer 90 - Tomcat initialized with port(s): 8080 (http)
2019-10-02 15:35:10,416 [main] INFO  o.a.coyote.http11.Http11NioProtocol 173 - Initializing ProtocolHandler ["http-nio-8080"]
2019-10-02 15:35:10,487 [main] INFO  o.a.catalina.core.StandardService 173 - Starting service [Tomcat]
2019-10-02 15:35:10,491 [main] INFO  o.a.catalina.core.StandardEngine 173 - Starting Servlet engine: [Apache Tomcat/9.0.22]
2019-10-02 15:35:11,011 [main] INFO  o.a.c.c.C.[Tomcat].[localhost].[/] 173 - Initializing Spring embedded WebApplicationContext
2019-10-02 15:35:11,012 [main] INFO  o.s.web.context.ContextLoader 284 - Root WebApplicationContext: initialization completed in 6033 ms
2019-10-02 15:35:13,365 [main] INFO  o.s.s.c.ThreadPoolTaskExecutor 171 - Initializing ExecutorService 'applicationTaskExecutor'
2019-10-02 15:35:13,790 [main] INFO  o.s.b.a.w.s.WelcomePageHandlerMapping 58 - Adding welcome page template: index
2019-10-02 15:35:14,644 [main] INFO  o.a.coyote.http11.Http11NioProtocol 173 - Starting ProtocolHandler ["http-nio-8080"]
2019-10-02 15:35:14,807 [main] INFO  o.s.b.w.e.tomcat.TomcatWebServer 202 - Tomcat started on port(s): 8080 (http) with context path ''
2019-10-02 15:35:14,824 [main] INFO  jp.co.lyc.cms.ApplicationMain 59 - Started ApplicationMain in 12.021 seconds (JVM running for 24.562)
2019-10-02 15:35:16,907 [http-nio-8080-exec-1] INFO  o.a.c.c.C.[Tomcat].[localhost].[/] 173 - Initializing Spring DispatcherServlet 'dispatcherServlet'
2019-10-02 15:35:16,909 [http-nio-8080-exec-1] INFO  o.s.web.servlet.DispatcherServlet 524 - Initializing Servlet 'dispatcherServlet'
2019-10-02 15:35:16,933 [http-nio-8080-exec-1] INFO  o.s.web.servlet.DispatcherServlet 546 - Completed initialization in 22 ms
2019-10-02 15:35:26,016 [http-nio-8080-exec-8] INFO  j.c.l.cms.controller.LoginController 56 - LoginController.login:登録開始
2019-10-02 15:35:28,656 [http-nio-8080-exec-8] INFO  com.zaxxer.hikari.HikariDataSource 110 - HikariPool-1 - Starting...
2019-10-02 15:35:29,766 [http-nio-8080-exec-8] INFO  com.zaxxer.hikari.HikariDataSource 123 - HikariPool-1 - Start completed.
2019-10-02 15:35:30,404 [http-nio-8080-exec-8] INFO  j.c.l.cms.controller.LoginController 82 - loginController.login:登録開始
2019-10-02 15:35:30,414 [http-nio-8080-exec-8] INFO  j.c.l.cms.controller.LoginController 85 - 日志输出 info
2019-10-02 15:35:30,415 [http-nio-8080-exec-8] WARN  j.c.l.cms.controller.LoginController 86 - 日志输出 warn
2019-10-02 15:35:30,421 [http-nio-8080-exec-8] ERROR j.c.l.cms.controller.LoginController 87 - 日志输出 error
2019-10-02 15:35:30,422 [http-nio-8080-exec-8] INFO  j.c.l.cms.controller.LoginController 89 - loginController.login:登録結束
2019-10-02 15:38:12,873 [main] INFO  jp.co.lyc.cms.ApplicationMain 50 - Starting ApplicationMain on DESKTOP-GD7FF1R with PID 9736 (C:\E\workspacer\LYC_CMS\target\classes started by admin in C:\E\workspacer\LYC_CMS)
2019-10-02 15:38:12,890 [main] INFO  jp.co.lyc.cms.ApplicationMain 647 - No active profile set, falling back to default profiles: default
2019-10-02 15:38:17,883 [main] INFO  o.s.b.w.e.tomcat.TomcatWebServer 90 - Tomcat initialized with port(s): 8080 (http)
2019-10-02 15:38:17,929 [main] INFO  o.a.coyote.http11.Http11NioProtocol 173 - Initializing ProtocolHandler ["http-nio-8080"]
2019-10-02 15:38:17,958 [main] INFO  o.a.catalina.core.StandardService 173 - Starting service [Tomcat]
2019-10-02 15:38:17,959 [main] INFO  o.a.catalina.core.StandardEngine 173 - Starting Servlet engine: [Apache Tomcat/9.0.22]
2019-10-02 15:38:18,329 [main] INFO  o.a.c.c.C.[Tomcat].[localhost].[/] 173 - Initializing Spring embedded WebApplicationContext
2019-10-02 15:38:18,330 [main] INFO  o.s.web.context.ContextLoader 284 - Root WebApplicationContext: initialization completed in 5192 ms
2019-10-02 15:38:20,075 [main] INFO  o.s.s.c.ThreadPoolTaskExecutor 171 - Initializing ExecutorService 'applicationTaskExecutor'
2019-10-02 15:38:20,336 [main] INFO  o.s.b.a.w.s.WelcomePageHandlerMapping 58 - Adding welcome page template: index
2019-10-02 15:38:20,850 [main] INFO  o.a.coyote.http11.Http11NioProtocol 173 - Starting ProtocolHandler ["http-nio-8080"]
2019-10-02 15:38:21,011 [main] INFO  o.s.b.w.e.tomcat.TomcatWebServer 202 - Tomcat started on port(s): 8080 (http) with context path ''
2019-10-02 15:38:21,018 [main] INFO  jp.co.lyc.cms.ApplicationMain 59 - Started ApplicationMain in 10.236 seconds (JVM running for 23.428)
2019-10-02 15:38:35,144 [http-nio-8080-exec-1] INFO  o.a.c.c.C.[Tomcat].[localhost].[/] 173 - Initializing Spring DispatcherServlet 'dispatcherServlet'
2019-10-02 15:38:35,146 [http-nio-8080-exec-1] INFO  o.s.web.servlet.DispatcherServlet 524 - Initializing Servlet 'dispatcherServlet'
2019-10-02 15:38:35,173 [http-nio-8080-exec-1] INFO  o.s.web.servlet.DispatcherServlet 546 - Completed initialization in 26 ms
2019-10-02 15:38:38,454 [http-nio-8080-exec-1] INFO  j.c.l.cms.controller.LoginController 56 - LoginController.login:登録開始
2019-10-02 15:38:38,883 [http-nio-8080-exec-1] INFO  com.zaxxer.hikari.HikariDataSource 110 - HikariPool-1 - Starting...
2019-10-02 15:38:39,396 [http-nio-8080-exec-1] INFO  com.zaxxer.hikari.HikariDataSource 123 - HikariPool-1 - Start completed.
2019-10-02 15:38:39,603 [http-nio-8080-exec-1] INFO  j.c.l.cms.controller.LoginController 82 - loginController.login:登録開始
2019-10-02 15:38:39,604 [http-nio-8080-exec-1] INFO  j.c.l.cms.controller.LoginController 85 - 日志输出 info
2019-10-02 15:38:39,605 [http-nio-8080-exec-1] WARN  j.c.l.cms.controller.LoginController 86 - 日志输出 warn
2019-10-02 15:38:39,606 [http-nio-8080-exec-1] ERROR j.c.l.cms.controller.LoginController 87 - 日志输出 error
2019-10-02 15:38:39,607 [http-nio-8080-exec-1] INFO  j.c.l.cms.controller.LoginController 89 - loginController.login:登録結束
2019-10-02 15:39:07,755 [http-nio-8080-exec-6] INFO  j.c.l.c.c.GetEmployeeInfoController 36 - EmployeeDetailController.getEmployeeDetail:開始
2019-10-02 15:39:32,507 [http-nio-8080-exec-6] INFO  j.c.l.c.c.GetEmployeeInfoController 155 - EmployeeDetailController.getEmployeeDetail:結束
2019-10-02 15:43:28,442 [main] INFO  jp.co.lyc.cms.ApplicationMain 50 - Starting ApplicationMain on DESKTOP-GD7FF1R with PID 7440 (C:\E\workspacer\LYC_CMS\target\classes started by admin in C:\E\workspacer\LYC_CMS)
2019-10-02 15:43:28,456 [main] INFO  jp.co.lyc.cms.ApplicationMain 647 - No active profile set, falling back to default profiles: default
2019-10-02 15:43:33,610 [main] INFO  o.s.b.w.e.tomcat.TomcatWebServer 90 - Tomcat initialized with port(s): 8080 (http)
2019-10-02 15:43:33,664 [main] INFO  o.a.coyote.http11.Http11NioProtocol 173 - Initializing ProtocolHandler ["http-nio-8080"]
2019-10-02 15:43:33,688 [main] INFO  o.a.catalina.core.StandardService 173 - Starting service [Tomcat]
2019-10-02 15:43:33,689 [main] INFO  o.a.catalina.core.StandardEngine 173 - Starting Servlet engine: [Apache Tomcat/9.0.22]
2019-10-02 15:43:34,430 [main] INFO  o.a.c.c.C.[Tomcat].[localhost].[/] 173 - Initializing Spring embedded WebApplicationContext
2019-10-02 15:43:34,440 [main] INFO  o.s.web.context.ContextLoader 284 - Root WebApplicationContext: initialization completed in 5811 ms
2019-10-02 15:43:36,417 [main] INFO  o.s.s.c.ThreadPoolTaskExecutor 171 - Initializing ExecutorService 'applicationTaskExecutor'
2019-10-02 15:43:36,652 [main] INFO  o.s.b.a.w.s.WelcomePageHandlerMapping 58 - Adding welcome page template: index
2019-10-02 15:43:37,184 [main] INFO  o.a.coyote.http11.Http11NioProtocol 173 - Starting ProtocolHandler ["http-nio-8080"]
2019-10-02 15:43:37,343 [main] INFO  o.s.b.w.e.tomcat.TomcatWebServer 202 - Tomcat started on port(s): 8080 (http) with context path ''
2019-10-02 15:43:37,361 [main] INFO  jp.co.lyc.cms.ApplicationMain 59 - Started ApplicationMain in 10.683 seconds (JVM running for 24.141)
2019-10-02 15:43:43,848 [http-nio-8080-exec-1] INFO  o.a.c.c.C.[Tomcat].[localhost].[/] 173 - Initializing Spring DispatcherServlet 'dispatcherServlet'
2019-10-02 15:43:43,850 [http-nio-8080-exec-1] INFO  o.s.web.servlet.DispatcherServlet 524 - Initializing Servlet 'dispatcherServlet'
2019-10-02 15:43:43,868 [http-nio-8080-exec-1] INFO  o.s.web.servlet.DispatcherServlet 546 - Completed initialization in 17 ms
2019-10-02 15:43:52,629 [http-nio-8080-exec-8] INFO  j.c.l.cms.controller.LoginController 56 - LoginController.login:登録開始
2019-10-02 15:43:52,727 [http-nio-8080-exec-8] INFO  com.zaxxer.hikari.HikariDataSource 110 - HikariPool-1 - Starting...
2019-10-02 15:43:53,322 [http-nio-8080-exec-8] INFO  com.zaxxer.hikari.HikariDataSource 123 - HikariPool-1 - Start completed.
2019-10-02 15:43:53,551 [http-nio-8080-exec-8] INFO  j.c.l.cms.controller.LoginController 82 - loginController.login:登録開始
2019-10-02 15:43:53,552 [http-nio-8080-exec-8] INFO  j.c.l.cms.controller.LoginController 85 - 日志输出 info
2019-10-02 15:43:53,554 [http-nio-8080-exec-8] WARN  j.c.l.cms.controller.LoginController 86 - 日志输出 warn
2019-10-02 15:43:53,555 [http-nio-8080-exec-8] ERROR j.c.l.cms.controller.LoginController 87 - 日志输出 error
2019-10-02 15:43:53,555 [http-nio-8080-exec-8] INFO  j.c.l.cms.controller.LoginController 89 - loginController.login:登録結束
2019-10-02 15:44:23,891 [http-nio-8080-exec-3] INFO  j.c.l.c.c.GetEmployeeInfoController 36 - EmployeeDetailController.getEmployeeDetail:開始
2019-10-02 15:45:29,627 [http-nio-8080-exec-3] INFO  j.c.l.c.c.GetEmployeeInfoController 155 - EmployeeDetailController.getEmployeeDetail:結束
2019-10-02 15:46:13,414 [http-nio-8080-exec-7] INFO  j.c.l.cms.controller.LoginController 56 - LoginController.login:登録開始
2019-10-02 15:46:13,423 [http-nio-8080-exec-7] INFO  j.c.l.cms.controller.LoginController 82 - loginController.login:登録開始
2019-10-02 15:46:13,424 [http-nio-8080-exec-7] INFO  j.c.l.cms.controller.LoginController 85 - 日志输出 info
2019-10-02 15:46:13,425 [http-nio-8080-exec-7] WARN  j.c.l.cms.controller.LoginController 86 - 日志输出 warn
2019-10-02 15:46:13,427 [http-nio-8080-exec-7] ERROR j.c.l.cms.controller.LoginController 87 - 日志输出 error
2019-10-02 15:46:13,429 [http-nio-8080-exec-7] INFO  j.c.l.cms.controller.LoginController 89 - loginController.login:登録結束
2019-10-02 15:46:23,992 [http-nio-8080-exec-10] INFO  j.c.l.c.c.GetEmployeeInfoController 36 - EmployeeDetailController.getEmployeeDetail:開始
2019-10-02 15:46:23,998 [http-nio-8080-exec-10] INFO  j.c.l.c.c.GetEmployeeInfoController 155 - EmployeeDetailController.getEmployeeDetail:結束
2019-10-02 15:47:14,144 [http-nio-8080-exec-1] INFO  j.c.l.cms.controller.LoginController 56 - LoginController.login:登録開始
2019-10-02 15:47:14,150 [http-nio-8080-exec-1] INFO  j.c.l.cms.controller.LoginController 82 - loginController.login:登録開始
2019-10-02 15:47:14,150 [http-nio-8080-exec-1] INFO  j.c.l.cms.controller.LoginController 85 - 日志输出 info
2019-10-02 15:47:14,151 [http-nio-8080-exec-1] WARN  j.c.l.cms.controller.LoginController 86 - 日志输出 warn
2019-10-02 15:47:14,152 [http-nio-8080-exec-1] ERROR j.c.l.cms.controller.LoginController 87 - 日志输出 error
2019-10-02 15:47:14,152 [http-nio-8080-exec-1] INFO  j.c.l.cms.controller.LoginController 89 - loginController.login:登録結束
2019-10-02 15:47:22,065 [http-nio-8080-exec-3] INFO  j.c.l.c.c.GetEmployeeInfoController 36 - EmployeeDetailController.getEmployeeDetail:開始
2019-10-02 15:47:22,072 [http-nio-8080-exec-3] INFO  j.c.l.c.c.GetEmployeeInfoController 155 - EmployeeDetailController.getEmployeeDetail:結束
2019-10-02 16:01:52,226 [main] INFO  jp.co.lyc.cms.ApplicationMain 50 - Starting ApplicationMain on DESKTOP-GD7FF1R with PID 1036 (C:\E\workspacer\LYC_CMS\target\classes started by admin in C:\E\workspacer\LYC_CMS)
2019-10-02 16:01:52,233 [main] INFO  jp.co.lyc.cms.ApplicationMain 647 - No active profile set, falling back to default profiles: default
2019-10-02 16:01:54,953 [main] INFO  o.s.b.w.e.tomcat.TomcatWebServer 90 - Tomcat initialized with port(s): 8080 (http)
2019-10-02 16:01:54,981 [main] INFO  o.a.coyote.http11.Http11NioProtocol 173 - Initializing ProtocolHandler ["http-nio-8080"]
2019-10-02 16:01:55,003 [main] INFO  o.a.catalina.core.StandardService 173 - Starting service [Tomcat]
2019-10-02 16:01:55,004 [main] INFO  o.a.catalina.core.StandardEngine 173 - Starting Servlet engine: [Apache Tomcat/9.0.22]
2019-10-02 16:01:55,259 [main] INFO  o.a.c.c.C.[Tomcat].[localhost].[/] 173 - Initializing Spring embedded WebApplicationContext
2019-10-02 16:01:55,260 [main] INFO  o.s.web.context.ContextLoader 284 - Root WebApplicationContext: initialization completed in 2935 ms
2019-10-02 16:01:56,432 [main] INFO  o.s.s.c.ThreadPoolTaskExecutor 171 - Initializing ExecutorService 'applicationTaskExecutor'
2019-10-02 16:01:56,594 [main] INFO  o.s.b.a.w.s.WelcomePageHandlerMapping 58 - Adding welcome page template: index
2019-10-02 16:01:57,026 [main] INFO  o.a.coyote.http11.Http11NioProtocol 173 - Starting ProtocolHandler ["http-nio-8080"]
2019-10-02 16:01:57,100 [main] INFO  o.s.b.w.e.tomcat.TomcatWebServer 202 - Tomcat started on port(s): 8080 (http) with context path ''
2019-10-02 16:01:57,108 [main] INFO  jp.co.lyc.cms.ApplicationMain 59 - Started ApplicationMain in 6.15 seconds (JVM running for 19.106)
2019-10-02 16:02:23,059 [http-nio-8080-exec-2] INFO  o.a.c.c.C.[Tomcat].[localhost].[/] 173 - Initializing Spring DispatcherServlet 'dispatcherServlet'
2019-10-02 16:02:23,061 [http-nio-8080-exec-2] INFO  o.s.web.servlet.DispatcherServlet 524 - Initializing Servlet 'dispatcherServlet'
2019-10-02 16:02:23,077 [http-nio-8080-exec-2] INFO  o.s.web.servlet.DispatcherServlet 546 - Completed initialization in 16 ms
2019-10-02 16:02:28,841 [http-nio-8080-exec-5] INFO  j.c.l.cms.controller.LoginController 56 - LoginController.login:登録開始
2019-10-02 16:02:28,903 [http-nio-8080-exec-5] INFO  com.zaxxer.hikari.HikariDataSource 110 - HikariPool-1 - Starting...
2019-10-02 16:02:29,587 [http-nio-8080-exec-5] INFO  com.zaxxer.hikari.HikariDataSource 123 - HikariPool-1 - Start completed.
2019-10-02 16:02:29,669 [http-nio-8080-exec-5] INFO  j.c.l.cms.controller.LoginController 82 - loginController.login:登録開始
2019-10-02 16:02:29,670 [http-nio-8080-exec-5] INFO  j.c.l.cms.controller.LoginController 85 - 日志输出 info
2019-10-02 16:02:29,670 [http-nio-8080-exec-5] WARN  j.c.l.cms.controller.LoginController 86 - 日志输出 warn
2019-10-02 16:02:29,671 [http-nio-8080-exec-5] ERROR j.c.l.cms.controller.LoginController 87 - 日志输出 error
2019-10-02 16:02:29,671 [http-nio-8080-exec-5] INFO  j.c.l.cms.controller.LoginController 89 - loginController.login:登録結束
2019-10-02 16:02:40,354 [http-nio-8080-exec-2] INFO  j.c.l.c.c.GetEmployeeInfoController 36 - EmployeeDetailController.getEmployeeDetail:開始
2019-10-02 16:02:40,419 [http-nio-8080-exec-2] INFO  j.c.l.c.c.GetEmployeeInfoController 155 - EmployeeDetailController.getEmployeeDetail:結束
2019-10-02 16:05:05,136 [http-nio-8080-exec-7] INFO  j.c.l.c.c.GetEmployeeInfoController 36 - EmployeeDetailController.getEmployeeDetail:開始
2019-10-02 16:05:05,142 [http-nio-8080-exec-7] INFO  j.c.l.c.c.GetEmployeeInfoController 155 - EmployeeDetailController.getEmployeeDetail:結束
2019-10-02 16:05:08,188 [http-nio-8080-exec-6] INFO  j.c.l.c.c.GetEmployeeInfoController 36 - EmployeeDetailController.getEmployeeDetail:開始
2019-10-02 16:05:08,191 [http-nio-8080-exec-6] INFO  j.c.l.c.c.GetEmployeeInfoController 155 - EmployeeDetailController.getEmployeeDetail:結束
2019-10-02 16:05:27,265 [main] INFO  jp.co.lyc.cms.ApplicationMain 50 - Starting ApplicationMain on DESKTOP-GD7FF1R with PID 4148 (C:\E\workspacer\LYC_CMS\target\classes started by admin in C:\E\workspacer\LYC_CMS)
2019-10-02 16:05:27,274 [main] INFO  jp.co.lyc.cms.ApplicationMain 647 - No active profile set, falling back to default profiles: default
2019-10-02 16:05:30,177 [main] INFO  o.s.b.w.e.tomcat.TomcatWebServer 90 - Tomcat initialized with port(s): 8080 (http)
2019-10-02 16:05:30,207 [main] INFO  o.a.coyote.http11.Http11NioProtocol 173 - Initializing ProtocolHandler ["http-nio-8080"]
2019-10-02 16:05:30,226 [main] INFO  o.a.catalina.core.StandardService 173 - Starting service [Tomcat]
2019-10-02 16:05:30,227 [main] INFO  o.a.catalina.core.StandardEngine 173 - Starting Servlet engine: [Apache Tomcat/9.0.22]
2019-10-02 16:05:30,463 [main] INFO  o.a.c.c.C.[Tomcat].[localhost].[/] 173 - Initializing Spring embedded WebApplicationContext
2019-10-02 16:05:30,464 [main] INFO  o.s.web.context.ContextLoader 284 - Root WebApplicationContext: initialization completed in 3020 ms
2019-10-02 16:05:31,495 [main] INFO  o.s.s.c.ThreadPoolTaskExecutor 171 - Initializing ExecutorService 'applicationTaskExecutor'
2019-10-02 16:05:31,686 [main] INFO  o.s.b.a.w.s.WelcomePageHandlerMapping 58 - Adding welcome page template: index
2019-10-02 16:05:32,186 [main] INFO  o.a.coyote.http11.Http11NioProtocol 173 - Starting ProtocolHandler ["http-nio-8080"]
2019-10-02 16:05:32,253 [main] INFO  o.s.b.w.e.tomcat.TomcatWebServer 202 - Tomcat started on port(s): 8080 (http) with context path ''
2019-10-02 16:05:32,260 [main] INFO  jp.co.lyc.cms.ApplicationMain 59 - Started ApplicationMain in 6.44 seconds (JVM running for 15.531)
2019-10-02 16:05:51,896 [http-nio-8080-exec-3] INFO  o.a.c.c.C.[Tomcat].[localhost].[/] 173 - Initializing Spring DispatcherServlet 'dispatcherServlet'
2019-10-02 16:05:51,898 [http-nio-8080-exec-3] INFO  o.s.web.servlet.DispatcherServlet 524 - Initializing Servlet 'dispatcherServlet'
2019-10-02 16:05:51,917 [http-nio-8080-exec-3] INFO  o.s.web.servlet.DispatcherServlet 546 - Completed initialization in 19 ms
2019-10-02 16:05:52,089 [http-nio-8080-exec-3] INFO  j.c.l.cms.controller.LoginController 56 - LoginController.login:登録開始
2019-10-02 16:05:52,149 [http-nio-8080-exec-3] INFO  com.zaxxer.hikari.HikariDataSource 110 - HikariPool-1 - Starting...
2019-10-02 16:05:52,979 [http-nio-8080-exec-3] INFO  com.zaxxer.hikari.HikariDataSource 123 - HikariPool-1 - Start completed.
2019-10-02 16:05:53,071 [http-nio-8080-exec-3] INFO  j.c.l.cms.controller.LoginController 82 - loginController.login:登録開始
2019-10-02 16:05:53,072 [http-nio-8080-exec-3] INFO  j.c.l.cms.controller.LoginController 85 - 日志输出 info
2019-10-02 16:05:53,072 [http-nio-8080-exec-3] WARN  j.c.l.cms.controller.LoginController 86 - 日志输出 warn
2019-10-02 16:05:53,073 [http-nio-8080-exec-3] ERROR j.c.l.cms.controller.LoginController 87 - 日志输出 error
2019-10-02 16:05:53,073 [http-nio-8080-exec-3] INFO  j.c.l.cms.controller.LoginController 89 - loginController.login:登録結束
2019-10-02 16:13:34,680 [main] INFO  jp.co.lyc.cms.ApplicationMain 50 - Starting ApplicationMain on DESKTOP-GD7FF1R with PID 9208 (C:\E\workspacer\LYC_CMS\target\classes started by admin in C:\E\workspacer\LYC_CMS)
2019-10-02 16:13:34,687 [main] INFO  jp.co.lyc.cms.ApplicationMain 647 - No active profile set, falling back to default profiles: default
2019-10-02 16:13:37,855 [main] INFO  o.s.b.w.e.tomcat.TomcatWebServer 90 - Tomcat initialized with port(s): 8080 (http)
2019-10-02 16:13:37,887 [main] INFO  o.a.coyote.http11.Http11NioProtocol 173 - Initializing ProtocolHandler ["http-nio-8080"]
2019-10-02 16:13:37,912 [main] INFO  o.a.catalina.core.StandardService 173 - Starting service [Tomcat]
2019-10-02 16:13:37,913 [main] INFO  o.a.catalina.core.StandardEngine 173 - Starting Servlet engine: [Apache Tomcat/9.0.22]
2019-10-02 16:13:38,176 [main] INFO  o.a.c.c.C.[Tomcat].[localhost].[/] 173 - Initializing Spring embedded WebApplicationContext
2019-10-02 16:13:38,177 [main] INFO  o.s.web.context.ContextLoader 284 - Root WebApplicationContext: initialization completed in 3366 ms
2019-10-02 16:13:39,358 [main] INFO  o.s.s.c.ThreadPoolTaskExecutor 171 - Initializing ExecutorService 'applicationTaskExecutor'
2019-10-02 16:13:39,531 [main] INFO  o.s.b.a.w.s.WelcomePageHandlerMapping 58 - Adding welcome page template: index
2019-10-02 16:13:39,977 [main] INFO  o.a.coyote.http11.Http11NioProtocol 173 - Starting ProtocolHandler ["http-nio-8080"]
2019-10-02 16:13:40,054 [main] INFO  o.s.b.w.e.tomcat.TomcatWebServer 202 - Tomcat started on port(s): 8080 (http) with context path ''
2019-10-02 16:13:40,061 [main] INFO  jp.co.lyc.cms.ApplicationMain 59 - Started ApplicationMain in 6.671 seconds (JVM running for 20.647)
2019-10-02 16:13:48,183 [http-nio-8080-exec-1] INFO  o.a.c.c.C.[Tomcat].[localhost].[/] 173 - Initializing Spring DispatcherServlet 'dispatcherServlet'
2019-10-02 16:13:48,185 [http-nio-8080-exec-1] INFO  o.s.web.servlet.DispatcherServlet 524 - Initializing Servlet 'dispatcherServlet'
2019-10-02 16:13:48,206 [http-nio-8080-exec-1] INFO  o.s.web.servlet.DispatcherServlet 546 - Completed initialization in 21 ms
2019-10-02 16:13:53,187 [http-nio-8080-exec-5] INFO  j.c.l.cms.controller.LoginController 56 - LoginController.login:登録開始
2019-10-02 16:13:53,229 [http-nio-8080-exec-5] INFO  com.zaxxer.hikari.HikariDataSource 110 - HikariPool-1 - Starting...
2019-10-02 16:13:53,881 [http-nio-8080-exec-5] INFO  com.zaxxer.hikari.HikariDataSource 123 - HikariPool-1 - Start completed.
2019-10-02 16:13:53,979 [http-nio-8080-exec-5] INFO  j.c.l.cms.controller.LoginController 82 - loginController.login:登録開始
2019-10-02 16:13:53,980 [http-nio-8080-exec-5] INFO  j.c.l.cms.controller.LoginController 85 - 日志输出 info
2019-10-02 16:13:53,981 [http-nio-8080-exec-5] WARN  j.c.l.cms.controller.LoginController 86 - 日志输出 warn
2019-10-02 16:13:53,981 [http-nio-8080-exec-5] ERROR j.c.l.cms.controller.LoginController 87 - 日志输出 error
2019-10-02 16:13:53,982 [http-nio-8080-exec-5] INFO  j.c.l.cms.controller.LoginController 89 - loginController.login:登録結束
2019-10-02 16:14:01,547 [http-nio-8080-exec-7] INFO  j.c.l.c.c.GetEmployeeInfoController 36 - EmployeeDetailController.getEmployeeDetail:開始
2019-10-02 16:14:01,584 [http-nio-8080-exec-7] INFO  j.c.l.c.c.GetEmployeeInfoController 155 - EmployeeDetailController.getEmployeeDetail:結束
2019-10-02 16:15:24,142 [main] INFO  jp.co.lyc.cms.ApplicationMain 50 - Starting ApplicationMain on DESKTOP-GD7FF1R with PID 9104 (C:\E\workspacer\LYC_CMS\target\classes started by admin in C:\E\workspacer\LYC_CMS)
2019-10-02 16:15:24,156 [main] INFO  jp.co.lyc.cms.ApplicationMain 647 - No active profile set, falling back to default profiles: default
2019-10-02 16:15:29,221 [main] INFO  o.s.b.w.e.tomcat.TomcatWebServer 90 - Tomcat initialized with port(s): 8080 (http)
2019-10-02 16:15:29,261 [main] INFO  o.a.coyote.http11.Http11NioProtocol 173 - Initializing ProtocolHandler ["http-nio-8080"]
2019-10-02 16:15:29,297 [main] INFO  o.a.catalina.core.StandardService 173 - Starting service [Tomcat]
2019-10-02 16:15:29,298 [main] INFO  o.a.catalina.core.StandardEngine 173 - Starting Servlet engine: [Apache Tomcat/9.0.22]
2019-10-02 16:15:29,665 [main] INFO  o.a.c.c.C.[Tomcat].[localhost].[/] 173 - Initializing Spring embedded WebApplicationContext
2019-10-02 16:15:29,666 [main] INFO  o.s.web.context.ContextLoader 284 - Root WebApplicationContext: initialization completed in 5143 ms
2019-10-02 16:15:31,246 [main] INFO  o.s.s.c.ThreadPoolTaskExecutor 171 - Initializing ExecutorService 'applicationTaskExecutor'
2019-10-02 16:15:31,545 [main] INFO  o.s.b.a.w.s.WelcomePageHandlerMapping 58 - Adding welcome page template: index
2019-10-02 16:15:32,240 [main] INFO  o.a.coyote.http11.Http11NioProtocol 173 - Starting ProtocolHandler ["http-nio-8080"]
2019-10-02 16:15:32,393 [main] INFO  o.s.b.w.e.tomcat.TomcatWebServer 202 - Tomcat started on port(s): 8080 (http) with context path ''
2019-10-02 16:15:32,414 [main] INFO  jp.co.lyc.cms.ApplicationMain 59 - Started ApplicationMain in 10.311 seconds (JVM running for 24.488)
2019-10-02 16:15:32,604 [http-nio-8080-exec-1] INFO  o.a.c.c.C.[Tomcat].[localhost].[/] 173 - Initializing Spring DispatcherServlet 'dispatcherServlet'
2019-10-02 16:15:32,607 [http-nio-8080-exec-1] INFO  o.s.web.servlet.DispatcherServlet 524 - Initializing Servlet 'dispatcherServlet'
2019-10-02 16:15:32,629 [http-nio-8080-exec-1] INFO  o.s.web.servlet.DispatcherServlet 546 - Completed initialization in 22 ms
2019-10-02 16:15:33,303 [http-nio-8080-exec-1] INFO  j.c.l.cms.controller.LoginController 56 - LoginController.login:登録開始
2019-10-02 16:15:33,303 [http-nio-8080-exec-2] INFO  j.c.l.cms.controller.LoginController 56 - LoginController.login:登録開始
2019-10-02 16:15:33,391 [http-nio-8080-exec-1] INFO  com.zaxxer.hikari.HikariDataSource 110 - HikariPool-1 - Starting...
2019-10-02 16:15:33,895 [http-nio-8080-exec-1] INFO  com.zaxxer.hikari.HikariDataSource 123 - HikariPool-1 - Start completed.
2019-10-02 16:15:34,126 [http-nio-8080-exec-1] INFO  j.c.l.cms.controller.LoginController 82 - loginController.login:登録開始
2019-10-02 16:15:34,126 [http-nio-8080-exec-2] INFO  j.c.l.cms.controller.LoginController 82 - loginController.login:登録開始
2019-10-02 16:15:34,127 [http-nio-8080-exec-2] INFO  j.c.l.cms.controller.LoginController 85 - 日志输出 info
2019-10-02 16:15:34,127 [http-nio-8080-exec-1] INFO  j.c.l.cms.controller.LoginController 85 - 日志输出 info
2019-10-02 16:15:34,128 [http-nio-8080-exec-2] WARN  j.c.l.cms.controller.LoginController 86 - 日志输出 warn
2019-10-02 16:15:34,128 [http-nio-8080-exec-1] WARN  j.c.l.cms.controller.LoginController 86 - 日志输出 warn
2019-10-02 16:15:34,129 [http-nio-8080-exec-1] ERROR j.c.l.cms.controller.LoginController 87 - 日志输出 error
2019-10-02 16:15:34,129 [http-nio-8080-exec-2] ERROR j.c.l.cms.controller.LoginController 87 - 日志输出 error
2019-10-02 16:15:34,130 [http-nio-8080-exec-2] INFO  j.c.l.cms.controller.LoginController 89 - loginController.login:登録結束
2019-10-02 16:15:34,129 [http-nio-8080-exec-1] INFO  j.c.l.cms.controller.LoginController 89 - loginController.login:登録結束
2019-10-02 16:15:45,512 [http-nio-8080-exec-7] INFO  j.c.l.c.c.GetEmployeeInfoController 36 - EmployeeDetailController.getEmployeeDetail:開始
2019-10-02 16:17:36,948 [http-nio-8080-exec-7] INFO  j.c.l.c.c.GetEmployeeInfoController 155 - EmployeeDetailController.getEmployeeDetail:結束
2019-10-02 16:19:59,416 [main] INFO  jp.co.lyc.cms.ApplicationMain 50 - Starting ApplicationMain on DESKTOP-GD7FF1R with PID 4148 (C:\E\workspacer\LYC_CMS\target\classes started by admin in C:\E\workspacer\LYC_CMS)
2019-10-02 16:19:59,426 [main] INFO  jp.co.lyc.cms.ApplicationMain 647 - No active profile set, falling back to default profiles: default
2019-10-02 16:20:02,714 [main] INFO  o.s.b.w.e.tomcat.TomcatWebServer 90 - Tomcat initialized with port(s): 8080 (http)
2019-10-02 16:20:02,748 [main] INFO  o.a.coyote.http11.Http11NioProtocol 173 - Initializing ProtocolHandler ["http-nio-8080"]
2019-10-02 16:20:02,773 [main] INFO  o.a.catalina.core.StandardService 173 - Starting service [Tomcat]
2019-10-02 16:20:02,774 [main] INFO  o.a.catalina.core.StandardEngine 173 - Starting Servlet engine: [Apache Tomcat/9.0.22]
2019-10-02 16:20:03,026 [main] INFO  o.a.c.c.C.[Tomcat].[localhost].[/] 173 - Initializing Spring embedded WebApplicationContext
2019-10-02 16:20:03,027 [main] INFO  o.s.web.context.ContextLoader 284 - Root WebApplicationContext: initialization completed in 3485 ms
2019-10-02 16:20:04,547 [main] INFO  o.s.s.c.ThreadPoolTaskExecutor 171 - Initializing ExecutorService 'applicationTaskExecutor'
2019-10-02 16:20:04,942 [main] INFO  o.s.b.a.w.s.WelcomePageHandlerMapping 58 - Adding welcome page template: index
2019-10-02 16:20:05,500 [main] INFO  o.a.coyote.http11.Http11NioProtocol 173 - Starting ProtocolHandler ["http-nio-8080"]
2019-10-02 16:20:05,555 [main] INFO  o.s.b.w.e.tomcat.TomcatWebServer 202 - Tomcat started on port(s): 8080 (http) with context path ''
2019-10-02 16:20:05,560 [main] INFO  jp.co.lyc.cms.ApplicationMain 59 - Started ApplicationMain in 7.398 seconds (JVM running for 16.96)
2019-10-02 16:20:15,151 [http-nio-8080-exec-1] INFO  o.a.c.c.C.[Tomcat].[localhost].[/] 173 - Initializing Spring DispatcherServlet 'dispatcherServlet'
2019-10-02 16:20:15,153 [http-nio-8080-exec-1] INFO  o.s.web.servlet.DispatcherServlet 524 - Initializing Servlet 'dispatcherServlet'
2019-10-02 16:20:15,171 [http-nio-8080-exec-1] INFO  o.s.web.servlet.DispatcherServlet 546 - Completed initialization in 18 ms
2019-10-02 16:20:15,390 [http-nio-8080-exec-1] INFO  j.c.l.cms.controller.LoginController 56 - LoginController.login:登録開始
2019-10-02 16:20:15,449 [http-nio-8080-exec-1] INFO  com.zaxxer.hikari.HikariDataSource 110 - HikariPool-1 - Starting...
2019-10-02 16:20:16,217 [http-nio-8080-exec-1] INFO  com.zaxxer.hikari.HikariDataSource 123 - HikariPool-1 - Start completed.
2019-10-02 16:20:16,327 [http-nio-8080-exec-1] INFO  j.c.l.cms.controller.LoginController 82 - loginController.login:登録開始
2019-10-02 16:20:16,334 [http-nio-8080-exec-1] INFO  j.c.l.cms.controller.LoginController 85 - 日志输出 info
2019-10-02 16:20:16,335 [http-nio-8080-exec-1] WARN  j.c.l.cms.controller.LoginController 86 - 日志输出 warn
2019-10-02 16:20:16,336 [http-nio-8080-exec-1] ERROR j.c.l.cms.controller.LoginController 87 - 日志输出 error
2019-10-02 16:20:16,338 [http-nio-8080-exec-1] INFO  j.c.l.cms.controller.LoginController 89 - loginController.login:登録結束
2019-10-02 16:20:23,628 [http-nio-8080-exec-3] INFO  j.c.l.c.c.GetEmployeeInfoController 36 - EmployeeDetailController.getEmployeeDetail:開始
2019-10-02 16:20:23,684 [http-nio-8080-exec-3] INFO  j.c.l.c.c.GetEmployeeInfoController 155 - EmployeeDetailController.getEmployeeDetail:結束
2019-10-02 16:22:28,803 [main] INFO  jp.co.lyc.cms.ApplicationMain 50 - Starting ApplicationMain on DESKTOP-GD7FF1R with PID 4068 (C:\E\workspacer\LYC_CMS\target\classes started by admin in C:\E\workspacer\LYC_CMS)
2019-10-02 16:22:28,811 [main] INFO  jp.co.lyc.cms.ApplicationMain 647 - No active profile set, falling back to default profiles: default
2019-10-02 16:22:31,650 [main] INFO  o.s.b.w.e.tomcat.TomcatWebServer 90 - Tomcat initialized with port(s): 8080 (http)
2019-10-02 16:22:31,676 [main] INFO  o.a.coyote.http11.Http11NioProtocol 173 - Initializing ProtocolHandler ["http-nio-8080"]
2019-10-02 16:22:31,700 [main] INFO  o.a.catalina.core.StandardService 173 - Starting service [Tomcat]
2019-10-02 16:22:31,701 [main] INFO  o.a.catalina.core.StandardEngine 173 - Starting Servlet engine: [Apache Tomcat/9.0.22]
2019-10-02 16:22:31,955 [main] INFO  o.a.c.c.C.[Tomcat].[localhost].[/] 173 - Initializing Spring embedded WebApplicationContext
2019-10-02 16:22:31,956 [main] INFO  o.s.web.context.ContextLoader 284 - Root WebApplicationContext: initialization completed in 3060 ms
2019-10-02 16:22:32,983 [main] INFO  o.s.s.c.ThreadPoolTaskExecutor 171 - Initializing ExecutorService 'applicationTaskExecutor'
2019-10-02 16:22:33,173 [main] INFO  o.s.b.a.w.s.WelcomePageHandlerMapping 58 - Adding welcome page template: index
2019-10-02 16:22:33,605 [main] INFO  o.a.coyote.http11.Http11NioProtocol 173 - Starting ProtocolHandler ["http-nio-8080"]
2019-10-02 16:22:33,660 [main] INFO  o.s.b.w.e.tomcat.TomcatWebServer 202 - Tomcat started on port(s): 8080 (http) with context path ''
2019-10-02 16:22:33,668 [main] INFO  jp.co.lyc.cms.ApplicationMain 59 - Started ApplicationMain in 5.854 seconds (JVM running for 14.928)
2019-10-02 16:22:51,081 [http-nio-8080-exec-1] INFO  o.a.c.c.C.[Tomcat].[localhost].[/] 173 - Initializing Spring DispatcherServlet 'dispatcherServlet'
2019-10-02 16:22:51,083 [http-nio-8080-exec-1] INFO  o.s.web.servlet.DispatcherServlet 524 - Initializing Servlet 'dispatcherServlet'
2019-10-02 16:22:51,099 [http-nio-8080-exec-1] INFO  o.s.web.servlet.DispatcherServlet 546 - Completed initialization in 16 ms
2019-10-02 16:22:51,273 [http-nio-8080-exec-1] INFO  j.c.l.cms.controller.LoginController 56 - LoginController.login:登録開始
2019-10-02 16:22:51,331 [http-nio-8080-exec-1] INFO  com.zaxxer.hikari.HikariDataSource 110 - HikariPool-1 - Starting...
2019-10-02 16:22:52,057 [http-nio-8080-exec-1] INFO  com.zaxxer.hikari.HikariDataSource 123 - HikariPool-1 - Start completed.
2019-10-02 16:22:52,151 [http-nio-8080-exec-1] INFO  j.c.l.cms.controller.LoginController 82 - loginController.login:登録開始
2019-10-02 16:22:52,151 [http-nio-8080-exec-1] INFO  j.c.l.cms.controller.LoginController 85 - 日志输出 info
2019-10-02 16:22:52,152 [http-nio-8080-exec-1] WARN  j.c.l.cms.controller.LoginController 86 - 日志输出 warn
2019-10-02 16:22:52,152 [http-nio-8080-exec-1] ERROR j.c.l.cms.controller.LoginController 87 - 日志输出 error
2019-10-02 16:22:52,153 [http-nio-8080-exec-1] INFO  j.c.l.cms.controller.LoginController 89 - loginController.login:登録結束
2019-10-02 16:23:01,338 [http-nio-8080-exec-4] INFO  j.c.l.c.c.GetEmployeeInfoController 36 - EmployeeDetailController.getEmployeeDetail:開始
2019-10-02 16:23:01,399 [http-nio-8080-exec-4] INFO  j.c.l.c.c.GetEmployeeInfoController 155 - EmployeeDetailController.getEmployeeDetail:結束
2019-10-02 16:24:50,506 [http-nio-8080-exec-8] INFO  j.c.l.c.c.GetEmployeeInfoController 36 - EmployeeDetailController.getEmployeeDetail:開始
2019-10-02 16:24:50,514 [http-nio-8080-exec-8] INFO  j.c.l.c.c.GetEmployeeInfoController 155 - EmployeeDetailController.getEmployeeDetail:結束
2019-10-02 16:24:57,212 [http-nio-8080-exec-10] INFO  j.c.l.c.c.GetEmployeeInfoController 36 - EmployeeDetailController.getEmployeeDetail:開始
2019-10-02 16:24:57,217 [http-nio-8080-exec-10] INFO  j.c.l.c.c.GetEmployeeInfoController 155 - EmployeeDetailController.getEmployeeDetail:結束
2019-10-02 16:24:59,611 [http-nio-8080-exec-1] INFO  j.c.l.c.c.GetEmployeeInfoController 36 - EmployeeDetailController.getEmployeeDetail:開始
2019-10-02 16:24:59,614 [http-nio-8080-exec-1] INFO  j.c.l.c.c.GetEmployeeInfoController 155 - EmployeeDetailController.getEmployeeDetail:結束
2019-10-02 16:29:19,367 [main] INFO  jp.co.lyc.cms.ApplicationMain 50 - Starting ApplicationMain on DESKTOP-GD7FF1R with PID 824 (C:\E\workspacer\LYC_CMS\target\classes started by admin in C:\E\workspacer\LYC_CMS)
2019-10-02 16:29:19,384 [main] INFO  jp.co.lyc.cms.ApplicationMain 647 - No active profile set, falling back to default profiles: default
2019-10-02 16:29:22,320 [main] INFO  o.s.b.w.e.tomcat.TomcatWebServer 90 - Tomcat initialized with port(s): 8080 (http)
2019-10-02 16:29:22,346 [main] INFO  o.a.coyote.http11.Http11NioProtocol 173 - Initializing ProtocolHandler ["http-nio-8080"]
2019-10-02 16:29:22,367 [main] INFO  o.a.catalina.core.StandardService 173 - Starting service [Tomcat]
2019-10-02 16:29:22,368 [main] INFO  o.a.catalina.core.StandardEngine 173 - Starting Servlet engine: [Apache Tomcat/9.0.22]
2019-10-02 16:29:22,631 [main] INFO  o.a.c.c.C.[Tomcat].[localhost].[/] 173 - Initializing Spring embedded WebApplicationContext
2019-10-02 16:29:22,632 [main] INFO  o.s.web.context.ContextLoader 284 - Root WebApplicationContext: initialization completed in 3120 ms
2019-10-02 16:29:23,782 [main] INFO  o.s.s.c.ThreadPoolTaskExecutor 171 - Initializing ExecutorService 'applicationTaskExecutor'
2019-10-02 16:29:23,967 [main] INFO  o.s.b.a.w.s.WelcomePageHandlerMapping 58 - Adding welcome page template: index
2019-10-02 16:29:24,387 [main] INFO  o.a.coyote.http11.Http11NioProtocol 173 - Starting ProtocolHandler ["http-nio-8080"]
2019-10-02 16:29:24,442 [main] INFO  o.s.b.w.e.tomcat.TomcatWebServer 202 - Tomcat started on port(s): 8080 (http) with context path ''
2019-10-02 16:29:24,448 [main] INFO  jp.co.lyc.cms.ApplicationMain 59 - Started ApplicationMain in 6.35 seconds (JVM running for 15.418)
2019-10-02 16:29:29,449 [http-nio-8080-exec-1] INFO  o.a.c.c.C.[Tomcat].[localhost].[/] 173 - Initializing Spring DispatcherServlet 'dispatcherServlet'
2019-10-02 16:29:29,451 [http-nio-8080-exec-1] INFO  o.s.web.servlet.DispatcherServlet 524 - Initializing Servlet 'dispatcherServlet'
2019-10-02 16:29:29,467 [http-nio-8080-exec-1] INFO  o.s.web.servlet.DispatcherServlet 546 - Completed initialization in 16 ms
2019-10-02 16:29:36,408 [http-nio-8080-exec-8] INFO  j.c.l.cms.controller.LoginController 56 - LoginController.login:登録開始
2019-10-02 16:29:36,481 [http-nio-8080-exec-8] INFO  com.zaxxer.hikari.HikariDataSource 110 - HikariPool-1 - Starting...
2019-10-02 16:29:37,319 [http-nio-8080-exec-8] INFO  com.zaxxer.hikari.HikariDataSource 123 - HikariPool-1 - Start completed.
2019-10-02 16:29:37,466 [http-nio-8080-exec-8] INFO  j.c.l.cms.controller.LoginController 82 - loginController.login:登録開始
2019-10-02 16:29:37,467 [http-nio-8080-exec-8] INFO  j.c.l.cms.controller.LoginController 85 - 日志输出 info
2019-10-02 16:29:37,468 [http-nio-8080-exec-8] WARN  j.c.l.cms.controller.LoginController 86 - 日志输出 warn
2019-10-02 16:29:37,469 [http-nio-8080-exec-8] ERROR j.c.l.cms.controller.LoginController 87 - 日志输出 error
2019-10-02 16:29:37,470 [http-nio-8080-exec-8] INFO  j.c.l.cms.controller.LoginController 89 - loginController.login:登録結束
2019-10-02 16:29:41,129 [http-nio-8080-exec-1] INFO  j.c.l.c.c.GetEmployeeInfoController 36 - EmployeeDetailController.getEmployeeDetail:開始
2019-10-02 16:29:41,196 [http-nio-8080-exec-1] INFO  j.c.l.c.c.GetEmployeeInfoController 155 - EmployeeDetailController.getEmployeeDetail:結束
2019-10-02 16:30:37,760 [main] INFO  jp.co.lyc.cms.ApplicationMain 50 - Starting ApplicationMain on DESKTOP-GD7FF1R with PID 11288 (C:\E\workspacer\LYC_CMS\target\classes started by admin in C:\E\workspacer\LYC_CMS)
2019-10-02 16:30:37,769 [main] INFO  jp.co.lyc.cms.ApplicationMain 647 - No active profile set, falling back to default profiles: default
2019-10-02 16:30:40,598 [main] INFO  o.s.b.w.e.tomcat.TomcatWebServer 90 - Tomcat initialized with port(s): 8080 (http)
2019-10-02 16:30:40,627 [main] INFO  o.a.coyote.http11.Http11NioProtocol 173 - Initializing ProtocolHandler ["http-nio-8080"]
2019-10-02 16:30:40,651 [main] INFO  o.a.catalina.core.StandardService 173 - Starting service [Tomcat]
2019-10-02 16:30:40,655 [main] INFO  o.a.catalina.core.StandardEngine 173 - Starting Servlet engine: [Apache Tomcat/9.0.22]
2019-10-02 16:30:40,899 [main] INFO  o.a.c.c.C.[Tomcat].[localhost].[/] 173 - Initializing Spring embedded WebApplicationContext
2019-10-02 16:30:40,899 [main] INFO  o.s.web.context.ContextLoader 284 - Root WebApplicationContext: initialization completed in 2994 ms
2019-10-02 16:30:41,974 [main] INFO  o.s.s.c.ThreadPoolTaskExecutor 171 - Initializing ExecutorService 'applicationTaskExecutor'
2019-10-02 16:30:42,165 [main] INFO  o.s.b.a.w.s.WelcomePageHandlerMapping 58 - Adding welcome page template: index
2019-10-02 16:30:42,602 [main] INFO  o.a.coyote.http11.Http11NioProtocol 173 - Starting ProtocolHandler ["http-nio-8080"]
2019-10-02 16:30:42,660 [main] INFO  o.s.b.w.e.tomcat.TomcatWebServer 202 - Tomcat started on port(s): 8080 (http) with context path ''
2019-10-02 16:30:42,665 [main] INFO  jp.co.lyc.cms.ApplicationMain 59 - Started ApplicationMain in 6.024 seconds (JVM running for 15.243)
2019-10-02 16:31:02,586 [http-nio-8080-exec-3] INFO  o.a.c.c.C.[Tomcat].[localhost].[/] 173 - Initializing Spring DispatcherServlet 'dispatcherServlet'
2019-10-02 16:31:02,588 [http-nio-8080-exec-3] INFO  o.s.web.servlet.DispatcherServlet 524 - Initializing Servlet 'dispatcherServlet'
2019-10-02 16:31:02,606 [http-nio-8080-exec-3] INFO  o.s.web.servlet.DispatcherServlet 546 - Completed initialization in 17 ms
2019-10-02 16:31:02,791 [http-nio-8080-exec-3] INFO  j.c.l.cms.controller.LoginController 56 - LoginController.login:登録開始
2019-10-02 16:31:02,873 [http-nio-8080-exec-3] INFO  com.zaxxer.hikari.HikariDataSource 110 - HikariPool-1 - Starting...
2019-10-02 16:31:03,756 [http-nio-8080-exec-3] INFO  com.zaxxer.hikari.HikariDataSource 123 - HikariPool-1 - Start completed.
2019-10-02 16:31:03,960 [http-nio-8080-exec-3] INFO  j.c.l.cms.controller.LoginController 82 - loginController.login:登録開始
2019-10-02 16:31:03,961 [http-nio-8080-exec-3] INFO  j.c.l.cms.controller.LoginController 85 - 日志输出 info
2019-10-02 16:31:03,961 [http-nio-8080-exec-3] WARN  j.c.l.cms.controller.LoginController 86 - 日志输出 warn
2019-10-02 16:31:03,962 [http-nio-8080-exec-3] ERROR j.c.l.cms.controller.LoginController 87 - 日志输出 error
2019-10-02 16:31:03,962 [http-nio-8080-exec-3] INFO  j.c.l.cms.controller.LoginController 89 - loginController.login:登録結束
2019-10-02 16:31:07,807 [http-nio-8080-exec-4] INFO  j.c.l.c.c.GetEmployeeInfoController 36 - EmployeeDetailController.getEmployeeDetail:開始
2019-10-02 16:31:07,857 [http-nio-8080-exec-4] INFO  j.c.l.c.c.GetEmployeeInfoController 155 - EmployeeDetailController.getEmployeeDetail:結束
