2019-10-01 14:10:59,074 [main] INFO  jp.co.lyc.cms.ApplicationMain 50 - Starting ApplicationMain on DESKTOP-GD7FF1R with PID 16204 (C:\E\workspacer\LYC_CMS\target\classes started by admin in C:\E\workspacer\LYC_CMS)
2019-10-01 14:10:59,136 [main] INFO  jp.co.lyc.cms.ApplicationMain 647 - No active profile set, falling back to default profiles: default
2019-10-01 14:11:03,870 [main] INFO  o.s.b.w.e.tomcat.TomcatWebServer 90 - Tomcat initialized with port(s): 8080 (http)
2019-10-01 14:11:03,919 [main] INFO  o.a.coyote.http11.Http11NioProtocol 173 - Initializing ProtocolHandler ["http-nio-8080"]
2019-10-01 14:11:03,948 [main] INFO  o.a.catalina.core.StandardService 173 - Starting service [Tomcat]
2019-10-01 14:11:03,950 [main] INFO  o.a.catalina.core.StandardEngine 173 - Starting Servlet engine: [Apache Tomcat/9.0.22]
2019-10-01 14:11:04,313 [main] INFO  o.a.c.c.C.[Tomcat].[localhost].[/] 173 - Initializing Spring embedded WebApplicationContext
2019-10-01 14:11:04,314 [main] INFO  o.s.web.context.ContextLoader 284 - Root WebApplicationContext: initialization completed in 4815 ms
2019-10-01 14:11:05,714 [main] INFO  o.s.s.c.ThreadPoolTaskExecutor 171 - Initializing ExecutorService 'applicationTaskExecutor'
2019-10-01 14:11:05,963 [main] INFO  o.s.b.a.w.s.WelcomePageHandlerMapping 58 - Adding welcome page template: index
2019-10-01 14:11:06,588 [main] INFO  o.a.coyote.http11.Http11NioProtocol 173 - Starting ProtocolHandler ["http-nio-8080"]
2019-10-01 14:11:06,698 [main] INFO  o.s.b.w.e.tomcat.TomcatWebServer 202 - Tomcat started on port(s): 8080 (http) with context path ''
2019-10-01 14:11:06,708 [main] INFO  jp.co.lyc.cms.ApplicationMain 59 - Started ApplicationMain in 10.076 seconds (JVM running for 35.35)
2019-10-01 14:11:34,760 [http-nio-8080-exec-1] INFO  o.a.c.c.C.[Tomcat].[localhost].[/] 173 - Initializing Spring DispatcherServlet 'dispatcherServlet'
2019-10-01 14:11:34,762 [http-nio-8080-exec-1] INFO  o.s.web.servlet.DispatcherServlet 524 - Initializing Servlet 'dispatcherServlet'
2019-10-01 14:11:34,789 [http-nio-8080-exec-1] INFO  o.s.web.servlet.DispatcherServlet 546 - Completed initialization in 26 ms
2019-10-01 14:12:19,169 [http-nio-8080-exec-9] INFO  j.c.l.cms.controller.LoginController 56 - LoginController.login:登録開始
2019-10-01 14:12:19,268 [http-nio-8080-exec-9] INFO  com.zaxxer.hikari.HikariDataSource 110 - HikariPool-1 - Starting...
2019-10-01 14:12:19,739 [http-nio-8080-exec-9] INFO  com.zaxxer.hikari.HikariDataSource 123 - HikariPool-1 - Start completed.
2019-10-01 14:12:19,990 [http-nio-8080-exec-9] INFO  j.c.l.cms.controller.LoginController 84 - loginController.login:登録開始
2019-10-01 14:12:19,993 [http-nio-8080-exec-9] INFO  j.c.l.cms.controller.LoginController 87 - 日志输出 info
2019-10-01 14:12:19,994 [http-nio-8080-exec-9] WARN  j.c.l.cms.controller.LoginController 88 - 日志输出 warn
2019-10-01 14:12:19,995 [http-nio-8080-exec-9] ERROR j.c.l.cms.controller.LoginController 89 - 日志输出 error
2019-10-01 14:12:20,007 [http-nio-8080-exec-9] INFO  j.c.l.cms.controller.LoginController 91 - loginController.login:登録結束
2019-10-01 14:12:37,515 [http-nio-8080-exec-5] INFO  j.c.l.c.c.GetEmployeeInfoController 36 - EmployeeDetailController.getEmployeeDetail:開始
2019-10-01 14:13:00,028 [http-nio-8080-exec-5] INFO  j.c.l.c.c.GetEmployeeInfoController 52 - EmployeeDetailController.getEmployeeDetail:結束
2019-10-01 14:13:57,546 [http-nio-8080-exec-7] INFO  j.c.l.c.c.GetEmployeeInfoController 36 - EmployeeDetailController.getEmployeeDetail:開始
2019-10-01 14:14:04,507 [http-nio-8080-exec-7] INFO  j.c.l.c.c.GetEmployeeInfoController 52 - EmployeeDetailController.getEmployeeDetail:結束
2019-10-01 14:48:08,850 [main] INFO  jp.co.lyc.cms.ApplicationMain 50 - Starting ApplicationMain on DESKTOP-GD7FF1R with PID 10416 (C:\E\workspacer\LYC_CMS\target\classes started by admin in C:\E\workspacer\LYC_CMS)
2019-10-01 14:48:08,866 [main] INFO  jp.co.lyc.cms.ApplicationMain 647 - No active profile set, falling back to default profiles: default
2019-10-01 14:48:11,975 [main] INFO  o.s.b.w.e.tomcat.TomcatWebServer 90 - Tomcat initialized with port(s): 8080 (http)
2019-10-01 14:48:12,005 [main] INFO  o.a.coyote.http11.Http11NioProtocol 173 - Initializing ProtocolHandler ["http-nio-8080"]
2019-10-01 14:48:12,033 [main] INFO  o.a.catalina.core.StandardService 173 - Starting service [Tomcat]
2019-10-01 14:48:12,036 [main] INFO  o.a.catalina.core.StandardEngine 173 - Starting Servlet engine: [Apache Tomcat/9.0.22]
2019-10-01 14:48:13,386 [main] INFO  o.a.c.c.C.[Tomcat].[localhost].[/] 173 - Initializing Spring embedded WebApplicationContext
2019-10-01 14:48:13,386 [main] INFO  o.s.web.context.ContextLoader 284 - Root WebApplicationContext: initialization completed in 4337 ms
2019-10-01 14:48:14,633 [main] INFO  o.s.s.c.ThreadPoolTaskExecutor 171 - Initializing ExecutorService 'applicationTaskExecutor'
2019-10-01 14:48:14,865 [main] INFO  o.s.b.a.w.s.WelcomePageHandlerMapping 58 - Adding welcome page template: index
2019-10-01 14:48:15,381 [main] INFO  o.a.coyote.http11.Http11NioProtocol 173 - Starting ProtocolHandler ["http-nio-8080"]
2019-10-01 14:48:15,469 [main] INFO  o.s.b.w.e.tomcat.TomcatWebServer 202 - Tomcat started on port(s): 8080 (http) with context path ''
2019-10-01 14:48:15,476 [main] INFO  jp.co.lyc.cms.ApplicationMain 59 - Started ApplicationMain in 8.308 seconds (JVM running for 38.939)
2019-10-01 14:48:33,398 [http-nio-8080-exec-4] INFO  o.a.c.c.C.[Tomcat].[localhost].[/] 173 - Initializing Spring DispatcherServlet 'dispatcherServlet'
2019-10-01 14:48:33,400 [http-nio-8080-exec-4] INFO  o.s.web.servlet.DispatcherServlet 524 - Initializing Servlet 'dispatcherServlet'
2019-10-01 14:48:33,418 [http-nio-8080-exec-4] INFO  o.s.web.servlet.DispatcherServlet 546 - Completed initialization in 17 ms
2019-10-01 14:48:33,632 [http-nio-8080-exec-4] INFO  j.c.l.cms.controller.LoginController 56 - LoginController.login:登録開始
2019-10-01 14:48:33,714 [http-nio-8080-exec-4] INFO  com.zaxxer.hikari.HikariDataSource 110 - HikariPool-1 - Starting...
2019-10-01 14:48:34,471 [http-nio-8080-exec-4] INFO  com.zaxxer.hikari.HikariDataSource 123 - HikariPool-1 - Start completed.
2019-10-01 14:48:34,672 [http-nio-8080-exec-4] INFO  j.c.l.cms.controller.LoginController 84 - loginController.login:登録開始
2019-10-01 14:48:34,672 [http-nio-8080-exec-4] INFO  j.c.l.cms.controller.LoginController 87 - 日志输出 info
2019-10-01 14:48:34,673 [http-nio-8080-exec-4] WARN  j.c.l.cms.controller.LoginController 88 - 日志输出 warn
2019-10-01 14:48:34,673 [http-nio-8080-exec-4] ERROR j.c.l.cms.controller.LoginController 89 - 日志输出 error
2019-10-01 14:48:34,674 [http-nio-8080-exec-4] INFO  j.c.l.cms.controller.LoginController 91 - loginController.login:登録結束
2019-10-01 14:48:57,469 [http-nio-8080-exec-8] INFO  j.c.l.c.c.GetEmployeeInfoController 36 - EmployeeDetailController.getEmployeeDetail:開始
2019-10-01 14:48:57,485 [http-nio-8080-exec-8] INFO  j.c.l.c.c.GetEmployeeInfoController 53 - EmployeeDetailController.getEmployeeDetail:結束
2019-10-01 14:49:42,529 [http-nio-8080-exec-10] INFO  j.c.l.c.c.GetEmployeeInfoController 36 - EmployeeDetailController.getEmployeeDetail:開始
2019-10-01 14:49:42,535 [http-nio-8080-exec-10] INFO  j.c.l.c.c.GetEmployeeInfoController 53 - EmployeeDetailController.getEmployeeDetail:結束
2019-10-01 14:50:06,747 [http-nio-8080-exec-2] INFO  j.c.l.c.c.GetEmployeeInfoController 36 - EmployeeDetailController.getEmployeeDetail:開始
2019-10-01 14:50:06,754 [http-nio-8080-exec-2] INFO  j.c.l.c.c.GetEmployeeInfoController 53 - EmployeeDetailController.getEmployeeDetail:結束
2019-10-01 14:50:28,972 [http-nio-8080-exec-3] INFO  j.c.l.c.c.GetEmployeeInfoController 36 - EmployeeDetailController.getEmployeeDetail:開始
2019-10-01 14:50:28,977 [http-nio-8080-exec-3] INFO  j.c.l.c.c.GetEmployeeInfoController 53 - EmployeeDetailController.getEmployeeDetail:結束
2019-10-01 15:00:01,972 [main] INFO  jp.co.lyc.cms.ApplicationMain 50 - Starting ApplicationMain on DESKTOP-GD7FF1R with PID 6724 (C:\E\workspacer\LYC_CMS\target\classes started by admin in C:\E\workspacer\LYC_CMS)
2019-10-01 15:00:01,979 [main] INFO  jp.co.lyc.cms.ApplicationMain 647 - No active profile set, falling back to default profiles: default
2019-10-01 15:00:05,208 [main] INFO  o.s.b.w.e.tomcat.TomcatWebServer 90 - Tomcat initialized with port(s): 8080 (http)
2019-10-01 15:00:05,242 [main] INFO  o.a.coyote.http11.Http11NioProtocol 173 - Initializing ProtocolHandler ["http-nio-8080"]
2019-10-01 15:00:05,272 [main] INFO  o.a.catalina.core.StandardService 173 - Starting service [Tomcat]
2019-10-01 15:00:05,286 [main] INFO  o.a.catalina.core.StandardEngine 173 - Starting Servlet engine: [Apache Tomcat/9.0.22]
2019-10-01 15:00:05,539 [main] INFO  o.a.c.c.C.[Tomcat].[localhost].[/] 173 - Initializing Spring embedded WebApplicationContext
2019-10-01 15:00:05,540 [main] INFO  o.s.web.context.ContextLoader 284 - Root WebApplicationContext: initialization completed in 3463 ms
2019-10-01 15:00:06,674 [main] INFO  o.s.s.c.ThreadPoolTaskExecutor 171 - Initializing ExecutorService 'applicationTaskExecutor'
2019-10-01 15:00:06,872 [main] INFO  o.s.b.a.w.s.WelcomePageHandlerMapping 58 - Adding welcome page template: index
2019-10-01 15:00:07,338 [main] INFO  o.a.coyote.http11.Http11NioProtocol 173 - Starting ProtocolHandler ["http-nio-8080"]
2019-10-01 15:00:07,416 [main] INFO  o.s.b.w.e.tomcat.TomcatWebServer 202 - Tomcat started on port(s): 8080 (http) with context path ''
2019-10-01 15:00:07,427 [main] INFO  jp.co.lyc.cms.ApplicationMain 59 - Started ApplicationMain in 6.594 seconds (JVM running for 19.677)
2019-10-01 15:00:19,540 [http-nio-8080-exec-1] INFO  o.a.c.c.C.[Tomcat].[localhost].[/] 173 - Initializing Spring DispatcherServlet 'dispatcherServlet'
2019-10-01 15:00:19,542 [http-nio-8080-exec-1] INFO  o.s.web.servlet.DispatcherServlet 524 - Initializing Servlet 'dispatcherServlet'
2019-10-01 15:00:19,559 [http-nio-8080-exec-1] INFO  o.s.web.servlet.DispatcherServlet 546 - Completed initialization in 16 ms
2019-10-01 15:00:19,615 [http-nio-8080-exec-1] WARN  o.s.w.s.m.s.DefaultHandlerExceptionResolver 198 - Resolved [org.springframework.web.HttpRequestMethodNotSupportedException: Request method 'GET' not supported]
2019-10-01 15:00:20,057 [http-nio-8080-exec-1] ERROR org.thymeleaf.TemplateEngine 1136 - [THYMELEAF][http-nio-8080-exec-1] Exception processing template "error": Error resolving template [error], template might not exist or might not be accessible by any of the configured Template Resolvers
org.thymeleaf.exceptions.TemplateInputException: Error resolving template [error], template might not exist or might not be accessible by any of the configured Template Resolvers
	at org.thymeleaf.engine.TemplateManager.resolveTemplate(TemplateManager.java:869)
	at org.thymeleaf.engine.TemplateManager.parseAndProcess(TemplateManager.java:607)
	at org.thymeleaf.TemplateEngine.process(TemplateEngine.java:1098)
	at org.thymeleaf.TemplateEngine.process(TemplateEngine.java:1072)
	at org.thymeleaf.spring5.view.ThymeleafView.renderFragment(ThymeleafView.java:362)
	at org.thymeleaf.spring5.view.ThymeleafView.render(ThymeleafView.java:189)
	at org.springframework.web.servlet.DispatcherServlet.render(DispatcherServlet.java:1371)
	at org.springframework.web.servlet.DispatcherServlet.processDispatchResult(DispatcherServlet.java:1117)
	at org.springframework.web.servlet.DispatcherServlet.doDispatch(DispatcherServlet.java:1056)
	at org.springframework.web.servlet.DispatcherServlet.doService(DispatcherServlet.java:942)
	at org.springframework.web.servlet.FrameworkServlet.processRequest(FrameworkServlet.java:1005)
	at org.springframework.web.servlet.FrameworkServlet.doGet(FrameworkServlet.java:897)
	at javax.servlet.http.HttpServlet.service(HttpServlet.java:634)
	at org.springframework.web.servlet.FrameworkServlet.service(FrameworkServlet.java:882)
	at javax.servlet.http.HttpServlet.service(HttpServlet.java:741)
	at org.apache.catalina.core.ApplicationFilterChain.internalDoFilter(ApplicationFilterChain.java:231)
	at org.apache.catalina.core.ApplicationFilterChain.doFilter(ApplicationFilterChain.java:166)
	at org.apache.catalina.core.ApplicationDispatcher.invoke(ApplicationDispatcher.java:712)
	at org.apache.catalina.core.ApplicationDispatcher.processRequest(ApplicationDispatcher.java:461)
	at org.apache.catalina.core.ApplicationDispatcher.doForward(ApplicationDispatcher.java:384)
	at org.apache.catalina.core.ApplicationDispatcher.forward(ApplicationDispatcher.java:312)
	at org.apache.catalina.core.StandardHostValve.custom(StandardHostValve.java:394)
	at org.apache.catalina.core.StandardHostValve.status(StandardHostValve.java:253)
	at org.apache.catalina.core.StandardHostValve.invoke(StandardHostValve.java:175)
	at org.apache.catalina.valves.ErrorReportValve.invoke(ErrorReportValve.java:92)
	at org.apache.catalina.core.StandardEngineValve.invoke(StandardEngineValve.java:74)
	at org.apache.catalina.connector.CoyoteAdapter.service(CoyoteAdapter.java:343)
	at org.apache.coyote.http11.Http11Processor.service(Http11Processor.java:408)
	at org.apache.coyote.AbstractProcessorLight.process(AbstractProcessorLight.java:66)
	at org.apache.coyote.AbstractProtocol$ConnectionHandler.process(AbstractProtocol.java:853)
	at org.apache.tomcat.util.net.NioEndpoint$SocketProcessor.doRun(NioEndpoint.java:1587)
	at org.apache.tomcat.util.net.SocketProcessorBase.run(SocketProcessorBase.java:49)
	at java.util.concurrent.ThreadPoolExecutor.runWorker(ThreadPoolExecutor.java:1149)
	at java.util.concurrent.ThreadPoolExecutor$Worker.run(ThreadPoolExecutor.java:624)
	at org.apache.tomcat.util.threads.TaskThread$WrappingRunnable.run(TaskThread.java:61)
	at java.lang.Thread.run(Thread.java:748)
2019-10-01 15:00:20,063 [http-nio-8080-exec-1] ERROR o.a.c.c.C.[.[.[.[dispatcherServlet] 175 - Servlet.service() for servlet [dispatcherServlet] threw exception
org.thymeleaf.exceptions.TemplateInputException: Error resolving template [error], template might not exist or might not be accessible by any of the configured Template Resolvers
	at org.thymeleaf.engine.TemplateManager.resolveTemplate(TemplateManager.java:869)
	at org.thymeleaf.engine.TemplateManager.parseAndProcess(TemplateManager.java:607)
	at org.thymeleaf.TemplateEngine.process(TemplateEngine.java:1098)
	at org.thymeleaf.TemplateEngine.process(TemplateEngine.java:1072)
	at org.thymeleaf.spring5.view.ThymeleafView.renderFragment(ThymeleafView.java:362)
	at org.thymeleaf.spring5.view.ThymeleafView.render(ThymeleafView.java:189)
	at org.springframework.web.servlet.DispatcherServlet.render(DispatcherServlet.java:1371)
	at org.springframework.web.servlet.DispatcherServlet.processDispatchResult(DispatcherServlet.java:1117)
	at org.springframework.web.servlet.DispatcherServlet.doDispatch(DispatcherServlet.java:1056)
	at org.springframework.web.servlet.DispatcherServlet.doService(DispatcherServlet.java:942)
	at org.springframework.web.servlet.FrameworkServlet.processRequest(FrameworkServlet.java:1005)
	at org.springframework.web.servlet.FrameworkServlet.doGet(FrameworkServlet.java:897)
	at javax.servlet.http.HttpServlet.service(HttpServlet.java:634)
	at org.springframework.web.servlet.FrameworkServlet.service(FrameworkServlet.java:882)
	at javax.servlet.http.HttpServlet.service(HttpServlet.java:741)
	at org.apache.catalina.core.ApplicationFilterChain.internalDoFilter(ApplicationFilterChain.java:231)
	at org.apache.catalina.core.ApplicationFilterChain.doFilter(ApplicationFilterChain.java:166)
	at org.apache.catalina.core.ApplicationDispatcher.invoke(ApplicationDispatcher.java:712)
	at org.apache.catalina.core.ApplicationDispatcher.processRequest(ApplicationDispatcher.java:461)
	at org.apache.catalina.core.ApplicationDispatcher.doForward(ApplicationDispatcher.java:384)
	at org.apache.catalina.core.ApplicationDispatcher.forward(ApplicationDispatcher.java:312)
	at org.apache.catalina.core.StandardHostValve.custom(StandardHostValve.java:394)
	at org.apache.catalina.core.StandardHostValve.status(StandardHostValve.java:253)
	at org.apache.catalina.core.StandardHostValve.invoke(StandardHostValve.java:175)
	at org.apache.catalina.valves.ErrorReportValve.invoke(ErrorReportValve.java:92)
	at org.apache.catalina.core.StandardEngineValve.invoke(StandardEngineValve.java:74)
	at org.apache.catalina.connector.CoyoteAdapter.service(CoyoteAdapter.java:343)
	at org.apache.coyote.http11.Http11Processor.service(Http11Processor.java:408)
	at org.apache.coyote.AbstractProcessorLight.process(AbstractProcessorLight.java:66)
	at org.apache.coyote.AbstractProtocol$ConnectionHandler.process(AbstractProtocol.java:853)
	at org.apache.tomcat.util.net.NioEndpoint$SocketProcessor.doRun(NioEndpoint.java:1587)
	at org.apache.tomcat.util.net.SocketProcessorBase.run(SocketProcessorBase.java:49)
	at java.util.concurrent.ThreadPoolExecutor.runWorker(ThreadPoolExecutor.java:1149)
	at java.util.concurrent.ThreadPoolExecutor$Worker.run(ThreadPoolExecutor.java:624)
	at org.apache.tomcat.util.threads.TaskThread$WrappingRunnable.run(TaskThread.java:61)
	at java.lang.Thread.run(Thread.java:748)
2019-10-01 15:00:20,067 [http-nio-8080-exec-1] ERROR o.a.c.c.C.[Tomcat].[localhost] 175 - Exception Processing ErrorPage[errorCode=0, location=/error]
org.springframework.web.util.NestedServletException: Request processing failed; nested exception is org.thymeleaf.exceptions.TemplateInputException: Error resolving template [error], template might not exist or might not be accessible by any of the configured Template Resolvers
	at org.springframework.web.servlet.FrameworkServlet.processRequest(FrameworkServlet.java:1013)
	at org.springframework.web.servlet.FrameworkServlet.doGet(FrameworkServlet.java:897)
	at javax.servlet.http.HttpServlet.service(HttpServlet.java:634)
	at org.springframework.web.servlet.FrameworkServlet.service(FrameworkServlet.java:882)
	at javax.servlet.http.HttpServlet.service(HttpServlet.java:741)
	at org.apache.catalina.core.ApplicationFilterChain.internalDoFilter(ApplicationFilterChain.java:231)
	at org.apache.catalina.core.ApplicationFilterChain.doFilter(ApplicationFilterChain.java:166)
	at org.apache.catalina.core.ApplicationDispatcher.invoke(ApplicationDispatcher.java:712)
	at org.apache.catalina.core.ApplicationDispatcher.processRequest(ApplicationDispatcher.java:461)
	at org.apache.catalina.core.ApplicationDispatcher.doForward(ApplicationDispatcher.java:384)
	at org.apache.catalina.core.ApplicationDispatcher.forward(ApplicationDispatcher.java:312)
	at org.apache.catalina.core.StandardHostValve.custom(StandardHostValve.java:394)
	at org.apache.catalina.core.StandardHostValve.status(StandardHostValve.java:253)
	at org.apache.catalina.core.StandardHostValve.invoke(StandardHostValve.java:175)
	at org.apache.catalina.valves.ErrorReportValve.invoke(ErrorReportValve.java:92)
	at org.apache.catalina.core.StandardEngineValve.invoke(StandardEngineValve.java:74)
	at org.apache.catalina.connector.CoyoteAdapter.service(CoyoteAdapter.java:343)
	at org.apache.coyote.http11.Http11Processor.service(Http11Processor.java:408)
	at org.apache.coyote.AbstractProcessorLight.process(AbstractProcessorLight.java:66)
	at org.apache.coyote.AbstractProtocol$ConnectionHandler.process(AbstractProtocol.java:853)
	at org.apache.tomcat.util.net.NioEndpoint$SocketProcessor.doRun(NioEndpoint.java:1587)
	at org.apache.tomcat.util.net.SocketProcessorBase.run(SocketProcessorBase.java:49)
	at java.util.concurrent.ThreadPoolExecutor.runWorker(ThreadPoolExecutor.java:1149)
	at java.util.concurrent.ThreadPoolExecutor$Worker.run(ThreadPoolExecutor.java:624)
	at org.apache.tomcat.util.threads.TaskThread$WrappingRunnable.run(TaskThread.java:61)
	at java.lang.Thread.run(Thread.java:748)
Caused by: org.thymeleaf.exceptions.TemplateInputException: Error resolving template [error], template might not exist or might not be accessible by any of the configured Template Resolvers
	at org.thymeleaf.engine.TemplateManager.resolveTemplate(TemplateManager.java:869)
	at org.thymeleaf.engine.TemplateManager.parseAndProcess(TemplateManager.java:607)
	at org.thymeleaf.TemplateEngine.process(TemplateEngine.java:1098)
	at org.thymeleaf.TemplateEngine.process(TemplateEngine.java:1072)
	at org.thymeleaf.spring5.view.ThymeleafView.renderFragment(ThymeleafView.java:362)
	at org.thymeleaf.spring5.view.ThymeleafView.render(ThymeleafView.java:189)
	at org.springframework.web.servlet.DispatcherServlet.render(DispatcherServlet.java:1371)
	at org.springframework.web.servlet.DispatcherServlet.processDispatchResult(DispatcherServlet.java:1117)
	at org.springframework.web.servlet.DispatcherServlet.doDispatch(DispatcherServlet.java:1056)
	at org.springframework.web.servlet.DispatcherServlet.doService(DispatcherServlet.java:942)
	at org.springframework.web.servlet.FrameworkServlet.processRequest(FrameworkServlet.java:1005)
	... 25 common frames omitted
2019-10-01 15:00:29,004 [http-nio-8080-exec-4] INFO  j.c.l.cms.controller.LoginController 56 - LoginController.login:登録開始
2019-10-01 15:00:29,065 [http-nio-8080-exec-4] INFO  com.zaxxer.hikari.HikariDataSource 110 - HikariPool-1 - Starting...
2019-10-01 15:00:29,742 [http-nio-8080-exec-4] INFO  com.zaxxer.hikari.HikariDataSource 123 - HikariPool-1 - Start completed.
2019-10-01 15:00:29,853 [http-nio-8080-exec-4] INFO  j.c.l.cms.controller.LoginController 84 - loginController.login:登録開始
2019-10-01 15:00:29,853 [http-nio-8080-exec-4] INFO  j.c.l.cms.controller.LoginController 87 - 日志输出 info
2019-10-01 15:00:29,861 [http-nio-8080-exec-4] WARN  j.c.l.cms.controller.LoginController 88 - 日志输出 warn
2019-10-01 15:00:29,862 [http-nio-8080-exec-4] ERROR j.c.l.cms.controller.LoginController 89 - 日志输出 error
2019-10-01 15:00:29,864 [http-nio-8080-exec-4] INFO  j.c.l.cms.controller.LoginController 91 - loginController.login:登録結束
2019-10-01 15:00:37,430 [http-nio-8080-exec-7] INFO  j.c.l.c.c.GetEmployeeInfoController 36 - EmployeeDetailController.getEmployeeDetail:開始
2019-10-01 15:00:37,435 [http-nio-8080-exec-7] INFO  j.c.l.c.c.GetEmployeeInfoController 53 - EmployeeDetailController.getEmployeeDetail:結束
2019-10-01 15:11:28,339 [main] INFO  jp.co.lyc.cms.ApplicationMain 50 - Starting ApplicationMain on DESKTOP-GD7FF1R with PID 3304 (C:\E\workspacer\LYC_CMS\target\classes started by admin in C:\E\workspacer\LYC_CMS)
2019-10-01 15:11:28,348 [main] INFO  jp.co.lyc.cms.ApplicationMain 647 - No active profile set, falling back to default profiles: default
2019-10-01 15:11:31,346 [main] INFO  o.s.b.w.e.tomcat.TomcatWebServer 90 - Tomcat initialized with port(s): 8080 (http)
2019-10-01 15:11:31,373 [main] INFO  o.a.coyote.http11.Http11NioProtocol 173 - Initializing ProtocolHandler ["http-nio-8080"]
2019-10-01 15:11:31,392 [main] INFO  o.a.catalina.core.StandardService 173 - Starting service [Tomcat]
2019-10-01 15:11:31,394 [main] INFO  o.a.catalina.core.StandardEngine 173 - Starting Servlet engine: [Apache Tomcat/9.0.22]
2019-10-01 15:11:31,664 [main] INFO  o.a.c.c.C.[Tomcat].[localhost].[/] 173 - Initializing Spring embedded WebApplicationContext
2019-10-01 15:11:31,665 [main] INFO  o.s.web.context.ContextLoader 284 - Root WebApplicationContext: initialization completed in 3182 ms
2019-10-01 15:11:32,770 [main] INFO  o.s.s.c.ThreadPoolTaskExecutor 171 - Initializing ExecutorService 'applicationTaskExecutor'
2019-10-01 15:11:32,957 [main] INFO  o.s.b.a.w.s.WelcomePageHandlerMapping 58 - Adding welcome page template: index
2019-10-01 15:11:33,425 [main] INFO  o.a.coyote.http11.Http11NioProtocol 173 - Starting ProtocolHandler ["http-nio-8080"]
2019-10-01 15:11:33,500 [main] INFO  o.s.b.w.e.tomcat.TomcatWebServer 202 - Tomcat started on port(s): 8080 (http) with context path ''
2019-10-01 15:11:33,510 [main] INFO  jp.co.lyc.cms.ApplicationMain 59 - Started ApplicationMain in 6.474 seconds (JVM running for 15.687)
2019-10-01 15:11:51,172 [http-nio-8080-exec-3] INFO  o.a.c.c.C.[Tomcat].[localhost].[/] 173 - Initializing Spring DispatcherServlet 'dispatcherServlet'
2019-10-01 15:11:51,176 [http-nio-8080-exec-3] INFO  o.s.web.servlet.DispatcherServlet 524 - Initializing Servlet 'dispatcherServlet'
2019-10-01 15:11:51,200 [http-nio-8080-exec-3] INFO  o.s.web.servlet.DispatcherServlet 546 - Completed initialization in 23 ms
2019-10-01 15:11:51,361 [http-nio-8080-exec-3] INFO  j.c.l.cms.controller.LoginController 56 - LoginController.login:登録開始
2019-10-01 15:11:51,428 [http-nio-8080-exec-3] INFO  com.zaxxer.hikari.HikariDataSource 110 - HikariPool-1 - Starting...
2019-10-01 15:11:52,164 [http-nio-8080-exec-3] INFO  com.zaxxer.hikari.HikariDataSource 123 - HikariPool-1 - Start completed.
2019-10-01 15:11:52,341 [http-nio-8080-exec-3] INFO  j.c.l.cms.controller.LoginController 84 - loginController.login:登録開始
2019-10-01 15:11:52,342 [http-nio-8080-exec-3] INFO  j.c.l.cms.controller.LoginController 87 - 日志输出 info
2019-10-01 15:11:52,343 [http-nio-8080-exec-3] WARN  j.c.l.cms.controller.LoginController 88 - 日志输出 warn
2019-10-01 15:11:52,344 [http-nio-8080-exec-3] ERROR j.c.l.cms.controller.LoginController 89 - 日志输出 error
2019-10-01 15:11:52,345 [http-nio-8080-exec-3] INFO  j.c.l.cms.controller.LoginController 91 - loginController.login:登録結束
2019-10-01 15:12:03,062 [http-nio-8080-exec-6] INFO  j.c.l.c.c.GetEmployeeInfoController 36 - EmployeeDetailController.getEmployeeDetail:開始
2019-10-01 15:12:03,068 [http-nio-8080-exec-6] INFO  j.c.l.c.c.GetEmployeeInfoController 53 - EmployeeDetailController.getEmployeeDetail:結束
2019-10-01 15:12:35,979 [http-nio-8080-exec-8] INFO  j.c.l.c.c.GetEmployeeInfoController 36 - EmployeeDetailController.getEmployeeDetail:開始
2019-10-01 15:12:35,984 [http-nio-8080-exec-8] INFO  j.c.l.c.c.GetEmployeeInfoController 53 - EmployeeDetailController.getEmployeeDetail:結束
2019-10-01 15:12:38,754 [http-nio-8080-exec-10] INFO  j.c.l.c.c.GetEmployeeInfoController 36 - EmployeeDetailController.getEmployeeDetail:開始
2019-10-01 15:12:38,759 [http-nio-8080-exec-10] INFO  j.c.l.c.c.GetEmployeeInfoController 53 - EmployeeDetailController.getEmployeeDetail:結束
2019-10-01 15:12:42,676 [http-nio-8080-exec-2] INFO  j.c.l.c.c.GetEmployeeInfoController 36 - EmployeeDetailController.getEmployeeDetail:開始
2019-10-01 15:12:42,681 [http-nio-8080-exec-2] INFO  j.c.l.c.c.GetEmployeeInfoController 53 - EmployeeDetailController.getEmployeeDetail:結束
2019-10-01 15:14:45,743 [main] INFO  jp.co.lyc.cms.ApplicationMain 50 - Starting ApplicationMain on DESKTOP-GD7FF1R with PID 10728 (C:\E\workspacer\LYC_CMS\target\classes started by admin in C:\E\workspacer\LYC_CMS)
2019-10-01 15:14:45,752 [main] INFO  jp.co.lyc.cms.ApplicationMain 647 - No active profile set, falling back to default profiles: default
2019-10-01 15:14:48,615 [main] INFO  o.s.b.w.e.tomcat.TomcatWebServer 90 - Tomcat initialized with port(s): 8080 (http)
2019-10-01 15:14:48,641 [main] INFO  o.a.coyote.http11.Http11NioProtocol 173 - Initializing ProtocolHandler ["http-nio-8080"]
2019-10-01 15:14:48,661 [main] INFO  o.a.catalina.core.StandardService 173 - Starting service [Tomcat]
2019-10-01 15:14:48,662 [main] INFO  o.a.catalina.core.StandardEngine 173 - Starting Servlet engine: [Apache Tomcat/9.0.22]
2019-10-01 15:14:48,895 [main] INFO  o.a.c.c.C.[Tomcat].[localhost].[/] 173 - Initializing Spring embedded WebApplicationContext
2019-10-01 15:14:48,897 [main] INFO  o.s.web.context.ContextLoader 284 - Root WebApplicationContext: initialization completed in 3027 ms
2019-10-01 15:14:49,972 [main] INFO  o.s.s.c.ThreadPoolTaskExecutor 171 - Initializing ExecutorService 'applicationTaskExecutor'
2019-10-01 15:14:50,174 [main] INFO  o.s.b.a.w.s.WelcomePageHandlerMapping 58 - Adding welcome page template: index
2019-10-01 15:14:50,666 [main] INFO  o.a.coyote.http11.Http11NioProtocol 173 - Starting ProtocolHandler ["http-nio-8080"]
2019-10-01 15:14:50,729 [main] INFO  o.s.b.w.e.tomcat.TomcatWebServer 202 - Tomcat started on port(s): 8080 (http) with context path ''
2019-10-01 15:14:50,737 [main] INFO  jp.co.lyc.cms.ApplicationMain 59 - Started ApplicationMain in 6.423 seconds (JVM running for 15.287)
2019-10-01 15:15:02,116 [http-nio-8080-exec-3] INFO  o.a.c.c.C.[Tomcat].[localhost].[/] 173 - Initializing Spring DispatcherServlet 'dispatcherServlet'
2019-10-01 15:15:02,122 [http-nio-8080-exec-3] INFO  o.s.web.servlet.DispatcherServlet 524 - Initializing Servlet 'dispatcherServlet'
2019-10-01 15:15:02,143 [http-nio-8080-exec-3] INFO  o.s.web.servlet.DispatcherServlet 546 - Completed initialization in 20 ms
2019-10-01 15:15:02,297 [http-nio-8080-exec-3] INFO  j.c.l.cms.controller.LoginController 56 - LoginController.login:登録開始
2019-10-01 15:15:02,362 [http-nio-8080-exec-3] INFO  com.zaxxer.hikari.HikariDataSource 110 - HikariPool-1 - Starting...
2019-10-01 15:15:03,178 [http-nio-8080-exec-3] INFO  com.zaxxer.hikari.HikariDataSource 123 - HikariPool-1 - Start completed.
2019-10-01 15:15:03,309 [http-nio-8080-exec-3] INFO  j.c.l.cms.controller.LoginController 84 - loginController.login:登録開始
2019-10-01 15:15:03,311 [http-nio-8080-exec-3] INFO  j.c.l.cms.controller.LoginController 87 - 日志输出 info
2019-10-01 15:15:03,312 [http-nio-8080-exec-3] WARN  j.c.l.cms.controller.LoginController 88 - 日志输出 warn
2019-10-01 15:15:03,313 [http-nio-8080-exec-3] ERROR j.c.l.cms.controller.LoginController 89 - 日志输出 error
2019-10-01 15:15:03,315 [http-nio-8080-exec-3] INFO  j.c.l.cms.controller.LoginController 91 - loginController.login:登録結束
2019-10-01 15:15:08,491 [http-nio-8080-exec-4] INFO  j.c.l.c.c.GetEmployeeInfoController 36 - EmployeeDetailController.getEmployeeDetail:開始
2019-10-01 15:15:08,495 [http-nio-8080-exec-4] INFO  j.c.l.c.c.GetEmployeeInfoController 53 - EmployeeDetailController.getEmployeeDetail:結束
2019-10-01 15:15:15,900 [http-nio-8080-exec-7] INFO  j.c.l.c.c.GetEmployeeInfoController 36 - EmployeeDetailController.getEmployeeDetail:開始
2019-10-01 15:15:15,905 [http-nio-8080-exec-7] INFO  j.c.l.c.c.GetEmployeeInfoController 53 - EmployeeDetailController.getEmployeeDetail:結束
2019-10-01 15:15:18,604 [http-nio-8080-exec-9] INFO  j.c.l.c.c.GetEmployeeInfoController 36 - EmployeeDetailController.getEmployeeDetail:開始
2019-10-01 15:15:18,608 [http-nio-8080-exec-9] INFO  j.c.l.c.c.GetEmployeeInfoController 53 - EmployeeDetailController.getEmployeeDetail:結束
2019-10-01 15:15:20,690 [http-nio-8080-exec-10] INFO  j.c.l.c.c.GetEmployeeInfoController 36 - EmployeeDetailController.getEmployeeDetail:開始
2019-10-01 15:15:20,694 [http-nio-8080-exec-10] INFO  j.c.l.c.c.GetEmployeeInfoController 53 - EmployeeDetailController.getEmployeeDetail:結束
2019-10-01 15:15:22,946 [http-nio-8080-exec-1] INFO  j.c.l.c.c.GetEmployeeInfoController 36 - EmployeeDetailController.getEmployeeDetail:開始
2019-10-01 15:15:22,949 [http-nio-8080-exec-1] INFO  j.c.l.c.c.GetEmployeeInfoController 53 - EmployeeDetailController.getEmployeeDetail:結束
2019-10-01 15:15:29,783 [http-nio-8080-exec-2] INFO  j.c.l.cms.controller.LoginController 56 - LoginController.login:登録開始
2019-10-01 15:15:29,787 [http-nio-8080-exec-2] INFO  j.c.l.cms.controller.LoginController 84 - loginController.login:登録開始
2019-10-01 15:15:29,789 [http-nio-8080-exec-2] INFO  j.c.l.cms.controller.LoginController 87 - 日志输出 info
2019-10-01 15:15:29,789 [http-nio-8080-exec-2] WARN  j.c.l.cms.controller.LoginController 88 - 日志输出 warn
2019-10-01 15:15:29,791 [http-nio-8080-exec-2] ERROR j.c.l.cms.controller.LoginController 89 - 日志输出 error
2019-10-01 15:15:29,792 [http-nio-8080-exec-2] INFO  j.c.l.cms.controller.LoginController 91 - loginController.login:登録結束
2019-10-01 15:15:38,743 [http-nio-8080-exec-6] INFO  j.c.l.c.c.GetEmployeeInfoController 36 - EmployeeDetailController.getEmployeeDetail:開始
2019-10-01 15:15:38,748 [http-nio-8080-exec-6] INFO  j.c.l.c.c.GetEmployeeInfoController 53 - EmployeeDetailController.getEmployeeDetail:結束
2019-10-01 15:16:53,928 [main] INFO  jp.co.lyc.cms.ApplicationMain 50 - Starting ApplicationMain on DESKTOP-GD7FF1R with PID 5296 (C:\E\workspacer\LYC_CMS\target\classes started by admin in C:\E\workspacer\LYC_CMS)
2019-10-01 15:16:53,936 [main] INFO  jp.co.lyc.cms.ApplicationMain 647 - No active profile set, falling back to default profiles: default
2019-10-01 15:16:56,927 [main] INFO  o.s.b.w.e.tomcat.TomcatWebServer 90 - Tomcat initialized with port(s): 8080 (http)
2019-10-01 15:16:56,955 [main] INFO  o.a.coyote.http11.Http11NioProtocol 173 - Initializing ProtocolHandler ["http-nio-8080"]
2019-10-01 15:16:56,983 [main] INFO  o.a.catalina.core.StandardService 173 - Starting service [Tomcat]
2019-10-01 15:16:56,984 [main] INFO  o.a.catalina.core.StandardEngine 173 - Starting Servlet engine: [Apache Tomcat/9.0.22]
2019-10-01 15:16:57,275 [main] INFO  o.a.c.c.C.[Tomcat].[localhost].[/] 173 - Initializing Spring embedded WebApplicationContext
2019-10-01 15:16:57,276 [main] INFO  o.s.web.context.ContextLoader 284 - Root WebApplicationContext: initialization completed in 3241 ms
2019-10-01 15:16:58,417 [main] INFO  o.s.s.c.ThreadPoolTaskExecutor 171 - Initializing ExecutorService 'applicationTaskExecutor'
2019-10-01 15:16:58,600 [main] INFO  o.s.b.a.w.s.WelcomePageHandlerMapping 58 - Adding welcome page template: index
2019-10-01 15:16:59,056 [main] INFO  o.a.coyote.http11.Http11NioProtocol 173 - Starting ProtocolHandler ["http-nio-8080"]
2019-10-01 15:16:59,120 [main] INFO  o.s.b.w.e.tomcat.TomcatWebServer 202 - Tomcat started on port(s): 8080 (http) with context path ''
2019-10-01 15:16:59,127 [main] INFO  jp.co.lyc.cms.ApplicationMain 59 - Started ApplicationMain in 6.537 seconds (JVM running for 15.64)
2019-10-01 15:17:19,366 [http-nio-8080-exec-3] INFO  o.a.c.c.C.[Tomcat].[localhost].[/] 173 - Initializing Spring DispatcherServlet 'dispatcherServlet'
2019-10-01 15:17:19,368 [http-nio-8080-exec-3] INFO  o.s.web.servlet.DispatcherServlet 524 - Initializing Servlet 'dispatcherServlet'
2019-10-01 15:17:19,386 [http-nio-8080-exec-3] INFO  o.s.web.servlet.DispatcherServlet 546 - Completed initialization in 18 ms
2019-10-01 15:17:19,571 [http-nio-8080-exec-3] INFO  j.c.l.cms.controller.LoginController 56 - LoginController.login:登録開始
2019-10-01 15:17:19,634 [http-nio-8080-exec-3] INFO  com.zaxxer.hikari.HikariDataSource 110 - HikariPool-1 - Starting...
2019-10-01 15:17:20,410 [http-nio-8080-exec-3] INFO  com.zaxxer.hikari.HikariDataSource 123 - HikariPool-1 - Start completed.
2019-10-01 15:17:20,516 [http-nio-8080-exec-3] INFO  j.c.l.cms.controller.LoginController 84 - loginController.login:登録開始
2019-10-01 15:17:20,518 [http-nio-8080-exec-3] INFO  j.c.l.cms.controller.LoginController 87 - 日志输出 info
2019-10-01 15:17:20,519 [http-nio-8080-exec-3] WARN  j.c.l.cms.controller.LoginController 88 - 日志输出 warn
2019-10-01 15:17:20,520 [http-nio-8080-exec-3] ERROR j.c.l.cms.controller.LoginController 89 - 日志输出 error
2019-10-01 15:17:20,521 [http-nio-8080-exec-3] INFO  j.c.l.cms.controller.LoginController 91 - loginController.login:登録結束
2019-10-01 15:17:29,909 [http-nio-8080-exec-6] INFO  j.c.l.c.c.GetEmployeeInfoController 36 - EmployeeDetailController.getEmployeeDetail:開始
2019-10-01 15:17:29,914 [http-nio-8080-exec-6] INFO  j.c.l.c.c.GetEmployeeInfoController 53 - EmployeeDetailController.getEmployeeDetail:結束
2019-10-01 15:17:32,532 [http-nio-8080-exec-7] INFO  j.c.l.c.c.GetEmployeeInfoController 36 - EmployeeDetailController.getEmployeeDetail:開始
2019-10-01 15:17:32,536 [http-nio-8080-exec-7] INFO  j.c.l.c.c.GetEmployeeInfoController 53 - EmployeeDetailController.getEmployeeDetail:結束
2019-10-01 15:17:34,548 [http-nio-8080-exec-8] INFO  j.c.l.c.c.GetEmployeeInfoController 36 - EmployeeDetailController.getEmployeeDetail:開始
2019-10-01 15:17:34,552 [http-nio-8080-exec-8] INFO  j.c.l.c.c.GetEmployeeInfoController 53 - EmployeeDetailController.getEmployeeDetail:結束
2019-10-01 15:20:34,213 [http-nio-8080-exec-10] INFO  j.c.l.cms.controller.LoginController 56 - LoginController.login:登録開始
2019-10-01 15:20:34,220 [http-nio-8080-exec-10] INFO  j.c.l.cms.controller.LoginController 84 - loginController.login:登録開始
2019-10-01 15:20:34,221 [http-nio-8080-exec-10] INFO  j.c.l.cms.controller.LoginController 87 - 日志输出 info
2019-10-01 15:20:34,222 [http-nio-8080-exec-10] WARN  j.c.l.cms.controller.LoginController 88 - 日志输出 warn
2019-10-01 15:20:34,223 [http-nio-8080-exec-10] ERROR j.c.l.cms.controller.LoginController 89 - 日志输出 error
2019-10-01 15:20:34,224 [http-nio-8080-exec-10] INFO  j.c.l.cms.controller.LoginController 91 - loginController.login:登録結束
2019-10-01 15:20:41,231 [http-nio-8080-exec-3] INFO  j.c.l.c.c.GetEmployeeInfoController 36 - EmployeeDetailController.getEmployeeDetail:開始
2019-10-01 15:20:41,236 [http-nio-8080-exec-3] INFO  j.c.l.c.c.GetEmployeeInfoController 53 - EmployeeDetailController.getEmployeeDetail:結束
2019-10-01 15:20:43,593 [http-nio-8080-exec-4] INFO  j.c.l.c.c.GetEmployeeInfoController 36 - EmployeeDetailController.getEmployeeDetail:開始
2019-10-01 15:20:43,597 [http-nio-8080-exec-4] INFO  j.c.l.c.c.GetEmployeeInfoController 53 - EmployeeDetailController.getEmployeeDetail:結束
